{"C:\\Users\\AFLAL\\Desktop\\VelociRoute\\VelociRoute\\Backend\\src\\Infrastructure\\cloudinary.js": {"path":"C:\\Users\\AFLAL\\Desktop\\VelociRoute\\VelociRoute\\Backend\\src\\Infrastructure\\cloudinary.js","statementMap":{"0":{"start":{"line":1,"column":19},"end":{"line":1,"column":43}},"1":{"start":{"line":3,"column":0},"end":{"line":7,"column":3}},"2":{"start":{"line":9,"column":0},"end":{"line":9,"column":28}}},"fnMap":{},"branchMap":{},"s":{"0":2,"1":2,"2":2},"f":{},"b":{},"_coverageSchema":"1a1c01bbd47fc00a2c39e90264f33305004495a9","hash":"35b3ebf6e747a58a34f6a4b7a0986c1dbf3a2ff8"}
,"C:\\Users\\AFLAL\\Desktop\\VelociRoute\\VelociRoute\\Backend\\src\\Infrastructure\\db.js": {"path":"C:\\Users\\AFLAL\\Desktop\\VelociRoute\\VelociRoute\\Backend\\src\\Infrastructure\\db.js","statementMap":{"0":{"start":{"line":1,"column":17},"end":{"line":1,"column":36}},"1":{"start":{"line":2,"column":42},"end":{"line":2,"column":60}},"2":{"start":{"line":3,"column":0},"end":{"line":3,"column":27}},"3":{"start":{"line":5,"column":12},"end":{"line":5,"column":33}},"4":{"start":{"line":8,"column":15},"end":{"line":14,"column":2}},"5":{"start":{"line":17,"column":2},"end":{"line":57,"column":3}},"6":{"start":{"line":19,"column":4},"end":{"line":22,"column":7}},"7":{"start":{"line":23,"column":4},"end":{"line":23,"column":67}},"8":{"start":{"line":26,"column":4},"end":{"line":26,"column":27}},"9":{"start":{"line":27,"column":4},"end":{"line":27,"column":65}},"10":{"start":{"line":30,"column":23},"end":{"line":30,"column":45}},"11":{"start":{"line":31,"column":21},"end":{"line":31,"column":43}},"12":{"start":{"line":34,"column":24},"end":{"line":40,"column":5}},"13":{"start":{"line":43,"column":4},"end":{"line":43,"column":79}},"14":{"start":{"line":46,"column":32},"end":{"line":46,"column":76}},"15":{"start":{"line":47,"column":30},"end":{"line":47,"column":72}},"16":{"start":{"line":49,"column":4},"end":{"line":49,"column":82}},"17":{"start":{"line":49,"column":73},"end":{"line":49,"column":79}},"18":{"start":{"line":50,"column":4},"end":{"line":50,"column":78}},"19":{"start":{"line":50,"column":69},"end":{"line":50,"column":75}},"20":{"start":{"line":53,"column":4},"end":{"line":53,"column":20}},"21":{"start":{"line":55,"column":4},"end":{"line":55,"column":56}},"22":{"start":{"line":56,"column":4},"end":{"line":56,"column":16}},"23":{"start":{"line":62,"column":2},"end":{"line":69,"column":3}},"24":{"start":{"line":63,"column":4},"end":{"line":63,"column":38}},"25":{"start":{"line":64,"column":4},"end":{"line":64,"column":25}},"26":{"start":{"line":65,"column":4},"end":{"line":65,"column":66}},"27":{"start":{"line":67,"column":4},"end":{"line":67,"column":65}},"28":{"start":{"line":68,"column":4},"end":{"line":68,"column":16}},"29":{"start":{"line":72,"column":0},"end":{"line":72,"column":49}}},"fnMap":{"0":{"name":"connectDB","decl":{"start":{"line":16,"column":15},"end":{"line":16,"column":24}},"loc":{"start":{"line":16,"column":27},"end":{"line":58,"column":1}},"line":16},"1":{"name":"(anonymous_1)","decl":{"start":{"line":49,"column":68},"end":{"line":49,"column":69}},"loc":{"start":{"line":49,"column":73},"end":{"line":49,"column":79}},"line":49},"2":{"name":"(anonymous_2)","decl":{"start":{"line":50,"column":64},"end":{"line":50,"column":65}},"loc":{"start":{"line":50,"column":69},"end":{"line":50,"column":75}},"line":50},"3":{"name":"closeConnections","decl":{"start":{"line":61,"column":15},"end":{"line":61,"column":31}},"loc":{"start":{"line":61,"column":34},"end":{"line":70,"column":1}},"line":61}},"branchMap":{},"s":{"0":1,"1":1,"2":1,"3":1,"4":1,"5":0,"6":0,"7":0,"8":0,"9":0,"10":0,"11":0,"12":0,"13":0,"14":0,"15":0,"16":0,"17":0,"18":0,"19":0,"20":0,"21":0,"22":0,"23":0,"24":0,"25":0,"26":0,"27":0,"28":0,"29":1},"f":{"0":0,"1":0,"2":0,"3":0},"b":{},"_coverageSchema":"1a1c01bbd47fc00a2c39e90264f33305004495a9","hash":"4258bfef96eb6c31c00c12019e5d85095ea053ed"}
,"C:\\Users\\AFLAL\\Desktop\\VelociRoute\\VelociRoute\\Backend\\src\\Infrastructure\\firebase.js": {"path":"C:\\Users\\AFLAL\\Desktop\\VelociRoute\\VelociRoute\\Backend\\src\\Infrastructure\\firebase.js","statementMap":{"0":{"start":{"line":1,"column":14},"end":{"line":1,"column":39}},"1":{"start":{"line":4,"column":23},"end":{"line":4,"column":63}},"2":{"start":{"line":6,"column":0},"end":{"line":8,"column":3}},"3":{"start":{"line":10,"column":0},"end":{"line":10,"column":23}}},"fnMap":{},"branchMap":{},"s":{"0":2,"1":2,"2":2,"3":2},"f":{},"b":{},"_coverageSchema":"1a1c01bbd47fc00a2c39e90264f33305004495a9","hash":"0f3408161778051cfba8e03332d3d65d326673fe"}
,"C:\\Users\\AFLAL\\Desktop\\VelociRoute\\VelociRoute\\Backend\\src\\Infrastructure\\Config\\firebaseAdmin.js": {"path":"C:\\Users\\AFLAL\\Desktop\\VelociRoute\\VelociRoute\\Backend\\src\\Infrastructure\\Config\\firebaseAdmin.js","statementMap":{"0":{"start":{"line":1,"column":14},"end":{"line":1,"column":39}},"1":{"start":{"line":4,"column":23},"end":{"line":4,"column":72}},"2":{"start":{"line":6,"column":0},"end":{"line":8,"column":3}},"3":{"start":{"line":10,"column":0},"end":{"line":10,"column":23}}},"fnMap":{},"branchMap":{},"s":{"0":1,"1":1,"2":1,"3":1},"f":{},"b":{},"_coverageSchema":"1a1c01bbd47fc00a2c39e90264f33305004495a9","hash":"17c92ff517060bd4075c80ae709115f1588a859e"}
,"C:\\Users\\AFLAL\\Desktop\\VelociRoute\\VelociRoute\\Backend\\src\\Infrastructure\\Middleware\\auth.js": {"path":"C:\\Users\\AFLAL\\Desktop\\VelociRoute\\VelociRoute\\Backend\\src\\Infrastructure\\Middleware\\auth.js","statementMap":{"0":{"start":{"line":1,"column":14},"end":{"line":1,"column":66}},"1":{"start":{"line":3,"column":13},"end":{"line":26,"column":1}},"2":{"start":{"line":4,"column":2},"end":{"line":25,"column":3}},"3":{"start":{"line":5,"column":23},"end":{"line":5,"column":48}},"4":{"start":{"line":6,"column":4},"end":{"line":11,"column":5}},"5":{"start":{"line":7,"column":6},"end":{"line":10,"column":9}},"6":{"start":{"line":13,"column":18},"end":{"line":13,"column":42}},"7":{"start":{"line":16,"column":25},"end":{"line":16,"column":64}},"8":{"start":{"line":17,"column":4},"end":{"line":17,"column":28}},"9":{"start":{"line":18,"column":4},"end":{"line":18,"column":11}},"10":{"start":{"line":20,"column":4},"end":{"line":20,"column":51}},"11":{"start":{"line":21,"column":4},"end":{"line":24,"column":7}},"12":{"start":{"line":28,"column":0},"end":{"line":28,"column":22}}},"fnMap":{"0":{"name":"(anonymous_0)","decl":{"start":{"line":3,"column":13},"end":{"line":3,"column":14}},"loc":{"start":{"line":3,"column":39},"end":{"line":26,"column":1}},"line":3}},"branchMap":{"0":{"loc":{"start":{"line":6,"column":4},"end":{"line":11,"column":5}},"type":"if","locations":[{"start":{"line":6,"column":4},"end":{"line":11,"column":5}},{"start":{},"end":{}}],"line":6},"1":{"loc":{"start":{"line":6,"column":8},"end":{"line":6,"column":56}},"type":"binary-expr","locations":[{"start":{"line":6,"column":8},"end":{"line":6,"column":19}},{"start":{"line":6,"column":23},"end":{"line":6,"column":56}}],"line":6}},"s":{"0":1,"1":1,"2":0,"3":0,"4":0,"5":0,"6":0,"7":0,"8":0,"9":0,"10":0,"11":0,"12":1},"f":{"0":0},"b":{"0":[0,0],"1":[0,0]},"_coverageSchema":"1a1c01bbd47fc00a2c39e90264f33305004495a9","hash":"e1ead18151137eac4cb9f50719b95c31fbe77670"}
,"C:\\Users\\AFLAL\\Desktop\\VelociRoute\\VelociRoute\\Backend\\src\\Infrastructure\\Models\\ActivityPosts.js": {"path":"C:\\Users\\AFLAL\\Desktop\\VelociRoute\\VelociRoute\\Backend\\src\\Infrastructure\\Models\\ActivityPosts.js","statementMap":{"0":{"start":{"line":1,"column":21},"end":{"line":1,"column":39}},"1":{"start":{"line":5,"column":8},"end":{"line":5,"column":33}},"2":{"start":{"line":6,"column":8},"end":{"line":6,"column":40}},"3":{"start":{"line":7,"column":8},"end":{"line":7,"column":46}},"4":{"start":{"line":8,"column":8},"end":{"line":8,"column":50}},"5":{"start":{"line":9,"column":8},"end":{"line":9,"column":46}},"6":{"start":{"line":10,"column":8},"end":{"line":10,"column":34}},"7":{"start":{"line":11,"column":8},"end":{"line":11,"column":42}},"8":{"start":{"line":12,"column":8},"end":{"line":12,"column":40}},"9":{"start":{"line":13,"column":8},"end":{"line":13,"column":40}},"10":{"start":{"line":14,"column":8},"end":{"line":14,"column":40}},"11":{"start":{"line":15,"column":8},"end":{"line":15,"column":23}},"12":{"start":{"line":16,"column":8},"end":{"line":16,"column":27}},"13":{"start":{"line":17,"column":8},"end":{"line":17,"column":36}},"14":{"start":{"line":21,"column":8},"end":{"line":21,"column":38}},"15":{"start":{"line":25,"column":27},"end":{"line":25,"column":49}},"16":{"start":{"line":26,"column":8},"end":{"line":26,"column":70}},"17":{"start":{"line":27,"column":8},"end":{"line":27,"column":58}},"18":{"start":{"line":28,"column":8},"end":{"line":28,"column":56}},"19":{"start":{"line":32,"column":27},"end":{"line":32,"column":57}},"20":{"start":{"line":33,"column":8},"end":{"line":33,"column":48}},"21":{"start":{"line":37,"column":27},"end":{"line":37,"column":49}},"22":{"start":{"line":38,"column":8},"end":{"line":38,"column":86}},"23":{"start":{"line":42,"column":27},"end":{"line":42,"column":49}},"24":{"start":{"line":43,"column":8},"end":{"line":46,"column":10}},"25":{"start":{"line":50,"column":27},"end":{"line":50,"column":49}},"26":{"start":{"line":51,"column":8},"end":{"line":54,"column":10}},"27":{"start":{"line":58,"column":0},"end":{"line":58,"column":30}}},"fnMap":{"0":{"name":"(anonymous_0)","decl":{"start":{"line":4,"column":4},"end":{"line":4,"column":5}},"loc":{"start":{"line":4,"column":22},"end":{"line":18,"column":5}},"line":4},"1":{"name":"(anonymous_1)","decl":{"start":{"line":20,"column":4},"end":{"line":20,"column":5}},"loc":{"start":{"line":20,"column":29},"end":{"line":22,"column":5}},"line":20},"2":{"name":"(anonymous_2)","decl":{"start":{"line":24,"column":4},"end":{"line":24,"column":5}},"loc":{"start":{"line":24,"column":35},"end":{"line":29,"column":5}},"line":24},"3":{"name":"(anonymous_3)","decl":{"start":{"line":31,"column":4},"end":{"line":31,"column":5}},"loc":{"start":{"line":31,"column":19},"end":{"line":34,"column":5}},"line":31},"4":{"name":"(anonymous_4)","decl":{"start":{"line":36,"column":4},"end":{"line":36,"column":5}},"loc":{"start":{"line":36,"column":43},"end":{"line":39,"column":5}},"line":36},"5":{"name":"(anonymous_5)","decl":{"start":{"line":41,"column":4},"end":{"line":41,"column":5}},"loc":{"start":{"line":41,"column":37},"end":{"line":47,"column":5}},"line":41},"6":{"name":"(anonymous_6)","decl":{"start":{"line":49,"column":4},"end":{"line":49,"column":5}},"loc":{"start":{"line":49,"column":49},"end":{"line":55,"column":5}},"line":49}},"branchMap":{"0":{"loc":{"start":{"line":8,"column":27},"end":{"line":8,"column":49}},"type":"binary-expr","locations":[{"start":{"line":8,"column":27},"end":{"line":8,"column":43}},{"start":{"line":8,"column":47},"end":{"line":8,"column":49}}],"line":8},"1":{"loc":{"start":{"line":12,"column":22},"end":{"line":12,"column":39}},"type":"binary-expr","locations":[{"start":{"line":12,"column":22},"end":{"line":12,"column":33}},{"start":{"line":12,"column":37},"end":{"line":12,"column":39}}],"line":12},"2":{"loc":{"start":{"line":13,"column":21},"end":{"line":13,"column":39}},"type":"binary-expr","locations":[{"start":{"line":13,"column":21},"end":{"line":13,"column":31}},{"start":{"line":13,"column":35},"end":{"line":13,"column":39}}],"line":13},"3":{"loc":{"start":{"line":14,"column":21},"end":{"line":14,"column":39}},"type":"binary-expr","locations":[{"start":{"line":14,"column":21},"end":{"line":14,"column":31}},{"start":{"line":14,"column":35},"end":{"line":14,"column":39}}],"line":14}},"s":{"0":3,"1":0,"2":0,"3":0,"4":0,"5":0,"6":0,"7":0,"8":0,"9":0,"10":0,"11":0,"12":0,"13":0,"14":0,"15":0,"16":0,"17":0,"18":0,"19":0,"20":0,"21":0,"22":0,"23":0,"24":0,"25":0,"26":0,"27":3},"f":{"0":0,"1":0,"2":0,"3":0,"4":0,"5":0,"6":0},"b":{"0":[0,0],"1":[0,0],"2":[0,0],"3":[0,0]},"_coverageSchema":"1a1c01bbd47fc00a2c39e90264f33305004495a9","hash":"265c430afe70e95da72f4d75f8d67cb67ce04b0d"}
,"C:\\Users\\AFLAL\\Desktop\\VelociRoute\\VelociRoute\\Backend\\src\\Infrastructure\\Models\\PopularRoute.js": {"path":"C:\\Users\\AFLAL\\Desktop\\VelociRoute\\VelociRoute\\Backend\\src\\Infrastructure\\Models\\PopularRoute.js","statementMap":{"0":{"start":{"line":1,"column":17},"end":{"line":1,"column":36}},"1":{"start":{"line":3,"column":27},"end":{"line":54,"column":2}},"2":{"start":{"line":56,"column":0},"end":{"line":56,"column":68}}},"fnMap":{},"branchMap":{},"s":{"0":1,"1":1,"2":1},"f":{},"b":{},"_coverageSchema":"1a1c01bbd47fc00a2c39e90264f33305004495a9","hash":"49432d9fddd2d8220a50f9cd0f6533635a5596d1"}
,"C:\\Users\\AFLAL\\Desktop\\VelociRoute\\VelociRoute\\Backend\\src\\Infrastructure\\Models\\UserProfile.js": {"path":"C:\\Users\\AFLAL\\Desktop\\VelociRoute\\VelociRoute\\Backend\\src\\Infrastructure\\Models\\UserProfile.js","statementMap":{"0":{"start":{"line":1,"column":17},"end":{"line":1,"column":36}},"1":{"start":{"line":3,"column":26},"end":{"line":35,"column":2}},"2":{"start":{"line":37,"column":20},"end":{"line":37,"column":68}},"3":{"start":{"line":39,"column":0},"end":{"line":39,"column":29}}},"fnMap":{},"branchMap":{},"s":{"0":3,"1":3,"2":3,"3":3},"f":{},"b":{},"_coverageSchema":"1a1c01bbd47fc00a2c39e90264f33305004495a9","hash":"862558fca9db3b9eb7255bb1f2ac1a14bd4d6992"}
,"C:\\Users\\AFLAL\\Desktop\\VelociRoute\\VelociRoute\\Backend\\src\\Middleware\\auth.js": {"path":"C:\\Users\\AFLAL\\Desktop\\VelociRoute\\VelociRoute\\Backend\\src\\Middleware\\auth.js","statementMap":{"0":{"start":{"line":1,"column":14},"end":{"line":1,"column":39}},"1":{"start":{"line":4,"column":0},"end":{"line":8,"column":1}},"2":{"start":{"line":5,"column":2},"end":{"line":7,"column":5}},"3":{"start":{"line":10,"column":13},"end":{"line":29,"column":1}},"4":{"start":{"line":11,"column":2},"end":{"line":28,"column":3}},"5":{"start":{"line":12,"column":18},"end":{"line":12,"column":64}},"6":{"start":{"line":14,"column":4},"end":{"line":16,"column":5}},"7":{"start":{"line":15,"column":6},"end":{"line":15,"column":81}},"8":{"start":{"line":18,"column":25},"end":{"line":18,"column":64}},"9":{"start":{"line":19,"column":4},"end":{"line":22,"column":6}},"10":{"start":{"line":24,"column":4},"end":{"line":24,"column":11}},"11":{"start":{"line":26,"column":4},"end":{"line":26,"column":50}},"12":{"start":{"line":27,"column":4},"end":{"line":27,"column":68}},"13":{"start":{"line":31,"column":0},"end":{"line":31,"column":22}}},"fnMap":{"0":{"name":"(anonymous_0)","decl":{"start":{"line":10,"column":13},"end":{"line":10,"column":14}},"loc":{"start":{"line":10,"column":39},"end":{"line":29,"column":1}},"line":10}},"branchMap":{"0":{"loc":{"start":{"line":4,"column":0},"end":{"line":8,"column":1}},"type":"if","locations":[{"start":{"line":4,"column":0},"end":{"line":8,"column":1}},{"start":{},"end":{}}],"line":4},"1":{"loc":{"start":{"line":14,"column":4},"end":{"line":16,"column":5}},"type":"if","locations":[{"start":{"line":14,"column":4},"end":{"line":16,"column":5}},{"start":{},"end":{}}],"line":14}},"s":{"0":2,"1":2,"2":2,"3":2,"4":5,"5":5,"6":5,"7":2,"8":3,"9":2,"10":2,"11":1,"12":1,"13":2},"f":{"0":5},"b":{"0":[2,0],"1":[2,3]},"_coverageSchema":"1a1c01bbd47fc00a2c39e90264f33305004495a9","hash":"88840f8154f3fb073fd3624959cbbb53495af0f0"}
,"C:\\Users\\AFLAL\\Desktop\\VelociRoute\\VelociRoute\\Backend\\src\\Middleware\\authMiddleware.js": {"path":"C:\\Users\\AFLAL\\Desktop\\VelociRoute\\VelociRoute\\Backend\\src\\Middleware\\authMiddleware.js","statementMap":{"0":{"start":{"line":1,"column":14},"end":{"line":1,"column":39}},"1":{"start":{"line":4,"column":26},"end":{"line":39,"column":1}},"2":{"start":{"line":6,"column":4},"end":{"line":6,"column":49}},"3":{"start":{"line":8,"column":23},"end":{"line":8,"column":51}},"4":{"start":{"line":9,"column":4},"end":{"line":9,"column":44}},"5":{"start":{"line":11,"column":4},"end":{"line":24,"column":5}},"6":{"start":{"line":13,"column":23},"end":{"line":13,"column":94}},"7":{"start":{"line":14,"column":21},"end":{"line":14,"column":36}},"8":{"start":{"line":15,"column":32},"end":{"line":15,"column":62}},"9":{"start":{"line":16,"column":8},"end":{"line":16,"column":74}},"10":{"start":{"line":17,"column":8},"end":{"line":17,"column":68}},"11":{"start":{"line":19,"column":8},"end":{"line":22,"column":9}},"12":{"start":{"line":20,"column":12},"end":{"line":20,"column":59}},"13":{"start":{"line":21,"column":12},"end":{"line":21,"column":77}},"14":{"start":{"line":23,"column":8},"end":{"line":23,"column":73}},"15":{"start":{"line":26,"column":4},"end":{"line":38,"column":5}},"16":{"start":{"line":27,"column":22},"end":{"line":27,"column":46}},"17":{"start":{"line":28,"column":29},"end":{"line":28,"column":68}},"18":{"start":{"line":29,"column":8},"end":{"line":29,"column":52}},"19":{"start":{"line":32,"column":8},"end":{"line":32,"column":49}},"20":{"start":{"line":33,"column":8},"end":{"line":33,"column":66}},"21":{"start":{"line":34,"column":8},"end":{"line":34,"column":15}},"22":{"start":{"line":36,"column":8},"end":{"line":36,"column":55}},"23":{"start":{"line":37,"column":8},"end":{"line":37,"column":64}},"24":{"start":{"line":41,"column":0},"end":{"line":43,"column":2}}},"fnMap":{"0":{"name":"(anonymous_0)","decl":{"start":{"line":4,"column":26},"end":{"line":4,"column":27}},"loc":{"start":{"line":4,"column":52},"end":{"line":39,"column":1}},"line":4}},"branchMap":{"0":{"loc":{"start":{"line":11,"column":4},"end":{"line":24,"column":5}},"type":"if","locations":[{"start":{"line":11,"column":4},"end":{"line":24,"column":5}},{"start":{},"end":{}}],"line":11},"1":{"loc":{"start":{"line":11,"column":8},"end":{"line":11,"column":56}},"type":"binary-expr","locations":[{"start":{"line":11,"column":8},"end":{"line":11,"column":19}},{"start":{"line":11,"column":23},"end":{"line":11,"column":56}}],"line":11},"2":{"loc":{"start":{"line":15,"column":32},"end":{"line":15,"column":62}},"type":"cond-expr","locations":[{"start":{"line":15,"column":39},"end":{"line":15,"column":57}},{"start":{"line":15,"column":60},"end":{"line":15,"column":62}}],"line":15},"3":{"loc":{"start":{"line":19,"column":8},"end":{"line":22,"column":9}},"type":"if","locations":[{"start":{"line":19,"column":8},"end":{"line":22,"column":9}},{"start":{},"end":{}}],"line":19}},"s":{"0":1,"1":1,"2":0,"3":0,"4":0,"5":0,"6":0,"7":0,"8":0,"9":0,"10":0,"11":0,"12":0,"13":0,"14":0,"15":0,"16":0,"17":0,"18":0,"19":0,"20":0,"21":0,"22":0,"23":0,"24":1},"f":{"0":0},"b":{"0":[0,0],"1":[0,0],"2":[0,0],"3":[0,0]},"_coverageSchema":"1a1c01bbd47fc00a2c39e90264f33305004495a9","hash":"6dddba222b7fee379017e57c8b35e485cdcc49db"}
,"C:\\Users\\AFLAL\\Desktop\\VelociRoute\\VelociRoute\\Backend\\src\\Routes\\activityPosts.js": {"path":"C:\\Users\\AFLAL\\Desktop\\VelociRoute\\VelociRoute\\Backend\\src\\Routes\\activityPosts.js","statementMap":{"0":{"start":{"line":1,"column":16},"end":{"line":1,"column":34}},"1":{"start":{"line":2,"column":15},"end":{"line":2,"column":31}},"2":{"start":{"line":3,"column":77},"end":{"line":3,"column":126}},"3":{"start":{"line":4,"column":15},"end":{"line":4,"column":47}},"4":{"start":{"line":5,"column":13},"end":{"line":5,"column":57}},"5":{"start":{"line":8,"column":0},"end":{"line":8,"column":77}},"6":{"start":{"line":11,"column":0},"end":{"line":11,"column":37}},"7":{"start":{"line":14,"column":0},"end":{"line":14,"column":44}},"8":{"start":{"line":17,"column":0},"end":{"line":17,"column":53}},"9":{"start":{"line":19,"column":0},"end":{"line":19,"column":24}}},"fnMap":{},"branchMap":{},"s":{"0":1,"1":1,"2":1,"3":1,"4":1,"5":1,"6":0,"7":0,"8":0,"9":0},"f":{},"b":{},"_coverageSchema":"1a1c01bbd47fc00a2c39e90264f33305004495a9","hash":"ddfdcc0704f42aff25ad1eba90534626e20135ad"}
,"C:\\Users\\AFLAL\\Desktop\\VelociRoute\\VelociRoute\\Backend\\src\\Routes\\activityRoutes.js": {"path":"C:\\Users\\AFLAL\\Desktop\\VelociRoute\\VelociRoute\\Backend\\src\\Routes\\activityRoutes.js","statementMap":{"0":{"start":{"line":1,"column":16},"end":{"line":1,"column":34}},"1":{"start":{"line":2,"column":15},"end":{"line":2,"column":31}},"2":{"start":{"line":3,"column":42},"end":{"line":3,"column":86}},"3":{"start":{"line":4,"column":15},"end":{"line":4,"column":32}},"4":{"start":{"line":5,"column":13},"end":{"line":5,"column":42}},"5":{"start":{"line":8,"column":15},"end":{"line":13,"column":2}},"6":{"start":{"line":16,"column":0},"end":{"line":16,"column":67}},"7":{"start":{"line":19,"column":0},"end":{"line":19,"column":37}},"8":{"start":{"line":21,"column":0},"end":{"line":21,"column":24}}},"fnMap":{},"branchMap":{},"s":{"0":1,"1":1,"2":1,"3":1,"4":1,"5":1,"6":1,"7":1,"8":1},"f":{},"b":{},"_coverageSchema":"1a1c01bbd47fc00a2c39e90264f33305004495a9","hash":"65c83cb4527a5d30386fb98733e4b7652dff79b3"}
,"C:\\Users\\AFLAL\\Desktop\\VelociRoute\\VelociRoute\\Backend\\src\\Routes\\popularRoutes.js": {"path":"C:\\Users\\AFLAL\\Desktop\\VelociRoute\\VelociRoute\\Backend\\src\\Routes\\popularRoutes.js","statementMap":{"0":{"start":{"line":1,"column":16},"end":{"line":1,"column":34}},"1":{"start":{"line":2,"column":15},"end":{"line":2,"column":31}},"2":{"start":{"line":3,"column":15},"end":{"line":3,"column":32}},"3":{"start":{"line":4,"column":49},"end":{"line":4,"column":97}},"4":{"start":{"line":7,"column":15},"end":{"line":7,"column":43}},"5":{"start":{"line":10,"column":0},"end":{"line":10,"column":34}},"6":{"start":{"line":13,"column":0},"end":{"line":19,"column":2}},"7":{"start":{"line":21,"column":0},"end":{"line":21,"column":24}}},"fnMap":{},"branchMap":{},"s":{"0":1,"1":1,"2":1,"3":1,"4":1,"5":1,"6":0,"7":0},"f":{},"b":{},"_coverageSchema":"1a1c01bbd47fc00a2c39e90264f33305004495a9","hash":"66129b324fe483242dd588e33b80c791e5a5d8c6"}
,"C:\\Users\\AFLAL\\Desktop\\VelociRoute\\VelociRoute\\Backend\\src\\Routes\\uploadRoutes.js": {"path":"C:\\Users\\AFLAL\\Desktop\\VelociRoute\\VelociRoute\\Backend\\src\\Routes\\uploadRoutes.js","statementMap":{"0":{"start":{"line":1,"column":16},"end":{"line":1,"column":34}},"1":{"start":{"line":2,"column":15},"end":{"line":2,"column":31}},"2":{"start":{"line":3,"column":39},"end":{"line":3,"column":72}},"3":{"start":{"line":4,"column":11},"end":{"line":4,"column":33}},"4":{"start":{"line":7,"column":21},"end":{"line":10,"column":2}},"5":{"start":{"line":13,"column":0},"end":{"line":49,"column":3}},"6":{"start":{"line":14,"column":4},"end":{"line":48,"column":5}},"7":{"start":{"line":15,"column":30},"end":{"line":18,"column":9}},"8":{"start":{"line":21,"column":8},"end":{"line":28,"column":9}},"9":{"start":{"line":22,"column":12},"end":{"line":27,"column":13}},"10":{"start":{"line":23,"column":33},"end":{"line":23,"column":80}},"11":{"start":{"line":24,"column":16},"end":{"line":24,"column":52}},"12":{"start":{"line":26,"column":16},"end":{"line":26,"column":44}},"13":{"start":{"line":31,"column":8},"end":{"line":36,"column":9}},"14":{"start":{"line":32,"column":28},"end":{"line":32,"column":48}},"15":{"start":{"line":33,"column":12},"end":{"line":33,"column":77}},"16":{"start":{"line":35,"column":12},"end":{"line":35,"column":42}},"17":{"start":{"line":38,"column":8},"end":{"line":41,"column":11}},"18":{"start":{"line":43,"column":8},"end":{"line":43,"column":46}},"19":{"start":{"line":44,"column":8},"end":{"line":47,"column":11}},"20":{"start":{"line":51,"column":0},"end":{"line":51,"column":24}}},"fnMap":{"0":{"name":"(anonymous_0)","decl":{"start":{"line":13,"column":31},"end":{"line":13,"column":32}},"loc":{"start":{"line":13,"column":51},"end":{"line":49,"column":1}},"line":13}},"branchMap":{"0":{"loc":{"start":{"line":21,"column":8},"end":{"line":28,"column":9}},"type":"if","locations":[{"start":{"line":21,"column":8},"end":{"line":28,"column":9}},{"start":{},"end":{}}],"line":21},"1":{"loc":{"start":{"line":31,"column":8},"end":{"line":36,"column":9}},"type":"if","locations":[{"start":{"line":31,"column":8},"end":{"line":36,"column":9}},{"start":{},"end":{}}],"line":31}},"s":{"0":1,"1":1,"2":1,"3":1,"4":1,"5":1,"6":0,"7":0,"8":0,"9":0,"10":0,"11":0,"12":0,"13":0,"14":0,"15":0,"16":0,"17":0,"18":0,"19":0,"20":1},"f":{"0":0},"b":{"0":[0,0],"1":[0,0]},"_coverageSchema":"1a1c01bbd47fc00a2c39e90264f33305004495a9","hash":"7009b958f3c23ef8d5eb509c418334cd11d14ff1"}
,"C:\\Users\\AFLAL\\Desktop\\VelociRoute\\VelociRoute\\Backend\\src\\Routes\\userProfileRoutes.js": {"path":"C:\\Users\\AFLAL\\Desktop\\VelociRoute\\VelociRoute\\Backend\\src\\Routes\\userProfileRoutes.js","statementMap":{"0":{"start":{"line":1,"column":16},"end":{"line":1,"column":34}},"1":{"start":{"line":2,"column":15},"end":{"line":2,"column":31}},"2":{"start":{"line":3,"column":30},"end":{"line":3,"column":77}},"3":{"start":{"line":4,"column":30},"end":{"line":4,"column":69}},"4":{"start":{"line":7,"column":0},"end":{"line":21,"column":3}},"5":{"start":{"line":9,"column":19},"end":{"line":9,"column":90}},"6":{"start":{"line":10,"column":17},"end":{"line":10,"column":46}},"7":{"start":{"line":12,"column":4},"end":{"line":20,"column":5}},"8":{"start":{"line":13,"column":8},"end":{"line":13,"column":77}},"9":{"start":{"line":15,"column":8},"end":{"line":15,"column":49}},"10":{"start":{"line":16,"column":8},"end":{"line":16,"column":22}},"11":{"start":{"line":19,"column":8},"end":{"line":19,"column":42}},"12":{"start":{"line":24,"column":0},"end":{"line":24,"column":64}},"13":{"start":{"line":27,"column":0},"end":{"line":27,"column":61}},"14":{"start":{"line":30,"column":0},"end":{"line":30,"column":80}},"15":{"start":{"line":32,"column":0},"end":{"line":32,"column":24}}},"fnMap":{"0":{"name":"(anonymous_0)","decl":{"start":{"line":7,"column":11},"end":{"line":7,"column":12}},"loc":{"start":{"line":7,"column":31},"end":{"line":21,"column":1}},"line":7}},"branchMap":{"0":{"loc":{"start":{"line":12,"column":4},"end":{"line":20,"column":5}},"type":"if","locations":[{"start":{"line":12,"column":4},"end":{"line":20,"column":5}},{"start":{"line":17,"column":11},"end":{"line":20,"column":5}}],"line":12},"1":{"loc":{"start":{"line":12,"column":8},"end":{"line":12,"column":59}},"type":"binary-expr","locations":[{"start":{"line":12,"column":8},"end":{"line":12,"column":29}},{"start":{"line":12,"column":33},"end":{"line":12,"column":59}}],"line":12}},"s":{"0":1,"1":1,"2":1,"3":1,"4":1,"5":2,"6":2,"7":2,"8":2,"9":2,"10":2,"11":0,"12":1,"13":1,"14":1,"15":1},"f":{"0":2},"b":{"0":[2,0],"1":[2,2]},"_coverageSchema":"1a1c01bbd47fc00a2c39e90264f33305004495a9","hash":"9dd37de5a7828e011c3739ab5e1646a36c40b9c2"}
,"C:\\Users\\AFLAL\\Desktop\\VelociRoute\\VelociRoute\\Backend\\src\\Utils\\multerConfig.js": {"path":"C:\\Users\\AFLAL\\Desktop\\VelociRoute\\VelociRoute\\Backend\\src\\Utils\\multerConfig.js","statementMap":{"0":{"start":{"line":1,"column":15},"end":{"line":1,"column":32}},"1":{"start":{"line":2,"column":13},"end":{"line":2,"column":28}},"2":{"start":{"line":4,"column":16},"end":{"line":11,"column":2}},"3":{"start":{"line":6,"column":4},"end":{"line":6,"column":25}},"4":{"start":{"line":9,"column":4},"end":{"line":9,"column":59}},"5":{"start":{"line":13,"column":19},"end":{"line":19,"column":1}},"6":{"start":{"line":14,"column":2},"end":{"line":18,"column":3}},"7":{"start":{"line":15,"column":4},"end":{"line":15,"column":19}},"8":{"start":{"line":17,"column":4},"end":{"line":17,"column":69}},"9":{"start":{"line":21,"column":15},"end":{"line":27,"column":2}},"10":{"start":{"line":29,"column":0},"end":{"line":29,"column":24}}},"fnMap":{"0":{"name":"(anonymous_0)","decl":{"start":{"line":5,"column":15},"end":{"line":5,"column":16}},"loc":{"start":{"line":5,"column":40},"end":{"line":7,"column":3}},"line":5},"1":{"name":"(anonymous_1)","decl":{"start":{"line":8,"column":12},"end":{"line":8,"column":13}},"loc":{"start":{"line":8,"column":37},"end":{"line":10,"column":3}},"line":8},"2":{"name":"(anonymous_2)","decl":{"start":{"line":13,"column":19},"end":{"line":13,"column":20}},"loc":{"start":{"line":13,"column":38},"end":{"line":19,"column":1}},"line":13}},"branchMap":{"0":{"loc":{"start":{"line":14,"column":2},"end":{"line":18,"column":3}},"type":"if","locations":[{"start":{"line":14,"column":2},"end":{"line":18,"column":3}},{"start":{"line":16,"column":9},"end":{"line":18,"column":3}}],"line":14}},"s":{"0":1,"1":1,"2":1,"3":0,"4":0,"5":1,"6":0,"7":0,"8":0,"9":1,"10":1},"f":{"0":0,"1":0,"2":0},"b":{"0":[0,0]},"_coverageSchema":"1a1c01bbd47fc00a2c39e90264f33305004495a9","hash":"cdfa625235682bd3f6d569c9cb65089a93c6d46e"}
,"C:\\Users\\AFLAL\\Desktop\\VelociRoute\\VelociRoute\\Backend\\src\\Utils\\uploadHandler.js": {"path":"C:\\Users\\AFLAL\\Desktop\\VelociRoute\\VelociRoute\\Backend\\src\\Utils\\uploadHandler.js","statementMap":{"0":{"start":{"line":1,"column":19},"end":{"line":1,"column":43}},"1":{"start":{"line":2,"column":15},"end":{"line":2,"column":32}},"2":{"start":{"line":3,"column":13},"end":{"line":3,"column":28}},"3":{"start":{"line":6,"column":0},"end":{"line":10,"column":3}},"4":{"start":{"line":13,"column":16},"end":{"line":20,"column":2}},"5":{"start":{"line":15,"column":8},"end":{"line":15,"column":29}},"6":{"start":{"line":18,"column":8},"end":{"line":18,"column":63}},"7":{"start":{"line":23,"column":19},"end":{"line":38,"column":1}},"8":{"start":{"line":24,"column":4},"end":{"line":36,"column":5}},"9":{"start":{"line":26,"column":8},"end":{"line":29,"column":9}},"10":{"start":{"line":27,"column":12},"end":{"line":27,"column":70}},"11":{"start":{"line":28,"column":12},"end":{"line":28,"column":73}},"12":{"start":{"line":30,"column":11},"end":{"line":36,"column":5}},"13":{"start":{"line":32,"column":8},"end":{"line":35,"column":9}},"14":{"start":{"line":33,"column":12},"end":{"line":33,"column":68}},"15":{"start":{"line":34,"column":12},"end":{"line":34,"column":71}},"16":{"start":{"line":37,"column":4},"end":{"line":37,"column":19}},"17":{"start":{"line":40,"column":15},"end":{"line":46,"column":2}},"18":{"start":{"line":49,"column":27},"end":{"line":60,"column":1}},"19":{"start":{"line":50,"column":4},"end":{"line":59,"column":5}},"20":{"start":{"line":51,"column":23},"end":{"line":54,"column":10}},"21":{"start":{"line":55,"column":8},"end":{"line":55,"column":33}},"22":{"start":{"line":57,"column":8},"end":{"line":57,"column":63}},"23":{"start":{"line":58,"column":8},"end":{"line":58,"column":20}},"24":{"start":{"line":62,"column":0},"end":{"line":65,"column":2}}},"fnMap":{"0":{"name":"(anonymous_0)","decl":{"start":{"line":14,"column":17},"end":{"line":14,"column":18}},"loc":{"start":{"line":14,"column":42},"end":{"line":16,"column":5}},"line":14},"1":{"name":"(anonymous_1)","decl":{"start":{"line":17,"column":14},"end":{"line":17,"column":15}},"loc":{"start":{"line":17,"column":39},"end":{"line":19,"column":5}},"line":17},"2":{"name":"(anonymous_2)","decl":{"start":{"line":23,"column":19},"end":{"line":23,"column":20}},"loc":{"start":{"line":23,"column":38},"end":{"line":38,"column":1}},"line":23},"3":{"name":"(anonymous_3)","decl":{"start":{"line":49,"column":27},"end":{"line":49,"column":28}},"loc":{"start":{"line":49,"column":51},"end":{"line":60,"column":1}},"line":49}},"branchMap":{"0":{"loc":{"start":{"line":24,"column":4},"end":{"line":36,"column":5}},"type":"if","locations":[{"start":{"line":24,"column":4},"end":{"line":36,"column":5}},{"start":{"line":30,"column":11},"end":{"line":36,"column":5}}],"line":24},"1":{"loc":{"start":{"line":26,"column":8},"end":{"line":29,"column":9}},"type":"if","locations":[{"start":{"line":26,"column":8},"end":{"line":29,"column":9}},{"start":{},"end":{}}],"line":26},"2":{"loc":{"start":{"line":30,"column":11},"end":{"line":36,"column":5}},"type":"if","locations":[{"start":{"line":30,"column":11},"end":{"line":36,"column":5}},{"start":{},"end":{}}],"line":30},"3":{"loc":{"start":{"line":32,"column":8},"end":{"line":35,"column":9}},"type":"if","locations":[{"start":{"line":32,"column":8},"end":{"line":35,"column":9}},{"start":{},"end":{}}],"line":32},"4":{"loc":{"start":{"line":52,"column":27},"end":{"line":52,"column":61}},"type":"cond-expr","locations":[{"start":{"line":52,"column":46},"end":{"line":52,"column":51}},{"start":{"line":52,"column":54},"end":{"line":52,"column":61}}],"line":52}},"s":{"0":1,"1":1,"2":1,"3":1,"4":1,"5":0,"6":0,"7":1,"8":0,"9":0,"10":0,"11":0,"12":0,"13":0,"14":0,"15":0,"16":0,"17":1,"18":1,"19":0,"20":0,"21":0,"22":0,"23":0,"24":1},"f":{"0":0,"1":0,"2":0,"3":0},"b":{"0":[0,0],"1":[0,0],"2":[0,0],"3":[0,0],"4":[0,0]},"_coverageSchema":"1a1c01bbd47fc00a2c39e90264f33305004495a9","hash":"df01a1402eaf1073f1c635b98ea141b3408a71b2"}
,"C:\\Users\\AFLAL\\Desktop\\VelociRoute\\VelociRoute\\Backend\\src\\config\\cloudinary.js": {"path":"C:\\Users\\AFLAL\\Desktop\\VelociRoute\\VelociRoute\\Backend\\src\\config\\cloudinary.js","statementMap":{"0":{"start":{"line":1,"column":19},"end":{"line":1,"column":43}},"1":{"start":{"line":3,"column":0},"end":{"line":7,"column":3}},"2":{"start":{"line":9,"column":0},"end":{"line":9,"column":28}}},"fnMap":{},"branchMap":{},"s":{"0":2,"1":2,"2":2},"f":{},"b":{},"_coverageSchema":"1a1c01bbd47fc00a2c39e90264f33305004495a9","hash":"def38994b50327998007b8d5fbe1c7bd84ce084a"}
,"C:\\Users\\AFLAL\\Desktop\\VelociRoute\\VelociRoute\\Backend\\src\\controllers\\activityController.js": {"path":"C:\\Users\\AFLAL\\Desktop\\VelociRoute\\VelociRoute\\Backend\\src\\controllers\\activityController.js","statementMap":{"0":{"start":{"line":1,"column":17},"end":{"line":1,"column":46}},"1":{"start":{"line":2,"column":19},"end":{"line":2,"column":50}},"2":{"start":{"line":4,"column":21},"end":{"line":13,"column":1}},"3":{"start":{"line":5,"column":25},"end":{"line":10,"column":3}},"4":{"start":{"line":6,"column":4},"end":{"line":9,"column":6}},"5":{"start":{"line":11,"column":18},"end":{"line":11,"column":51}},"6":{"start":{"line":12,"column":2},"end":{"line":12,"column":50}},"7":{"start":{"line":12,"column":31},"end":{"line":12,"column":48}},"8":{"start":{"line":15,"column":22},"end":{"line":32,"column":1}},"9":{"start":{"line":16,"column":2},"end":{"line":31,"column":3}},"10":{"start":{"line":17,"column":40},"end":{"line":17,"column":49}},"11":{"start":{"line":18,"column":18},"end":{"line":18,"column":31}},"12":{"start":{"line":20,"column":4},"end":{"line":22,"column":5}},"13":{"start":{"line":21,"column":6},"end":{"line":21,"column":40}},"14":{"start":{"line":24,"column":23},"end":{"line":25,"column":30}},"15":{"start":{"line":27,"column":4},"end":{"line":27,"column":37}},"16":{"start":{"line":29,"column":4},"end":{"line":29,"column":54}},"17":{"start":{"line":30,"column":4},"end":{"line":30,"column":61}},"18":{"start":{"line":34,"column":23},"end":{"line":76,"column":1}},"19":{"start":{"line":35,"column":2},"end":{"line":75,"column":3}},"20":{"start":{"line":44,"column":8},"end":{"line":44,"column":16}},"21":{"start":{"line":47,"column":4},"end":{"line":49,"column":5}},"22":{"start":{"line":48,"column":6},"end":{"line":48,"column":72}},"23":{"start":{"line":52,"column":20},"end":{"line":52,"column":22}},"24":{"start":{"line":53,"column":4},"end":{"line":55,"column":5}},"25":{"start":{"line":54,"column":6},"end":{"line":54,"column":45}},"26":{"start":{"line":57,"column":21},"end":{"line":65,"column":6}},"27":{"start":{"line":67,"column":26},"end":{"line":67,"column":47}},"28":{"start":{"line":68,"column":4},"end":{"line":68,"column":40}},"29":{"start":{"line":70,"column":4},"end":{"line":70,"column":54}},"30":{"start":{"line":71,"column":4},"end":{"line":73,"column":5}},"31":{"start":{"line":72,"column":6},"end":{"line":72,"column":60}},"32":{"start":{"line":74,"column":4},"end":{"line":74,"column":61}},"33":{"start":{"line":78,"column":0},"end":{"line":81,"column":2}}},"fnMap":{"0":{"name":"(anonymous_0)","decl":{"start":{"line":4,"column":21},"end":{"line":4,"column":22}},"loc":{"start":{"line":4,"column":39},"end":{"line":13,"column":1}},"line":4},"1":{"name":"(anonymous_1)","decl":{"start":{"line":5,"column":36},"end":{"line":5,"column":37}},"loc":{"start":{"line":6,"column":4},"end":{"line":9,"column":6}},"line":6},"2":{"name":"(anonymous_2)","decl":{"start":{"line":12,"column":21},"end":{"line":12,"column":22}},"loc":{"start":{"line":12,"column":31},"end":{"line":12,"column":48}},"line":12},"3":{"name":"(anonymous_3)","decl":{"start":{"line":15,"column":22},"end":{"line":15,"column":23}},"loc":{"start":{"line":15,"column":42},"end":{"line":32,"column":1}},"line":15},"4":{"name":"(anonymous_4)","decl":{"start":{"line":34,"column":23},"end":{"line":34,"column":24}},"loc":{"start":{"line":34,"column":43},"end":{"line":76,"column":1}},"line":34}},"branchMap":{"0":{"loc":{"start":{"line":20,"column":4},"end":{"line":22,"column":5}},"type":"if","locations":[{"start":{"line":20,"column":4},"end":{"line":22,"column":5}},{"start":{},"end":{}}],"line":20},"1":{"loc":{"start":{"line":47,"column":4},"end":{"line":49,"column":5}},"type":"if","locations":[{"start":{"line":47,"column":4},"end":{"line":49,"column":5}},{"start":{},"end":{}}],"line":47},"2":{"loc":{"start":{"line":47,"column":8},"end":{"line":47,"column":67}},"type":"binary-expr","locations":[{"start":{"line":47,"column":8},"end":{"line":47,"column":18}},{"start":{"line":47,"column":22},"end":{"line":47,"column":35}},{"start":{"line":47,"column":39},"end":{"line":47,"column":52}},{"start":{"line":47,"column":56},"end":{"line":47,"column":67}}],"line":47},"3":{"loc":{"start":{"line":53,"column":4},"end":{"line":55,"column":5}},"type":"if","locations":[{"start":{"line":53,"column":4},"end":{"line":55,"column":5}},{"start":{},"end":{}}],"line":53},"4":{"loc":{"start":{"line":53,"column":8},"end":{"line":53,"column":35}},"type":"binary-expr","locations":[{"start":{"line":53,"column":8},"end":{"line":53,"column":14}},{"start":{"line":53,"column":18},"end":{"line":53,"column":35}}],"line":53},"5":{"loc":{"start":{"line":71,"column":4},"end":{"line":73,"column":5}},"type":"if","locations":[{"start":{"line":71,"column":4},"end":{"line":73,"column":5}},{"start":{},"end":{}}],"line":71}},"s":{"0":2,"1":2,"2":2,"3":1,"4":2,"5":1,"6":1,"7":1,"8":2,"9":3,"10":3,"11":3,"12":3,"13":1,"14":3,"15":3,"16":0,"17":0,"18":2,"19":4,"20":4,"21":4,"22":1,"23":3,"24":3,"25":1,"26":2,"27":2,"28":1,"29":2,"30":2,"31":1,"32":1,"33":2},"f":{"0":1,"1":2,"2":1,"3":3,"4":4},"b":{"0":[1,2],"1":[1,3],"2":[4,3,3,3],"3":[1,2],"4":[3,1],"5":[1,1]},"_coverageSchema":"1a1c01bbd47fc00a2c39e90264f33305004495a9","hash":"314363b5b08578c41e301274402edef7c062f614"}
,"C:\\Users\\AFLAL\\Desktop\\VelociRoute\\VelociRoute\\Backend\\src\\controllers\\activityPostsController.js": {"path":"C:\\Users\\AFLAL\\Desktop\\VelociRoute\\VelociRoute\\Backend\\src\\controllers\\activityPostsController.js","statementMap":{"0":{"start":{"line":1,"column":21},"end":{"line":1,"column":70}},"1":{"start":{"line":2,"column":19},"end":{"line":2,"column":43}},"2":{"start":{"line":3,"column":11},"end":{"line":3,"column":24}},"3":{"start":{"line":4,"column":14},"end":{"line":4,"column":39}},"4":{"start":{"line":5,"column":34},"end":{"line":5,"column":52}},"5":{"start":{"line":8,"column":0},"end":{"line":12,"column":3}},"6":{"start":{"line":14,"column":19},"end":{"line":106,"column":1}},"7":{"start":{"line":15,"column":4},"end":{"line":105,"column":5}},"8":{"start":{"line":16,"column":27},"end":{"line":16,"column":52}},"9":{"start":{"line":17,"column":8},"end":{"line":22,"column":9}},"10":{"start":{"line":18,"column":12},"end":{"line":21,"column":15}},"11":{"start":{"line":24,"column":22},"end":{"line":24,"column":46}},"12":{"start":{"line":25,"column":29},"end":{"line":25,"column":68}},"13":{"start":{"line":26,"column":26},"end":{"line":26,"column":44}},"14":{"start":{"line":28,"column":8},"end":{"line":33,"column":9}},"15":{"start":{"line":29,"column":12},"end":{"line":32,"column":15}},"16":{"start":{"line":43,"column":12},"end":{"line":43,"column":20}},"17":{"start":{"line":45,"column":22},"end":{"line":45,"column":31}},"18":{"start":{"line":46,"column":26},"end":{"line":46,"column":28}},"19":{"start":{"line":48,"column":8},"end":{"line":63,"column":9}},"20":{"start":{"line":49,"column":12},"end":{"line":62,"column":13}},"21":{"start":{"line":50,"column":16},"end":{"line":61,"column":17}},"22":{"start":{"line":51,"column":35},"end":{"line":53,"column":22}},"23":{"start":{"line":54,"column":20},"end":{"line":54,"column":54}},"24":{"start":{"line":56,"column":20},"end":{"line":56,"column":97}},"25":{"start":{"line":58,"column":20},"end":{"line":60,"column":21}},"26":{"start":{"line":59,"column":24},"end":{"line":59,"column":49}},"27":{"start":{"line":65,"column":26},"end":{"line":65,"column":31}},"28":{"start":{"line":66,"column":26},"end":{"line":66,"column":31}},"29":{"start":{"line":68,"column":8},"end":{"line":77,"column":9}},"30":{"start":{"line":69,"column":12},"end":{"line":71,"column":13}},"31":{"start":{"line":70,"column":16},"end":{"line":70,"column":48}},"32":{"start":{"line":72,"column":12},"end":{"line":74,"column":13}},"33":{"start":{"line":73,"column":16},"end":{"line":73,"column":48}},"34":{"start":{"line":76,"column":12},"end":{"line":76,"column":87}},"35":{"start":{"line":79,"column":21},"end":{"line":91,"column":10}},"36":{"start":{"line":93,"column":23},"end":{"line":93,"column":57}},"37":{"start":{"line":95,"column":8},"end":{"line":98,"column":11}},"38":{"start":{"line":100,"column":8},"end":{"line":100,"column":63}},"39":{"start":{"line":101,"column":8},"end":{"line":104,"column":11}},"40":{"start":{"line":108,"column":17},"end":{"line":130,"column":1}},"41":{"start":{"line":109,"column":4},"end":{"line":129,"column":5}},"42":{"start":{"line":111,"column":19},"end":{"line":111,"column":36}},"43":{"start":{"line":114,"column":22},"end":{"line":117,"column":22}},"44":{"start":{"line":119,"column":8},"end":{"line":122,"column":11}},"45":{"start":{"line":124,"column":8},"end":{"line":124,"column":57}},"46":{"start":{"line":125,"column":8},"end":{"line":128,"column":11}},"47":{"start":{"line":132,"column":17},"end":{"line":182,"column":1}},"48":{"start":{"line":133,"column":4},"end":{"line":181,"column":5}},"49":{"start":{"line":134,"column":27},"end":{"line":134,"column":37}},"50":{"start":{"line":137,"column":22},"end":{"line":137,"column":61}},"51":{"start":{"line":138,"column":29},"end":{"line":138,"column":68}},"52":{"start":{"line":139,"column":26},"end":{"line":139,"column":44}},"53":{"start":{"line":141,"column":19},"end":{"line":141,"column":36}},"54":{"start":{"line":142,"column":32},"end":{"line":142,"column":54}},"55":{"start":{"line":144,"column":21},"end":{"line":144,"column":81}},"56":{"start":{"line":145,"column":8},"end":{"line":150,"column":9}},"57":{"start":{"line":146,"column":12},"end":{"line":149,"column":15}},"58":{"start":{"line":153,"column":8},"end":{"line":155,"column":9}},"59":{"start":{"line":154,"column":12},"end":{"line":154,"column":28}},"60":{"start":{"line":158,"column":30},"end":{"line":158,"column":59}},"61":{"start":{"line":159,"column":8},"end":{"line":163,"column":9}},"62":{"start":{"line":160,"column":12},"end":{"line":160,"column":39}},"63":{"start":{"line":162,"column":12},"end":{"line":162,"column":48}},"64":{"start":{"line":166,"column":8},"end":{"line":169,"column":10}},"65":{"start":{"line":171,"column":8},"end":{"line":174,"column":11}},"66":{"start":{"line":176,"column":8},"end":{"line":176,"column":51}},"67":{"start":{"line":177,"column":8},"end":{"line":180,"column":11}},"68":{"start":{"line":184,"column":22},"end":{"line":244,"column":1}},"69":{"start":{"line":185,"column":4},"end":{"line":243,"column":5}},"70":{"start":{"line":186,"column":27},"end":{"line":186,"column":37}},"71":{"start":{"line":187,"column":25},"end":{"line":187,"column":33}},"72":{"start":{"line":189,"column":8},"end":{"line":194,"column":9}},"73":{"start":{"line":190,"column":12},"end":{"line":193,"column":15}},"74":{"start":{"line":197,"column":22},"end":{"line":197,"column":61}},"75":{"start":{"line":198,"column":29},"end":{"line":198,"column":68}},"76":{"start":{"line":199,"column":26},"end":{"line":199,"column":44}},"77":{"start":{"line":201,"column":19},"end":{"line":201,"column":36}},"78":{"start":{"line":202,"column":32},"end":{"line":202,"column":54}},"79":{"start":{"line":204,"column":21},"end":{"line":204,"column":81}},"80":{"start":{"line":205,"column":8},"end":{"line":210,"column":9}},"81":{"start":{"line":206,"column":12},"end":{"line":209,"column":15}},"82":{"start":{"line":213,"column":8},"end":{"line":215,"column":9}},"83":{"start":{"line":214,"column":12},"end":{"line":214,"column":31}},"84":{"start":{"line":218,"column":27},"end":{"line":222,"column":9}},"85":{"start":{"line":225,"column":8},"end":{"line":228,"column":10}},"86":{"start":{"line":231,"column":28},"end":{"line":231,"column":88}},"87":{"start":{"line":233,"column":8},"end":{"line":236,"column":11}},"88":{"start":{"line":238,"column":8},"end":{"line":238,"column":54}},"89":{"start":{"line":239,"column":8},"end":{"line":242,"column":11}},"90":{"start":{"line":246,"column":0},"end":{"line":251,"column":2}}},"fnMap":{"0":{"name":"(anonymous_0)","decl":{"start":{"line":14,"column":19},"end":{"line":14,"column":20}},"loc":{"start":{"line":14,"column":39},"end":{"line":106,"column":1}},"line":14},"1":{"name":"(anonymous_1)","decl":{"start":{"line":108,"column":17},"end":{"line":108,"column":18}},"loc":{"start":{"line":108,"column":37},"end":{"line":130,"column":1}},"line":108},"2":{"name":"(anonymous_2)","decl":{"start":{"line":132,"column":17},"end":{"line":132,"column":18}},"loc":{"start":{"line":132,"column":37},"end":{"line":182,"column":1}},"line":132},"3":{"name":"(anonymous_3)","decl":{"start":{"line":184,"column":22},"end":{"line":184,"column":23}},"loc":{"start":{"line":184,"column":42},"end":{"line":244,"column":1}},"line":184}},"branchMap":{"0":{"loc":{"start":{"line":17,"column":8},"end":{"line":22,"column":9}},"type":"if","locations":[{"start":{"line":17,"column":8},"end":{"line":22,"column":9}},{"start":{},"end":{}}],"line":17},"1":{"loc":{"start":{"line":17,"column":12},"end":{"line":17,"column":60}},"type":"binary-expr","locations":[{"start":{"line":17,"column":12},"end":{"line":17,"column":23}},{"start":{"line":17,"column":27},"end":{"line":17,"column":60}}],"line":17},"2":{"loc":{"start":{"line":28,"column":8},"end":{"line":33,"column":9}},"type":"if","locations":[{"start":{"line":28,"column":8},"end":{"line":33,"column":9}},{"start":{},"end":{}}],"line":28},"3":{"loc":{"start":{"line":48,"column":8},"end":{"line":63,"column":9}},"type":"if","locations":[{"start":{"line":48,"column":8},"end":{"line":63,"column":9}},{"start":{},"end":{}}],"line":48},"4":{"loc":{"start":{"line":48,"column":12},"end":{"line":48,"column":37}},"type":"binary-expr","locations":[{"start":{"line":48,"column":12},"end":{"line":48,"column":17}},{"start":{"line":48,"column":21},"end":{"line":48,"column":37}}],"line":48},"5":{"loc":{"start":{"line":58,"column":20},"end":{"line":60,"column":21}},"type":"if","locations":[{"start":{"line":58,"column":20},"end":{"line":60,"column":21}},{"start":{},"end":{}}],"line":58},"6":{"loc":{"start":{"line":69,"column":12},"end":{"line":71,"column":13}},"type":"if","locations":[{"start":{"line":69,"column":12},"end":{"line":71,"column":13}},{"start":{},"end":{}}],"line":69},"7":{"loc":{"start":{"line":72,"column":12},"end":{"line":74,"column":13}},"type":"if","locations":[{"start":{"line":72,"column":12},"end":{"line":74,"column":13}},{"start":{},"end":{}}],"line":72},"8":{"loc":{"start":{"line":145,"column":8},"end":{"line":150,"column":9}},"type":"if","locations":[{"start":{"line":145,"column":8},"end":{"line":150,"column":9}},{"start":{},"end":{}}],"line":145},"9":{"loc":{"start":{"line":153,"column":8},"end":{"line":155,"column":9}},"type":"if","locations":[{"start":{"line":153,"column":8},"end":{"line":155,"column":9}},{"start":{},"end":{}}],"line":153},"10":{"loc":{"start":{"line":159,"column":8},"end":{"line":163,"column":9}},"type":"if","locations":[{"start":{"line":159,"column":8},"end":{"line":163,"column":9}},{"start":{"line":161,"column":15},"end":{"line":163,"column":9}}],"line":159},"11":{"loc":{"start":{"line":189,"column":8},"end":{"line":194,"column":9}},"type":"if","locations":[{"start":{"line":189,"column":8},"end":{"line":194,"column":9}},{"start":{},"end":{}}],"line":189},"12":{"loc":{"start":{"line":189,"column":12},"end":{"line":189,"column":45}},"type":"binary-expr","locations":[{"start":{"line":189,"column":12},"end":{"line":189,"column":17}},{"start":{"line":189,"column":21},"end":{"line":189,"column":45}}],"line":189},"13":{"loc":{"start":{"line":205,"column":8},"end":{"line":210,"column":9}},"type":"if","locations":[{"start":{"line":205,"column":8},"end":{"line":210,"column":9}},{"start":{},"end":{}}],"line":205},"14":{"loc":{"start":{"line":213,"column":8},"end":{"line":215,"column":9}},"type":"if","locations":[{"start":{"line":213,"column":8},"end":{"line":215,"column":9}},{"start":{},"end":{}}],"line":213}},"s":{"0":2,"1":2,"2":2,"3":2,"4":2,"5":2,"6":2,"7":0,"8":0,"9":0,"10":0,"11":0,"12":0,"13":0,"14":0,"15":0,"16":0,"17":0,"18":0,"19":0,"20":0,"21":0,"22":0,"23":0,"24":0,"25":0,"26":0,"27":0,"28":0,"29":0,"30":0,"31":0,"32":0,"33":0,"34":0,"35":0,"36":0,"37":0,"38":0,"39":0,"40":2,"41":0,"42":0,"43":0,"44":0,"45":0,"46":0,"47":2,"48":0,"49":0,"50":0,"51":0,"52":0,"53":0,"54":0,"55":0,"56":0,"57":0,"58":0,"59":0,"60":0,"61":0,"62":0,"63":0,"64":0,"65":0,"66":0,"67":0,"68":2,"69":0,"70":0,"71":0,"72":0,"73":0,"74":0,"75":0,"76":0,"77":0,"78":0,"79":0,"80":0,"81":0,"82":0,"83":0,"84":0,"85":0,"86":0,"87":0,"88":0,"89":0,"90":2},"f":{"0":0,"1":0,"2":0,"3":0},"b":{"0":[0,0],"1":[0,0],"2":[0,0],"3":[0,0],"4":[0,0],"5":[0,0],"6":[0,0],"7":[0,0],"8":[0,0],"9":[0,0],"10":[0,0],"11":[0,0],"12":[0,0],"13":[0,0],"14":[0,0]},"_coverageSchema":"1a1c01bbd47fc00a2c39e90264f33305004495a9","hash":"b082892fc43e102dd559a832df5b514152ef37e2"}
,"C:\\Users\\AFLAL\\Desktop\\VelociRoute\\VelociRoute\\Backend\\src\\controllers\\popularRouteController.js": {"path":"C:\\Users\\AFLAL\\Desktop\\VelociRoute\\VelociRoute\\Backend\\src\\controllers\\popularRouteController.js","statementMap":{"0":{"start":{"line":1,"column":19},"end":{"line":1,"column":43}},"1":{"start":{"line":2,"column":21},"end":{"line":2,"column":54}},"2":{"start":{"line":5,"column":0},"end":{"line":9,"column":3}},"3":{"start":{"line":11,"column":18},"end":{"line":47,"column":1}},"4":{"start":{"line":12,"column":4},"end":{"line":46,"column":5}},"5":{"start":{"line":19,"column":12},"end":{"line":19,"column":21}},"6":{"start":{"line":21,"column":20},"end":{"line":21,"column":22}},"7":{"start":{"line":23,"column":8},"end":{"line":25,"column":9}},"8":{"start":{"line":24,"column":12},"end":{"line":24,"column":60}},"9":{"start":{"line":26,"column":8},"end":{"line":28,"column":9}},"10":{"start":{"line":27,"column":12},"end":{"line":27,"column":56}},"11":{"start":{"line":29,"column":8},"end":{"line":33,"column":9}},"12":{"start":{"line":30,"column":12},"end":{"line":30,"column":32}},"13":{"start":{"line":31,"column":12},"end":{"line":31,"column":75}},"14":{"start":{"line":31,"column":29},"end":{"line":31,"column":75}},"15":{"start":{"line":32,"column":12},"end":{"line":32,"column":75}},"16":{"start":{"line":32,"column":29},"end":{"line":32,"column":75}},"17":{"start":{"line":34,"column":8},"end":{"line":36,"column":9}},"18":{"start":{"line":35,"column":12},"end":{"line":35,"column":55}},"19":{"start":{"line":38,"column":23},"end":{"line":40,"column":27}},"20":{"start":{"line":42,"column":8},"end":{"line":42,"column":37}},"21":{"start":{"line":44,"column":8},"end":{"line":44,"column":54}},"22":{"start":{"line":45,"column":8},"end":{"line":45,"column":65}},"23":{"start":{"line":49,"column":20},"end":{"line":104,"column":1}},"24":{"start":{"line":50,"column":4},"end":{"line":103,"column":5}},"25":{"start":{"line":61,"column":12},"end":{"line":61,"column":20}},"26":{"start":{"line":64,"column":8},"end":{"line":68,"column":9}},"27":{"start":{"line":65,"column":12},"end":{"line":67,"column":15}},"28":{"start":{"line":72,"column":8},"end":{"line":80,"column":9}},"29":{"start":{"line":73,"column":12},"end":{"line":79,"column":13}},"30":{"start":{"line":74,"column":31},"end":{"line":74,"column":78}},"31":{"start":{"line":75,"column":16},"end":{"line":75,"column":45}},"32":{"start":{"line":77,"column":16},"end":{"line":77,"column":69}},"33":{"start":{"line":78,"column":16},"end":{"line":78,"column":80}},"34":{"start":{"line":82,"column":22},"end":{"line":93,"column":10}},"35":{"start":{"line":95,"column":8},"end":{"line":95,"column":27}},"36":{"start":{"line":96,"column":8},"end":{"line":96,"column":36}},"37":{"start":{"line":98,"column":8},"end":{"line":98,"column":54}},"38":{"start":{"line":99,"column":8},"end":{"line":101,"column":9}},"39":{"start":{"line":100,"column":12},"end":{"line":100,"column":66}},"40":{"start":{"line":102,"column":8},"end":{"line":102,"column":65}},"41":{"start":{"line":106,"column":0},"end":{"line":109,"column":2}}},"fnMap":{"0":{"name":"(anonymous_0)","decl":{"start":{"line":11,"column":18},"end":{"line":11,"column":19}},"loc":{"start":{"line":11,"column":38},"end":{"line":47,"column":1}},"line":11},"1":{"name":"(anonymous_1)","decl":{"start":{"line":49,"column":20},"end":{"line":49,"column":21}},"loc":{"start":{"line":49,"column":40},"end":{"line":104,"column":1}},"line":49}},"branchMap":{"0":{"loc":{"start":{"line":23,"column":8},"end":{"line":25,"column":9}},"type":"if","locations":[{"start":{"line":23,"column":8},"end":{"line":25,"column":9}},{"start":{},"end":{}}],"line":23},"1":{"loc":{"start":{"line":23,"column":12},"end":{"line":23,"column":64}},"type":"binary-expr","locations":[{"start":{"line":23,"column":12},"end":{"line":23,"column":24}},{"start":{"line":23,"column":28},"end":{"line":23,"column":64}}],"line":23},"2":{"loc":{"start":{"line":26,"column":8},"end":{"line":28,"column":9}},"type":"if","locations":[{"start":{"line":26,"column":8},"end":{"line":28,"column":9}},{"start":{},"end":{}}],"line":26},"3":{"loc":{"start":{"line":26,"column":12},"end":{"line":26,"column":60}},"type":"binary-expr","locations":[{"start":{"line":26,"column":12},"end":{"line":26,"column":22}},{"start":{"line":26,"column":26},"end":{"line":26,"column":60}}],"line":26},"4":{"loc":{"start":{"line":29,"column":8},"end":{"line":33,"column":9}},"type":"if","locations":[{"start":{"line":29,"column":8},"end":{"line":33,"column":9}},{"start":{},"end":{}}],"line":29},"5":{"loc":{"start":{"line":29,"column":12},"end":{"line":29,"column":38}},"type":"binary-expr","locations":[{"start":{"line":29,"column":12},"end":{"line":29,"column":23}},{"start":{"line":29,"column":27},"end":{"line":29,"column":38}}],"line":29},"6":{"loc":{"start":{"line":31,"column":12},"end":{"line":31,"column":75}},"type":"if","locations":[{"start":{"line":31,"column":12},"end":{"line":31,"column":75}},{"start":{},"end":{}}],"line":31},"7":{"loc":{"start":{"line":32,"column":12},"end":{"line":32,"column":75}},"type":"if","locations":[{"start":{"line":32,"column":12},"end":{"line":32,"column":75}},{"start":{},"end":{}}],"line":32},"8":{"loc":{"start":{"line":34,"column":8},"end":{"line":36,"column":9}},"type":"if","locations":[{"start":{"line":34,"column":8},"end":{"line":36,"column":9}},{"start":{},"end":{}}],"line":34},"9":{"loc":{"start":{"line":64,"column":8},"end":{"line":68,"column":9}},"type":"if","locations":[{"start":{"line":64,"column":8},"end":{"line":68,"column":9}},{"start":{},"end":{}}],"line":64},"10":{"loc":{"start":{"line":64,"column":12},"end":{"line":64,"column":75}},"type":"binary-expr","locations":[{"start":{"line":64,"column":12},"end":{"line":64,"column":17}},{"start":{"line":64,"column":21},"end":{"line":64,"column":34}},{"start":{"line":64,"column":38},"end":{"line":64,"column":49}},{"start":{"line":64,"column":53},"end":{"line":64,"column":62}},{"start":{"line":64,"column":66},"end":{"line":64,"column":75}}],"line":64},"11":{"loc":{"start":{"line":72,"column":8},"end":{"line":80,"column":9}},"type":"if","locations":[{"start":{"line":72,"column":8},"end":{"line":80,"column":9}},{"start":{},"end":{}}],"line":72},"12":{"loc":{"start":{"line":88,"column":23},"end":{"line":88,"column":68}},"type":"cond-expr","locations":[{"start":{"line":88,"column":35},"end":{"line":88,"column":56}},{"start":{"line":88,"column":59},"end":{"line":88,"column":68}}],"line":88},"13":{"loc":{"start":{"line":89,"column":25},"end":{"line":89,"column":72}},"type":"cond-expr","locations":[{"start":{"line":89,"column":39},"end":{"line":89,"column":60}},{"start":{"line":89,"column":63},"end":{"line":89,"column":72}}],"line":89},"14":{"loc":{"start":{"line":92,"column":20},"end":{"line":92,"column":46}},"type":"cond-expr","locations":[{"start":{"line":92,"column":31},"end":{"line":92,"column":41}},{"start":{"line":92,"column":44},"end":{"line":92,"column":46}}],"line":92},"15":{"loc":{"start":{"line":99,"column":8},"end":{"line":101,"column":9}},"type":"if","locations":[{"start":{"line":99,"column":8},"end":{"line":101,"column":9}},{"start":{},"end":{}}],"line":99}},"s":{"0":2,"1":2,"2":2,"3":2,"4":0,"5":0,"6":0,"7":0,"8":0,"9":0,"10":0,"11":0,"12":0,"13":0,"14":0,"15":0,"16":0,"17":0,"18":0,"19":0,"20":0,"21":0,"22":0,"23":2,"24":0,"25":0,"26":0,"27":0,"28":0,"29":0,"30":0,"31":0,"32":0,"33":0,"34":0,"35":0,"36":0,"37":0,"38":0,"39":0,"40":0,"41":2},"f":{"0":0,"1":0},"b":{"0":[0,0],"1":[0,0],"2":[0,0],"3":[0,0],"4":[0,0],"5":[0,0],"6":[0,0],"7":[0,0],"8":[0,0],"9":[0,0],"10":[0,0,0,0,0],"11":[0,0],"12":[0,0],"13":[0,0],"14":[0,0],"15":[0,0]},"_coverageSchema":"1a1c01bbd47fc00a2c39e90264f33305004495a9","hash":"6bad66e5bb88e07a78c048c0518522e67cc533c9"}
,"C:\\Users\\AFLAL\\Desktop\\VelociRoute\\VelociRoute\\Backend\\src\\controllers\\userProfileController.js": {"path":"C:\\Users\\AFLAL\\Desktop\\VelociRoute\\VelociRoute\\Backend\\src\\controllers\\userProfileController.js","statementMap":{"0":{"start":{"line":1,"column":20},"end":{"line":1,"column":67}},"1":{"start":{"line":2,"column":13},"end":{"line":2,"column":28}},"2":{"start":{"line":3,"column":11},"end":{"line":3,"column":33}},"3":{"start":{"line":4,"column":19},"end":{"line":4,"column":43}},"4":{"start":{"line":7,"column":0},"end":{"line":16,"column":1}},"5":{"start":{"line":8,"column":4},"end":{"line":12,"column":7}},"6":{"start":{"line":13,"column":4},"end":{"line":13,"column":108}},"7":{"start":{"line":15,"column":4},"end":{"line":15,"column":58}},"8":{"start":{"line":18,"column":20},"end":{"line":77,"column":1}},"9":{"start":{"line":19,"column":4},"end":{"line":76,"column":5}},"10":{"start":{"line":20,"column":8},"end":{"line":20,"column":53}},"11":{"start":{"line":23,"column":8},"end":{"line":26,"column":9}},"12":{"start":{"line":24,"column":12},"end":{"line":24,"column":54}},"13":{"start":{"line":25,"column":12},"end":{"line":25,"column":79}},"14":{"start":{"line":29,"column":27},"end":{"line":29,"column":41}},"15":{"start":{"line":30,"column":26},"end":{"line":30,"column":60}},"16":{"start":{"line":33,"column":24},"end":{"line":33,"column":64}},"17":{"start":{"line":35,"column":8},"end":{"line":39,"column":11}},"18":{"start":{"line":42,"column":31},"end":{"line":52,"column":10}},"19":{"start":{"line":54,"column":8},"end":{"line":59,"column":11}},"20":{"start":{"line":61,"column":8},"end":{"line":64,"column":11}},"21":{"start":{"line":66,"column":8},"end":{"line":70,"column":11}},"22":{"start":{"line":71,"column":8},"end":{"line":75,"column":11}},"23":{"start":{"line":79,"column":23},"end":{"line":120,"column":1}},"24":{"start":{"line":80,"column":4},"end":{"line":119,"column":5}},"25":{"start":{"line":81,"column":26},"end":{"line":81,"column":40}},"26":{"start":{"line":82,"column":8},"end":{"line":82,"column":73}},"27":{"start":{"line":83,"column":8},"end":{"line":83,"column":54}},"28":{"start":{"line":85,"column":22},"end":{"line":85,"column":69}},"29":{"start":{"line":86,"column":8},"end":{"line":86,"column":93}},"30":{"start":{"line":88,"column":8},"end":{"line":102,"column":9}},"31":{"start":{"line":89,"column":12},"end":{"line":89,"column":70}},"32":{"start":{"line":90,"column":12},"end":{"line":101,"column":13}},"33":{"start":{"line":92,"column":16},"end":{"line":95,"column":19}},"34":{"start":{"line":96,"column":16},"end":{"line":96,"column":37}},"35":{"start":{"line":97,"column":16},"end":{"line":97,"column":61}},"36":{"start":{"line":99,"column":16},"end":{"line":99,"column":70}},"37":{"start":{"line":100,"column":16},"end":{"line":100,"column":34}},"38":{"start":{"line":104,"column":8},"end":{"line":111,"column":11}},"39":{"start":{"line":113,"column":8},"end":{"line":113,"column":57}},"40":{"start":{"line":114,"column":8},"end":{"line":118,"column":11}},"41":{"start":{"line":122,"column":26},"end":{"line":194,"column":1}},"42":{"start":{"line":123,"column":4},"end":{"line":193,"column":5}},"43":{"start":{"line":124,"column":8},"end":{"line":124,"column":55}},"44":{"start":{"line":125,"column":26},"end":{"line":125,"column":40}},"45":{"start":{"line":126,"column":8},"end":{"line":126,"column":62}},"46":{"start":{"line":136,"column":12},"end":{"line":136,"column":20}},"47":{"start":{"line":138,"column":8},"end":{"line":145,"column":11}},"48":{"start":{"line":148,"column":32},"end":{"line":148,"column":79}},"49":{"start":{"line":151,"column":28},"end":{"line":159,"column":9}},"50":{"start":{"line":162,"column":8},"end":{"line":170,"column":9}},"51":{"start":{"line":163,"column":12},"end":{"line":167,"column":14}},"52":{"start":{"line":169,"column":12},"end":{"line":169,"column":67}},"53":{"start":{"line":172,"column":8},"end":{"line":172,"column":69}},"54":{"start":{"line":174,"column":8},"end":{"line":184,"column":11}},"55":{"start":{"line":186,"column":8},"end":{"line":186,"column":56}},"56":{"start":{"line":187,"column":8},"end":{"line":192,"column":11}},"57":{"start":{"line":196,"column":0},"end":{"line":200,"column":2}}},"fnMap":{"0":{"name":"(anonymous_0)","decl":{"start":{"line":18,"column":20},"end":{"line":18,"column":21}},"loc":{"start":{"line":18,"column":40},"end":{"line":77,"column":1}},"line":18},"1":{"name":"(anonymous_1)","decl":{"start":{"line":79,"column":23},"end":{"line":79,"column":24}},"loc":{"start":{"line":79,"column":43},"end":{"line":120,"column":1}},"line":79},"2":{"name":"(anonymous_2)","decl":{"start":{"line":122,"column":26},"end":{"line":122,"column":27}},"loc":{"start":{"line":122,"column":46},"end":{"line":194,"column":1}},"line":122}},"branchMap":{"0":{"loc":{"start":{"line":9,"column":20},"end":{"line":9,"column":68}},"type":"binary-expr","locations":[{"start":{"line":9,"column":20},"end":{"line":9,"column":53}},{"start":{"line":9,"column":57},"end":{"line":9,"column":68}}],"line":9},"1":{"loc":{"start":{"line":13,"column":58},"end":{"line":13,"column":106}},"type":"binary-expr","locations":[{"start":{"line":13,"column":58},"end":{"line":13,"column":91}},{"start":{"line":13,"column":95},"end":{"line":13,"column":106}}],"line":13},"2":{"loc":{"start":{"line":23,"column":8},"end":{"line":26,"column":9}},"type":"if","locations":[{"start":{"line":23,"column":8},"end":{"line":26,"column":9}},{"start":{},"end":{}}],"line":23},"3":{"loc":{"start":{"line":23,"column":12},"end":{"line":23,"column":40}},"type":"binary-expr","locations":[{"start":{"line":23,"column":12},"end":{"line":23,"column":21}},{"start":{"line":23,"column":25},"end":{"line":23,"column":40}}],"line":23},"4":{"loc":{"start":{"line":30,"column":26},"end":{"line":30,"column":60}},"type":"binary-expr","locations":[{"start":{"line":30,"column":26},"end":{"line":30,"column":44}},{"start":{"line":30,"column":48},"end":{"line":30,"column":60}}],"line":30},"5":{"loc":{"start":{"line":38,"column":23},"end":{"line":38,"column":71}},"type":"binary-expr","locations":[{"start":{"line":38,"column":23},"end":{"line":38,"column":56}},{"start":{"line":38,"column":60},"end":{"line":38,"column":71}}],"line":38},"6":{"loc":{"start":{"line":43,"column":27},"end":{"line":43,"column":79}},"type":"binary-expr","locations":[{"start":{"line":43,"column":27},"end":{"line":43,"column":63}},{"start":{"line":43,"column":67},"end":{"line":43,"column":79}}],"line":43},"7":{"loc":{"start":{"line":69,"column":21},"end":{"line":69,"column":61}},"type":"binary-expr","locations":[{"start":{"line":69,"column":21},"end":{"line":69,"column":34}},{"start":{"line":69,"column":38},"end":{"line":69,"column":61}}],"line":69},"8":{"loc":{"start":{"line":74,"column":21},"end":{"line":74,"column":85}},"type":"cond-expr","locations":[{"start":{"line":74,"column":62},"end":{"line":74,"column":73}},{"start":{"line":74,"column":76},"end":{"line":74,"column":85}}],"line":74},"9":{"loc":{"start":{"line":86,"column":59},"end":{"line":86,"column":91}},"type":"cond-expr","locations":[{"start":{"line":86,"column":69},"end":{"line":86,"column":77}},{"start":{"line":86,"column":80},"end":{"line":86,"column":91}}],"line":86},"10":{"loc":{"start":{"line":88,"column":8},"end":{"line":102,"column":9}},"type":"if","locations":[{"start":{"line":88,"column":8},"end":{"line":102,"column":9}},{"start":{},"end":{}}],"line":88},"11":{"loc":{"start":{"line":117,"column":19},"end":{"line":117,"column":83}},"type":"cond-expr","locations":[{"start":{"line":117,"column":60},"end":{"line":117,"column":71}},{"start":{"line":117,"column":74},"end":{"line":117,"column":83}}],"line":117},"12":{"loc":{"start":{"line":130,"column":12},"end":{"line":130,"column":26}},"type":"default-arg","locations":[{"start":{"line":130,"column":24},"end":{"line":130,"column":26}}],"line":130},"13":{"loc":{"start":{"line":131,"column":12},"end":{"line":131,"column":25}},"type":"default-arg","locations":[{"start":{"line":131,"column":23},"end":{"line":131,"column":25}}],"line":131},"14":{"loc":{"start":{"line":132,"column":12},"end":{"line":132,"column":34}},"type":"default-arg","locations":[{"start":{"line":132,"column":32},"end":{"line":132,"column":34}}],"line":132},"15":{"loc":{"start":{"line":133,"column":12},"end":{"line":133,"column":25}},"type":"default-arg","locations":[{"start":{"line":133,"column":23},"end":{"line":133,"column":25}}],"line":133},"16":{"loc":{"start":{"line":134,"column":12},"end":{"line":134,"column":31}},"type":"default-arg","locations":[{"start":{"line":134,"column":27},"end":{"line":134,"column":31}}],"line":134},"17":{"loc":{"start":{"line":135,"column":12},"end":{"line":135,"column":29}},"type":"default-arg","locations":[{"start":{"line":135,"column":25},"end":{"line":135,"column":29}}],"line":135},"18":{"loc":{"start":{"line":157,"column":26},"end":{"line":157,"column":97}},"type":"binary-expr","locations":[{"start":{"line":157,"column":26},"end":{"line":157,"column":38}},{"start":{"line":157,"column":43},"end":{"line":157,"column":96}}],"line":157},"19":{"loc":{"start":{"line":157,"column":43},"end":{"line":157,"column":96}},"type":"cond-expr","locations":[{"start":{"line":157,"column":61},"end":{"line":157,"column":89}},{"start":{"line":157,"column":92},"end":{"line":157,"column":96}}],"line":157},"20":{"loc":{"start":{"line":158,"column":24},"end":{"line":158,"column":91}},"type":"binary-expr","locations":[{"start":{"line":158,"column":24},"end":{"line":158,"column":34}},{"start":{"line":158,"column":39},"end":{"line":158,"column":90}}],"line":158},"21":{"loc":{"start":{"line":158,"column":39},"end":{"line":158,"column":90}},"type":"cond-expr","locations":[{"start":{"line":158,"column":57},"end":{"line":158,"column":83}},{"start":{"line":158,"column":86},"end":{"line":158,"column":90}}],"line":158},"22":{"loc":{"start":{"line":162,"column":8},"end":{"line":170,"column":9}},"type":"if","locations":[{"start":{"line":162,"column":8},"end":{"line":170,"column":9}},{"start":{"line":168,"column":15},"end":{"line":170,"column":9}}],"line":162},"23":{"loc":{"start":{"line":190,"column":19},"end":{"line":190,"column":83}},"type":"cond-expr","locations":[{"start":{"line":190,"column":60},"end":{"line":190,"column":71}},{"start":{"line":190,"column":74},"end":{"line":190,"column":83}}],"line":190}},"s":{"0":2,"1":2,"2":2,"3":2,"4":2,"5":2,"6":1,"7":1,"8":2,"9":0,"10":0,"11":0,"12":0,"13":0,"14":0,"15":0,"16":0,"17":0,"18":0,"19":0,"20":0,"21":0,"22":0,"23":2,"24":0,"25":0,"26":0,"27":0,"28":0,"29":0,"30":0,"31":0,"32":0,"33":0,"34":0,"35":0,"36":0,"37":0,"38":0,"39":0,"40":0,"41":2,"42":0,"43":0,"44":0,"45":0,"46":0,"47":0,"48":0,"49":0,"50":0,"51":0,"52":0,"53":0,"54":0,"55":0,"56":0,"57":2},"f":{"0":0,"1":0,"2":0},"b":{"0":[2,0],"1":[1,0],"2":[0,0],"3":[0,0],"4":[0,0],"5":[0,0],"6":[0,0],"7":[0,0],"8":[0,0],"9":[0,0],"10":[0,0],"11":[0,0],"12":[0],"13":[0],"14":[0],"15":[0],"16":[0],"17":[0],"18":[0,0],"19":[0,0],"20":[0,0],"21":[0,0],"22":[0,0],"23":[0,0]},"_coverageSchema":"1a1c01bbd47fc00a2c39e90264f33305004495a9","hash":"124cf1ab68fcb0435f96577943b32b6568b84cde"}
,"C:\\Users\\AFLAL\\Desktop\\VelociRoute\\VelociRoute\\Backend\\src\\models\\Activity.js": {"path":"C:\\Users\\AFLAL\\Desktop\\VelociRoute\\VelociRoute\\Backend\\src\\models\\Activity.js","statementMap":{"0":{"start":{"line":1,"column":17},"end":{"line":1,"column":36}},"1":{"start":{"line":3,"column":23},"end":{"line":83,"column":2}},"2":{"start":{"line":60,"column":8},"end":{"line":60,"column":40}},"3":{"start":{"line":86,"column":0},"end":{"line":86,"column":56}},"4":{"start":{"line":87,"column":0},"end":{"line":87,"column":40}},"5":{"start":{"line":90,"column":0},"end":{"line":93,"column":3}},"6":{"start":{"line":92,"column":2},"end":{"line":92,"column":9}},"7":{"start":{"line":95,"column":0},"end":{"line":95,"column":88}}},"fnMap":{"0":{"name":"(anonymous_0)","decl":{"start":{"line":59,"column":17},"end":{"line":59,"column":18}},"loc":{"start":{"line":59,"column":29},"end":{"line":61,"column":7}},"line":59},"1":{"name":"(anonymous_1)","decl":{"start":{"line":90,"column":27},"end":{"line":90,"column":28}},"loc":{"start":{"line":90,"column":42},"end":{"line":93,"column":1}},"line":90}},"branchMap":{"0":{"loc":{"start":{"line":95,"column":17},"end":{"line":95,"column":87}},"type":"binary-expr","locations":[{"start":{"line":95,"column":17},"end":{"line":95,"column":41}},{"start":{"line":95,"column":45},"end":{"line":95,"column":87}}],"line":95}},"s":{"0":3,"1":3,"2":0,"3":3,"4":3,"5":3,"6":7,"7":3},"f":{"0":0,"1":7},"b":{"0":[3,3]},"_coverageSchema":"1a1c01bbd47fc00a2c39e90264f33305004495a9","hash":"dd714d93dab30daadfbf83c77712e1b6c95d6e63"}
,"C:\\Users\\AFLAL\\Desktop\\VelociRoute\\VelociRoute\\Backend\\src\\models\\PopularRoute.js": {"path":"C:\\Users\\AFLAL\\Desktop\\VelociRoute\\VelociRoute\\Backend\\src\\models\\PopularRoute.js","statementMap":{"0":{"start":{"line":1,"column":17},"end":{"line":1,"column":36}},"1":{"start":{"line":3,"column":27},"end":{"line":94,"column":2}},"2":{"start":{"line":59,"column":8},"end":{"line":59,"column":45}},"3":{"start":{"line":97,"column":0},"end":{"line":97,"column":61}},"4":{"start":{"line":98,"column":0},"end":{"line":98,"column":42}},"5":{"start":{"line":99,"column":0},"end":{"line":99,"column":42}},"6":{"start":{"line":100,"column":0},"end":{"line":100,"column":48}},"7":{"start":{"line":102,"column":21},"end":{"line":102,"column":71}},"8":{"start":{"line":104,"column":0},"end":{"line":104,"column":30}}},"fnMap":{"0":{"name":"(anonymous_0)","decl":{"start":{"line":58,"column":17},"end":{"line":58,"column":18}},"loc":{"start":{"line":58,"column":29},"end":{"line":60,"column":7}},"line":58}},"branchMap":{"0":{"loc":{"start":{"line":59,"column":15},"end":{"line":59,"column":44}},"type":"binary-expr","locations":[{"start":{"line":59,"column":15},"end":{"line":59,"column":16}},{"start":{"line":59,"column":20},"end":{"line":59,"column":44}}],"line":59}},"s":{"0":2,"1":2,"2":0,"3":2,"4":2,"5":2,"6":2,"7":2,"8":2},"f":{"0":0},"b":{"0":[0,0]},"_coverageSchema":"1a1c01bbd47fc00a2c39e90264f33305004495a9","hash":"f6e006a2ba5a91ed59caa9a71c1e711c450894fb"}
}
