{"C:\\Users\\AFLAL\\Desktop\\VelociRoute\\VelociRoute\\Backend\\src\\Controllers\\activityController.js": {"path":"C:\\Users\\AFLAL\\Desktop\\VelociRoute\\VelociRoute\\Backend\\src\\Controllers\\activityController.js","statementMap":{"0":{"start":{"line":1,"column":17},"end":{"line":1,"column":61}},"1":{"start":{"line":2,"column":19},"end":{"line":2,"column":43}},"2":{"start":{"line":3,"column":11},"end":{"line":3,"column":24}},"3":{"start":{"line":4,"column":14},"end":{"line":4,"column":39}},"4":{"start":{"line":5,"column":18},"end":{"line":5,"column":36}},"5":{"start":{"line":8,"column":0},"end":{"line":12,"column":3}},"6":{"start":{"line":14,"column":20},"end":{"line":45,"column":1}},"7":{"start":{"line":15,"column":19},"end":{"line":15,"column":42}},"8":{"start":{"line":18,"column":2},"end":{"line":20,"column":3}},"9":{"start":{"line":19,"column":4},"end":{"line":19,"column":51}},"10":{"start":{"line":23,"column":2},"end":{"line":23,"column":38}},"11":{"start":{"line":25,"column":2},"end":{"line":44,"column":3}},"12":{"start":{"line":27,"column":19},"end":{"line":31,"column":6}},"13":{"start":{"line":34,"column":4},"end":{"line":34,"column":28}},"14":{"start":{"line":36,"column":4},"end":{"line":36,"column":29}},"15":{"start":{"line":39,"column":4},"end":{"line":41,"column":5}},"16":{"start":{"line":40,"column":6},"end":{"line":40,"column":30}},"17":{"start":{"line":42,"column":4},"end":{"line":42,"column":63}},"18":{"start":{"line":43,"column":4},"end":{"line":43,"column":16}},"19":{"start":{"line":47,"column":25},"end":{"line":71,"column":1}},"20":{"start":{"line":48,"column":2},"end":{"line":70,"column":3}},"21":{"start":{"line":50,"column":23},"end":{"line":50,"column":48}},"22":{"start":{"line":51,"column":4},"end":{"line":53,"column":5}},"23":{"start":{"line":52,"column":6},"end":{"line":52,"column":61}},"24":{"start":{"line":55,"column":18},"end":{"line":55,"column":58}},"25":{"start":{"line":56,"column":25},"end":{"line":56,"column":64}},"26":{"start":{"line":57,"column":22},"end":{"line":57,"column":40}},"27":{"start":{"line":59,"column":4},"end":{"line":61,"column":5}},"28":{"start":{"line":60,"column":6},"end":{"line":60,"column":67}},"29":{"start":{"line":63,"column":23},"end":{"line":63,"column":64}},"30":{"start":{"line":64,"column":27},"end":{"line":64,"column":71}},"31":{"start":{"line":66,"column":4},"end":{"line":66,"column":41}},"32":{"start":{"line":68,"column":4},"end":{"line":68,"column":54}},"33":{"start":{"line":69,"column":4},"end":{"line":69,"column":46}},"34":{"start":{"line":73,"column":21},"end":{"line":177,"column":1}},"35":{"start":{"line":74,"column":2},"end":{"line":176,"column":3}},"36":{"start":{"line":76,"column":23},"end":{"line":76,"column":48}},"37":{"start":{"line":77,"column":4},"end":{"line":82,"column":5}},"38":{"start":{"line":78,"column":6},"end":{"line":81,"column":9}},"39":{"start":{"line":84,"column":18},"end":{"line":84,"column":42}},"40":{"start":{"line":87,"column":25},"end":{"line":87,"column":64}},"41":{"start":{"line":88,"column":22},"end":{"line":88,"column":40}},"42":{"start":{"line":90,"column":4},"end":{"line":95,"column":5}},"43":{"start":{"line":91,"column":6},"end":{"line":94,"column":9}},"44":{"start":{"line":106,"column":8},"end":{"line":106,"column":16}},"45":{"start":{"line":108,"column":18},"end":{"line":108,"column":27}},"46":{"start":{"line":109,"column":20},"end":{"line":109,"column":22}},"47":{"start":{"line":110,"column":17},"end":{"line":110,"column":21}},"48":{"start":{"line":113,"column":4},"end":{"line":129,"column":5}},"49":{"start":{"line":114,"column":6},"end":{"line":128,"column":7}},"50":{"start":{"line":115,"column":8},"end":{"line":127,"column":9}},"51":{"start":{"line":116,"column":25},"end":{"line":118,"column":12}},"52":{"start":{"line":119,"column":10},"end":{"line":119,"column":44}},"53":{"start":{"line":121,"column":10},"end":{"line":121,"column":71}},"54":{"start":{"line":124,"column":10},"end":{"line":126,"column":11}},"55":{"start":{"line":125,"column":12},"end":{"line":125,"column":37}},"56":{"start":{"line":132,"column":4},"end":{"line":138,"column":5}},"57":{"start":{"line":133,"column":6},"end":{"line":137,"column":7}},"58":{"start":{"line":134,"column":8},"end":{"line":134,"column":57}},"59":{"start":{"line":136,"column":8},"end":{"line":136,"column":55}},"60":{"start":{"line":141,"column":22},"end":{"line":141,"column":27}},"61":{"start":{"line":142,"column":4},"end":{"line":148,"column":5}},"62":{"start":{"line":143,"column":6},"end":{"line":145,"column":7}},"63":{"start":{"line":144,"column":8},"end":{"line":144,"column":40}},"64":{"start":{"line":147,"column":6},"end":{"line":147,"column":56}},"65":{"start":{"line":151,"column":21},"end":{"line":161,"column":6}},"66":{"start":{"line":164,"column":4},"end":{"line":164,"column":43}},"67":{"start":{"line":166,"column":4},"end":{"line":169,"column":7}},"68":{"start":{"line":171,"column":4},"end":{"line":171,"column":51}},"69":{"start":{"line":172,"column":4},"end":{"line":175,"column":7}},"70":{"start":{"line":179,"column":0},"end":{"line":182,"column":1}}},"fnMap":{"0":{"name":"(anonymous_0)","decl":{"start":{"line":14,"column":20},"end":{"line":14,"column":21}},"loc":{"start":{"line":14,"column":49},"end":{"line":45,"column":1}},"line":14},"1":{"name":"(anonymous_1)","decl":{"start":{"line":47,"column":25},"end":{"line":47,"column":26}},"loc":{"start":{"line":47,"column":45},"end":{"line":71,"column":1}},"line":47},"2":{"name":"(anonymous_2)","decl":{"start":{"line":73,"column":21},"end":{"line":73,"column":22}},"loc":{"start":{"line":73,"column":41},"end":{"line":177,"column":1}},"line":73}},"branchMap":{"0":{"loc":{"start":{"line":18,"column":2},"end":{"line":20,"column":3}},"type":"if","locations":[{"start":{"line":18,"column":2},"end":{"line":20,"column":3}},{"start":{},"end":{}}],"line":18},"1":{"loc":{"start":{"line":39,"column":4},"end":{"line":41,"column":5}},"type":"if","locations":[{"start":{"line":39,"column":4},"end":{"line":41,"column":5}},{"start":{},"end":{}}],"line":39},"2":{"loc":{"start":{"line":51,"column":4},"end":{"line":53,"column":5}},"type":"if","locations":[{"start":{"line":51,"column":4},"end":{"line":53,"column":5}},{"start":{},"end":{}}],"line":51},"3":{"loc":{"start":{"line":51,"column":8},"end":{"line":51,"column":56}},"type":"binary-expr","locations":[{"start":{"line":51,"column":8},"end":{"line":51,"column":19}},{"start":{"line":51,"column":23},"end":{"line":51,"column":56}}],"line":51},"4":{"loc":{"start":{"line":59,"column":4},"end":{"line":61,"column":5}},"type":"if","locations":[{"start":{"line":59,"column":4},"end":{"line":61,"column":5}},{"start":{},"end":{}}],"line":59},"5":{"loc":{"start":{"line":77,"column":4},"end":{"line":82,"column":5}},"type":"if","locations":[{"start":{"line":77,"column":4},"end":{"line":82,"column":5}},{"start":{},"end":{}}],"line":77},"6":{"loc":{"start":{"line":77,"column":8},"end":{"line":77,"column":56}},"type":"binary-expr","locations":[{"start":{"line":77,"column":8},"end":{"line":77,"column":19}},{"start":{"line":77,"column":23},"end":{"line":77,"column":56}}],"line":77},"7":{"loc":{"start":{"line":90,"column":4},"end":{"line":95,"column":5}},"type":"if","locations":[{"start":{"line":90,"column":4},"end":{"line":95,"column":5}},{"start":{},"end":{}}],"line":90},"8":{"loc":{"start":{"line":113,"column":4},"end":{"line":129,"column":5}},"type":"if","locations":[{"start":{"line":113,"column":4},"end":{"line":129,"column":5}},{"start":{},"end":{}}],"line":113},"9":{"loc":{"start":{"line":113,"column":8},"end":{"line":113,"column":33}},"type":"binary-expr","locations":[{"start":{"line":113,"column":8},"end":{"line":113,"column":13}},{"start":{"line":113,"column":17},"end":{"line":113,"column":33}}],"line":113},"10":{"loc":{"start":{"line":124,"column":10},"end":{"line":126,"column":11}},"type":"if","locations":[{"start":{"line":124,"column":10},"end":{"line":126,"column":11}},{"start":{},"end":{}}],"line":124},"11":{"loc":{"start":{"line":132,"column":4},"end":{"line":138,"column":5}},"type":"if","locations":[{"start":{"line":132,"column":4},"end":{"line":138,"column":5}},{"start":{},"end":{}}],"line":132},"12":{"loc":{"start":{"line":132,"column":8},"end":{"line":132,"column":30}},"type":"binary-expr","locations":[{"start":{"line":132,"column":8},"end":{"line":132,"column":13}},{"start":{"line":132,"column":17},"end":{"line":132,"column":30}}],"line":132},"13":{"loc":{"start":{"line":143,"column":6},"end":{"line":145,"column":7}},"type":"if","locations":[{"start":{"line":143,"column":6},"end":{"line":145,"column":7}},{"start":{},"end":{}}],"line":143},"14":{"loc":{"start":{"line":174,"column":13},"end":{"line":174,"column":53}},"type":"binary-expr","locations":[{"start":{"line":174,"column":13},"end":{"line":174,"column":26}},{"start":{"line":174,"column":30},"end":{"line":174,"column":53}}],"line":174}},"s":{"0":2,"1":2,"2":2,"3":2,"4":2,"5":2,"6":2,"7":0,"8":0,"9":0,"10":0,"11":0,"12":0,"13":0,"14":0,"15":0,"16":0,"17":0,"18":0,"19":2,"20":0,"21":0,"22":0,"23":0,"24":0,"25":0,"26":0,"27":0,"28":0,"29":0,"30":0,"31":0,"32":0,"33":0,"34":2,"35":0,"36":0,"37":0,"38":0,"39":0,"40":0,"41":0,"42":0,"43":0,"44":0,"45":0,"46":0,"47":0,"48":0,"49":0,"50":0,"51":0,"52":0,"53":0,"54":0,"55":0,"56":0,"57":0,"58":0,"59":0,"60":0,"61":0,"62":0,"63":0,"64":0,"65":0,"66":0,"67":0,"68":0,"69":0,"70":2},"f":{"0":0,"1":0,"2":0},"b":{"0":[0,0],"1":[0,0],"2":[0,0],"3":[0,0],"4":[0,0],"5":[0,0],"6":[0,0],"7":[0,0],"8":[0,0],"9":[0,0],"10":[0,0],"11":[0,0],"12":[0,0],"13":[0,0],"14":[0,0]},"_coverageSchema":"1a1c01bbd47fc00a2c39e90264f33305004495a9","hash":"366c2e583e02e57fe86eac2881720a71f92a3c10"}
,"C:\\Users\\AFLAL\\Desktop\\VelociRoute\\VelociRoute\\Backend\\src\\Controllers\\activityPostsController.js": {"path":"C:\\Users\\AFLAL\\Desktop\\VelociRoute\\VelociRoute\\Backend\\src\\Controllers\\activityPostsController.js","statementMap":{"0":{"start":{"line":1,"column":21},"end":{"line":1,"column":70}},"1":{"start":{"line":2,"column":19},"end":{"line":2,"column":43}},"2":{"start":{"line":3,"column":11},"end":{"line":3,"column":24}},"3":{"start":{"line":4,"column":14},"end":{"line":4,"column":39}},"4":{"start":{"line":5,"column":34},"end":{"line":5,"column":52}},"5":{"start":{"line":8,"column":0},"end":{"line":12,"column":3}},"6":{"start":{"line":14,"column":0},"end":{"line":106,"column":2}},"7":{"start":{"line":15,"column":4},"end":{"line":105,"column":5}},"8":{"start":{"line":16,"column":27},"end":{"line":16,"column":52}},"9":{"start":{"line":17,"column":8},"end":{"line":22,"column":9}},"10":{"start":{"line":18,"column":12},"end":{"line":21,"column":15}},"11":{"start":{"line":24,"column":22},"end":{"line":24,"column":46}},"12":{"start":{"line":25,"column":29},"end":{"line":25,"column":68}},"13":{"start":{"line":26,"column":26},"end":{"line":26,"column":44}},"14":{"start":{"line":28,"column":8},"end":{"line":33,"column":9}},"15":{"start":{"line":29,"column":12},"end":{"line":32,"column":15}},"16":{"start":{"line":43,"column":12},"end":{"line":43,"column":20}},"17":{"start":{"line":45,"column":22},"end":{"line":45,"column":31}},"18":{"start":{"line":46,"column":26},"end":{"line":46,"column":28}},"19":{"start":{"line":48,"column":8},"end":{"line":63,"column":9}},"20":{"start":{"line":49,"column":12},"end":{"line":62,"column":13}},"21":{"start":{"line":50,"column":16},"end":{"line":61,"column":17}},"22":{"start":{"line":51,"column":35},"end":{"line":53,"column":22}},"23":{"start":{"line":54,"column":20},"end":{"line":54,"column":54}},"24":{"start":{"line":56,"column":20},"end":{"line":56,"column":97}},"25":{"start":{"line":58,"column":20},"end":{"line":60,"column":21}},"26":{"start":{"line":59,"column":24},"end":{"line":59,"column":49}},"27":{"start":{"line":65,"column":26},"end":{"line":65,"column":31}},"28":{"start":{"line":66,"column":26},"end":{"line":66,"column":31}},"29":{"start":{"line":68,"column":8},"end":{"line":77,"column":9}},"30":{"start":{"line":69,"column":12},"end":{"line":71,"column":13}},"31":{"start":{"line":70,"column":16},"end":{"line":70,"column":48}},"32":{"start":{"line":72,"column":12},"end":{"line":74,"column":13}},"33":{"start":{"line":73,"column":16},"end":{"line":73,"column":48}},"34":{"start":{"line":76,"column":12},"end":{"line":76,"column":87}},"35":{"start":{"line":79,"column":29},"end":{"line":91,"column":10}},"36":{"start":{"line":93,"column":23},"end":{"line":93,"column":65}},"37":{"start":{"line":95,"column":8},"end":{"line":98,"column":11}},"38":{"start":{"line":100,"column":8},"end":{"line":100,"column":63}},"39":{"start":{"line":101,"column":8},"end":{"line":104,"column":11}},"40":{"start":{"line":108,"column":0},"end":{"line":130,"column":2}},"41":{"start":{"line":109,"column":4},"end":{"line":129,"column":5}},"42":{"start":{"line":111,"column":19},"end":{"line":111,"column":36}},"43":{"start":{"line":114,"column":22},"end":{"line":117,"column":22}},"44":{"start":{"line":119,"column":8},"end":{"line":122,"column":11}},"45":{"start":{"line":124,"column":8},"end":{"line":124,"column":57}},"46":{"start":{"line":125,"column":8},"end":{"line":128,"column":11}},"47":{"start":{"line":132,"column":0},"end":{"line":182,"column":2}},"48":{"start":{"line":133,"column":4},"end":{"line":181,"column":5}},"49":{"start":{"line":134,"column":27},"end":{"line":134,"column":37}},"50":{"start":{"line":137,"column":22},"end":{"line":137,"column":61}},"51":{"start":{"line":138,"column":29},"end":{"line":138,"column":68}},"52":{"start":{"line":139,"column":26},"end":{"line":139,"column":44}},"53":{"start":{"line":141,"column":19},"end":{"line":141,"column":36}},"54":{"start":{"line":142,"column":32},"end":{"line":142,"column":54}},"55":{"start":{"line":144,"column":21},"end":{"line":144,"column":81}},"56":{"start":{"line":145,"column":8},"end":{"line":150,"column":9}},"57":{"start":{"line":146,"column":12},"end":{"line":149,"column":15}},"58":{"start":{"line":153,"column":8},"end":{"line":155,"column":9}},"59":{"start":{"line":154,"column":12},"end":{"line":154,"column":28}},"60":{"start":{"line":158,"column":30},"end":{"line":158,"column":59}},"61":{"start":{"line":159,"column":8},"end":{"line":163,"column":9}},"62":{"start":{"line":160,"column":12},"end":{"line":160,"column":39}},"63":{"start":{"line":162,"column":12},"end":{"line":162,"column":48}},"64":{"start":{"line":166,"column":8},"end":{"line":169,"column":10}},"65":{"start":{"line":171,"column":8},"end":{"line":174,"column":11}},"66":{"start":{"line":176,"column":8},"end":{"line":176,"column":51}},"67":{"start":{"line":177,"column":8},"end":{"line":180,"column":11}},"68":{"start":{"line":184,"column":0},"end":{"line":244,"column":2}},"69":{"start":{"line":185,"column":4},"end":{"line":243,"column":5}},"70":{"start":{"line":186,"column":27},"end":{"line":186,"column":37}},"71":{"start":{"line":187,"column":25},"end":{"line":187,"column":33}},"72":{"start":{"line":189,"column":8},"end":{"line":194,"column":9}},"73":{"start":{"line":190,"column":12},"end":{"line":193,"column":15}},"74":{"start":{"line":197,"column":22},"end":{"line":197,"column":61}},"75":{"start":{"line":198,"column":29},"end":{"line":198,"column":68}},"76":{"start":{"line":199,"column":26},"end":{"line":199,"column":44}},"77":{"start":{"line":201,"column":19},"end":{"line":201,"column":36}},"78":{"start":{"line":202,"column":32},"end":{"line":202,"column":54}},"79":{"start":{"line":204,"column":21},"end":{"line":204,"column":81}},"80":{"start":{"line":205,"column":8},"end":{"line":210,"column":9}},"81":{"start":{"line":206,"column":12},"end":{"line":209,"column":15}},"82":{"start":{"line":213,"column":8},"end":{"line":215,"column":9}},"83":{"start":{"line":214,"column":12},"end":{"line":214,"column":31}},"84":{"start":{"line":218,"column":27},"end":{"line":222,"column":9}},"85":{"start":{"line":225,"column":8},"end":{"line":228,"column":10}},"86":{"start":{"line":231,"column":28},"end":{"line":231,"column":88}},"87":{"start":{"line":233,"column":8},"end":{"line":236,"column":11}},"88":{"start":{"line":238,"column":8},"end":{"line":238,"column":54}},"89":{"start":{"line":239,"column":8},"end":{"line":242,"column":11}}},"fnMap":{"0":{"name":"(anonymous_0)","decl":{"start":{"line":14,"column":29},"end":{"line":14,"column":30}},"loc":{"start":{"line":14,"column":49},"end":{"line":106,"column":1}},"line":14},"1":{"name":"(anonymous_1)","decl":{"start":{"line":108,"column":30},"end":{"line":108,"column":31}},"loc":{"start":{"line":108,"column":50},"end":{"line":130,"column":1}},"line":108},"2":{"name":"(anonymous_2)","decl":{"start":{"line":132,"column":19},"end":{"line":132,"column":20}},"loc":{"start":{"line":132,"column":39},"end":{"line":182,"column":1}},"line":132},"3":{"name":"(anonymous_3)","decl":{"start":{"line":184,"column":24},"end":{"line":184,"column":25}},"loc":{"start":{"line":184,"column":44},"end":{"line":244,"column":1}},"line":184}},"branchMap":{"0":{"loc":{"start":{"line":17,"column":8},"end":{"line":22,"column":9}},"type":"if","locations":[{"start":{"line":17,"column":8},"end":{"line":22,"column":9}},{"start":{},"end":{}}],"line":17},"1":{"loc":{"start":{"line":17,"column":12},"end":{"line":17,"column":60}},"type":"binary-expr","locations":[{"start":{"line":17,"column":12},"end":{"line":17,"column":23}},{"start":{"line":17,"column":27},"end":{"line":17,"column":60}}],"line":17},"2":{"loc":{"start":{"line":28,"column":8},"end":{"line":33,"column":9}},"type":"if","locations":[{"start":{"line":28,"column":8},"end":{"line":33,"column":9}},{"start":{},"end":{}}],"line":28},"3":{"loc":{"start":{"line":48,"column":8},"end":{"line":63,"column":9}},"type":"if","locations":[{"start":{"line":48,"column":8},"end":{"line":63,"column":9}},{"start":{},"end":{}}],"line":48},"4":{"loc":{"start":{"line":48,"column":12},"end":{"line":48,"column":37}},"type":"binary-expr","locations":[{"start":{"line":48,"column":12},"end":{"line":48,"column":17}},{"start":{"line":48,"column":21},"end":{"line":48,"column":37}}],"line":48},"5":{"loc":{"start":{"line":58,"column":20},"end":{"line":60,"column":21}},"type":"if","locations":[{"start":{"line":58,"column":20},"end":{"line":60,"column":21}},{"start":{},"end":{}}],"line":58},"6":{"loc":{"start":{"line":69,"column":12},"end":{"line":71,"column":13}},"type":"if","locations":[{"start":{"line":69,"column":12},"end":{"line":71,"column":13}},{"start":{},"end":{}}],"line":69},"7":{"loc":{"start":{"line":72,"column":12},"end":{"line":74,"column":13}},"type":"if","locations":[{"start":{"line":72,"column":12},"end":{"line":74,"column":13}},{"start":{},"end":{}}],"line":72},"8":{"loc":{"start":{"line":145,"column":8},"end":{"line":150,"column":9}},"type":"if","locations":[{"start":{"line":145,"column":8},"end":{"line":150,"column":9}},{"start":{},"end":{}}],"line":145},"9":{"loc":{"start":{"line":153,"column":8},"end":{"line":155,"column":9}},"type":"if","locations":[{"start":{"line":153,"column":8},"end":{"line":155,"column":9}},{"start":{},"end":{}}],"line":153},"10":{"loc":{"start":{"line":159,"column":8},"end":{"line":163,"column":9}},"type":"if","locations":[{"start":{"line":159,"column":8},"end":{"line":163,"column":9}},{"start":{"line":161,"column":15},"end":{"line":163,"column":9}}],"line":159},"11":{"loc":{"start":{"line":189,"column":8},"end":{"line":194,"column":9}},"type":"if","locations":[{"start":{"line":189,"column":8},"end":{"line":194,"column":9}},{"start":{},"end":{}}],"line":189},"12":{"loc":{"start":{"line":189,"column":12},"end":{"line":189,"column":45}},"type":"binary-expr","locations":[{"start":{"line":189,"column":12},"end":{"line":189,"column":17}},{"start":{"line":189,"column":21},"end":{"line":189,"column":45}}],"line":189},"13":{"loc":{"start":{"line":205,"column":8},"end":{"line":210,"column":9}},"type":"if","locations":[{"start":{"line":205,"column":8},"end":{"line":210,"column":9}},{"start":{},"end":{}}],"line":205},"14":{"loc":{"start":{"line":213,"column":8},"end":{"line":215,"column":9}},"type":"if","locations":[{"start":{"line":213,"column":8},"end":{"line":215,"column":9}},{"start":{},"end":{}}],"line":213}},"s":{"0":2,"1":2,"2":2,"3":2,"4":2,"5":2,"6":2,"7":2,"8":2,"9":0,"10":0,"11":0,"12":0,"13":0,"14":0,"15":0,"16":0,"17":0,"18":0,"19":0,"20":0,"21":0,"22":0,"23":0,"24":0,"25":0,"26":0,"27":0,"28":0,"29":0,"30":0,"31":0,"32":0,"33":0,"34":0,"35":0,"36":0,"37":0,"38":2,"39":2,"40":2,"41":2,"42":2,"43":2,"44":2,"45":0,"46":0,"47":2,"48":0,"49":0,"50":0,"51":0,"52":0,"53":0,"54":0,"55":0,"56":0,"57":0,"58":0,"59":0,"60":0,"61":0,"62":0,"63":0,"64":0,"65":0,"66":0,"67":0,"68":2,"69":0,"70":0,"71":0,"72":0,"73":0,"74":0,"75":0,"76":0,"77":0,"78":0,"79":0,"80":0,"81":0,"82":0,"83":0,"84":0,"85":0,"86":0,"87":0,"88":0,"89":0},"f":{"0":2,"1":2,"2":0,"3":0},"b":{"0":[0,0],"1":[0,0],"2":[0,0],"3":[0,0],"4":[0,0],"5":[0,0],"6":[0,0],"7":[0,0],"8":[0,0],"9":[0,0],"10":[0,0],"11":[0,0],"12":[0,0],"13":[0,0],"14":[0,0]},"_coverageSchema":"1a1c01bbd47fc00a2c39e90264f33305004495a9","hash":"621e27a402ccc32b41aae0960c814f6c337e6cd4"}
,"C:\\Users\\AFLAL\\Desktop\\VelociRoute\\VelociRoute\\Backend\\src\\Controllers\\popularRouteController.js": {"path":"C:\\Users\\AFLAL\\Desktop\\VelociRoute\\VelociRoute\\Backend\\src\\Controllers\\popularRouteController.js","statementMap":{"0":{"start":{"line":1,"column":19},"end":{"line":1,"column":43}},"1":{"start":{"line":2,"column":21},"end":{"line":2,"column":69}},"2":{"start":{"line":5,"column":0},"end":{"line":9,"column":3}},"3":{"start":{"line":11,"column":0},"end":{"line":81,"column":2}},"4":{"start":{"line":12,"column":4},"end":{"line":80,"column":5}},"5":{"start":{"line":19,"column":12},"end":{"line":19,"column":21}},"6":{"start":{"line":22,"column":8},"end":{"line":22,"column":61}},"7":{"start":{"line":24,"column":20},"end":{"line":24,"column":22}},"8":{"start":{"line":26,"column":8},"end":{"line":28,"column":9}},"9":{"start":{"line":27,"column":12},"end":{"line":27,"column":60}},"10":{"start":{"line":29,"column":8},"end":{"line":31,"column":9}},"11":{"start":{"line":30,"column":12},"end":{"line":30,"column":56}},"12":{"start":{"line":32,"column":8},"end":{"line":34,"column":9}},"13":{"start":{"line":33,"column":12},"end":{"line":33,"column":65}},"14":{"start":{"line":35,"column":8},"end":{"line":39,"column":9}},"15":{"start":{"line":36,"column":12},"end":{"line":36,"column":32}},"16":{"start":{"line":37,"column":12},"end":{"line":37,"column":75}},"17":{"start":{"line":37,"column":29},"end":{"line":37,"column":75}},"18":{"start":{"line":38,"column":12},"end":{"line":38,"column":75}},"19":{"start":{"line":38,"column":29},"end":{"line":38,"column":75}},"20":{"start":{"line":42,"column":8},"end":{"line":42,"column":70}},"21":{"start":{"line":45,"column":19},"end":{"line":45,"column":36}},"22":{"start":{"line":46,"column":28},"end":{"line":46,"column":64}},"23":{"start":{"line":47,"column":8},"end":{"line":47,"column":76}},"24":{"start":{"line":47,"column":67},"end":{"line":47,"column":73}},"25":{"start":{"line":50,"column":21},"end":{"line":50,"column":23}},"26":{"start":{"line":51,"column":26},"end":{"line":51,"column":27}},"27":{"start":{"line":53,"column":8},"end":{"line":60,"column":9}},"28":{"start":{"line":53,"column":34},"end":{"line":53,"column":60}},"29":{"start":{"line":54,"column":12},"end":{"line":54,"column":64}},"30":{"start":{"line":55,"column":12},"end":{"line":55,"column":82}},"31":{"start":{"line":56,"column":12},"end":{"line":56,"column":71}},"32":{"start":{"line":57,"column":12},"end":{"line":59,"column":13}},"33":{"start":{"line":58,"column":16},"end":{"line":58,"column":84}},"34":{"start":{"line":62,"column":8},"end":{"line":69,"column":9}},"35":{"start":{"line":62,"column":57},"end":{"line":62,"column":76}},"36":{"start":{"line":63,"column":12},"end":{"line":63,"column":57}},"37":{"start":{"line":64,"column":12},"end":{"line":64,"column":75}},"38":{"start":{"line":65,"column":12},"end":{"line":65,"column":64}},"39":{"start":{"line":66,"column":12},"end":{"line":68,"column":13}},"40":{"start":{"line":67,"column":16},"end":{"line":67,"column":77}},"41":{"start":{"line":71,"column":8},"end":{"line":71,"column":52}},"42":{"start":{"line":72,"column":8},"end":{"line":74,"column":9}},"43":{"start":{"line":73,"column":12},"end":{"line":73,"column":77}},"44":{"start":{"line":76,"column":8},"end":{"line":76,"column":25}},"45":{"start":{"line":78,"column":8},"end":{"line":78,"column":55}},"46":{"start":{"line":79,"column":8},"end":{"line":79,"column":57}},"47":{"start":{"line":83,"column":0},"end":{"line":142,"column":2}},"48":{"start":{"line":84,"column":4},"end":{"line":141,"column":5}},"49":{"start":{"line":94,"column":12},"end":{"line":94,"column":20}},"50":{"start":{"line":97,"column":21},"end":{"line":97,"column":23}},"51":{"start":{"line":98,"column":8},"end":{"line":103,"column":9}},"52":{"start":{"line":99,"column":27},"end":{"line":101,"column":14}},"53":{"start":{"line":102,"column":12},"end":{"line":102,"column":39}},"54":{"start":{"line":106,"column":24},"end":{"line":106,"column":26}},"55":{"start":{"line":107,"column":8},"end":{"line":113,"column":9}},"56":{"start":{"line":108,"column":31},"end":{"line":108,"column":102}},"57":{"start":{"line":109,"column":12},"end":{"line":112,"column":13}},"58":{"start":{"line":110,"column":31},"end":{"line":110,"column":75}},"59":{"start":{"line":111,"column":16},"end":{"line":111,"column":50}},"60":{"start":{"line":115,"column":25},"end":{"line":128,"column":9}},"61":{"start":{"line":130,"column":19},"end":{"line":130,"column":36}},"62":{"start":{"line":131,"column":23},"end":{"line":131,"column":72}},"63":{"start":{"line":133,"column":8},"end":{"line":137,"column":9}},"64":{"start":{"line":134,"column":12},"end":{"line":134,"column":74}},"65":{"start":{"line":136,"column":12},"end":{"line":136,"column":54}},"66":{"start":{"line":139,"column":8},"end":{"line":139,"column":54}},"67":{"start":{"line":140,"column":8},"end":{"line":140,"column":57}}},"fnMap":{"0":{"name":"(anonymous_0)","decl":{"start":{"line":11,"column":27},"end":{"line":11,"column":28}},"loc":{"start":{"line":11,"column":47},"end":{"line":81,"column":1}},"line":11},"1":{"name":"(anonymous_1)","decl":{"start":{"line":47,"column":62},"end":{"line":47,"column":63}},"loc":{"start":{"line":47,"column":67},"end":{"line":47,"column":73}},"line":47},"2":{"name":"(anonymous_2)","decl":{"start":{"line":53,"column":29},"end":{"line":53,"column":30}},"loc":{"start":{"line":53,"column":34},"end":{"line":53,"column":60}},"line":53},"3":{"name":"(anonymous_3)","decl":{"start":{"line":62,"column":52},"end":{"line":62,"column":53}},"loc":{"start":{"line":62,"column":57},"end":{"line":62,"column":76}},"line":62},"4":{"name":"(anonymous_4)","decl":{"start":{"line":83,"column":29},"end":{"line":83,"column":30}},"loc":{"start":{"line":83,"column":49},"end":{"line":142,"column":1}},"line":83}},"branchMap":{"0":{"loc":{"start":{"line":26,"column":8},"end":{"line":28,"column":9}},"type":"if","locations":[{"start":{"line":26,"column":8},"end":{"line":28,"column":9}},{"start":{},"end":{}}],"line":26},"1":{"loc":{"start":{"line":26,"column":12},"end":{"line":26,"column":64}},"type":"binary-expr","locations":[{"start":{"line":26,"column":12},"end":{"line":26,"column":24}},{"start":{"line":26,"column":28},"end":{"line":26,"column":64}}],"line":26},"2":{"loc":{"start":{"line":29,"column":8},"end":{"line":31,"column":9}},"type":"if","locations":[{"start":{"line":29,"column":8},"end":{"line":31,"column":9}},{"start":{},"end":{}}],"line":29},"3":{"loc":{"start":{"line":29,"column":12},"end":{"line":29,"column":60}},"type":"binary-expr","locations":[{"start":{"line":29,"column":12},"end":{"line":29,"column":22}},{"start":{"line":29,"column":26},"end":{"line":29,"column":60}}],"line":29},"4":{"loc":{"start":{"line":32,"column":8},"end":{"line":34,"column":9}},"type":"if","locations":[{"start":{"line":32,"column":8},"end":{"line":34,"column":9}},{"start":{},"end":{}}],"line":32},"5":{"loc":{"start":{"line":35,"column":8},"end":{"line":39,"column":9}},"type":"if","locations":[{"start":{"line":35,"column":8},"end":{"line":39,"column":9}},{"start":{},"end":{}}],"line":35},"6":{"loc":{"start":{"line":35,"column":12},"end":{"line":35,"column":38}},"type":"binary-expr","locations":[{"start":{"line":35,"column":12},"end":{"line":35,"column":23}},{"start":{"line":35,"column":27},"end":{"line":35,"column":38}}],"line":35},"7":{"loc":{"start":{"line":37,"column":12},"end":{"line":37,"column":75}},"type":"if","locations":[{"start":{"line":37,"column":12},"end":{"line":37,"column":75}},{"start":{},"end":{}}],"line":37},"8":{"loc":{"start":{"line":38,"column":12},"end":{"line":38,"column":75}},"type":"if","locations":[{"start":{"line":38,"column":12},"end":{"line":38,"column":75}},{"start":{},"end":{}}],"line":38},"9":{"loc":{"start":{"line":53,"column":8},"end":{"line":60,"column":9}},"type":"if","locations":[{"start":{"line":53,"column":8},"end":{"line":60,"column":9}},{"start":{},"end":{}}],"line":53},"10":{"loc":{"start":{"line":57,"column":12},"end":{"line":59,"column":13}},"type":"if","locations":[{"start":{"line":57,"column":12},"end":{"line":59,"column":13}},{"start":{},"end":{}}],"line":57},"11":{"loc":{"start":{"line":62,"column":8},"end":{"line":69,"column":9}},"type":"if","locations":[{"start":{"line":62,"column":8},"end":{"line":69,"column":9}},{"start":{},"end":{}}],"line":62},"12":{"loc":{"start":{"line":62,"column":12},"end":{"line":62,"column":77}},"type":"binary-expr","locations":[{"start":{"line":62,"column":12},"end":{"line":62,"column":31}},{"start":{"line":62,"column":35},"end":{"line":62,"column":77}}],"line":62},"13":{"loc":{"start":{"line":66,"column":12},"end":{"line":68,"column":13}},"type":"if","locations":[{"start":{"line":66,"column":12},"end":{"line":68,"column":13}},{"start":{},"end":{}}],"line":66},"14":{"loc":{"start":{"line":72,"column":8},"end":{"line":74,"column":9}},"type":"if","locations":[{"start":{"line":72,"column":8},"end":{"line":74,"column":9}},{"start":{},"end":{}}],"line":72},"15":{"loc":{"start":{"line":98,"column":8},"end":{"line":103,"column":9}},"type":"if","locations":[{"start":{"line":98,"column":8},"end":{"line":103,"column":9}},{"start":{},"end":{}}],"line":98},"16":{"loc":{"start":{"line":98,"column":12},"end":{"line":98,"column":42}},"type":"binary-expr","locations":[{"start":{"line":98,"column":12},"end":{"line":98,"column":21}},{"start":{"line":98,"column":25},"end":{"line":98,"column":42}}],"line":98},"17":{"loc":{"start":{"line":107,"column":8},"end":{"line":113,"column":9}},"type":"if","locations":[{"start":{"line":107,"column":8},"end":{"line":113,"column":9}},{"start":{},"end":{}}],"line":107},"18":{"loc":{"start":{"line":107,"column":12},"end":{"line":107,"column":41}},"type":"binary-expr","locations":[{"start":{"line":107,"column":12},"end":{"line":107,"column":21}},{"start":{"line":107,"column":25},"end":{"line":107,"column":41}}],"line":107},"19":{"loc":{"start":{"line":108,"column":31},"end":{"line":108,"column":102}},"type":"cond-expr","locations":[{"start":{"line":108,"column":65},"end":{"line":108,"column":81}},{"start":{"line":108,"column":84},"end":{"line":108,"column":102}}],"line":108},"20":{"loc":{"start":{"line":133,"column":8},"end":{"line":137,"column":9}},"type":"if","locations":[{"start":{"line":133,"column":8},"end":{"line":137,"column":9}},{"start":{"line":135,"column":15},"end":{"line":137,"column":9}}],"line":133}},"s":{"0":1,"1":1,"2":0,"3":0,"4":0,"5":0,"6":0,"7":0,"8":0,"9":0,"10":0,"11":0,"12":0,"13":0,"14":0,"15":0,"16":0,"17":0,"18":0,"19":0,"20":0,"21":0,"22":0,"23":0,"24":0,"25":0,"26":0,"27":0,"28":0,"29":0,"30":0,"31":0,"32":0,"33":0,"34":0,"35":0,"36":0,"37":0,"38":0,"39":0,"40":0,"41":0,"42":0,"43":0,"44":0,"45":0,"46":0,"47":0,"48":0,"49":0,"50":0,"51":0,"52":0,"53":0,"54":0,"55":0,"56":0,"57":0,"58":0,"59":0,"60":0,"61":0,"62":0,"63":0,"64":0,"65":0,"66":0,"67":0},"f":{"0":0,"1":0,"2":0,"3":0,"4":0},"b":{"0":[0,0],"1":[0,0],"2":[0,0],"3":[0,0],"4":[0,0],"5":[0,0],"6":[0,0],"7":[0,0],"8":[0,0],"9":[0,0],"10":[0,0],"11":[0,0],"12":[0,0],"13":[0,0],"14":[0,0],"15":[0,0],"16":[0,0],"17":[0,0],"18":[0,0],"19":[0,0],"20":[0,0]},"_coverageSchema":"1a1c01bbd47fc00a2c39e90264f33305004495a9","hash":"25871df1c2cf2ff4ab134117dbcb5954e7ebea77"}
,"C:\\Users\\AFLAL\\Desktop\\VelociRoute\\VelociRoute\\Backend\\src\\Controllers\\userProfileController.js": {"path":"C:\\Users\\AFLAL\\Desktop\\VelociRoute\\VelociRoute\\Backend\\src\\Controllers\\userProfileController.js","statementMap":{"0":{"start":{"line":1,"column":20},"end":{"line":1,"column":67}},"1":{"start":{"line":2,"column":13},"end":{"line":2,"column":28}},"2":{"start":{"line":3,"column":11},"end":{"line":3,"column":33}},"3":{"start":{"line":4,"column":19},"end":{"line":4,"column":43}},"4":{"start":{"line":7,"column":0},"end":{"line":16,"column":1}},"5":{"start":{"line":8,"column":4},"end":{"line":12,"column":7}},"6":{"start":{"line":13,"column":4},"end":{"line":13,"column":108}},"7":{"start":{"line":15,"column":4},"end":{"line":15,"column":58}},"8":{"start":{"line":18,"column":30},"end":{"line":199,"column":1}},"9":{"start":{"line":21,"column":8},"end":{"line":78,"column":9}},"10":{"start":{"line":22,"column":12},"end":{"line":22,"column":57}},"11":{"start":{"line":25,"column":12},"end":{"line":28,"column":13}},"12":{"start":{"line":26,"column":16},"end":{"line":26,"column":58}},"13":{"start":{"line":27,"column":16},"end":{"line":27,"column":83}},"14":{"start":{"line":31,"column":31},"end":{"line":31,"column":45}},"15":{"start":{"line":32,"column":30},"end":{"line":32,"column":64}},"16":{"start":{"line":35,"column":28},"end":{"line":35,"column":68}},"17":{"start":{"line":37,"column":12},"end":{"line":41,"column":15}},"18":{"start":{"line":44,"column":35},"end":{"line":54,"column":14}},"19":{"start":{"line":56,"column":12},"end":{"line":61,"column":15}},"20":{"start":{"line":63,"column":12},"end":{"line":66,"column":15}},"21":{"start":{"line":68,"column":12},"end":{"line":72,"column":15}},"22":{"start":{"line":73,"column":12},"end":{"line":77,"column":15}},"23":{"start":{"line":83,"column":8},"end":{"line":122,"column":9}},"24":{"start":{"line":84,"column":30},"end":{"line":84,"column":44}},"25":{"start":{"line":85,"column":12},"end":{"line":85,"column":77}},"26":{"start":{"line":86,"column":12},"end":{"line":86,"column":58}},"27":{"start":{"line":88,"column":26},"end":{"line":88,"column":73}},"28":{"start":{"line":89,"column":12},"end":{"line":89,"column":97}},"29":{"start":{"line":91,"column":12},"end":{"line":105,"column":13}},"30":{"start":{"line":92,"column":16},"end":{"line":92,"column":74}},"31":{"start":{"line":93,"column":16},"end":{"line":104,"column":17}},"32":{"start":{"line":95,"column":20},"end":{"line":98,"column":23}},"33":{"start":{"line":99,"column":20},"end":{"line":99,"column":41}},"34":{"start":{"line":100,"column":20},"end":{"line":100,"column":65}},"35":{"start":{"line":102,"column":20},"end":{"line":102,"column":74}},"36":{"start":{"line":103,"column":20},"end":{"line":103,"column":38}},"37":{"start":{"line":107,"column":12},"end":{"line":114,"column":15}},"38":{"start":{"line":116,"column":12},"end":{"line":116,"column":61}},"39":{"start":{"line":117,"column":12},"end":{"line":121,"column":15}},"40":{"start":{"line":127,"column":8},"end":{"line":197,"column":9}},"41":{"start":{"line":128,"column":12},"end":{"line":128,"column":59}},"42":{"start":{"line":129,"column":30},"end":{"line":129,"column":44}},"43":{"start":{"line":130,"column":12},"end":{"line":130,"column":66}},"44":{"start":{"line":140,"column":16},"end":{"line":140,"column":24}},"45":{"start":{"line":142,"column":12},"end":{"line":149,"column":15}},"46":{"start":{"line":152,"column":36},"end":{"line":152,"column":83}},"47":{"start":{"line":155,"column":32},"end":{"line":163,"column":13}},"48":{"start":{"line":166,"column":12},"end":{"line":174,"column":13}},"49":{"start":{"line":167,"column":16},"end":{"line":171,"column":18}},"50":{"start":{"line":173,"column":16},"end":{"line":173,"column":71}},"51":{"start":{"line":176,"column":12},"end":{"line":176,"column":73}},"52":{"start":{"line":178,"column":12},"end":{"line":188,"column":15}},"53":{"start":{"line":190,"column":12},"end":{"line":190,"column":60}},"54":{"start":{"line":191,"column":12},"end":{"line":196,"column":15}},"55":{"start":{"line":201,"column":0},"end":{"line":201,"column":39}}},"fnMap":{"0":{"name":"(anonymous_0)","decl":{"start":{"line":20,"column":17},"end":{"line":20,"column":18}},"loc":{"start":{"line":20,"column":37},"end":{"line":79,"column":5}},"line":20},"1":{"name":"(anonymous_1)","decl":{"start":{"line":82,"column":20},"end":{"line":82,"column":21}},"loc":{"start":{"line":82,"column":40},"end":{"line":123,"column":5}},"line":82},"2":{"name":"(anonymous_2)","decl":{"start":{"line":126,"column":23},"end":{"line":126,"column":24}},"loc":{"start":{"line":126,"column":43},"end":{"line":198,"column":5}},"line":126}},"branchMap":{"0":{"loc":{"start":{"line":9,"column":20},"end":{"line":9,"column":68}},"type":"binary-expr","locations":[{"start":{"line":9,"column":20},"end":{"line":9,"column":53}},{"start":{"line":9,"column":57},"end":{"line":9,"column":68}}],"line":9},"1":{"loc":{"start":{"line":13,"column":58},"end":{"line":13,"column":106}},"type":"binary-expr","locations":[{"start":{"line":13,"column":58},"end":{"line":13,"column":91}},{"start":{"line":13,"column":95},"end":{"line":13,"column":106}}],"line":13},"2":{"loc":{"start":{"line":25,"column":12},"end":{"line":28,"column":13}},"type":"if","locations":[{"start":{"line":25,"column":12},"end":{"line":28,"column":13}},{"start":{},"end":{}}],"line":25},"3":{"loc":{"start":{"line":25,"column":16},"end":{"line":25,"column":44}},"type":"binary-expr","locations":[{"start":{"line":25,"column":16},"end":{"line":25,"column":25}},{"start":{"line":25,"column":29},"end":{"line":25,"column":44}}],"line":25},"4":{"loc":{"start":{"line":32,"column":30},"end":{"line":32,"column":64}},"type":"binary-expr","locations":[{"start":{"line":32,"column":30},"end":{"line":32,"column":48}},{"start":{"line":32,"column":52},"end":{"line":32,"column":64}}],"line":32},"5":{"loc":{"start":{"line":40,"column":27},"end":{"line":40,"column":75}},"type":"binary-expr","locations":[{"start":{"line":40,"column":27},"end":{"line":40,"column":60}},{"start":{"line":40,"column":64},"end":{"line":40,"column":75}}],"line":40},"6":{"loc":{"start":{"line":45,"column":31},"end":{"line":45,"column":83}},"type":"binary-expr","locations":[{"start":{"line":45,"column":31},"end":{"line":45,"column":67}},{"start":{"line":45,"column":71},"end":{"line":45,"column":83}}],"line":45},"7":{"loc":{"start":{"line":71,"column":25},"end":{"line":71,"column":65}},"type":"binary-expr","locations":[{"start":{"line":71,"column":25},"end":{"line":71,"column":38}},{"start":{"line":71,"column":42},"end":{"line":71,"column":65}}],"line":71},"8":{"loc":{"start":{"line":76,"column":25},"end":{"line":76,"column":89}},"type":"cond-expr","locations":[{"start":{"line":76,"column":66},"end":{"line":76,"column":77}},{"start":{"line":76,"column":80},"end":{"line":76,"column":89}}],"line":76},"9":{"loc":{"start":{"line":89,"column":63},"end":{"line":89,"column":95}},"type":"cond-expr","locations":[{"start":{"line":89,"column":73},"end":{"line":89,"column":81}},{"start":{"line":89,"column":84},"end":{"line":89,"column":95}}],"line":89},"10":{"loc":{"start":{"line":91,"column":12},"end":{"line":105,"column":13}},"type":"if","locations":[{"start":{"line":91,"column":12},"end":{"line":105,"column":13}},{"start":{},"end":{}}],"line":91},"11":{"loc":{"start":{"line":120,"column":23},"end":{"line":120,"column":87}},"type":"cond-expr","locations":[{"start":{"line":120,"column":64},"end":{"line":120,"column":75}},{"start":{"line":120,"column":78},"end":{"line":120,"column":87}}],"line":120},"12":{"loc":{"start":{"line":134,"column":16},"end":{"line":134,"column":30}},"type":"default-arg","locations":[{"start":{"line":134,"column":28},"end":{"line":134,"column":30}}],"line":134},"13":{"loc":{"start":{"line":135,"column":16},"end":{"line":135,"column":29}},"type":"default-arg","locations":[{"start":{"line":135,"column":27},"end":{"line":135,"column":29}}],"line":135},"14":{"loc":{"start":{"line":136,"column":16},"end":{"line":136,"column":38}},"type":"default-arg","locations":[{"start":{"line":136,"column":36},"end":{"line":136,"column":38}}],"line":136},"15":{"loc":{"start":{"line":137,"column":16},"end":{"line":137,"column":29}},"type":"default-arg","locations":[{"start":{"line":137,"column":27},"end":{"line":137,"column":29}}],"line":137},"16":{"loc":{"start":{"line":138,"column":16},"end":{"line":138,"column":35}},"type":"default-arg","locations":[{"start":{"line":138,"column":31},"end":{"line":138,"column":35}}],"line":138},"17":{"loc":{"start":{"line":139,"column":16},"end":{"line":139,"column":33}},"type":"default-arg","locations":[{"start":{"line":139,"column":29},"end":{"line":139,"column":33}}],"line":139},"18":{"loc":{"start":{"line":161,"column":30},"end":{"line":161,"column":101}},"type":"binary-expr","locations":[{"start":{"line":161,"column":30},"end":{"line":161,"column":42}},{"start":{"line":161,"column":47},"end":{"line":161,"column":100}}],"line":161},"19":{"loc":{"start":{"line":161,"column":47},"end":{"line":161,"column":100}},"type":"cond-expr","locations":[{"start":{"line":161,"column":65},"end":{"line":161,"column":93}},{"start":{"line":161,"column":96},"end":{"line":161,"column":100}}],"line":161},"20":{"loc":{"start":{"line":162,"column":28},"end":{"line":162,"column":95}},"type":"binary-expr","locations":[{"start":{"line":162,"column":28},"end":{"line":162,"column":38}},{"start":{"line":162,"column":43},"end":{"line":162,"column":94}}],"line":162},"21":{"loc":{"start":{"line":162,"column":43},"end":{"line":162,"column":94}},"type":"cond-expr","locations":[{"start":{"line":162,"column":61},"end":{"line":162,"column":87}},{"start":{"line":162,"column":90},"end":{"line":162,"column":94}}],"line":162},"22":{"loc":{"start":{"line":166,"column":12},"end":{"line":174,"column":13}},"type":"if","locations":[{"start":{"line":166,"column":12},"end":{"line":174,"column":13}},{"start":{"line":172,"column":19},"end":{"line":174,"column":13}}],"line":166},"23":{"loc":{"start":{"line":194,"column":23},"end":{"line":194,"column":87}},"type":"cond-expr","locations":[{"start":{"line":194,"column":64},"end":{"line":194,"column":75}},{"start":{"line":194,"column":78},"end":{"line":194,"column":87}}],"line":194}},"s":{"0":2,"1":2,"2":2,"3":2,"4":2,"5":2,"6":2,"7":0,"8":2,"9":0,"10":0,"11":0,"12":0,"13":0,"14":0,"15":0,"16":0,"17":0,"18":0,"19":0,"20":0,"21":0,"22":0,"23":2,"24":2,"25":0,"26":0,"27":0,"28":0,"29":0,"30":0,"31":0,"32":0,"33":0,"34":0,"35":0,"36":0,"37":0,"38":2,"39":2,"40":1,"41":1,"42":1,"43":0,"44":0,"45":0,"46":0,"47":0,"48":0,"49":0,"50":0,"51":0,"52":0,"53":1,"54":1,"55":2},"f":{"0":0,"1":2,"2":1},"b":{"0":[2,0],"1":[2,0],"2":[0,0],"3":[0,0],"4":[0,0],"5":[0,0],"6":[0,0],"7":[0,0],"8":[0,0],"9":[0,0],"10":[0,0],"11":[0,2],"12":[0],"13":[0],"14":[0],"15":[0],"16":[0],"17":[0],"18":[0,0],"19":[0,0],"20":[0,0],"21":[0,0],"22":[0,0],"23":[0,1]},"_coverageSchema":"1a1c01bbd47fc00a2c39e90264f33305004495a9","hash":"d8ac0e98be80f030bc363235d5bc8180681c857e"}
,"C:\\Users\\AFLAL\\Desktop\\VelociRoute\\VelociRoute\\Backend\\src\\Infrastructure\\cloudinary.js": {"path":"C:\\Users\\AFLAL\\Desktop\\VelociRoute\\VelociRoute\\Backend\\src\\Infrastructure\\cloudinary.js","statementMap":{"0":{"start":{"line":1,"column":19},"end":{"line":1,"column":43}},"1":{"start":{"line":3,"column":0},"end":{"line":7,"column":3}},"2":{"start":{"line":9,"column":0},"end":{"line":9,"column":28}}},"fnMap":{},"branchMap":{},"s":{"0":2,"1":2,"2":2},"f":{},"b":{},"_coverageSchema":"1a1c01bbd47fc00a2c39e90264f33305004495a9","hash":"35b3ebf6e747a58a34f6a4b7a0986c1dbf3a2ff8"}
,"C:\\Users\\AFLAL\\Desktop\\VelociRoute\\VelociRoute\\Backend\\src\\Infrastructure\\db.js": {"path":"C:\\Users\\AFLAL\\Desktop\\VelociRoute\\VelociRoute\\Backend\\src\\Infrastructure\\db.js","statementMap":{"0":{"start":{"line":1,"column":17},"end":{"line":1,"column":36}},"1":{"start":{"line":2,"column":42},"end":{"line":2,"column":60}},"2":{"start":{"line":3,"column":0},"end":{"line":3,"column":27}},"3":{"start":{"line":5,"column":12},"end":{"line":5,"column":33}},"4":{"start":{"line":8,"column":15},"end":{"line":14,"column":2}},"5":{"start":{"line":17,"column":2},"end":{"line":57,"column":3}},"6":{"start":{"line":19,"column":4},"end":{"line":22,"column":7}},"7":{"start":{"line":23,"column":4},"end":{"line":23,"column":67}},"8":{"start":{"line":26,"column":4},"end":{"line":26,"column":27}},"9":{"start":{"line":27,"column":4},"end":{"line":27,"column":65}},"10":{"start":{"line":30,"column":23},"end":{"line":30,"column":45}},"11":{"start":{"line":31,"column":21},"end":{"line":31,"column":43}},"12":{"start":{"line":34,"column":24},"end":{"line":40,"column":5}},"13":{"start":{"line":43,"column":4},"end":{"line":43,"column":79}},"14":{"start":{"line":46,"column":32},"end":{"line":46,"column":76}},"15":{"start":{"line":47,"column":30},"end":{"line":47,"column":72}},"16":{"start":{"line":49,"column":4},"end":{"line":49,"column":82}},"17":{"start":{"line":49,"column":73},"end":{"line":49,"column":79}},"18":{"start":{"line":50,"column":4},"end":{"line":50,"column":78}},"19":{"start":{"line":50,"column":69},"end":{"line":50,"column":75}},"20":{"start":{"line":53,"column":4},"end":{"line":53,"column":20}},"21":{"start":{"line":55,"column":4},"end":{"line":55,"column":56}},"22":{"start":{"line":56,"column":4},"end":{"line":56,"column":16}},"23":{"start":{"line":62,"column":2},"end":{"line":69,"column":3}},"24":{"start":{"line":63,"column":4},"end":{"line":63,"column":38}},"25":{"start":{"line":64,"column":4},"end":{"line":64,"column":25}},"26":{"start":{"line":65,"column":4},"end":{"line":65,"column":66}},"27":{"start":{"line":67,"column":4},"end":{"line":67,"column":65}},"28":{"start":{"line":68,"column":4},"end":{"line":68,"column":16}},"29":{"start":{"line":72,"column":0},"end":{"line":72,"column":49}}},"fnMap":{"0":{"name":"connectDB","decl":{"start":{"line":16,"column":15},"end":{"line":16,"column":24}},"loc":{"start":{"line":16,"column":27},"end":{"line":58,"column":1}},"line":16},"1":{"name":"(anonymous_1)","decl":{"start":{"line":49,"column":68},"end":{"line":49,"column":69}},"loc":{"start":{"line":49,"column":73},"end":{"line":49,"column":79}},"line":49},"2":{"name":"(anonymous_2)","decl":{"start":{"line":50,"column":64},"end":{"line":50,"column":65}},"loc":{"start":{"line":50,"column":69},"end":{"line":50,"column":75}},"line":50},"3":{"name":"closeConnections","decl":{"start":{"line":61,"column":15},"end":{"line":61,"column":31}},"loc":{"start":{"line":61,"column":34},"end":{"line":70,"column":1}},"line":61}},"branchMap":{},"s":{"0":1,"1":1,"2":1,"3":1,"4":1,"5":0,"6":0,"7":0,"8":0,"9":0,"10":0,"11":0,"12":0,"13":0,"14":0,"15":0,"16":0,"17":0,"18":0,"19":0,"20":0,"21":0,"22":0,"23":0,"24":0,"25":0,"26":0,"27":0,"28":0,"29":1},"f":{"0":0,"1":0,"2":0,"3":0},"b":{},"_coverageSchema":"1a1c01bbd47fc00a2c39e90264f33305004495a9","hash":"4258bfef96eb6c31c00c12019e5d85095ea053ed"}
,"C:\\Users\\AFLAL\\Desktop\\VelociRoute\\VelociRoute\\Backend\\src\\Infrastructure\\firebase.js": {"path":"C:\\Users\\AFLAL\\Desktop\\VelociRoute\\VelociRoute\\Backend\\src\\Infrastructure\\firebase.js","statementMap":{"0":{"start":{"line":1,"column":14},"end":{"line":1,"column":39}},"1":{"start":{"line":4,"column":23},"end":{"line":4,"column":63}},"2":{"start":{"line":6,"column":0},"end":{"line":8,"column":3}},"3":{"start":{"line":10,"column":0},"end":{"line":10,"column":23}}},"fnMap":{},"branchMap":{},"s":{"0":2,"1":2,"2":0,"3":0},"f":{},"b":{},"_coverageSchema":"1a1c01bbd47fc00a2c39e90264f33305004495a9","hash":"0f3408161778051cfba8e03332d3d65d326673fe"}
,"C:\\Users\\AFLAL\\Desktop\\VelociRoute\\VelociRoute\\Backend\\src\\Infrastructure\\Config\\firebaseAdmin.js": {"path":"C:\\Users\\AFLAL\\Desktop\\VelociRoute\\VelociRoute\\Backend\\src\\Infrastructure\\Config\\firebaseAdmin.js","statementMap":{"0":{"start":{"line":1,"column":14},"end":{"line":1,"column":39}},"1":{"start":{"line":4,"column":23},"end":{"line":4,"column":72}},"2":{"start":{"line":6,"column":0},"end":{"line":8,"column":3}},"3":{"start":{"line":10,"column":0},"end":{"line":10,"column":23}}},"fnMap":{},"branchMap":{},"s":{"0":2,"1":2,"2":2,"3":2},"f":{},"b":{},"_coverageSchema":"1a1c01bbd47fc00a2c39e90264f33305004495a9","hash":"17c92ff517060bd4075c80ae709115f1588a859e"}
,"C:\\Users\\AFLAL\\Desktop\\VelociRoute\\VelociRoute\\Backend\\src\\Infrastructure\\Middleware\\auth.js": {"path":"C:\\Users\\AFLAL\\Desktop\\VelociRoute\\VelociRoute\\Backend\\src\\Infrastructure\\Middleware\\auth.js","statementMap":{"0":{"start":{"line":1,"column":14},"end":{"line":1,"column":66}},"1":{"start":{"line":3,"column":13},"end":{"line":26,"column":1}},"2":{"start":{"line":4,"column":2},"end":{"line":25,"column":3}},"3":{"start":{"line":5,"column":23},"end":{"line":5,"column":48}},"4":{"start":{"line":6,"column":4},"end":{"line":11,"column":5}},"5":{"start":{"line":7,"column":6},"end":{"line":10,"column":9}},"6":{"start":{"line":13,"column":18},"end":{"line":13,"column":42}},"7":{"start":{"line":16,"column":25},"end":{"line":16,"column":64}},"8":{"start":{"line":17,"column":4},"end":{"line":17,"column":28}},"9":{"start":{"line":18,"column":4},"end":{"line":18,"column":11}},"10":{"start":{"line":20,"column":4},"end":{"line":20,"column":51}},"11":{"start":{"line":21,"column":4},"end":{"line":24,"column":7}},"12":{"start":{"line":28,"column":0},"end":{"line":28,"column":22}}},"fnMap":{"0":{"name":"(anonymous_0)","decl":{"start":{"line":3,"column":13},"end":{"line":3,"column":14}},"loc":{"start":{"line":3,"column":39},"end":{"line":26,"column":1}},"line":3}},"branchMap":{"0":{"loc":{"start":{"line":6,"column":4},"end":{"line":11,"column":5}},"type":"if","locations":[{"start":{"line":6,"column":4},"end":{"line":11,"column":5}},{"start":{},"end":{}}],"line":6},"1":{"loc":{"start":{"line":6,"column":8},"end":{"line":6,"column":56}},"type":"binary-expr","locations":[{"start":{"line":6,"column":8},"end":{"line":6,"column":19}},{"start":{"line":6,"column":23},"end":{"line":6,"column":56}}],"line":6}},"s":{"0":2,"1":2,"2":0,"3":0,"4":0,"5":0,"6":0,"7":0,"8":0,"9":0,"10":0,"11":0,"12":2},"f":{"0":0},"b":{"0":[0,0],"1":[0,0]},"_coverageSchema":"1a1c01bbd47fc00a2c39e90264f33305004495a9","hash":"e1ead18151137eac4cb9f50719b95c31fbe77670"}
,"C:\\Users\\AFLAL\\Desktop\\VelociRoute\\VelociRoute\\Backend\\src\\Middleware\\authMiddleware.js": {"path":"C:\\Users\\AFLAL\\Desktop\\VelociRoute\\VelociRoute\\Backend\\src\\Middleware\\authMiddleware.js","statementMap":{"0":{"start":{"line":1,"column":14},"end":{"line":1,"column":39}},"1":{"start":{"line":4,"column":26},"end":{"line":39,"column":1}},"2":{"start":{"line":6,"column":4},"end":{"line":6,"column":49}},"3":{"start":{"line":8,"column":23},"end":{"line":8,"column":51}},"4":{"start":{"line":9,"column":4},"end":{"line":9,"column":44}},"5":{"start":{"line":11,"column":4},"end":{"line":24,"column":5}},"6":{"start":{"line":13,"column":23},"end":{"line":13,"column":94}},"7":{"start":{"line":14,"column":21},"end":{"line":14,"column":36}},"8":{"start":{"line":15,"column":32},"end":{"line":15,"column":62}},"9":{"start":{"line":16,"column":8},"end":{"line":16,"column":74}},"10":{"start":{"line":17,"column":8},"end":{"line":17,"column":68}},"11":{"start":{"line":19,"column":8},"end":{"line":22,"column":9}},"12":{"start":{"line":20,"column":12},"end":{"line":20,"column":59}},"13":{"start":{"line":21,"column":12},"end":{"line":21,"column":77}},"14":{"start":{"line":23,"column":8},"end":{"line":23,"column":73}},"15":{"start":{"line":26,"column":4},"end":{"line":38,"column":5}},"16":{"start":{"line":27,"column":22},"end":{"line":27,"column":46}},"17":{"start":{"line":28,"column":29},"end":{"line":28,"column":68}},"18":{"start":{"line":29,"column":8},"end":{"line":29,"column":52}},"19":{"start":{"line":32,"column":8},"end":{"line":32,"column":49}},"20":{"start":{"line":33,"column":8},"end":{"line":33,"column":66}},"21":{"start":{"line":34,"column":8},"end":{"line":34,"column":15}},"22":{"start":{"line":36,"column":8},"end":{"line":36,"column":55}},"23":{"start":{"line":37,"column":8},"end":{"line":37,"column":64}},"24":{"start":{"line":41,"column":0},"end":{"line":43,"column":2}}},"fnMap":{"0":{"name":"(anonymous_0)","decl":{"start":{"line":4,"column":26},"end":{"line":4,"column":27}},"loc":{"start":{"line":4,"column":52},"end":{"line":39,"column":1}},"line":4}},"branchMap":{"0":{"loc":{"start":{"line":11,"column":4},"end":{"line":24,"column":5}},"type":"if","locations":[{"start":{"line":11,"column":4},"end":{"line":24,"column":5}},{"start":{},"end":{}}],"line":11},"1":{"loc":{"start":{"line":11,"column":8},"end":{"line":11,"column":56}},"type":"binary-expr","locations":[{"start":{"line":11,"column":8},"end":{"line":11,"column":19}},{"start":{"line":11,"column":23},"end":{"line":11,"column":56}}],"line":11},"2":{"loc":{"start":{"line":15,"column":32},"end":{"line":15,"column":62}},"type":"cond-expr","locations":[{"start":{"line":15,"column":39},"end":{"line":15,"column":57}},{"start":{"line":15,"column":60},"end":{"line":15,"column":62}}],"line":15},"3":{"loc":{"start":{"line":19,"column":8},"end":{"line":22,"column":9}},"type":"if","locations":[{"start":{"line":19,"column":8},"end":{"line":22,"column":9}},{"start":{},"end":{}}],"line":19}},"s":{"0":1,"1":1,"2":0,"3":0,"4":0,"5":0,"6":0,"7":0,"8":0,"9":0,"10":0,"11":0,"12":0,"13":0,"14":0,"15":0,"16":0,"17":0,"18":0,"19":0,"20":0,"21":0,"22":0,"23":0,"24":1},"f":{"0":0},"b":{"0":[0,0],"1":[0,0],"2":[0,0],"3":[0,0]},"_coverageSchema":"1a1c01bbd47fc00a2c39e90264f33305004495a9","hash":"6dddba222b7fee379017e57c8b35e485cdcc49db"}
,"C:\\Users\\AFLAL\\Desktop\\VelociRoute\\VelociRoute\\Backend\\src\\Routes\\activityPosts.js": {"path":"C:\\Users\\AFLAL\\Desktop\\VelociRoute\\VelociRoute\\Backend\\src\\Routes\\activityPosts.js","statementMap":{"0":{"start":{"line":1,"column":16},"end":{"line":1,"column":34}},"1":{"start":{"line":2,"column":15},"end":{"line":2,"column":31}},"2":{"start":{"line":3,"column":77},"end":{"line":3,"column":126}},"3":{"start":{"line":4,"column":15},"end":{"line":4,"column":47}},"4":{"start":{"line":5,"column":13},"end":{"line":5,"column":57}},"5":{"start":{"line":8,"column":0},"end":{"line":8,"column":77}},"6":{"start":{"line":11,"column":0},"end":{"line":11,"column":37}},"7":{"start":{"line":14,"column":0},"end":{"line":14,"column":44}},"8":{"start":{"line":17,"column":0},"end":{"line":17,"column":53}},"9":{"start":{"line":19,"column":0},"end":{"line":19,"column":24}}},"fnMap":{},"branchMap":{},"s":{"0":1,"1":1,"2":1,"3":1,"4":1,"5":1,"6":1,"7":1,"8":1,"9":1},"f":{},"b":{},"_coverageSchema":"1a1c01bbd47fc00a2c39e90264f33305004495a9","hash":"ddfdcc0704f42aff25ad1eba90534626e20135ad"}
,"C:\\Users\\AFLAL\\Desktop\\VelociRoute\\VelociRoute\\Backend\\src\\Routes\\activityRoutes.js": {"path":"C:\\Users\\AFLAL\\Desktop\\VelociRoute\\VelociRoute\\Backend\\src\\Routes\\activityRoutes.js","statementMap":{"0":{"start":{"line":1,"column":16},"end":{"line":1,"column":34}},"1":{"start":{"line":2,"column":15},"end":{"line":2,"column":31}},"2":{"start":{"line":3,"column":43},"end":{"line":3,"column":87}},"3":{"start":{"line":4,"column":15},"end":{"line":4,"column":47}},"4":{"start":{"line":5,"column":13},"end":{"line":5,"column":57}},"5":{"start":{"line":8,"column":0},"end":{"line":8,"column":69}},"6":{"start":{"line":10,"column":0},"end":{"line":10,"column":43}},"7":{"start":{"line":12,"column":0},"end":{"line":12,"column":24}}},"fnMap":{},"branchMap":{},"s":{"0":1,"1":1,"2":1,"3":1,"4":1,"5":1,"6":1,"7":1},"f":{},"b":{},"_coverageSchema":"1a1c01bbd47fc00a2c39e90264f33305004495a9","hash":"ba21b9b919eef701763ec0e82c25d4c24cdf2455"}
,"C:\\Users\\AFLAL\\Desktop\\VelociRoute\\VelociRoute\\Backend\\src\\Routes\\popularRoutes.js": {"path":"C:\\Users\\AFLAL\\Desktop\\VelociRoute\\VelociRoute\\Backend\\src\\Routes\\popularRoutes.js","statementMap":{"0":{"start":{"line":1,"column":16},"end":{"line":1,"column":34}},"1":{"start":{"line":2,"column":15},"end":{"line":2,"column":31}},"2":{"start":{"line":3,"column":15},"end":{"line":3,"column":32}},"3":{"start":{"line":4,"column":49},"end":{"line":4,"column":97}},"4":{"start":{"line":7,"column":15},"end":{"line":7,"column":43}},"5":{"start":{"line":10,"column":0},"end":{"line":10,"column":34}},"6":{"start":{"line":13,"column":0},"end":{"line":19,"column":2}},"7":{"start":{"line":21,"column":0},"end":{"line":21,"column":24}}},"fnMap":{},"branchMap":{},"s":{"0":1,"1":1,"2":1,"3":1,"4":0,"5":0,"6":0,"7":0},"f":{},"b":{},"_coverageSchema":"1a1c01bbd47fc00a2c39e90264f33305004495a9","hash":"66129b324fe483242dd588e33b80c791e5a5d8c6"}
,"C:\\Users\\AFLAL\\Desktop\\VelociRoute\\VelociRoute\\Backend\\src\\Routes\\uploadRoutes.js": {"path":"C:\\Users\\AFLAL\\Desktop\\VelociRoute\\VelociRoute\\Backend\\src\\Routes\\uploadRoutes.js","statementMap":{"0":{"start":{"line":1,"column":16},"end":{"line":1,"column":34}},"1":{"start":{"line":2,"column":15},"end":{"line":2,"column":31}},"2":{"start":{"line":3,"column":39},"end":{"line":3,"column":72}},"3":{"start":{"line":4,"column":11},"end":{"line":4,"column":33}},"4":{"start":{"line":7,"column":21},"end":{"line":10,"column":2}},"5":{"start":{"line":13,"column":0},"end":{"line":49,"column":3}},"6":{"start":{"line":14,"column":4},"end":{"line":48,"column":5}},"7":{"start":{"line":15,"column":30},"end":{"line":18,"column":9}},"8":{"start":{"line":21,"column":8},"end":{"line":28,"column":9}},"9":{"start":{"line":22,"column":12},"end":{"line":27,"column":13}},"10":{"start":{"line":23,"column":33},"end":{"line":23,"column":80}},"11":{"start":{"line":24,"column":16},"end":{"line":24,"column":52}},"12":{"start":{"line":26,"column":16},"end":{"line":26,"column":44}},"13":{"start":{"line":31,"column":8},"end":{"line":36,"column":9}},"14":{"start":{"line":32,"column":28},"end":{"line":32,"column":48}},"15":{"start":{"line":33,"column":12},"end":{"line":33,"column":77}},"16":{"start":{"line":35,"column":12},"end":{"line":35,"column":42}},"17":{"start":{"line":38,"column":8},"end":{"line":41,"column":11}},"18":{"start":{"line":43,"column":8},"end":{"line":43,"column":46}},"19":{"start":{"line":44,"column":8},"end":{"line":47,"column":11}},"20":{"start":{"line":51,"column":0},"end":{"line":51,"column":24}}},"fnMap":{"0":{"name":"(anonymous_0)","decl":{"start":{"line":13,"column":31},"end":{"line":13,"column":32}},"loc":{"start":{"line":13,"column":51},"end":{"line":49,"column":1}},"line":13}},"branchMap":{"0":{"loc":{"start":{"line":21,"column":8},"end":{"line":28,"column":9}},"type":"if","locations":[{"start":{"line":21,"column":8},"end":{"line":28,"column":9}},{"start":{},"end":{}}],"line":21},"1":{"loc":{"start":{"line":31,"column":8},"end":{"line":36,"column":9}},"type":"if","locations":[{"start":{"line":31,"column":8},"end":{"line":36,"column":9}},{"start":{},"end":{}}],"line":31}},"s":{"0":1,"1":1,"2":1,"3":1,"4":1,"5":1,"6":0,"7":0,"8":0,"9":0,"10":0,"11":0,"12":0,"13":0,"14":0,"15":0,"16":0,"17":0,"18":0,"19":0,"20":1},"f":{"0":0},"b":{"0":[0,0],"1":[0,0]},"_coverageSchema":"1a1c01bbd47fc00a2c39e90264f33305004495a9","hash":"7009b958f3c23ef8d5eb509c418334cd11d14ff1"}
,"C:\\Users\\AFLAL\\Desktop\\VelociRoute\\VelociRoute\\Backend\\src\\Routes\\userProfileRoutes.js": {"path":"C:\\Users\\AFLAL\\Desktop\\VelociRoute\\VelociRoute\\Backend\\src\\Routes\\userProfileRoutes.js","statementMap":{"0":{"start":{"line":1,"column":16},"end":{"line":1,"column":34}},"1":{"start":{"line":2,"column":15},"end":{"line":2,"column":31}},"2":{"start":{"line":3,"column":30},"end":{"line":3,"column":77}},"3":{"start":{"line":4,"column":30},"end":{"line":4,"column":69}},"4":{"start":{"line":7,"column":0},"end":{"line":21,"column":3}},"5":{"start":{"line":9,"column":19},"end":{"line":9,"column":90}},"6":{"start":{"line":10,"column":17},"end":{"line":10,"column":46}},"7":{"start":{"line":12,"column":4},"end":{"line":20,"column":5}},"8":{"start":{"line":13,"column":8},"end":{"line":13,"column":77}},"9":{"start":{"line":15,"column":8},"end":{"line":15,"column":49}},"10":{"start":{"line":16,"column":8},"end":{"line":16,"column":22}},"11":{"start":{"line":19,"column":8},"end":{"line":19,"column":42}},"12":{"start":{"line":24,"column":0},"end":{"line":24,"column":64}},"13":{"start":{"line":27,"column":0},"end":{"line":27,"column":61}},"14":{"start":{"line":30,"column":0},"end":{"line":30,"column":80}},"15":{"start":{"line":32,"column":0},"end":{"line":32,"column":24}}},"fnMap":{"0":{"name":"(anonymous_0)","decl":{"start":{"line":7,"column":11},"end":{"line":7,"column":12}},"loc":{"start":{"line":7,"column":31},"end":{"line":21,"column":1}},"line":7}},"branchMap":{"0":{"loc":{"start":{"line":12,"column":4},"end":{"line":20,"column":5}},"type":"if","locations":[{"start":{"line":12,"column":4},"end":{"line":20,"column":5}},{"start":{"line":17,"column":11},"end":{"line":20,"column":5}}],"line":12},"1":{"loc":{"start":{"line":12,"column":8},"end":{"line":12,"column":59}},"type":"binary-expr","locations":[{"start":{"line":12,"column":8},"end":{"line":12,"column":29}},{"start":{"line":12,"column":33},"end":{"line":12,"column":59}}],"line":12}},"s":{"0":1,"1":1,"2":1,"3":1,"4":1,"5":7,"6":7,"7":7,"8":7,"9":7,"10":7,"11":0,"12":1,"13":1,"14":1,"15":1},"f":{"0":7},"b":{"0":[7,0],"1":[7,7]},"_coverageSchema":"1a1c01bbd47fc00a2c39e90264f33305004495a9","hash":"9dd37de5a7828e011c3739ab5e1646a36c40b9c2"}
,"C:\\Users\\AFLAL\\Desktop\\VelociRoute\\VelociRoute\\Backend\\src\\Utils\\multerConfig.js": {"path":"C:\\Users\\AFLAL\\Desktop\\VelociRoute\\VelociRoute\\Backend\\src\\Utils\\multerConfig.js","statementMap":{"0":{"start":{"line":1,"column":15},"end":{"line":1,"column":32}},"1":{"start":{"line":2,"column":13},"end":{"line":2,"column":28}},"2":{"start":{"line":4,"column":16},"end":{"line":11,"column":2}},"3":{"start":{"line":6,"column":4},"end":{"line":6,"column":25}},"4":{"start":{"line":9,"column":4},"end":{"line":9,"column":59}},"5":{"start":{"line":13,"column":19},"end":{"line":19,"column":1}},"6":{"start":{"line":14,"column":2},"end":{"line":18,"column":3}},"7":{"start":{"line":15,"column":4},"end":{"line":15,"column":19}},"8":{"start":{"line":17,"column":4},"end":{"line":17,"column":69}},"9":{"start":{"line":21,"column":15},"end":{"line":27,"column":2}},"10":{"start":{"line":29,"column":0},"end":{"line":29,"column":24}}},"fnMap":{"0":{"name":"(anonymous_0)","decl":{"start":{"line":5,"column":15},"end":{"line":5,"column":16}},"loc":{"start":{"line":5,"column":40},"end":{"line":7,"column":3}},"line":5},"1":{"name":"(anonymous_1)","decl":{"start":{"line":8,"column":12},"end":{"line":8,"column":13}},"loc":{"start":{"line":8,"column":37},"end":{"line":10,"column":3}},"line":8},"2":{"name":"(anonymous_2)","decl":{"start":{"line":13,"column":19},"end":{"line":13,"column":20}},"loc":{"start":{"line":13,"column":38},"end":{"line":19,"column":1}},"line":13}},"branchMap":{"0":{"loc":{"start":{"line":14,"column":2},"end":{"line":18,"column":3}},"type":"if","locations":[{"start":{"line":14,"column":2},"end":{"line":18,"column":3}},{"start":{"line":16,"column":9},"end":{"line":18,"column":3}}],"line":14}},"s":{"0":2,"1":2,"2":2,"3":0,"4":0,"5":2,"6":0,"7":0,"8":0,"9":2,"10":2},"f":{"0":0,"1":0,"2":0},"b":{"0":[0,0]},"_coverageSchema":"1a1c01bbd47fc00a2c39e90264f33305004495a9","hash":"cdfa625235682bd3f6d569c9cb65089a93c6d46e"}
,"C:\\Users\\AFLAL\\Desktop\\VelociRoute\\VelociRoute\\Backend\\src\\Utils\\uploadHandler.js": {"path":"C:\\Users\\AFLAL\\Desktop\\VelociRoute\\VelociRoute\\Backend\\src\\Utils\\uploadHandler.js","statementMap":{"0":{"start":{"line":1,"column":19},"end":{"line":1,"column":43}},"1":{"start":{"line":2,"column":15},"end":{"line":2,"column":32}},"2":{"start":{"line":3,"column":13},"end":{"line":3,"column":28}},"3":{"start":{"line":6,"column":0},"end":{"line":10,"column":3}},"4":{"start":{"line":13,"column":16},"end":{"line":20,"column":2}},"5":{"start":{"line":15,"column":8},"end":{"line":15,"column":29}},"6":{"start":{"line":18,"column":8},"end":{"line":18,"column":63}},"7":{"start":{"line":23,"column":19},"end":{"line":38,"column":1}},"8":{"start":{"line":24,"column":4},"end":{"line":36,"column":5}},"9":{"start":{"line":26,"column":8},"end":{"line":29,"column":9}},"10":{"start":{"line":27,"column":12},"end":{"line":27,"column":70}},"11":{"start":{"line":28,"column":12},"end":{"line":28,"column":73}},"12":{"start":{"line":30,"column":11},"end":{"line":36,"column":5}},"13":{"start":{"line":32,"column":8},"end":{"line":35,"column":9}},"14":{"start":{"line":33,"column":12},"end":{"line":33,"column":68}},"15":{"start":{"line":34,"column":12},"end":{"line":34,"column":71}},"16":{"start":{"line":37,"column":4},"end":{"line":37,"column":19}},"17":{"start":{"line":40,"column":15},"end":{"line":46,"column":2}},"18":{"start":{"line":49,"column":27},"end":{"line":60,"column":1}},"19":{"start":{"line":50,"column":4},"end":{"line":59,"column":5}},"20":{"start":{"line":51,"column":23},"end":{"line":54,"column":10}},"21":{"start":{"line":55,"column":8},"end":{"line":55,"column":33}},"22":{"start":{"line":57,"column":8},"end":{"line":57,"column":63}},"23":{"start":{"line":58,"column":8},"end":{"line":58,"column":20}},"24":{"start":{"line":62,"column":0},"end":{"line":65,"column":2}}},"fnMap":{"0":{"name":"(anonymous_0)","decl":{"start":{"line":14,"column":17},"end":{"line":14,"column":18}},"loc":{"start":{"line":14,"column":42},"end":{"line":16,"column":5}},"line":14},"1":{"name":"(anonymous_1)","decl":{"start":{"line":17,"column":14},"end":{"line":17,"column":15}},"loc":{"start":{"line":17,"column":39},"end":{"line":19,"column":5}},"line":17},"2":{"name":"(anonymous_2)","decl":{"start":{"line":23,"column":19},"end":{"line":23,"column":20}},"loc":{"start":{"line":23,"column":38},"end":{"line":38,"column":1}},"line":23},"3":{"name":"(anonymous_3)","decl":{"start":{"line":49,"column":27},"end":{"line":49,"column":28}},"loc":{"start":{"line":49,"column":51},"end":{"line":60,"column":1}},"line":49}},"branchMap":{"0":{"loc":{"start":{"line":24,"column":4},"end":{"line":36,"column":5}},"type":"if","locations":[{"start":{"line":24,"column":4},"end":{"line":36,"column":5}},{"start":{"line":30,"column":11},"end":{"line":36,"column":5}}],"line":24},"1":{"loc":{"start":{"line":26,"column":8},"end":{"line":29,"column":9}},"type":"if","locations":[{"start":{"line":26,"column":8},"end":{"line":29,"column":9}},{"start":{},"end":{}}],"line":26},"2":{"loc":{"start":{"line":30,"column":11},"end":{"line":36,"column":5}},"type":"if","locations":[{"start":{"line":30,"column":11},"end":{"line":36,"column":5}},{"start":{},"end":{}}],"line":30},"3":{"loc":{"start":{"line":32,"column":8},"end":{"line":35,"column":9}},"type":"if","locations":[{"start":{"line":32,"column":8},"end":{"line":35,"column":9}},{"start":{},"end":{}}],"line":32},"4":{"loc":{"start":{"line":52,"column":27},"end":{"line":52,"column":61}},"type":"cond-expr","locations":[{"start":{"line":52,"column":46},"end":{"line":52,"column":51}},{"start":{"line":52,"column":54},"end":{"line":52,"column":61}}],"line":52}},"s":{"0":1,"1":1,"2":1,"3":1,"4":1,"5":0,"6":0,"7":1,"8":0,"9":0,"10":0,"11":0,"12":0,"13":0,"14":0,"15":0,"16":0,"17":1,"18":1,"19":0,"20":0,"21":0,"22":0,"23":0,"24":1},"f":{"0":0,"1":0,"2":0,"3":0},"b":{"0":[0,0],"1":[0,0],"2":[0,0],"3":[0,0],"4":[0,0]},"_coverageSchema":"1a1c01bbd47fc00a2c39e90264f33305004495a9","hash":"df01a1402eaf1073f1c635b98ea141b3408a71b2"}
,"C:\\Users\\AFLAL\\Desktop\\VelociRoute\\VelociRoute\\Backend\\tests\\mocks\\models.js": {"path":"C:\\Users\\AFLAL\\Desktop\\VelociRoute\\VelociRoute\\Backend\\tests\\mocks\\models.js","statementMap":{"0":{"start":{"line":1,"column":17},"end":{"line":1,"column":36}},"1":{"start":{"line":4,"column":21},"end":{"line":4,"column":51}},"2":{"start":{"line":7,"column":0},"end":{"line":20,"column":3}},"3":{"start":{"line":8,"column":19},"end":{"line":8,"column":38}},"4":{"start":{"line":9,"column":21},"end":{"line":18,"column":4}},"5":{"start":{"line":19,"column":2},"end":{"line":19,"column":48}},"6":{"start":{"line":22,"column":0},"end":{"line":38,"column":3}},"7":{"start":{"line":23,"column":19},"end":{"line":23,"column":38}},"8":{"start":{"line":24,"column":21},"end":{"line":36,"column":4}},"9":{"start":{"line":37,"column":2},"end":{"line":37,"column":53}},"10":{"start":{"line":40,"column":0},"end":{"line":57,"column":3}},"11":{"start":{"line":41,"column":19},"end":{"line":41,"column":38}},"12":{"start":{"line":42,"column":21},"end":{"line":55,"column":4}},"13":{"start":{"line":56,"column":2},"end":{"line":56,"column":52}},"14":{"start":{"line":59,"column":0},"end":{"line":74,"column":3}},"15":{"start":{"line":60,"column":19},"end":{"line":60,"column":38}},"16":{"start":{"line":61,"column":21},"end":{"line":72,"column":4}},"17":{"start":{"line":73,"column":2},"end":{"line":73,"column":51}}},"fnMap":{"0":{"name":"(anonymous_0)","decl":{"start":{"line":7,"column":54},"end":{"line":7,"column":55}},"loc":{"start":{"line":7,"column":60},"end":{"line":20,"column":1}},"line":7},"1":{"name":"(anonymous_1)","decl":{"start":{"line":22,"column":59},"end":{"line":22,"column":60}},"loc":{"start":{"line":22,"column":65},"end":{"line":38,"column":1}},"line":22},"2":{"name":"(anonymous_2)","decl":{"start":{"line":40,"column":58},"end":{"line":40,"column":59}},"loc":{"start":{"line":40,"column":64},"end":{"line":57,"column":1}},"line":40},"3":{"name":"(anonymous_3)","decl":{"start":{"line":59,"column":57},"end":{"line":59,"column":58}},"loc":{"start":{"line":59,"column":63},"end":{"line":74,"column":1}},"line":59}},"branchMap":{},"s":{"0":14,"1":14,"2":14,"3":3,"4":3,"5":3,"6":14,"7":3,"8":3,"9":3,"10":14,"11":1,"12":1,"13":1,"14":14,"15":3,"16":3,"17":3},"f":{"0":3,"1":3,"2":1,"3":3},"b":{},"_coverageSchema":"1a1c01bbd47fc00a2c39e90264f33305004495a9","hash":"4f8b678afc1fd34146ba37d2c1344acdef69514d"}
,"C:\\Users\\AFLAL\\Desktop\\VelociRoute\\VelociRoute\\Backend\\tests\\mocks\\popularRoute.mock.js": {"path":"C:\\Users\\AFLAL\\Desktop\\VelociRoute\\VelociRoute\\Backend\\tests\\mocks\\popularRoute.mock.js","statementMap":{"0":{"start":{"line":1,"column":17},"end":{"line":1,"column":36}},"1":{"start":{"line":3,"column":27},"end":{"line":16,"column":2}},"2":{"start":{"line":18,"column":0},"end":{"line":18,"column":68}}},"fnMap":{},"branchMap":{},"s":{"0":14,"1":14,"2":14},"f":{},"b":{},"_coverageSchema":"1a1c01bbd47fc00a2c39e90264f33305004495a9","hash":"b04e9f6177e94b72b1059a73ceb8327f244de371"}
,"C:\\Users\\AFLAL\\Desktop\\VelociRoute\\VelociRoute\\Backend\\tests\\mocks\\services.js": {"path":"C:\\Users\\AFLAL\\Desktop\\VelociRoute\\VelociRoute\\Backend\\tests\\mocks\\services.js","statementMap":{"0":{"start":{"line":2,"column":0},"end":{"line":12,"column":4}},"1":{"start":{"line":2,"column":31},"end":{"line":12,"column":1}},"2":{"start":{"line":15,"column":0},"end":{"line":26,"column":4}},"3":{"start":{"line":15,"column":35},"end":{"line":26,"column":1}},"4":{"start":{"line":20,"column":23},"end":{"line":25,"column":3}},"5":{"start":{"line":29,"column":0},"end":{"line":39,"column":3}},"6":{"start":{"line":30,"column":25},"end":{"line":30,"column":55}},"7":{"start":{"line":31,"column":2},"end":{"line":38,"column":4}}},"fnMap":{"0":{"name":"(anonymous_0)","decl":{"start":{"line":2,"column":24},"end":{"line":2,"column":25}},"loc":{"start":{"line":2,"column":31},"end":{"line":12,"column":1}},"line":2},"1":{"name":"(anonymous_1)","decl":{"start":{"line":15,"column":28},"end":{"line":15,"column":29}},"loc":{"start":{"line":15,"column":35},"end":{"line":26,"column":1}},"line":15},"2":{"name":"(anonymous_2)","decl":{"start":{"line":20,"column":16},"end":{"line":20,"column":17}},"loc":{"start":{"line":20,"column":23},"end":{"line":25,"column":3}},"line":20},"3":{"name":"(anonymous_3)","decl":{"start":{"line":29,"column":22},"end":{"line":29,"column":23}},"loc":{"start":{"line":29,"column":28},"end":{"line":39,"column":1}},"line":29}},"branchMap":{},"s":{"0":14,"1":11,"2":14,"3":5,"4":0,"5":14,"6":11,"7":11},"f":{"0":11,"1":5,"2":0,"3":11},"b":{},"_coverageSchema":"1a1c01bbd47fc00a2c39e90264f33305004495a9","hash":"6eaa2948e47e0c0959423b7c13d20eec3f8c599f"}
}
