TN:
SF:src\Controllers\activityController.js
FN:14,(anonymous_0)
FN:47,(anonymous_1)
FN:73,(anonymous_2)
FNF:3
FNH:0
FNDA:0,(anonymous_0)
FNDA:0,(anonymous_1)
FNDA:0,(anonymous_2)
DA:1,2
DA:2,2
DA:3,2
DA:4,2
DA:5,2
DA:8,2
DA:14,2
DA:15,0
DA:18,0
DA:19,0
DA:23,0
DA:25,0
DA:27,0
DA:34,0
DA:36,0
DA:39,0
DA:40,0
DA:42,0
DA:43,0
DA:47,2
DA:48,0
DA:50,0
DA:51,0
DA:52,0
DA:55,0
DA:56,0
DA:57,0
DA:59,0
DA:60,0
DA:63,0
DA:64,0
DA:66,0
DA:68,0
DA:69,0
DA:73,2
DA:74,0
DA:76,0
DA:77,0
DA:78,0
DA:84,0
DA:87,0
DA:88,0
DA:90,0
DA:91,0
DA:106,0
DA:108,0
DA:109,0
DA:110,0
DA:113,0
DA:114,0
DA:115,0
DA:116,0
DA:119,0
DA:121,0
DA:124,0
DA:125,0
DA:132,0
DA:133,0
DA:134,0
DA:136,0
DA:141,0
DA:142,0
DA:143,0
DA:144,0
DA:147,0
DA:151,0
DA:164,0
DA:166,0
DA:171,0
DA:172,0
DA:179,2
LF:71
LH:10
BRDA:18,0,0,0
BRDA:18,0,1,0
BRDA:39,1,0,0
BRDA:39,1,1,0
BRDA:51,2,0,0
BRDA:51,2,1,0
BRDA:51,3,0,0
BRDA:51,3,1,0
BRDA:59,4,0,0
BRDA:59,4,1,0
BRDA:77,5,0,0
BRDA:77,5,1,0
BRDA:77,6,0,0
BRDA:77,6,1,0
BRDA:90,7,0,0
BRDA:90,7,1,0
BRDA:113,8,0,0
BRDA:113,8,1,0
BRDA:113,9,0,0
BRDA:113,9,1,0
BRDA:124,10,0,0
BRDA:124,10,1,0
BRDA:132,11,0,0
BRDA:132,11,1,0
BRDA:132,12,0,0
BRDA:132,12,1,0
BRDA:143,13,0,0
BRDA:143,13,1,0
BRDA:174,14,0,0
BRDA:174,14,1,0
BRF:30
BRH:0
end_of_record
TN:
SF:src\Controllers\activityPostsController.js
FN:14,(anonymous_0)
FN:108,(anonymous_1)
FN:132,(anonymous_2)
FN:184,(anonymous_3)
FNF:4
FNH:2
FNDA:2,(anonymous_0)
FNDA:2,(anonymous_1)
FNDA:0,(anonymous_2)
FNDA:0,(anonymous_3)
DA:1,2
DA:2,2
DA:3,2
DA:4,2
DA:5,2
DA:8,2
DA:14,2
DA:15,2
DA:16,2
DA:17,0
DA:18,0
DA:24,0
DA:25,0
DA:26,0
DA:28,0
DA:29,0
DA:43,0
DA:45,0
DA:46,0
DA:48,0
DA:49,0
DA:50,0
DA:51,0
DA:54,0
DA:56,0
DA:58,0
DA:59,0
DA:65,0
DA:66,0
DA:68,0
DA:69,0
DA:70,0
DA:72,0
DA:73,0
DA:76,0
DA:79,0
DA:93,0
DA:95,0
DA:100,2
DA:101,2
DA:108,2
DA:109,2
DA:111,2
DA:114,2
DA:119,2
DA:124,0
DA:125,0
DA:132,2
DA:133,0
DA:134,0
DA:137,0
DA:138,0
DA:139,0
DA:141,0
DA:142,0
DA:144,0
DA:145,0
DA:146,0
DA:153,0
DA:154,0
DA:158,0
DA:159,0
DA:160,0
DA:162,0
DA:166,0
DA:171,0
DA:176,0
DA:177,0
DA:184,2
DA:185,0
DA:186,0
DA:187,0
DA:189,0
DA:190,0
DA:197,0
DA:198,0
DA:199,0
DA:201,0
DA:202,0
DA:204,0
DA:205,0
DA:206,0
DA:213,0
DA:214,0
DA:218,0
DA:225,0
DA:231,0
DA:233,0
DA:238,0
DA:239,0
LF:90
LH:18
BRDA:17,0,0,0
BRDA:17,0,1,0
BRDA:17,1,0,0
BRDA:17,1,1,0
BRDA:28,2,0,0
BRDA:28,2,1,0
BRDA:48,3,0,0
BRDA:48,3,1,0
BRDA:48,4,0,0
BRDA:48,4,1,0
BRDA:58,5,0,0
BRDA:58,5,1,0
BRDA:69,6,0,0
BRDA:69,6,1,0
BRDA:72,7,0,0
BRDA:72,7,1,0
BRDA:145,8,0,0
BRDA:145,8,1,0
BRDA:153,9,0,0
BRDA:153,9,1,0
BRDA:159,10,0,0
BRDA:159,10,1,0
BRDA:189,11,0,0
BRDA:189,11,1,0
BRDA:189,12,0,0
BRDA:189,12,1,0
BRDA:205,13,0,0
BRDA:205,13,1,0
BRDA:213,14,0,0
BRDA:213,14,1,0
BRF:30
BRH:0
end_of_record
TN:
SF:src\Controllers\popularRouteController.js
FN:11,(anonymous_0)
FN:47,(anonymous_1)
FN:53,(anonymous_2)
FN:62,(anonymous_3)
FN:83,(anonymous_4)
FNF:5
FNH:0
FNDA:0,(anonymous_0)
FNDA:0,(anonymous_1)
FNDA:0,(anonymous_2)
FNDA:0,(anonymous_3)
FNDA:0,(anonymous_4)
DA:1,1
DA:2,1
DA:5,0
DA:11,0
DA:12,0
DA:19,0
DA:22,0
DA:24,0
DA:26,0
DA:27,0
DA:29,0
DA:30,0
DA:32,0
DA:33,0
DA:35,0
DA:36,0
DA:37,0
DA:38,0
DA:42,0
DA:45,0
DA:46,0
DA:47,0
DA:50,0
DA:51,0
DA:53,0
DA:54,0
DA:55,0
DA:56,0
DA:57,0
DA:58,0
DA:62,0
DA:63,0
DA:64,0
DA:65,0
DA:66,0
DA:67,0
DA:71,0
DA:72,0
DA:73,0
DA:76,0
DA:78,0
DA:79,0
DA:83,0
DA:84,0
DA:94,0
DA:97,0
DA:98,0
DA:99,0
DA:102,0
DA:106,0
DA:107,0
DA:108,0
DA:109,0
DA:110,0
DA:111,0
DA:115,0
DA:130,0
DA:131,0
DA:133,0
DA:134,0
DA:136,0
DA:139,0
DA:140,0
LF:63
LH:2
BRDA:26,0,0,0
BRDA:26,0,1,0
BRDA:26,1,0,0
BRDA:26,1,1,0
BRDA:29,2,0,0
BRDA:29,2,1,0
BRDA:29,3,0,0
BRDA:29,3,1,0
BRDA:32,4,0,0
BRDA:32,4,1,0
BRDA:35,5,0,0
BRDA:35,5,1,0
BRDA:35,6,0,0
BRDA:35,6,1,0
BRDA:37,7,0,0
BRDA:37,7,1,0
BRDA:38,8,0,0
BRDA:38,8,1,0
BRDA:53,9,0,0
BRDA:53,9,1,0
BRDA:57,10,0,0
BRDA:57,10,1,0
BRDA:62,11,0,0
BRDA:62,11,1,0
BRDA:62,12,0,0
BRDA:62,12,1,0
BRDA:66,13,0,0
BRDA:66,13,1,0
BRDA:72,14,0,0
BRDA:72,14,1,0
BRDA:98,15,0,0
BRDA:98,15,1,0
BRDA:98,16,0,0
BRDA:98,16,1,0
BRDA:107,17,0,0
BRDA:107,17,1,0
BRDA:107,18,0,0
BRDA:107,18,1,0
BRDA:108,19,0,0
BRDA:108,19,1,0
BRDA:133,20,0,0
BRDA:133,20,1,0
BRF:42
BRH:0
end_of_record
TN:
SF:src\Controllers\userProfileController.js
FN:20,(anonymous_0)
FN:82,(anonymous_1)
FN:126,(anonymous_2)
FNF:3
FNH:2
FNDA:0,(anonymous_0)
FNDA:2,(anonymous_1)
FNDA:1,(anonymous_2)
DA:1,2
DA:2,2
DA:3,2
DA:4,2
DA:7,2
DA:8,2
DA:13,2
DA:15,0
DA:18,2
DA:21,0
DA:22,0
DA:25,0
DA:26,0
DA:27,0
DA:31,0
DA:32,0
DA:35,0
DA:37,0
DA:44,0
DA:56,0
DA:63,0
DA:68,0
DA:73,0
DA:83,2
DA:84,2
DA:85,0
DA:86,0
DA:88,0
DA:89,0
DA:91,0
DA:92,0
DA:93,0
DA:95,0
DA:99,0
DA:100,0
DA:102,0
DA:103,0
DA:107,0
DA:116,2
DA:117,2
DA:127,1
DA:128,1
DA:129,1
DA:130,0
DA:140,0
DA:142,0
DA:152,0
DA:155,0
DA:166,0
DA:167,0
DA:173,0
DA:176,0
DA:178,0
DA:190,1
DA:191,1
DA:201,2
LF:56
LH:18
BRDA:9,0,0,2
BRDA:9,0,1,0
BRDA:13,1,0,2
BRDA:13,1,1,0
BRDA:25,2,0,0
BRDA:25,2,1,0
BRDA:25,3,0,0
BRDA:25,3,1,0
BRDA:32,4,0,0
BRDA:32,4,1,0
BRDA:40,5,0,0
BRDA:40,5,1,0
BRDA:45,6,0,0
BRDA:45,6,1,0
BRDA:71,7,0,0
BRDA:71,7,1,0
BRDA:76,8,0,0
BRDA:76,8,1,0
BRDA:89,9,0,0
BRDA:89,9,1,0
BRDA:91,10,0,0
BRDA:91,10,1,0
BRDA:120,11,0,0
BRDA:120,11,1,2
BRDA:134,12,0,0
BRDA:135,13,0,0
BRDA:136,14,0,0
BRDA:137,15,0,0
BRDA:138,16,0,0
BRDA:139,17,0,0
BRDA:161,18,0,0
BRDA:161,18,1,0
BRDA:161,19,0,0
BRDA:161,19,1,0
BRDA:162,20,0,0
BRDA:162,20,1,0
BRDA:162,21,0,0
BRDA:162,21,1,0
BRDA:166,22,0,0
BRDA:166,22,1,0
BRDA:194,23,0,0
BRDA:194,23,1,1
BRF:42
BRH:4
end_of_record
TN:
SF:src\Infrastructure\cloudinary.js
FNF:0
FNH:0
DA:1,2
DA:3,2
DA:9,2
LF:3
LH:3
BRF:0
BRH:0
end_of_record
TN:
SF:src\Infrastructure\db.js
FN:16,connectDB
FN:49,(anonymous_1)
FN:50,(anonymous_2)
FN:61,closeConnections
FNF:4
FNH:0
FNDA:0,connectDB
FNDA:0,(anonymous_1)
FNDA:0,(anonymous_2)
FNDA:0,closeConnections
DA:1,1
DA:2,1
DA:3,1
DA:5,1
DA:8,1
DA:17,0
DA:19,0
DA:23,0
DA:26,0
DA:27,0
DA:30,0
DA:31,0
DA:34,0
DA:43,0
DA:46,0
DA:47,0
DA:49,0
DA:50,0
DA:53,0
DA:55,0
DA:56,0
DA:62,0
DA:63,0
DA:64,0
DA:65,0
DA:67,0
DA:68,0
DA:72,1
LF:28
LH:6
BRF:0
BRH:0
end_of_record
TN:
SF:src\Infrastructure\firebase.js
FNF:0
FNH:0
DA:1,2
DA:4,2
DA:6,0
DA:10,0
LF:4
LH:2
BRF:0
BRH:0
end_of_record
TN:
SF:src\Infrastructure\Config\firebaseAdmin.js
FNF:0
FNH:0
DA:1,2
DA:4,2
DA:6,2
DA:10,2
LF:4
LH:4
BRF:0
BRH:0
end_of_record
TN:
SF:src\Infrastructure\Middleware\auth.js
FN:3,(anonymous_0)
FNF:1
FNH:0
FNDA:0,(anonymous_0)
DA:1,2
DA:3,2
DA:4,0
DA:5,0
DA:6,0
DA:7,0
DA:13,0
DA:16,0
DA:17,0
DA:18,0
DA:20,0
DA:21,0
DA:28,2
LF:13
LH:3
BRDA:6,0,0,0
BRDA:6,0,1,0
BRDA:6,1,0,0
BRDA:6,1,1,0
BRF:4
BRH:0
end_of_record
TN:
SF:src\Middleware\authMiddleware.js
FN:4,(anonymous_0)
FNF:1
FNH:0
FNDA:0,(anonymous_0)
DA:1,1
DA:4,1
DA:6,0
DA:8,0
DA:9,0
DA:11,0
DA:13,0
DA:14,0
DA:15,0
DA:16,0
DA:17,0
DA:19,0
DA:20,0
DA:21,0
DA:23,0
DA:26,0
DA:27,0
DA:28,0
DA:29,0
DA:32,0
DA:33,0
DA:34,0
DA:36,0
DA:37,0
DA:41,1
LF:25
LH:3
BRDA:11,0,0,0
BRDA:11,0,1,0
BRDA:11,1,0,0
BRDA:11,1,1,0
BRDA:15,2,0,0
BRDA:15,2,1,0
BRDA:19,3,0,0
BRDA:19,3,1,0
BRF:8
BRH:0
end_of_record
TN:
SF:src\Routes\activityPosts.js
FNF:0
FNH:0
DA:1,1
DA:2,1
DA:3,1
DA:4,1
DA:5,1
DA:8,1
DA:11,1
DA:14,1
DA:17,1
DA:19,1
LF:10
LH:10
BRF:0
BRH:0
end_of_record
TN:
SF:src\Routes\activityRoutes.js
FNF:0
FNH:0
DA:1,1
DA:2,1
DA:3,1
DA:4,1
DA:5,1
DA:8,1
DA:10,1
DA:12,1
LF:8
LH:8
BRF:0
BRH:0
end_of_record
TN:
SF:src\Routes\popularRoutes.js
FNF:0
FNH:0
DA:1,1
DA:2,1
DA:3,1
DA:4,1
DA:7,0
DA:10,0
DA:13,0
DA:21,0
LF:8
LH:4
BRF:0
BRH:0
end_of_record
TN:
SF:src\Routes\uploadRoutes.js
FN:13,(anonymous_0)
FNF:1
FNH:0
FNDA:0,(anonymous_0)
DA:1,1
DA:2,1
DA:3,1
DA:4,1
DA:7,1
DA:13,1
DA:14,0
DA:15,0
DA:21,0
DA:22,0
DA:23,0
DA:24,0
DA:26,0
DA:31,0
DA:32,0
DA:33,0
DA:35,0
DA:38,0
DA:43,0
DA:44,0
DA:51,1
LF:21
LH:7
BRDA:21,0,0,0
BRDA:21,0,1,0
BRDA:31,1,0,0
BRDA:31,1,1,0
BRF:4
BRH:0
end_of_record
TN:
SF:src\Routes\userProfileRoutes.js
FN:7,(anonymous_0)
FNF:1
FNH:1
FNDA:7,(anonymous_0)
DA:1,1
DA:2,1
DA:3,1
DA:4,1
DA:7,1
DA:9,7
DA:10,7
DA:12,7
DA:13,7
DA:15,7
DA:16,7
DA:19,0
DA:24,1
DA:27,1
DA:30,1
DA:32,1
LF:16
LH:15
BRDA:12,0,0,7
BRDA:12,0,1,0
BRDA:12,1,0,7
BRDA:12,1,1,7
BRF:4
BRH:3
end_of_record
TN:
SF:src\Utils\multerConfig.js
FN:5,(anonymous_0)
FN:8,(anonymous_1)
FN:13,(anonymous_2)
FNF:3
FNH:0
FNDA:0,(anonymous_0)
FNDA:0,(anonymous_1)
FNDA:0,(anonymous_2)
DA:1,2
DA:2,2
DA:4,2
DA:6,0
DA:9,0
DA:13,2
DA:14,0
DA:15,0
DA:17,0
DA:21,2
DA:29,2
LF:11
LH:6
BRDA:14,0,0,0
BRDA:14,0,1,0
BRF:2
BRH:0
end_of_record
TN:
SF:src\Utils\uploadHandler.js
FN:14,(anonymous_0)
FN:17,(anonymous_1)
FN:23,(anonymous_2)
FN:49,(anonymous_3)
FNF:4
FNH:0
FNDA:0,(anonymous_0)
FNDA:0,(anonymous_1)
FNDA:0,(anonymous_2)
FNDA:0,(anonymous_3)
DA:1,1
DA:2,1
DA:3,1
DA:6,1
DA:13,1
DA:15,0
DA:18,0
DA:23,1
DA:24,0
DA:26,0
DA:27,0
DA:28,0
DA:30,0
DA:32,0
DA:33,0
DA:34,0
DA:37,0
DA:40,1
DA:49,1
DA:50,0
DA:51,0
DA:55,0
DA:57,0
DA:58,0
DA:62,1
LF:25
LH:9
BRDA:24,0,0,0
BRDA:24,0,1,0
BRDA:26,1,0,0
BRDA:26,1,1,0
BRDA:30,2,0,0
BRDA:30,2,1,0
BRDA:32,3,0,0
BRDA:32,3,1,0
BRDA:52,4,0,0
BRDA:52,4,1,0
BRF:10
BRH:0
end_of_record
TN:
SF:tests\mocks\models.js
FN:7,(anonymous_0)
FN:22,(anonymous_1)
FN:40,(anonymous_2)
FN:59,(anonymous_3)
FNF:4
FNH:4
FNDA:3,(anonymous_0)
FNDA:3,(anonymous_1)
FNDA:1,(anonymous_2)
FNDA:3,(anonymous_3)
DA:1,14
DA:4,14
DA:7,14
DA:8,3
DA:9,3
DA:19,3
DA:22,14
DA:23,3
DA:24,3
DA:37,3
DA:40,14
DA:41,1
DA:42,1
DA:56,1
DA:59,14
DA:60,3
DA:61,3
DA:73,3
LF:18
LH:18
BRF:0
BRH:0
end_of_record
TN:
SF:tests\mocks\popularRoute.mock.js
FNF:0
FNH:0
DA:1,14
DA:3,14
DA:18,14
LF:3
LH:3
BRF:0
BRH:0
end_of_record
TN:
SF:tests\mocks\services.js
FN:2,(anonymous_0)
FN:15,(anonymous_1)
FN:20,(anonymous_2)
FN:29,(anonymous_3)
FNF:4
FNH:3
FNDA:11,(anonymous_0)
FNDA:5,(anonymous_1)
FNDA:0,(anonymous_2)
FNDA:11,(anonymous_3)
DA:2,14
DA:15,14
DA:20,0
DA:29,14
DA:30,11
DA:31,11
LF:6
LH:5
BRF:0
BRH:0
end_of_record
