{"C:\\Users\\AFLAL\\Desktop\\VelociRoute\\VelociRoute\\Mobile\\app\\_layout.jsx": {"path":"C:\\Users\\AFLAL\\Desktop\\VelociRoute\\VelociRoute\\Mobile\\app\\_layout.jsx","statementMap":{"0":{"start":{"line":7,"column":2},"end":{"line":24,"column":4}}},"fnMap":{"0":{"name":"RootLayout","decl":{"start":{"line":6,"column":24},"end":{"line":6,"column":34}},"loc":{"start":{"line":6,"column":37},"end":{"line":25,"column":1}},"line":6}},"branchMap":{},"s":{"0":0},"f":{"0":0},"b":{}}
,"C:\\Users\\AFLAL\\Desktop\\VelociRoute\\VelociRoute\\Mobile\\app\\route.jsx": {"path":"C:\\Users\\AFLAL\\Desktop\\VelociRoute\\VelociRoute\\Mobile\\app\\route.jsx","statementMap":{"0":{"start":{"line":13,"column":20},"end":{"line":463,"column":1}},"1":{"start":{"line":14,"column":17},"end":{"line":14,"column":28}},"2":{"start":{"line":15,"column":17},"end":{"line":15,"column":39}},"3":{"start":{"line":16,"column":36},"end":{"line":16,"column":48}},"4":{"start":{"line":17,"column":36},"end":{"line":17,"column":50}},"5":{"start":{"line":18,"column":21},"end":{"line":18,"column":52}},"6":{"start":{"line":21,"column":27},"end":{"line":21,"column":93}},"7":{"start":{"line":22,"column":23},"end":{"line":22,"column":83}},"8":{"start":{"line":23,"column":27},"end":{"line":23,"column":93}},"9":{"start":{"line":24,"column":24},"end":{"line":24,"column":49}},"10":{"start":{"line":25,"column":27},"end":{"line":25,"column":63}},"11":{"start":{"line":28,"column":42},"end":{"line":28,"column":62}},"12":{"start":{"line":29,"column":46},"end":{"line":29,"column":61}},"13":{"start":{"line":30,"column":40},"end":{"line":30,"column":54}},"14":{"start":{"line":31,"column":32},"end":{"line":31,"column":47}},"15":{"start":{"line":32,"column":28},"end":{"line":32,"column":42}},"16":{"start":{"line":34,"column":25},"end":{"line":54,"column":3}},"17":{"start":{"line":36,"column":4},"end":{"line":53,"column":5}},"18":{"start":{"line":38,"column":8},"end":{"line":38,"column":49}},"19":{"start":{"line":41,"column":8},"end":{"line":41,"column":55}},"20":{"start":{"line":44,"column":8},"end":{"line":44,"column":51}},"21":{"start":{"line":47,"column":8},"end":{"line":47,"column":56}},"22":{"start":{"line":50,"column":8},"end":{"line":50,"column":55}},"23":{"start":{"line":52,"column":8},"end":{"line":52,"column":49}},"24":{"start":{"line":56,"column":34},"end":{"line":70,"column":3}},"25":{"start":{"line":58,"column":23},"end":{"line":68,"column":5}},"26":{"start":{"line":69,"column":4},"end":{"line":69,"column":39}},"27":{"start":{"line":72,"column":23},"end":{"line":76,"column":3}},"28":{"start":{"line":73,"column":4},"end":{"line":73,"column":26}},"29":{"start":{"line":74,"column":4},"end":{"line":74,"column":29}},"30":{"start":{"line":75,"column":4},"end":{"line":75,"column":27}},"31":{"start":{"line":78,"column":27},"end":{"line":122,"column":3}},"32":{"start":{"line":79,"column":4},"end":{"line":79,"column":41}},"33":{"start":{"line":79,"column":34},"end":{"line":79,"column":41}},"34":{"start":{"line":81,"column":4},"end":{"line":81,"column":21}},"35":{"start":{"line":82,"column":4},"end":{"line":82,"column":19}},"36":{"start":{"line":83,"column":21},"end":{"line":83,"column":66}},"37":{"start":{"line":85,"column":4},"end":{"line":121,"column":5}},"38":{"start":{"line":86,"column":23},"end":{"line":88,"column":7}},"39":{"start":{"line":90,"column":6},"end":{"line":92,"column":7}},"40":{"start":{"line":91,"column":8},"end":{"line":91,"column":54}},"41":{"start":{"line":94,"column":19},"end":{"line":94,"column":40}},"42":{"start":{"line":96,"column":6},"end":{"line":98,"column":7}},"43":{"start":{"line":97,"column":8},"end":{"line":97,"column":55}},"44":{"start":{"line":100,"column":28},"end":{"line":100,"column":61}},"45":{"start":{"line":101,"column":23},"end":{"line":103,"column":7}},"46":{"start":{"line":102,"column":15},"end":{"line":102,"column":70}},"47":{"start":{"line":105,"column":6},"end":{"line":114,"column":7}},"48":{"start":{"line":106,"column":8},"end":{"line":111,"column":11}},"49":{"start":{"line":113,"column":8},"end":{"line":113,"column":67}},"50":{"start":{"line":116,"column":6},"end":{"line":116,"column":54}},"51":{"start":{"line":117,"column":6},"end":{"line":117,"column":30}},"52":{"start":{"line":118,"column":6},"end":{"line":118,"column":27}},"53":{"start":{"line":120,"column":6},"end":{"line":120,"column":24}},"54":{"start":{"line":124,"column":23},"end":{"line":146,"column":3}},"55":{"start":{"line":125,"column":4},"end":{"line":125,"column":51}},"56":{"start":{"line":125,"column":39},"end":{"line":125,"column":51}},"57":{"start":{"line":127,"column":17},"end":{"line":127,"column":45}},"58":{"start":{"line":128,"column":17},"end":{"line":128,"column":45}},"59":{"start":{"line":129,"column":17},"end":{"line":129,"column":46}},"60":{"start":{"line":130,"column":17},"end":{"line":130,"column":46}},"61":{"start":{"line":132,"column":4},"end":{"line":137,"column":7}},"62":{"start":{"line":133,"column":6},"end":{"line":133,"column":48}},"63":{"start":{"line":134,"column":6},"end":{"line":134,"column":48}},"64":{"start":{"line":135,"column":6},"end":{"line":135,"column":49}},"65":{"start":{"line":136,"column":6},"end":{"line":136,"column":49}},"66":{"start":{"line":139,"column":20},"end":{"line":139,"column":23}},"67":{"start":{"line":140,"column":4},"end":{"line":145,"column":6}},"68":{"start":{"line":148,"column":28},"end":{"line":164,"column":3}},"69":{"start":{"line":149,"column":4},"end":{"line":163,"column":5}},"70":{"start":{"line":150,"column":6},"end":{"line":161,"column":17}},"71":{"start":{"line":162,"column":6},"end":{"line":162,"column":26}},"72":{"start":{"line":166,"column":2},"end":{"line":462,"column":4}},"73":{"start":{"line":172,"column":12},"end":{"line":178,"column":14}},"74":{"start":{"line":177,"column":29},"end":{"line":177,"column":42}},"75":{"start":{"line":216,"column":31},"end":{"line":216,"column":49}},"76":{"start":{"line":296,"column":20},"end":{"line":296,"column":100}},"77":{"start":{"line":300,"column":44},"end":{"line":300,"column":76}},"78":{"start":{"line":311,"column":42},"end":{"line":311,"column":74}},"79":{"start":{"line":312,"column":47},"end":{"line":312,"column":74}},"80":{"start":{"line":321,"column":43},"end":{"line":321,"column":66}},"81":{"start":{"line":344,"column":31},"end":{"line":344,"column":54}},"82":{"start":{"line":353,"column":64},"end":{"line":353,"column":88}},"83":{"start":{"line":359,"column":37},"end":{"line":359,"column":47}},"84":{"start":{"line":360,"column":24},"end":{"line":360,"column":57}},"85":{"start":{"line":361,"column":24},"end":{"line":383,"column":26}},"86":{"start":{"line":368,"column":43},"end":{"line":368,"column":61}},"87":{"start":{"line":389,"column":41},"end":{"line":389,"column":65}},"88":{"start":{"line":405,"column":33},"end":{"line":405,"column":63}},"89":{"start":{"line":465,"column":15},"end":{"line":696,"column":2}}},"fnMap":{"0":{"name":"(anonymous_0)","decl":{"start":{"line":13,"column":20},"end":{"line":13,"column":21}},"loc":{"start":{"line":13,"column":26},"end":{"line":463,"column":1}},"line":13},"1":{"name":"(anonymous_1)","decl":{"start":{"line":34,"column":25},"end":{"line":34,"column":26}},"loc":{"start":{"line":34,"column":42},"end":{"line":54,"column":3}},"line":34},"2":{"name":"(anonymous_2)","decl":{"start":{"line":56,"column":34},"end":{"line":56,"column":35}},"loc":{"start":{"line":56,"column":44},"end":{"line":70,"column":3}},"line":56},"3":{"name":"(anonymous_3)","decl":{"start":{"line":72,"column":23},"end":{"line":72,"column":24}},"loc":{"start":{"line":72,"column":33},"end":{"line":76,"column":3}},"line":72},"4":{"name":"(anonymous_4)","decl":{"start":{"line":78,"column":27},"end":{"line":78,"column":28}},"loc":{"start":{"line":78,"column":43},"end":{"line":122,"column":3}},"line":78},"5":{"name":"(anonymous_5)","decl":{"start":{"line":102,"column":8},"end":{"line":102,"column":9}},"loc":{"start":{"line":102,"column":15},"end":{"line":102,"column":70}},"line":102},"6":{"name":"(anonymous_6)","decl":{"start":{"line":124,"column":23},"end":{"line":124,"column":24}},"loc":{"start":{"line":124,"column":29},"end":{"line":146,"column":3}},"line":124},"7":{"name":"(anonymous_7)","decl":{"start":{"line":132,"column":29},"end":{"line":132,"column":30}},"loc":{"start":{"line":132,"column":38},"end":{"line":137,"column":5}},"line":132},"8":{"name":"(anonymous_8)","decl":{"start":{"line":148,"column":28},"end":{"line":148,"column":29}},"loc":{"start":{"line":148,"column":34},"end":{"line":164,"column":3}},"line":148},"9":{"name":"(anonymous_9)","decl":{"start":{"line":171,"column":22},"end":{"line":171,"column":23}},"loc":{"start":{"line":172,"column":12},"end":{"line":178,"column":14}},"line":172},"10":{"name":"(anonymous_10)","decl":{"start":{"line":177,"column":23},"end":{"line":177,"column":24}},"loc":{"start":{"line":177,"column":29},"end":{"line":177,"column":42}},"line":177},"11":{"name":"(anonymous_11)","decl":{"start":{"line":216,"column":25},"end":{"line":216,"column":26}},"loc":{"start":{"line":216,"column":31},"end":{"line":216,"column":49}},"line":216},"12":{"name":"(anonymous_12)","decl":{"start":{"line":295,"column":48},"end":{"line":295,"column":49}},"loc":{"start":{"line":296,"column":20},"end":{"line":296,"column":100}},"line":296},"13":{"name":"(anonymous_13)","decl":{"start":{"line":300,"column":27},"end":{"line":300,"column":28}},"loc":{"start":{"line":300,"column":44},"end":{"line":300,"column":76}},"line":300},"14":{"name":"(anonymous_14)","decl":{"start":{"line":311,"column":25},"end":{"line":311,"column":26}},"loc":{"start":{"line":311,"column":42},"end":{"line":311,"column":74}},"line":311},"15":{"name":"(anonymous_15)","decl":{"start":{"line":312,"column":30},"end":{"line":312,"column":31}},"loc":{"start":{"line":312,"column":47},"end":{"line":312,"column":74}},"line":312},"16":{"name":"(anonymous_16)","decl":{"start":{"line":321,"column":32},"end":{"line":321,"column":33}},"loc":{"start":{"line":321,"column":43},"end":{"line":321,"column":66}},"line":321},"17":{"name":"(anonymous_17)","decl":{"start":{"line":344,"column":25},"end":{"line":344,"column":26}},"loc":{"start":{"line":344,"column":31},"end":{"line":344,"column":54}},"line":344},"18":{"name":"(anonymous_18)","decl":{"start":{"line":353,"column":58},"end":{"line":353,"column":59}},"loc":{"start":{"line":353,"column":64},"end":{"line":353,"column":88}},"line":353},"19":{"name":"(anonymous_19)","decl":{"start":{"line":358,"column":50},"end":{"line":358,"column":51}},"loc":{"start":{"line":358,"column":60},"end":{"line":384,"column":23}},"line":358},"20":{"name":"(anonymous_20)","decl":{"start":{"line":368,"column":37},"end":{"line":368,"column":38}},"loc":{"start":{"line":368,"column":43},"end":{"line":368,"column":61}},"line":368},"21":{"name":"(anonymous_21)","decl":{"start":{"line":389,"column":35},"end":{"line":389,"column":36}},"loc":{"start":{"line":389,"column":41},"end":{"line":389,"column":65}},"line":389},"22":{"name":"(anonymous_22)","decl":{"start":{"line":405,"column":27},"end":{"line":405,"column":28}},"loc":{"start":{"line":405,"column":33},"end":{"line":405,"column":63}},"line":405},"23":{"name":"(anonymous_23)","decl":{"start":{"line":443,"column":21},"end":{"line":443,"column":22}},"loc":{"start":{"line":443,"column":27},"end":{"line":443,"column":73}},"line":443},"24":{"name":"(anonymous_24)","decl":{"start":{"line":451,"column":21},"end":{"line":451,"column":22}},"loc":{"start":{"line":451,"column":27},"end":{"line":451,"column":75}},"line":451}},"branchMap":{"0":{"loc":{"start":{"line":21,"column":27},"end":{"line":21,"column":93}},"type":"cond-expr","locations":[{"start":{"line":21,"column":53},"end":{"line":21,"column":88}},{"start":{"line":21,"column":91},"end":{"line":21,"column":93}}],"line":21},"1":{"loc":{"start":{"line":22,"column":23},"end":{"line":22,"column":83}},"type":"cond-expr","locations":[{"start":{"line":22,"column":45},"end":{"line":22,"column":76}},{"start":{"line":22,"column":79},"end":{"line":22,"column":83}}],"line":22},"2":{"loc":{"start":{"line":23,"column":27},"end":{"line":23,"column":93}},"type":"cond-expr","locations":[{"start":{"line":23,"column":53},"end":{"line":23,"column":88}},{"start":{"line":23,"column":91},"end":{"line":23,"column":93}}],"line":23},"3":{"loc":{"start":{"line":24,"column":24},"end":{"line":24,"column":49}},"type":"binary-expr","locations":[{"start":{"line":24,"column":24},"end":{"line":24,"column":44}},{"start":{"line":24,"column":48},"end":{"line":24,"column":49}}],"line":24},"4":{"loc":{"start":{"line":25,"column":27},"end":{"line":25,"column":63}},"type":"binary-expr","locations":[{"start":{"line":25,"column":27},"end":{"line":25,"column":50}},{"start":{"line":25,"column":54},"end":{"line":25,"column":63}}],"line":25},"5":{"loc":{"start":{"line":36,"column":4},"end":{"line":53,"column":5}},"type":"switch","locations":[{"start":{"line":37,"column":6},"end":{"line":38,"column":49}},{"start":{"line":39,"column":6},"end":{"line":39,"column":16}},{"start":{"line":40,"column":6},"end":{"line":41,"column":55}},{"start":{"line":42,"column":6},"end":{"line":42,"column":16}},{"start":{"line":43,"column":6},"end":{"line":44,"column":51}},{"start":{"line":45,"column":6},"end":{"line":45,"column":16}},{"start":{"line":46,"column":6},"end":{"line":47,"column":56}},{"start":{"line":48,"column":6},"end":{"line":48,"column":16}},{"start":{"line":49,"column":6},"end":{"line":50,"column":55}},{"start":{"line":51,"column":6},"end":{"line":52,"column":49}}],"line":36},"6":{"loc":{"start":{"line":69,"column":11},"end":{"line":69,"column":38}},"type":"binary-expr","locations":[{"start":{"line":69,"column":11},"end":{"line":69,"column":27}},{"start":{"line":69,"column":31},"end":{"line":69,"column":38}}],"line":69},"7":{"loc":{"start":{"line":79,"column":4},"end":{"line":79,"column":41}},"type":"if","locations":[{"start":{"line":79,"column":4},"end":{"line":79,"column":41}},{"start":{},"end":{}}],"line":79},"8":{"loc":{"start":{"line":90,"column":6},"end":{"line":92,"column":7}},"type":"if","locations":[{"start":{"line":90,"column":6},"end":{"line":92,"column":7}},{"start":{},"end":{}}],"line":90},"9":{"loc":{"start":{"line":96,"column":6},"end":{"line":98,"column":7}},"type":"if","locations":[{"start":{"line":96,"column":6},"end":{"line":98,"column":7}},{"start":{},"end":{}}],"line":96},"10":{"loc":{"start":{"line":96,"column":10},"end":{"line":96,"column":50}},"type":"binary-expr","locations":[{"start":{"line":96,"column":10},"end":{"line":96,"column":25}},{"start":{"line":96,"column":29},"end":{"line":96,"column":50}}],"line":96},"11":{"loc":{"start":{"line":105,"column":6},"end":{"line":114,"column":7}},"type":"if","locations":[{"start":{"line":105,"column":6},"end":{"line":114,"column":7}},{"start":{"line":112,"column":13},"end":{"line":114,"column":7}}],"line":105},"12":{"loc":{"start":{"line":125,"column":4},"end":{"line":125,"column":51}},"type":"if","locations":[{"start":{"line":125,"column":4},"end":{"line":125,"column":51}},{"start":{},"end":{}}],"line":125},"13":{"loc":{"start":{"line":149,"column":4},"end":{"line":163,"column":5}},"type":"if","locations":[{"start":{"line":149,"column":4},"end":{"line":163,"column":5}},{"start":{},"end":{}}],"line":149},"14":{"loc":{"start":{"line":191,"column":11},"end":{"line":221,"column":11}},"type":"cond-expr","locations":[{"start":{"line":192,"column":12},"end":{"line":210,"column":19}},{"start":{"line":212,"column":12},"end":{"line":220,"column":28}}],"line":191},"15":{"loc":{"start":{"line":202,"column":15},"end":{"line":209,"column":15}},"type":"binary-expr","locations":[{"start":{"line":202,"column":15},"end":{"line":202,"column":42}},{"start":{"line":203,"column":16},"end":{"line":208,"column":35}}],"line":202},"16":{"loc":{"start":{"line":230,"column":13},"end":{"line":236,"column":13}},"type":"binary-expr","locations":[{"start":{"line":230,"column":13},"end":{"line":230,"column":40}},{"start":{"line":231,"column":14},"end":{"line":235,"column":16}}],"line":230},"17":{"loc":{"start":{"line":237,"column":13},"end":{"line":250,"column":13}},"type":"binary-expr","locations":[{"start":{"line":237,"column":13},"end":{"line":237,"column":40}},{"start":{"line":238,"column":14},"end":{"line":249,"column":17}}],"line":237},"18":{"loc":{"start":{"line":260,"column":17},"end":{"line":260,"column":66}},"type":"binary-expr","locations":[{"start":{"line":260,"column":17},"end":{"line":260,"column":56}},{"start":{"line":260,"column":60},"end":{"line":260,"column":66}}],"line":260},"19":{"loc":{"start":{"line":268,"column":17},"end":{"line":268,"column":67}},"type":"binary-expr","locations":[{"start":{"line":268,"column":17},"end":{"line":268,"column":56}},{"start":{"line":268,"column":60},"end":{"line":268,"column":67}}],"line":268},"20":{"loc":{"start":{"line":276,"column":17},"end":{"line":276,"column":70}},"type":"cond-expr","locations":[{"start":{"line":276,"column":50},"end":{"line":276,"column":59}},{"start":{"line":276,"column":62},"end":{"line":276,"column":70}}],"line":276},"21":{"loc":{"start":{"line":289,"column":9},"end":{"line":335,"column":9}},"type":"binary-expr","locations":[{"start":{"line":289,"column":9},"end":{"line":289,"column":36}},{"start":{"line":290,"column":10},"end":{"line":334,"column":17}}],"line":289},"22":{"loc":{"start":{"line":296,"column":30},"end":{"line":296,"column":75}},"type":"binary-expr","locations":[{"start":{"line":296,"column":30},"end":{"line":296,"column":70}},{"start":{"line":296,"column":74},"end":{"line":296,"column":75}}],"line":296},"23":{"loc":{"start":{"line":300,"column":28},"end":{"line":300,"column":39}},"type":"default-arg","locations":[{"start":{"line":300,"column":38},"end":{"line":300,"column":39}}],"line":300},"24":{"loc":{"start":{"line":311,"column":26},"end":{"line":311,"column":37}},"type":"default-arg","locations":[{"start":{"line":311,"column":36},"end":{"line":311,"column":37}}],"line":311},"25":{"loc":{"start":{"line":312,"column":31},"end":{"line":312,"column":42}},"type":"default-arg","locations":[{"start":{"line":312,"column":41},"end":{"line":312,"column":42}}],"line":312},"26":{"loc":{"start":{"line":366,"column":30},"end":{"line":366,"column":93}},"type":"binary-expr","locations":[{"start":{"line":366,"column":30},"end":{"line":366,"column":70}},{"start":{"line":366,"column":74},"end":{"line":366,"column":93}}],"line":366},"27":{"loc":{"start":{"line":372,"column":30},"end":{"line":372,"column":97}},"type":"binary-expr","locations":[{"start":{"line":372,"column":30},"end":{"line":372,"column":70}},{"start":{"line":372,"column":74},"end":{"line":372,"column":97}}],"line":372},"28":{"loc":{"start":{"line":378,"column":30},"end":{"line":378,"column":97}},"type":"binary-expr","locations":[{"start":{"line":378,"column":30},"end":{"line":378,"column":70}},{"start":{"line":378,"column":74},"end":{"line":378,"column":97}}],"line":378},"29":{"loc":{"start":{"line":394,"column":13},"end":{"line":435,"column":13}},"type":"cond-expr","locations":[{"start":{"line":395,"column":14},"end":{"line":398,"column":21}},{"start":{"line":399,"column":16},"end":{"line":435,"column":13}}],"line":394},"30":{"loc":{"start":{"line":399,"column":16},"end":{"line":435,"column":13}},"type":"cond-expr","locations":[{"start":{"line":400,"column":14},"end":{"line":410,"column":21}},{"start":{"line":411,"column":16},"end":{"line":435,"column":13}}],"line":399},"31":{"loc":{"start":{"line":411,"column":16},"end":{"line":435,"column":13}},"type":"binary-expr","locations":[{"start":{"line":411,"column":16},"end":{"line":411,"column":27}},{"start":{"line":412,"column":14},"end":{"line":434,"column":21}}],"line":411}},"s":{"0":0,"1":0,"2":0,"3":0,"4":0,"5":0,"6":0,"7":0,"8":0,"9":0,"10":0,"11":0,"12":0,"13":0,"14":0,"15":0,"16":0,"17":0,"18":0,"19":0,"20":0,"21":0,"22":0,"23":0,"24":0,"25":0,"26":0,"27":0,"28":0,"29":0,"30":0,"31":0,"32":0,"33":0,"34":0,"35":0,"36":0,"37":0,"38":0,"39":0,"40":0,"41":0,"42":0,"43":0,"44":0,"45":0,"46":0,"47":0,"48":0,"49":0,"50":0,"51":0,"52":0,"53":0,"54":0,"55":0,"56":0,"57":0,"58":0,"59":0,"60":0,"61":0,"62":0,"63":0,"64":0,"65":0,"66":0,"67":0,"68":0,"69":0,"70":0,"71":0,"72":0,"73":0,"74":0,"75":0,"76":0,"77":0,"78":0,"79":0,"80":0,"81":0,"82":0,"83":0,"84":0,"85":0,"86":0,"87":0,"88":0,"89":0},"f":{"0":0,"1":0,"2":0,"3":0,"4":0,"5":0,"6":0,"7":0,"8":0,"9":0,"10":0,"11":0,"12":0,"13":0,"14":0,"15":0,"16":0,"17":0,"18":0,"19":0,"20":0,"21":0,"22":0,"23":0,"24":0},"b":{"0":[0,0],"1":[0,0],"2":[0,0],"3":[0,0],"4":[0,0],"5":[0,0,0,0,0,0,0,0,0,0],"6":[0,0],"7":[0,0],"8":[0,0],"9":[0,0],"10":[0,0],"11":[0,0],"12":[0,0],"13":[0,0],"14":[0,0],"15":[0,0],"16":[0,0],"17":[0,0],"18":[0,0],"19":[0,0],"20":[0,0],"21":[0,0],"22":[0,0],"23":[0],"24":[0],"25":[0],"26":[0,0],"27":[0,0],"28":[0,0],"29":[0,0],"30":[0,0],"31":[0,0]}}
,"C:\\Users\\AFLAL\\Desktop\\VelociRoute\\VelociRoute\\Mobile\\app\\(app)\\_layout.jsx": {"path":"C:\\Users\\AFLAL\\Desktop\\VelociRoute\\VelociRoute\\Mobile\\app\\(app)\\_layout.jsx","statementMap":{"0":{"start":{"line":7,"column":19},"end":{"line":7,"column":28}},"1":{"start":{"line":10,"column":2},"end":{"line":12,"column":3}},"2":{"start":{"line":11,"column":4},"end":{"line":11,"column":38}},"3":{"start":{"line":14,"column":2},"end":{"line":37,"column":4}}},"fnMap":{"0":{"name":"AppLayout","decl":{"start":{"line":6,"column":24},"end":{"line":6,"column":33}},"loc":{"start":{"line":6,"column":36},"end":{"line":38,"column":1}},"line":6}},"branchMap":{"0":{"loc":{"start":{"line":10,"column":2},"end":{"line":12,"column":3}},"type":"if","locations":[{"start":{"line":10,"column":2},"end":{"line":12,"column":3}},{"start":{},"end":{}}],"line":10}},"s":{"0":0,"1":0,"2":0,"3":0},"f":{"0":0},"b":{"0":[0,0]}}
,"C:\\Users\\AFLAL\\Desktop\\VelociRoute\\VelociRoute\\Mobile\\app\\(app)\\editProfile.jsx": {"path":"C:\\Users\\AFLAL\\Desktop\\VelociRoute\\VelociRoute\\Mobile\\app\\(app)\\editProfile.jsx","statementMap":{"0":{"start":{"line":17,"column":28},"end":{"line":17,"column":69}},"1":{"start":{"line":18,"column":14},"end":{"line":18,"column":42}},"2":{"start":{"line":21,"column":30},"end":{"line":21,"column":94}},"3":{"start":{"line":22,"column":33},"end":{"line":22,"column":101}},"4":{"start":{"line":24,"column":0},"end":{"line":27,"column":3}},"5":{"start":{"line":29,"column":25},"end":{"line":34,"column":1}},"6":{"start":{"line":36,"column":20},"end":{"line":466,"column":1}},"7":{"start":{"line":37,"column":17},"end":{"line":37,"column":28}},"8":{"start":{"line":38,"column":36},"end":{"line":38,"column":51}},"9":{"start":{"line":39,"column":50},"end":{"line":39,"column":64}},"10":{"start":{"line":40,"column":42},"end":{"line":43,"column":4}},"11":{"start":{"line":44,"column":23},"end":{"line":44,"column":35}},"12":{"start":{"line":45,"column":22},"end":{"line":45,"column":34}},"13":{"start":{"line":46,"column":22},"end":{"line":46,"column":34}},"14":{"start":{"line":47,"column":22},"end":{"line":47,"column":34}},"15":{"start":{"line":49,"column":34},"end":{"line":56,"column":4}},"16":{"start":{"line":58,"column":2},"end":{"line":60,"column":9}},"17":{"start":{"line":59,"column":4},"end":{"line":59,"column":23}},"18":{"start":{"line":62,"column":27},"end":{"line":106,"column":3}},"19":{"start":{"line":63,"column":4},"end":{"line":105,"column":5}},"20":{"start":{"line":64,"column":6},"end":{"line":64,"column":32}},"21":{"start":{"line":65,"column":6},"end":{"line":65,"column":55}},"22":{"start":{"line":67,"column":19},"end":{"line":67,"column":35}},"23":{"start":{"line":68,"column":6},"end":{"line":71,"column":7}},"24":{"start":{"line":69,"column":8},"end":{"line":69,"column":47}},"25":{"start":{"line":70,"column":8},"end":{"line":70,"column":15}},"26":{"start":{"line":73,"column":20},"end":{"line":73,"column":43}},"27":{"start":{"line":74,"column":6},"end":{"line":77,"column":7}},"28":{"start":{"line":75,"column":8},"end":{"line":75,"column":55}},"29":{"start":{"line":76,"column":8},"end":{"line":76,"column":15}},"30":{"start":{"line":79,"column":6},"end":{"line":79,"column":73}},"31":{"start":{"line":81,"column":23},"end":{"line":86,"column":8}},"32":{"start":{"line":88,"column":6},"end":{"line":88,"column":46}},"33":{"start":{"line":90,"column":6},"end":{"line":99,"column":7}},"34":{"start":{"line":91,"column":8},"end":{"line":98,"column":11}},"35":{"start":{"line":101,"column":6},"end":{"line":101,"column":59}},"36":{"start":{"line":102,"column":6},"end":{"line":102,"column":58}},"37":{"start":{"line":104,"column":6},"end":{"line":104,"column":33}},"38":{"start":{"line":108,"column":21},"end":{"line":190,"column":3}},"39":{"start":{"line":109,"column":4},"end":{"line":111,"column":5}},"40":{"start":{"line":110,"column":6},"end":{"line":110,"column":13}},"41":{"start":{"line":113,"column":4},"end":{"line":189,"column":5}},"42":{"start":{"line":114,"column":6},"end":{"line":114,"column":25}},"43":{"start":{"line":116,"column":19},"end":{"line":116,"column":35}},"44":{"start":{"line":117,"column":6},"end":{"line":120,"column":7}},"45":{"start":{"line":118,"column":8},"end":{"line":118,"column":47}},"46":{"start":{"line":119,"column":8},"end":{"line":119,"column":15}},"47":{"start":{"line":122,"column":20},"end":{"line":122,"column":43}},"48":{"start":{"line":123,"column":6},"end":{"line":126,"column":7}},"49":{"start":{"line":124,"column":8},"end":{"line":124,"column":55}},"50":{"start":{"line":125,"column":8},"end":{"line":125,"column":15}},"51":{"start":{"line":129,"column":28},"end":{"line":129,"column":49}},"52":{"start":{"line":130,"column":26},"end":{"line":130,"column":45}},"53":{"start":{"line":133,"column":6},"end":{"line":143,"column":7}},"54":{"start":{"line":134,"column":8},"end":{"line":142,"column":9}},"55":{"start":{"line":135,"column":10},"end":{"line":135,"column":62}},"56":{"start":{"line":136,"column":10},"end":{"line":136,"column":66}},"57":{"start":{"line":137,"column":10},"end":{"line":137,"column":66}},"58":{"start":{"line":139,"column":10},"end":{"line":139,"column":66}},"59":{"start":{"line":140,"column":10},"end":{"line":140,"column":65}},"60":{"start":{"line":141,"column":10},"end":{"line":141,"column":17}},"61":{"start":{"line":145,"column":6},"end":{"line":155,"column":7}},"62":{"start":{"line":146,"column":8},"end":{"line":154,"column":9}},"63":{"start":{"line":147,"column":10},"end":{"line":147,"column":60}},"64":{"start":{"line":148,"column":10},"end":{"line":148,"column":62}},"65":{"start":{"line":149,"column":10},"end":{"line":149,"column":62}},"66":{"start":{"line":151,"column":10},"end":{"line":151,"column":64}},"67":{"start":{"line":152,"column":10},"end":{"line":152,"column":63}},"68":{"start":{"line":153,"column":10},"end":{"line":153,"column":17}},"69":{"start":{"line":158,"column":26},"end":{"line":165,"column":7}},"70":{"start":{"line":167,"column":6},"end":{"line":167,"column":60}},"71":{"start":{"line":168,"column":6},"end":{"line":168,"column":39}},"72":{"start":{"line":170,"column":23},"end":{"line":175,"column":8}},"73":{"start":{"line":177,"column":6},"end":{"line":177,"column":46}},"74":{"start":{"line":179,"column":6},"end":{"line":183,"column":7}},"75":{"start":{"line":180,"column":8},"end":{"line":182,"column":11}},"76":{"start":{"line":181,"column":39},"end":{"line":181,"column":52}},"77":{"start":{"line":185,"column":6},"end":{"line":185,"column":54}},"78":{"start":{"line":186,"column":6},"end":{"line":186,"column":71}},"79":{"start":{"line":188,"column":6},"end":{"line":188,"column":26}},"80":{"start":{"line":192,"column":23},"end":{"line":202,"column":3}},"81":{"start":{"line":193,"column":4},"end":{"line":196,"column":5}},"82":{"start":{"line":194,"column":6},"end":{"line":194,"column":53}},"83":{"start":{"line":195,"column":6},"end":{"line":195,"column":19}},"84":{"start":{"line":197,"column":4},"end":{"line":200,"column":5}},"85":{"start":{"line":198,"column":6},"end":{"line":198,"column":52}},"86":{"start":{"line":199,"column":6},"end":{"line":199,"column":19}},"87":{"start":{"line":201,"column":4},"end":{"line":201,"column":16}},"88":{"start":{"line":204,"column":25},"end":{"line":266,"column":3}},"89":{"start":{"line":205,"column":4},"end":{"line":265,"column":5}},"90":{"start":{"line":206,"column":6},"end":{"line":206,"column":53}},"91":{"start":{"line":208,"column":19},"end":{"line":208,"column":35}},"92":{"start":{"line":209,"column":6},"end":{"line":212,"column":7}},"93":{"start":{"line":210,"column":8},"end":{"line":210,"column":47}},"94":{"start":{"line":211,"column":8},"end":{"line":211,"column":48}},"95":{"start":{"line":214,"column":20},"end":{"line":214,"column":43}},"96":{"start":{"line":215,"column":6},"end":{"line":218,"column":7}},"97":{"start":{"line":216,"column":8},"end":{"line":216,"column":55}},"98":{"start":{"line":217,"column":8},"end":{"line":217,"column":48}},"99":{"start":{"line":221,"column":23},"end":{"line":221,"column":39}},"100":{"start":{"line":222,"column":19},"end":{"line":222,"column":40}},"101":{"start":{"line":224,"column":6},"end":{"line":261,"column":9}},"102":{"start":{"line":225,"column":23},"end":{"line":225,"column":39}},"103":{"start":{"line":226,"column":8},"end":{"line":255,"column":10}},"104":{"start":{"line":227,"column":10},"end":{"line":254,"column":11}},"105":{"start":{"line":229,"column":30},"end":{"line":229,"column":43}},"106":{"start":{"line":230,"column":31},"end":{"line":230,"column":54}},"107":{"start":{"line":231,"column":12},"end":{"line":231,"column":77}},"108":{"start":{"line":234,"column":35},"end":{"line":242,"column":14}},"109":{"start":{"line":244,"column":12},"end":{"line":244,"column":65}},"110":{"start":{"line":246,"column":12},"end":{"line":248,"column":13}},"111":{"start":{"line":247,"column":14},"end":{"line":247,"column":61}},"112":{"start":{"line":250,"column":12},"end":{"line":250,"column":45}},"113":{"start":{"line":252,"column":12},"end":{"line":252,"column":61}},"114":{"start":{"line":253,"column":12},"end":{"line":253,"column":26}},"115":{"start":{"line":256,"column":8},"end":{"line":259,"column":10}},"116":{"start":{"line":257,"column":10},"end":{"line":257,"column":54}},"117":{"start":{"line":258,"column":10},"end":{"line":258,"column":24}},"118":{"start":{"line":260,"column":8},"end":{"line":260,"column":35}},"119":{"start":{"line":263,"column":6},"end":{"line":263,"column":50}},"120":{"start":{"line":264,"column":6},"end":{"line":264,"column":18}},"121":{"start":{"line":268,"column":20},"end":{"line":321,"column":3}},"122":{"start":{"line":269,"column":4},"end":{"line":320,"column":5}},"123":{"start":{"line":270,"column":6},"end":{"line":270,"column":25}},"124":{"start":{"line":273,"column":25},"end":{"line":273,"column":80}},"125":{"start":{"line":274,"column":6},"end":{"line":277,"column":7}},"126":{"start":{"line":275,"column":8},"end":{"line":275,"column":102}},"127":{"start":{"line":276,"column":8},"end":{"line":276,"column":15}},"128":{"start":{"line":280,"column":22},"end":{"line":286,"column":7}},"129":{"start":{"line":288,"column":21},"end":{"line":288,"column":71}},"130":{"start":{"line":290,"column":6},"end":{"line":314,"column":7}},"131":{"start":{"line":291,"column":30},"end":{"line":291,"column":46}},"132":{"start":{"line":292,"column":8},"end":{"line":297,"column":11}},"133":{"start":{"line":299,"column":8},"end":{"line":313,"column":9}},"134":{"start":{"line":301,"column":10},"end":{"line":301,"column":62}},"135":{"start":{"line":302,"column":28},"end":{"line":302,"column":67}},"136":{"start":{"line":303,"column":10},"end":{"line":303,"column":60}},"137":{"start":{"line":306,"column":10},"end":{"line":309,"column":14}},"138":{"start":{"line":306,"column":31},"end":{"line":309,"column":11}},"139":{"start":{"line":311,"column":10},"end":{"line":311,"column":66}},"140":{"start":{"line":312,"column":10},"end":{"line":312,"column":91}},"141":{"start":{"line":316,"column":6},"end":{"line":316,"column":51}},"142":{"start":{"line":317,"column":6},"end":{"line":317,"column":70}},"143":{"start":{"line":319,"column":6},"end":{"line":319,"column":26}},"144":{"start":{"line":325,"column":2},"end":{"line":465,"column":4}},"145":{"start":{"line":350,"column":35},"end":{"line":350,"column":86}},"146":{"start":{"line":350,"column":60},"end":{"line":350,"column":84}},"147":{"start":{"line":351,"column":33},"end":{"line":351,"column":85}},"148":{"start":{"line":351,"column":58},"end":{"line":351,"column":83}},"149":{"start":{"line":353,"column":18},"end":{"line":353,"column":83}},"150":{"start":{"line":354,"column":18},"end":{"line":354,"column":71}},"151":{"start":{"line":354,"column":43},"end":{"line":354,"column":68}},"152":{"start":{"line":360,"column":31},"end":{"line":360,"column":49}},"153":{"start":{"line":382,"column":37},"end":{"line":382,"column":90}},"154":{"start":{"line":382,"column":62},"end":{"line":382,"column":88}},"155":{"start":{"line":383,"column":35},"end":{"line":383,"column":89}},"156":{"start":{"line":383,"column":60},"end":{"line":383,"column":87}},"157":{"start":{"line":385,"column":20},"end":{"line":385,"column":87}},"158":{"start":{"line":386,"column":20},"end":{"line":386,"column":75}},"159":{"start":{"line":386,"column":45},"end":{"line":386,"column":72}},"160":{"start":{"line":393,"column":33},"end":{"line":393,"column":53}},"161":{"start":{"line":408,"column":42},"end":{"line":408,"column":93}},"162":{"start":{"line":408,"column":63},"end":{"line":408,"column":91}},"163":{"start":{"line":410,"column":41},"end":{"line":410,"column":69}},"164":{"start":{"line":419,"column":42},"end":{"line":419,"column":92}},"165":{"start":{"line":419,"column":63},"end":{"line":419,"column":90}},"166":{"start":{"line":427,"column":46},"end":{"line":427,"column":106}},"167":{"start":{"line":427,"column":67},"end":{"line":427,"column":104}},"168":{"start":{"line":431,"column":22},"end":{"line":431,"column":98}},"169":{"start":{"line":442,"column":42},"end":{"line":442,"column":92}},"170":{"start":{"line":442,"column":63},"end":{"line":442,"column":90}},"171":{"start":{"line":468,"column":15},"end":{"line":654,"column":2}}},"fnMap":{"0":{"name":"(anonymous_0)","decl":{"start":{"line":36,"column":20},"end":{"line":36,"column":21}},"loc":{"start":{"line":36,"column":26},"end":{"line":466,"column":1}},"line":36},"1":{"name":"(anonymous_1)","decl":{"start":{"line":58,"column":12},"end":{"line":58,"column":13}},"loc":{"start":{"line":58,"column":18},"end":{"line":60,"column":3}},"line":58},"2":{"name":"(anonymous_2)","decl":{"start":{"line":62,"column":27},"end":{"line":62,"column":28}},"loc":{"start":{"line":62,"column":39},"end":{"line":106,"column":3}},"line":62},"3":{"name":"(anonymous_3)","decl":{"start":{"line":108,"column":21},"end":{"line":108,"column":22}},"loc":{"start":{"line":108,"column":33},"end":{"line":190,"column":3}},"line":108},"4":{"name":"(anonymous_4)","decl":{"start":{"line":181,"column":33},"end":{"line":181,"column":34}},"loc":{"start":{"line":181,"column":39},"end":{"line":181,"column":52}},"line":181},"5":{"name":"(anonymous_5)","decl":{"start":{"line":192,"column":23},"end":{"line":192,"column":24}},"loc":{"start":{"line":192,"column":29},"end":{"line":202,"column":3}},"line":192},"6":{"name":"(anonymous_6)","decl":{"start":{"line":204,"column":25},"end":{"line":204,"column":26}},"loc":{"start":{"line":204,"column":40},"end":{"line":266,"column":3}},"line":204},"7":{"name":"(anonymous_7)","decl":{"start":{"line":224,"column":25},"end":{"line":224,"column":26}},"loc":{"start":{"line":224,"column":46},"end":{"line":261,"column":7}},"line":224},"8":{"name":"(anonymous_8)","decl":{"start":{"line":226,"column":24},"end":{"line":226,"column":25}},"loc":{"start":{"line":226,"column":36},"end":{"line":255,"column":9}},"line":226},"9":{"name":"(anonymous_9)","decl":{"start":{"line":256,"column":25},"end":{"line":256,"column":26}},"loc":{"start":{"line":256,"column":36},"end":{"line":259,"column":9}},"line":256},"10":{"name":"(anonymous_10)","decl":{"start":{"line":268,"column":20},"end":{"line":268,"column":21}},"loc":{"start":{"line":268,"column":36},"end":{"line":321,"column":3}},"line":268},"11":{"name":"(anonymous_11)","decl":{"start":{"line":306,"column":22},"end":{"line":306,"column":23}},"loc":{"start":{"line":306,"column":31},"end":{"line":309,"column":11}},"line":306},"12":{"name":"(anonymous_12)","decl":{"start":{"line":350,"column":29},"end":{"line":350,"column":30}},"loc":{"start":{"line":350,"column":35},"end":{"line":350,"column":86}},"line":350},"13":{"name":"(anonymous_13)","decl":{"start":{"line":350,"column":51},"end":{"line":350,"column":52}},"loc":{"start":{"line":350,"column":60},"end":{"line":350,"column":84}},"line":350},"14":{"name":"(anonymous_14)","decl":{"start":{"line":351,"column":27},"end":{"line":351,"column":28}},"loc":{"start":{"line":351,"column":33},"end":{"line":351,"column":85}},"line":351},"15":{"name":"(anonymous_15)","decl":{"start":{"line":351,"column":49},"end":{"line":351,"column":50}},"loc":{"start":{"line":351,"column":58},"end":{"line":351,"column":83}},"line":351},"16":{"name":"(anonymous_16)","decl":{"start":{"line":352,"column":25},"end":{"line":352,"column":26}},"loc":{"start":{"line":352,"column":32},"end":{"line":355,"column":17}},"line":352},"17":{"name":"(anonymous_17)","decl":{"start":{"line":354,"column":34},"end":{"line":354,"column":35}},"loc":{"start":{"line":354,"column":43},"end":{"line":354,"column":68}},"line":354},"18":{"name":"(anonymous_18)","decl":{"start":{"line":360,"column":25},"end":{"line":360,"column":26}},"loc":{"start":{"line":360,"column":31},"end":{"line":360,"column":49}},"line":360},"19":{"name":"(anonymous_19)","decl":{"start":{"line":382,"column":31},"end":{"line":382,"column":32}},"loc":{"start":{"line":382,"column":37},"end":{"line":382,"column":90}},"line":382},"20":{"name":"(anonymous_20)","decl":{"start":{"line":382,"column":53},"end":{"line":382,"column":54}},"loc":{"start":{"line":382,"column":62},"end":{"line":382,"column":88}},"line":382},"21":{"name":"(anonymous_21)","decl":{"start":{"line":383,"column":29},"end":{"line":383,"column":30}},"loc":{"start":{"line":383,"column":35},"end":{"line":383,"column":89}},"line":383},"22":{"name":"(anonymous_22)","decl":{"start":{"line":383,"column":51},"end":{"line":383,"column":52}},"loc":{"start":{"line":383,"column":60},"end":{"line":383,"column":87}},"line":383},"23":{"name":"(anonymous_23)","decl":{"start":{"line":384,"column":27},"end":{"line":384,"column":28}},"loc":{"start":{"line":384,"column":34},"end":{"line":387,"column":19}},"line":384},"24":{"name":"(anonymous_24)","decl":{"start":{"line":386,"column":36},"end":{"line":386,"column":37}},"loc":{"start":{"line":386,"column":45},"end":{"line":386,"column":72}},"line":386},"25":{"name":"(anonymous_25)","decl":{"start":{"line":393,"column":27},"end":{"line":393,"column":28}},"loc":{"start":{"line":393,"column":33},"end":{"line":393,"column":53}},"line":393},"26":{"name":"(anonymous_26)","decl":{"start":{"line":408,"column":32},"end":{"line":408,"column":33}},"loc":{"start":{"line":408,"column":42},"end":{"line":408,"column":93}},"line":408},"27":{"name":"(anonymous_27)","decl":{"start":{"line":408,"column":54},"end":{"line":408,"column":55}},"loc":{"start":{"line":408,"column":63},"end":{"line":408,"column":91}},"line":408},"28":{"name":"(anonymous_28)","decl":{"start":{"line":410,"column":35},"end":{"line":410,"column":36}},"loc":{"start":{"line":410,"column":41},"end":{"line":410,"column":69}},"line":410},"29":{"name":"(anonymous_29)","decl":{"start":{"line":419,"column":32},"end":{"line":419,"column":33}},"loc":{"start":{"line":419,"column":42},"end":{"line":419,"column":92}},"line":419},"30":{"name":"(anonymous_30)","decl":{"start":{"line":419,"column":54},"end":{"line":419,"column":55}},"loc":{"start":{"line":419,"column":63},"end":{"line":419,"column":90}},"line":419},"31":{"name":"(anonymous_31)","decl":{"start":{"line":427,"column":35},"end":{"line":427,"column":36}},"loc":{"start":{"line":427,"column":46},"end":{"line":427,"column":106}},"line":427},"32":{"name":"(anonymous_32)","decl":{"start":{"line":427,"column":58},"end":{"line":427,"column":59}},"loc":{"start":{"line":427,"column":67},"end":{"line":427,"column":104}},"line":427},"33":{"name":"(anonymous_33)","decl":{"start":{"line":430,"column":42},"end":{"line":430,"column":43}},"loc":{"start":{"line":431,"column":22},"end":{"line":431,"column":98}},"line":431},"34":{"name":"(anonymous_34)","decl":{"start":{"line":442,"column":32},"end":{"line":442,"column":33}},"loc":{"start":{"line":442,"column":42},"end":{"line":442,"column":92}},"line":442},"35":{"name":"(anonymous_35)","decl":{"start":{"line":442,"column":54},"end":{"line":442,"column":55}},"loc":{"start":{"line":442,"column":63},"end":{"line":442,"column":90}},"line":442}},"branchMap":{"0":{"loc":{"start":{"line":21,"column":30},"end":{"line":21,"column":94}},"type":"binary-expr","locations":[{"start":{"line":21,"column":30},"end":{"line":21,"column":79}},{"start":{"line":21,"column":83},"end":{"line":21,"column":94}}],"line":21},"1":{"loc":{"start":{"line":22,"column":33},"end":{"line":22,"column":101}},"type":"binary-expr","locations":[{"start":{"line":22,"column":33},"end":{"line":22,"column":85}},{"start":{"line":22,"column":89},"end":{"line":22,"column":101}}],"line":22},"2":{"loc":{"start":{"line":68,"column":6},"end":{"line":71,"column":7}},"type":"if","locations":[{"start":{"line":68,"column":6},"end":{"line":71,"column":7}},{"start":{},"end":{}}],"line":68},"3":{"loc":{"start":{"line":74,"column":6},"end":{"line":77,"column":7}},"type":"if","locations":[{"start":{"line":74,"column":6},"end":{"line":77,"column":7}},{"start":{},"end":{}}],"line":74},"4":{"loc":{"start":{"line":90,"column":6},"end":{"line":99,"column":7}},"type":"if","locations":[{"start":{"line":90,"column":6},"end":{"line":99,"column":7}},{"start":{},"end":{}}],"line":90},"5":{"loc":{"start":{"line":92,"column":21},"end":{"line":92,"column":50}},"type":"binary-expr","locations":[{"start":{"line":92,"column":21},"end":{"line":92,"column":44}},{"start":{"line":92,"column":48},"end":{"line":92,"column":50}}],"line":92},"6":{"loc":{"start":{"line":93,"column":20},"end":{"line":93,"column":48}},"type":"binary-expr","locations":[{"start":{"line":93,"column":20},"end":{"line":93,"column":42}},{"start":{"line":93,"column":46},"end":{"line":93,"column":48}}],"line":93},"7":{"loc":{"start":{"line":94,"column":29},"end":{"line":94,"column":73}},"type":"binary-expr","locations":[{"start":{"line":94,"column":29},"end":{"line":94,"column":60}},{"start":{"line":94,"column":64},"end":{"line":94,"column":73}}],"line":94},"8":{"loc":{"start":{"line":95,"column":20},"end":{"line":95,"column":48}},"type":"binary-expr","locations":[{"start":{"line":95,"column":20},"end":{"line":95,"column":42}},{"start":{"line":95,"column":46},"end":{"line":95,"column":48}}],"line":95},"9":{"loc":{"start":{"line":96,"column":24},"end":{"line":96,"column":84}},"type":"binary-expr","locations":[{"start":{"line":96,"column":24},"end":{"line":96,"column":50}},{"start":{"line":96,"column":54},"end":{"line":96,"column":84}}],"line":96},"10":{"loc":{"start":{"line":97,"column":22},"end":{"line":97,"column":80}},"type":"binary-expr","locations":[{"start":{"line":97,"column":22},"end":{"line":97,"column":46}},{"start":{"line":97,"column":50},"end":{"line":97,"column":80}}],"line":97},"11":{"loc":{"start":{"line":109,"column":4},"end":{"line":111,"column":5}},"type":"if","locations":[{"start":{"line":109,"column":4},"end":{"line":111,"column":5}},{"start":{},"end":{}}],"line":109},"12":{"loc":{"start":{"line":117,"column":6},"end":{"line":120,"column":7}},"type":"if","locations":[{"start":{"line":117,"column":6},"end":{"line":120,"column":7}},{"start":{},"end":{}}],"line":117},"13":{"loc":{"start":{"line":123,"column":6},"end":{"line":126,"column":7}},"type":"if","locations":[{"start":{"line":123,"column":6},"end":{"line":126,"column":7}},{"start":{},"end":{}}],"line":123},"14":{"loc":{"start":{"line":133,"column":6},"end":{"line":143,"column":7}},"type":"if","locations":[{"start":{"line":133,"column":6},"end":{"line":143,"column":7}},{"start":{},"end":{}}],"line":133},"15":{"loc":{"start":{"line":133,"column":10},"end":{"line":133,"column":64}},"type":"binary-expr","locations":[{"start":{"line":133,"column":10},"end":{"line":133,"column":25}},{"start":{"line":133,"column":29},"end":{"line":133,"column":64}}],"line":133},"16":{"loc":{"start":{"line":145,"column":6},"end":{"line":155,"column":7}},"type":"if","locations":[{"start":{"line":145,"column":6},"end":{"line":155,"column":7}},{"start":{},"end":{}}],"line":145},"17":{"loc":{"start":{"line":145,"column":10},"end":{"line":145,"column":60}},"type":"binary-expr","locations":[{"start":{"line":145,"column":10},"end":{"line":145,"column":23}},{"start":{"line":145,"column":27},"end":{"line":145,"column":60}}],"line":145},"18":{"loc":{"start":{"line":179,"column":6},"end":{"line":183,"column":7}},"type":"if","locations":[{"start":{"line":179,"column":6},"end":{"line":183,"column":7}},{"start":{},"end":{}}],"line":179},"19":{"loc":{"start":{"line":193,"column":4},"end":{"line":196,"column":5}},"type":"if","locations":[{"start":{"line":193,"column":4},"end":{"line":196,"column":5}},{"start":{},"end":{}}],"line":193},"20":{"loc":{"start":{"line":197,"column":4},"end":{"line":200,"column":5}},"type":"if","locations":[{"start":{"line":197,"column":4},"end":{"line":200,"column":5}},{"start":{},"end":{}}],"line":197},"21":{"loc":{"start":{"line":209,"column":6},"end":{"line":212,"column":7}},"type":"if","locations":[{"start":{"line":209,"column":6},"end":{"line":212,"column":7}},{"start":{},"end":{}}],"line":209},"22":{"loc":{"start":{"line":215,"column":6},"end":{"line":218,"column":7}},"type":"if","locations":[{"start":{"line":215,"column":6},"end":{"line":218,"column":7}},{"start":{},"end":{}}],"line":215},"23":{"loc":{"start":{"line":246,"column":12},"end":{"line":248,"column":13}},"type":"if","locations":[{"start":{"line":246,"column":12},"end":{"line":248,"column":13}},{"start":{},"end":{}}],"line":246},"24":{"loc":{"start":{"line":274,"column":6},"end":{"line":277,"column":7}},"type":"if","locations":[{"start":{"line":274,"column":6},"end":{"line":277,"column":7}},{"start":{},"end":{}}],"line":274},"25":{"loc":{"start":{"line":283,"column":16},"end":{"line":283,"column":51}},"type":"cond-expr","locations":[{"start":{"line":283,"column":35},"end":{"line":283,"column":42}},{"start":{"line":283,"column":45},"end":{"line":283,"column":51}}],"line":283},"26":{"loc":{"start":{"line":290,"column":6},"end":{"line":314,"column":7}},"type":"if","locations":[{"start":{"line":290,"column":6},"end":{"line":314,"column":7}},{"start":{},"end":{}}],"line":290},"27":{"loc":{"start":{"line":290,"column":10},"end":{"line":290,"column":63}},"type":"binary-expr","locations":[{"start":{"line":290,"column":10},"end":{"line":290,"column":26}},{"start":{"line":290,"column":30},"end":{"line":290,"column":43}},{"start":{"line":290,"column":47},"end":{"line":290,"column":63}}],"line":290},"28":{"loc":{"start":{"line":296,"column":16},"end":{"line":296,"column":50}},"type":"binary-expr","locations":[{"start":{"line":296,"column":16},"end":{"line":296,"column":34}},{"start":{"line":296,"column":38},"end":{"line":296,"column":50}}],"line":296},"29":{"loc":{"start":{"line":308,"column":13},"end":{"line":308,"column":63}},"type":"cond-expr","locations":[{"start":{"line":308,"column":34},"end":{"line":308,"column":48}},{"start":{"line":308,"column":51},"end":{"line":308,"column":63}}],"line":308},"30":{"loc":{"start":{"line":327,"column":7},"end":{"line":463,"column":7}},"type":"cond-expr","locations":[{"start":{"line":328,"column":8},"end":{"line":331,"column":15}},{"start":{"line":333,"column":8},"end":{"line":462,"column":21}}],"line":327},"31":{"loc":{"start":{"line":338,"column":15},"end":{"line":342,"column":15}},"type":"binary-expr","locations":[{"start":{"line":338,"column":15},"end":{"line":338,"column":33}},{"start":{"line":339,"column":16},"end":{"line":341,"column":23}}],"line":338},"32":{"loc":{"start":{"line":345,"column":18},"end":{"line":347,"column":107}},"type":"cond-expr","locations":[{"start":{"line":346,"column":22},"end":{"line":346,"column":50}},{"start":{"line":347,"column":22},"end":{"line":347,"column":107}}],"line":345},"33":{"loc":{"start":{"line":370,"column":17},"end":{"line":374,"column":17}},"type":"binary-expr","locations":[{"start":{"line":370,"column":17},"end":{"line":370,"column":37}},{"start":{"line":371,"column":18},"end":{"line":373,"column":25}}],"line":370},"34":{"loc":{"start":{"line":377,"column":20},"end":{"line":379,"column":109}},"type":"cond-expr","locations":[{"start":{"line":378,"column":24},"end":{"line":378,"column":54}},{"start":{"line":379,"column":24},"end":{"line":379,"column":109}}],"line":377},"35":{"loc":{"start":{"line":449,"column":17},"end":{"line":460,"column":17}},"type":"cond-expr","locations":[{"start":{"line":450,"column":18},"end":{"line":450,"column":68}},{"start":{"line":452,"column":18},"end":{"line":459,"column":37}}],"line":449}},"s":{"0":0,"1":0,"2":0,"3":0,"4":0,"5":0,"6":0,"7":0,"8":0,"9":0,"10":0,"11":0,"12":0,"13":0,"14":0,"15":0,"16":0,"17":0,"18":0,"19":0,"20":0,"21":0,"22":0,"23":0,"24":0,"25":0,"26":0,"27":0,"28":0,"29":0,"30":0,"31":0,"32":0,"33":0,"34":0,"35":0,"36":0,"37":0,"38":0,"39":0,"40":0,"41":0,"42":0,"43":0,"44":0,"45":0,"46":0,"47":0,"48":0,"49":0,"50":0,"51":0,"52":0,"53":0,"54":0,"55":0,"56":0,"57":0,"58":0,"59":0,"60":0,"61":0,"62":0,"63":0,"64":0,"65":0,"66":0,"67":0,"68":0,"69":0,"70":0,"71":0,"72":0,"73":0,"74":0,"75":0,"76":0,"77":0,"78":0,"79":0,"80":0,"81":0,"82":0,"83":0,"84":0,"85":0,"86":0,"87":0,"88":0,"89":0,"90":0,"91":0,"92":0,"93":0,"94":0,"95":0,"96":0,"97":0,"98":0,"99":0,"100":0,"101":0,"102":0,"103":0,"104":0,"105":0,"106":0,"107":0,"108":0,"109":0,"110":0,"111":0,"112":0,"113":0,"114":0,"115":0,"116":0,"117":0,"118":0,"119":0,"120":0,"121":0,"122":0,"123":0,"124":0,"125":0,"126":0,"127":0,"128":0,"129":0,"130":0,"131":0,"132":0,"133":0,"134":0,"135":0,"136":0,"137":0,"138":0,"139":0,"140":0,"141":0,"142":0,"143":0,"144":0,"145":0,"146":0,"147":0,"148":0,"149":0,"150":0,"151":0,"152":0,"153":0,"154":0,"155":0,"156":0,"157":0,"158":0,"159":0,"160":0,"161":0,"162":0,"163":0,"164":0,"165":0,"166":0,"167":0,"168":0,"169":0,"170":0,"171":0},"f":{"0":0,"1":0,"2":0,"3":0,"4":0,"5":0,"6":0,"7":0,"8":0,"9":0,"10":0,"11":0,"12":0,"13":0,"14":0,"15":0,"16":0,"17":0,"18":0,"19":0,"20":0,"21":0,"22":0,"23":0,"24":0,"25":0,"26":0,"27":0,"28":0,"29":0,"30":0,"31":0,"32":0,"33":0,"34":0,"35":0},"b":{"0":[0,0],"1":[0,0],"2":[0,0],"3":[0,0],"4":[0,0],"5":[0,0],"6":[0,0],"7":[0,0],"8":[0,0],"9":[0,0],"10":[0,0],"11":[0,0],"12":[0,0],"13":[0,0],"14":[0,0],"15":[0,0],"16":[0,0],"17":[0,0],"18":[0,0],"19":[0,0],"20":[0,0],"21":[0,0],"22":[0,0],"23":[0,0],"24":[0,0],"25":[0,0],"26":[0,0],"27":[0,0,0],"28":[0,0],"29":[0,0],"30":[0,0],"31":[0,0],"32":[0,0],"33":[0,0],"34":[0,0],"35":[0,0]}}
,"C:\\Users\\AFLAL\\Desktop\\VelociRoute\\VelociRoute\\Mobile\\app\\(app)\\plannedActivities.jsx": {"path":"C:\\Users\\AFLAL\\Desktop\\VelociRoute\\VelociRoute\\Mobile\\app\\(app)\\plannedActivities.jsx","statementMap":{},"fnMap":{},"branchMap":{},"s":{},"f":{},"b":{}}
,"C:\\Users\\AFLAL\\Desktop\\VelociRoute\\VelociRoute\\Mobile\\app\\(app)\\post.jsx": {"path":"C:\\Users\\AFLAL\\Desktop\\VelociRoute\\VelociRoute\\Mobile\\app\\(app)\\post.jsx","statementMap":{"0":{"start":{"line":15,"column":27},"end":{"line":723,"column":1}},"1":{"start":{"line":16,"column":17},"end":{"line":16,"column":28}},"2":{"start":{"line":17,"column":17},"end":{"line":17,"column":39}},"3":{"start":{"line":18,"column":17},"end":{"line":18,"column":29}},"4":{"start":{"line":21,"column":20},"end":{"line":21,"column":72}},"5":{"start":{"line":22,"column":16},"end":{"line":22,"column":60}},"6":{"start":{"line":24,"column":42},"end":{"line":24,"column":54}},"7":{"start":{"line":25,"column":40},"end":{"line":25,"column":52}},"8":{"start":{"line":26,"column":58},"end":{"line":26,"column":72}},"9":{"start":{"line":27,"column":62},"end":{"line":27,"column":76}},"10":{"start":{"line":28,"column":54},"end":{"line":28,"column":68}},"11":{"start":{"line":29,"column":70},"end":{"line":29,"column":85}},"12":{"start":{"line":30,"column":58},"end":{"line":30,"column":73}},"13":{"start":{"line":31,"column":66},"end":{"line":31,"column":81}},"14":{"start":{"line":32,"column":46},"end":{"line":32,"column":58}},"15":{"start":{"line":33,"column":36},"end":{"line":33,"column":51}},"16":{"start":{"line":34,"column":34},"end":{"line":34,"column":49}},"17":{"start":{"line":35,"column":32},"end":{"line":35,"column":52}},"18":{"start":{"line":37,"column":24},"end":{"line":37,"column":67}},"19":{"start":{"line":38,"column":26},"end":{"line":38,"column":62}},"20":{"start":{"line":39,"column":27},"end":{"line":39,"column":53}},"21":{"start":{"line":41,"column":24},"end":{"line":46,"column":3}},"22":{"start":{"line":48,"column":22},"end":{"line":53,"column":3}},"23":{"start":{"line":55,"column":26},"end":{"line":59,"column":3}},"24":{"start":{"line":62,"column":32},"end":{"line":62,"column":96}},"25":{"start":{"line":63,"column":35},"end":{"line":63,"column":103}},"26":{"start":{"line":65,"column":2},"end":{"line":68,"column":5}},"27":{"start":{"line":70,"column":29},"end":{"line":129,"column":3}},"28":{"start":{"line":71,"column":4},"end":{"line":128,"column":5}},"29":{"start":{"line":72,"column":6},"end":{"line":72,"column":63}},"30":{"start":{"line":75,"column":23},"end":{"line":75,"column":37}},"31":{"start":{"line":78,"column":28},"end":{"line":78,"column":53}},"32":{"start":{"line":81,"column":23},"end":{"line":81,"column":61}},"33":{"start":{"line":84,"column":6},"end":{"line":88,"column":9}},"34":{"start":{"line":91,"column":6},"end":{"line":91,"column":65}},"35":{"start":{"line":93,"column":6},"end":{"line":97,"column":9}},"36":{"start":{"line":100,"column":24},"end":{"line":100,"column":95}},"37":{"start":{"line":101,"column":6},"end":{"line":101,"column":44}},"38":{"start":{"line":103,"column":23},"end":{"line":110,"column":8}},"39":{"start":{"line":112,"column":19},"end":{"line":112,"column":40}},"40":{"start":{"line":113,"column":6},"end":{"line":113,"column":48}},"41":{"start":{"line":115,"column":6},"end":{"line":117,"column":7}},"42":{"start":{"line":116,"column":8},"end":{"line":116,"column":81}},"43":{"start":{"line":119,"column":6},"end":{"line":121,"column":7}},"44":{"start":{"line":120,"column":8},"end":{"line":120,"column":66}},"45":{"start":{"line":123,"column":6},"end":{"line":123,"column":75}},"46":{"start":{"line":124,"column":6},"end":{"line":124,"column":29}},"47":{"start":{"line":126,"column":6},"end":{"line":126,"column":61}},"48":{"start":{"line":127,"column":6},"end":{"line":127,"column":18}},"49":{"start":{"line":131,"column":25},"end":{"line":136,"column":3}},"50":{"start":{"line":132,"column":18},"end":{"line":132,"column":45}},"51":{"start":{"line":133,"column":20},"end":{"line":133,"column":54}},"52":{"start":{"line":134,"column":20},"end":{"line":134,"column":45}},"53":{"start":{"line":135,"column":4},"end":{"line":135,"column":128}},"54":{"start":{"line":138,"column":21},"end":{"line":143,"column":3}},"55":{"start":{"line":139,"column":18},"end":{"line":139,"column":41}},"56":{"start":{"line":140,"column":20},"end":{"line":140,"column":50}},"57":{"start":{"line":141,"column":20},"end":{"line":141,"column":29}},"58":{"start":{"line":142,"column":4},"end":{"line":142,"column":128}},"59":{"start":{"line":145,"column":34},"end":{"line":147,"column":3}},"60":{"start":{"line":146,"column":4},"end":{"line":146,"column":63}},"61":{"start":{"line":149,"column":28},"end":{"line":151,"column":3}},"62":{"start":{"line":150,"column":4},"end":{"line":150,"column":51}},"63":{"start":{"line":153,"column":32},"end":{"line":155,"column":3}},"64":{"start":{"line":154,"column":4},"end":{"line":154,"column":59}},"65":{"start":{"line":157,"column":35},"end":{"line":160,"column":3}},"66":{"start":{"line":158,"column":4},"end":{"line":158,"column":42}},"67":{"start":{"line":159,"column":4},"end":{"line":159,"column":30}},"68":{"start":{"line":162,"column":37},"end":{"line":165,"column":3}},"69":{"start":{"line":163,"column":4},"end":{"line":163,"column":38}},"70":{"start":{"line":164,"column":4},"end":{"line":164,"column":24}},"71":{"start":{"line":167,"column":33},"end":{"line":170,"column":3}},"72":{"start":{"line":168,"column":4},"end":{"line":168,"column":38}},"73":{"start":{"line":169,"column":4},"end":{"line":169,"column":28}},"74":{"start":{"line":172,"column":20},"end":{"line":195,"column":3}},"75":{"start":{"line":173,"column":4},"end":{"line":194,"column":5}},"76":{"start":{"line":175,"column":25},"end":{"line":175,"column":80}},"77":{"start":{"line":176,"column":6},"end":{"line":179,"column":7}},"78":{"start":{"line":177,"column":8},"end":{"line":177,"column":75}},"79":{"start":{"line":178,"column":8},"end":{"line":178,"column":15}},"80":{"start":{"line":182,"column":21},"end":{"line":186,"column":8}},"81":{"start":{"line":188,"column":6},"end":{"line":190,"column":7}},"82":{"start":{"line":189,"column":8},"end":{"line":189,"column":75}},"83":{"start":{"line":189,"column":40},"end":{"line":189,"column":73}},"84":{"start":{"line":192,"column":6},"end":{"line":192,"column":51}},"85":{"start":{"line":193,"column":6},"end":{"line":193,"column":35}},"86":{"start":{"line":197,"column":22},"end":{"line":199,"column":3}},"87":{"start":{"line":198,"column":4},"end":{"line":198,"column":78}},"88":{"start":{"line":198,"column":36},"end":{"line":198,"column":76}},"89":{"start":{"line":198,"column":64},"end":{"line":198,"column":75}},"90":{"start":{"line":201,"column":29},"end":{"line":287,"column":3}},"91":{"start":{"line":202,"column":4},"end":{"line":286,"column":5}},"92":{"start":{"line":203,"column":6},"end":{"line":203,"column":24}},"93":{"start":{"line":205,"column":6},"end":{"line":208,"column":7}},"94":{"start":{"line":206,"column":8},"end":{"line":206,"column":68}},"95":{"start":{"line":207,"column":8},"end":{"line":207,"column":15}},"96":{"start":{"line":211,"column":20},"end":{"line":211,"column":55}},"97":{"start":{"line":212,"column":6},"end":{"line":215,"column":7}},"98":{"start":{"line":213,"column":8},"end":{"line":213,"column":72}},"99":{"start":{"line":214,"column":8},"end":{"line":214,"column":15}},"100":{"start":{"line":218,"column":23},"end":{"line":218,"column":37}},"101":{"start":{"line":219,"column":6},"end":{"line":219,"column":52}},"102":{"start":{"line":220,"column":6},"end":{"line":220,"column":50}},"103":{"start":{"line":221,"column":6},"end":{"line":221,"column":60}},"104":{"start":{"line":222,"column":6},"end":{"line":222,"column":56}},"105":{"start":{"line":223,"column":6},"end":{"line":223,"column":56}},"106":{"start":{"line":226,"column":6},"end":{"line":250,"column":7}},"107":{"start":{"line":228,"column":24},"end":{"line":245,"column":15}},"108":{"start":{"line":238,"column":39},"end":{"line":242,"column":25}},"109":{"start":{"line":248,"column":8},"end":{"line":248,"column":42}},"110":{"start":{"line":249,"column":8},"end":{"line":249,"column":57}},"111":{"start":{"line":251,"column":6},"end":{"line":253,"column":7}},"112":{"start":{"line":252,"column":8},"end":{"line":252,"column":56}},"113":{"start":{"line":256,"column":6},"end":{"line":262,"column":9}},"114":{"start":{"line":257,"column":8},"end":{"line":261,"column":11}},"115":{"start":{"line":264,"column":6},"end":{"line":264,"column":66}},"116":{"start":{"line":265,"column":23},"end":{"line":273,"column":8}},"117":{"start":{"line":275,"column":6},"end":{"line":280,"column":7}},"118":{"start":{"line":276,"column":8},"end":{"line":276,"column":63}},"119":{"start":{"line":277,"column":8},"end":{"line":277,"column":42}},"120":{"start":{"line":279,"column":8},"end":{"line":279,"column":79}},"121":{"start":{"line":282,"column":6},"end":{"line":282,"column":53}},"122":{"start":{"line":283,"column":6},"end":{"line":283,"column":73}},"123":{"start":{"line":285,"column":6},"end":{"line":285,"column":25}},"124":{"start":{"line":289,"column":29},"end":{"line":382,"column":3}},"125":{"start":{"line":290,"column":4},"end":{"line":381,"column":5}},"126":{"start":{"line":291,"column":6},"end":{"line":291,"column":25}},"127":{"start":{"line":293,"column":6},"end":{"line":296,"column":7}},"128":{"start":{"line":294,"column":8},"end":{"line":294,"column":68}},"129":{"start":{"line":295,"column":8},"end":{"line":295,"column":15}},"130":{"start":{"line":299,"column":20},"end":{"line":299,"column":55}},"131":{"start":{"line":300,"column":6},"end":{"line":303,"column":7}},"132":{"start":{"line":301,"column":8},"end":{"line":301,"column":72}},"133":{"start":{"line":302,"column":8},"end":{"line":302,"column":15}},"134":{"start":{"line":306,"column":32},"end":{"line":308,"column":7}},"135":{"start":{"line":307,"column":36},"end":{"line":307,"column":65}},"136":{"start":{"line":311,"column":27},"end":{"line":311,"column":41}},"137":{"start":{"line":312,"column":6},"end":{"line":312,"column":56}},"138":{"start":{"line":313,"column":6},"end":{"line":313,"column":54}},"139":{"start":{"line":314,"column":6},"end":{"line":314,"column":64}},"140":{"start":{"line":315,"column":6},"end":{"line":315,"column":60}},"141":{"start":{"line":316,"column":6},"end":{"line":316,"column":60}},"142":{"start":{"line":323,"column":6},"end":{"line":329,"column":9}},"143":{"start":{"line":324,"column":8},"end":{"line":328,"column":11}},"144":{"start":{"line":332,"column":6},"end":{"line":356,"column":7}},"145":{"start":{"line":334,"column":24},"end":{"line":351,"column":15}},"146":{"start":{"line":344,"column":39},"end":{"line":348,"column":25}},"147":{"start":{"line":354,"column":8},"end":{"line":354,"column":46}},"148":{"start":{"line":355,"column":8},"end":{"line":355,"column":61}},"149":{"start":{"line":357,"column":6},"end":{"line":359,"column":7}},"150":{"start":{"line":358,"column":8},"end":{"line":358,"column":60}},"151":{"start":{"line":361,"column":6},"end":{"line":361,"column":73}},"152":{"start":{"line":362,"column":23},"end":{"line":370,"column":8}},"153":{"start":{"line":372,"column":6},"end":{"line":375,"column":7}},"154":{"start":{"line":373,"column":8},"end":{"line":373,"column":64}},"155":{"start":{"line":374,"column":8},"end":{"line":374,"column":42}},"156":{"start":{"line":377,"column":6},"end":{"line":377,"column":54}},"157":{"start":{"line":378,"column":6},"end":{"line":378,"column":73}},"158":{"start":{"line":380,"column":6},"end":{"line":380,"column":26}},"159":{"start":{"line":384,"column":32},"end":{"line":406,"column":3}},"160":{"start":{"line":385,"column":4},"end":{"line":405,"column":6}},"161":{"start":{"line":398,"column":12},"end":{"line":401,"column":15}},"162":{"start":{"line":408,"column":21},"end":{"line":420,"column":3}},"163":{"start":{"line":409,"column":4},"end":{"line":419,"column":5}},"164":{"start":{"line":410,"column":26},"end":{"line":413,"column":9}},"165":{"start":{"line":410,"column":50},"end":{"line":413,"column":7}},"166":{"start":{"line":415,"column":6},"end":{"line":418,"column":9}},"167":{"start":{"line":422,"column":2},"end":{"line":722,"column":4}},"168":{"start":{"line":455,"column":53},"end":{"line":458,"column":17}},"169":{"start":{"line":481,"column":34},"end":{"line":481,"column":55}},"170":{"start":{"line":493,"column":38},"end":{"line":493,"column":92}},"171":{"start":{"line":498,"column":20},"end":{"line":498,"column":42}},"172":{"start":{"line":518,"column":16},"end":{"line":526,"column":23}},"173":{"start":{"line":522,"column":35},"end":{"line":522,"column":57}},"174":{"start":{"line":528,"column":45},"end":{"line":528,"column":61}},"175":{"start":{"line":539,"column":34},"end":{"line":539,"column":54}},"176":{"start":{"line":623,"column":40},"end":{"line":623,"column":44}},"177":{"start":{"line":625,"column":18},"end":{"line":630,"column":37}},"178":{"start":{"line":627,"column":35},"end":{"line":627,"column":65}},"179":{"start":{"line":646,"column":40},"end":{"line":646,"column":44}},"180":{"start":{"line":648,"column":18},"end":{"line":653,"column":37}},"181":{"start":{"line":650,"column":35},"end":{"line":650,"column":67}},"182":{"start":{"line":669,"column":40},"end":{"line":669,"column":44}},"183":{"start":{"line":671,"column":18},"end":{"line":676,"column":37}},"184":{"start":{"line":673,"column":35},"end":{"line":673,"column":63}},"185":{"start":{"line":725,"column":15},"end":{"line":948,"column":2}}},"fnMap":{"0":{"name":"(anonymous_0)","decl":{"start":{"line":15,"column":27},"end":{"line":15,"column":28}},"loc":{"start":{"line":15,"column":33},"end":{"line":723,"column":1}},"line":15},"1":{"name":"(anonymous_1)","decl":{"start":{"line":70,"column":29},"end":{"line":70,"column":30}},"loc":{"start":{"line":70,"column":49},"end":{"line":129,"column":3}},"line":70},"2":{"name":"(anonymous_2)","decl":{"start":{"line":131,"column":25},"end":{"line":131,"column":26}},"loc":{"start":{"line":131,"column":39},"end":{"line":136,"column":3}},"line":131},"3":{"name":"(anonymous_3)","decl":{"start":{"line":138,"column":21},"end":{"line":138,"column":22}},"loc":{"start":{"line":138,"column":31},"end":{"line":143,"column":3}},"line":138},"4":{"name":"(anonymous_4)","decl":{"start":{"line":145,"column":34},"end":{"line":145,"column":35}},"loc":{"start":{"line":145,"column":40},"end":{"line":147,"column":3}},"line":145},"5":{"name":"(anonymous_5)","decl":{"start":{"line":149,"column":28},"end":{"line":149,"column":29}},"loc":{"start":{"line":149,"column":34},"end":{"line":151,"column":3}},"line":149},"6":{"name":"(anonymous_6)","decl":{"start":{"line":153,"column":32},"end":{"line":153,"column":33}},"loc":{"start":{"line":153,"column":38},"end":{"line":155,"column":3}},"line":153},"7":{"name":"(anonymous_7)","decl":{"start":{"line":157,"column":35},"end":{"line":157,"column":36}},"loc":{"start":{"line":157,"column":53},"end":{"line":160,"column":3}},"line":157},"8":{"name":"(anonymous_8)","decl":{"start":{"line":162,"column":37},"end":{"line":162,"column":38}},"loc":{"start":{"line":162,"column":49},"end":{"line":165,"column":3}},"line":162},"9":{"name":"(anonymous_9)","decl":{"start":{"line":167,"column":33},"end":{"line":167,"column":34}},"loc":{"start":{"line":167,"column":49},"end":{"line":170,"column":3}},"line":167},"10":{"name":"(anonymous_10)","decl":{"start":{"line":172,"column":20},"end":{"line":172,"column":21}},"loc":{"start":{"line":172,"column":32},"end":{"line":195,"column":3}},"line":172},"11":{"name":"(anonymous_11)","decl":{"start":{"line":189,"column":26},"end":{"line":189,"column":27}},"loc":{"start":{"line":189,"column":40},"end":{"line":189,"column":73}},"line":189},"12":{"name":"(anonymous_12)","decl":{"start":{"line":197,"column":22},"end":{"line":197,"column":23}},"loc":{"start":{"line":197,"column":33},"end":{"line":199,"column":3}},"line":197},"13":{"name":"(anonymous_13)","decl":{"start":{"line":198,"column":22},"end":{"line":198,"column":23}},"loc":{"start":{"line":198,"column":36},"end":{"line":198,"column":76}},"line":198},"14":{"name":"(anonymous_14)","decl":{"start":{"line":198,"column":54},"end":{"line":198,"column":55}},"loc":{"start":{"line":198,"column":64},"end":{"line":198,"column":75}},"line":198},"15":{"name":"(anonymous_15)","decl":{"start":{"line":201,"column":29},"end":{"line":201,"column":30}},"loc":{"start":{"line":201,"column":41},"end":{"line":287,"column":3}},"line":201},"16":{"name":"(anonymous_16)","decl":{"start":{"line":238,"column":30},"end":{"line":238,"column":31}},"loc":{"start":{"line":238,"column":39},"end":{"line":242,"column":25}},"line":238},"17":{"name":"(anonymous_17)","decl":{"start":{"line":256,"column":29},"end":{"line":256,"column":30}},"loc":{"start":{"line":256,"column":47},"end":{"line":262,"column":7}},"line":256},"18":{"name":"(anonymous_18)","decl":{"start":{"line":289,"column":29},"end":{"line":289,"column":30}},"loc":{"start":{"line":289,"column":41},"end":{"line":382,"column":3}},"line":289},"19":{"name":"(anonymous_19)","decl":{"start":{"line":307,"column":27},"end":{"line":307,"column":28}},"loc":{"start":{"line":307,"column":36},"end":{"line":307,"column":65}},"line":307},"20":{"name":"(anonymous_20)","decl":{"start":{"line":323,"column":29},"end":{"line":323,"column":30}},"loc":{"start":{"line":323,"column":47},"end":{"line":329,"column":7}},"line":323},"21":{"name":"(anonymous_21)","decl":{"start":{"line":344,"column":30},"end":{"line":344,"column":31}},"loc":{"start":{"line":344,"column":39},"end":{"line":348,"column":25}},"line":344},"22":{"name":"(anonymous_22)","decl":{"start":{"line":384,"column":32},"end":{"line":384,"column":33}},"loc":{"start":{"line":384,"column":38},"end":{"line":406,"column":3}},"line":384},"23":{"name":"(anonymous_23)","decl":{"start":{"line":396,"column":19},"end":{"line":396,"column":20}},"loc":{"start":{"line":396,"column":25},"end":{"line":402,"column":11}},"line":396},"24":{"name":"(anonymous_24)","decl":{"start":{"line":408,"column":21},"end":{"line":408,"column":22}},"loc":{"start":{"line":408,"column":27},"end":{"line":420,"column":3}},"line":408},"25":{"name":"(anonymous_25)","decl":{"start":{"line":410,"column":40},"end":{"line":410,"column":41}},"loc":{"start":{"line":410,"column":50},"end":{"line":413,"column":7}},"line":410},"26":{"name":"(anonymous_26)","decl":{"start":{"line":455,"column":43},"end":{"line":455,"column":44}},"loc":{"start":{"line":455,"column":53},"end":{"line":458,"column":17}},"line":455},"27":{"name":"(anonymous_27)","decl":{"start":{"line":481,"column":24},"end":{"line":481,"column":25}},"loc":{"start":{"line":481,"column":34},"end":{"line":481,"column":55}},"line":481},"28":{"name":"(anonymous_28)","decl":{"start":{"line":493,"column":27},"end":{"line":493,"column":28}},"loc":{"start":{"line":493,"column":38},"end":{"line":493,"column":92}},"line":493},"29":{"name":"(anonymous_29)","decl":{"start":{"line":497,"column":27},"end":{"line":497,"column":28}},"loc":{"start":{"line":497,"column":33},"end":{"line":499,"column":19}},"line":497},"30":{"name":"(anonymous_30)","decl":{"start":{"line":517,"column":26},"end":{"line":517,"column":27}},"loc":{"start":{"line":518,"column":16},"end":{"line":526,"column":23}},"line":518},"31":{"name":"(anonymous_31)","decl":{"start":{"line":522,"column":29},"end":{"line":522,"column":30}},"loc":{"start":{"line":522,"column":35},"end":{"line":522,"column":57}},"line":522},"32":{"name":"(anonymous_32)","decl":{"start":{"line":528,"column":28},"end":{"line":528,"column":29}},"loc":{"start":{"line":528,"column":45},"end":{"line":528,"column":61}},"line":528},"33":{"name":"(anonymous_33)","decl":{"start":{"line":539,"column":24},"end":{"line":539,"column":25}},"loc":{"start":{"line":539,"column":34},"end":{"line":539,"column":54}},"line":539},"34":{"name":"(anonymous_34)","decl":{"start":{"line":623,"column":30},"end":{"line":623,"column":31}},"loc":{"start":{"line":623,"column":40},"end":{"line":623,"column":44}},"line":623},"35":{"name":"(anonymous_35)","decl":{"start":{"line":624,"column":28},"end":{"line":624,"column":29}},"loc":{"start":{"line":625,"column":18},"end":{"line":630,"column":37}},"line":625},"36":{"name":"(anonymous_36)","decl":{"start":{"line":627,"column":29},"end":{"line":627,"column":30}},"loc":{"start":{"line":627,"column":35},"end":{"line":627,"column":65}},"line":627},"37":{"name":"(anonymous_37)","decl":{"start":{"line":646,"column":30},"end":{"line":646,"column":31}},"loc":{"start":{"line":646,"column":40},"end":{"line":646,"column":44}},"line":646},"38":{"name":"(anonymous_38)","decl":{"start":{"line":647,"column":28},"end":{"line":647,"column":29}},"loc":{"start":{"line":648,"column":18},"end":{"line":653,"column":37}},"line":648},"39":{"name":"(anonymous_39)","decl":{"start":{"line":650,"column":29},"end":{"line":650,"column":30}},"loc":{"start":{"line":650,"column":35},"end":{"line":650,"column":67}},"line":650},"40":{"name":"(anonymous_40)","decl":{"start":{"line":669,"column":30},"end":{"line":669,"column":31}},"loc":{"start":{"line":669,"column":40},"end":{"line":669,"column":44}},"line":669},"41":{"name":"(anonymous_41)","decl":{"start":{"line":670,"column":28},"end":{"line":670,"column":29}},"loc":{"start":{"line":671,"column":18},"end":{"line":676,"column":37}},"line":671},"42":{"name":"(anonymous_42)","decl":{"start":{"line":673,"column":29},"end":{"line":673,"column":30}},"loc":{"start":{"line":673,"column":35},"end":{"line":673,"column":63}},"line":673}},"branchMap":{"0":{"loc":{"start":{"line":21,"column":20},"end":{"line":21,"column":72}},"type":"cond-expr","locations":[{"start":{"line":21,"column":39},"end":{"line":21,"column":67}},{"start":{"line":21,"column":70},"end":{"line":21,"column":72}}],"line":21},"1":{"loc":{"start":{"line":22,"column":16},"end":{"line":22,"column":60}},"type":"cond-expr","locations":[{"start":{"line":22,"column":31},"end":{"line":22,"column":55}},{"start":{"line":22,"column":58},"end":{"line":22,"column":60}}],"line":22},"2":{"loc":{"start":{"line":62,"column":32},"end":{"line":62,"column":96}},"type":"binary-expr","locations":[{"start":{"line":62,"column":32},"end":{"line":62,"column":81}},{"start":{"line":62,"column":85},"end":{"line":62,"column":96}}],"line":62},"3":{"loc":{"start":{"line":63,"column":35},"end":{"line":63,"column":103}},"type":"binary-expr","locations":[{"start":{"line":63,"column":35},"end":{"line":63,"column":87}},{"start":{"line":63,"column":91},"end":{"line":63,"column":103}}],"line":63},"4":{"loc":{"start":{"line":115,"column":6},"end":{"line":117,"column":7}},"type":"if","locations":[{"start":{"line":115,"column":6},"end":{"line":117,"column":7}},{"start":{},"end":{}}],"line":115},"5":{"loc":{"start":{"line":116,"column":24},"end":{"line":116,"column":79}},"type":"binary-expr","locations":[{"start":{"line":116,"column":24},"end":{"line":116,"column":43}},{"start":{"line":116,"column":47},"end":{"line":116,"column":79}}],"line":116},"6":{"loc":{"start":{"line":119,"column":6},"end":{"line":121,"column":7}},"type":"if","locations":[{"start":{"line":119,"column":6},"end":{"line":121,"column":7}},{"start":{},"end":{}}],"line":119},"7":{"loc":{"start":{"line":176,"column":6},"end":{"line":179,"column":7}},"type":"if","locations":[{"start":{"line":176,"column":6},"end":{"line":179,"column":7}},{"start":{},"end":{}}],"line":176},"8":{"loc":{"start":{"line":188,"column":6},"end":{"line":190,"column":7}},"type":"if","locations":[{"start":{"line":188,"column":6},"end":{"line":190,"column":7}},{"start":{},"end":{}}],"line":188},"9":{"loc":{"start":{"line":205,"column":6},"end":{"line":208,"column":7}},"type":"if","locations":[{"start":{"line":205,"column":6},"end":{"line":208,"column":7}},{"start":{},"end":{}}],"line":205},"10":{"loc":{"start":{"line":205,"column":10},"end":{"line":205,"column":48}},"type":"binary-expr","locations":[{"start":{"line":205,"column":10},"end":{"line":205,"column":23}},{"start":{"line":205,"column":27},"end":{"line":205,"column":48}}],"line":205},"11":{"loc":{"start":{"line":212,"column":6},"end":{"line":215,"column":7}},"type":"if","locations":[{"start":{"line":212,"column":6},"end":{"line":215,"column":7}},{"start":{},"end":{}}],"line":212},"12":{"loc":{"start":{"line":226,"column":6},"end":{"line":250,"column":7}},"type":"if","locations":[{"start":{"line":226,"column":6},"end":{"line":250,"column":7}},{"start":{},"end":{}}],"line":226},"13":{"loc":{"start":{"line":240,"column":20},"end":{"line":240,"column":100}},"type":"cond-expr","locations":[{"start":{"line":240,"column":38},"end":{"line":240,"column":95}},{"start":{"line":240,"column":98},"end":{"line":240,"column":100}}],"line":240},"14":{"loc":{"start":{"line":241,"column":20},"end":{"line":241,"column":72}},"type":"cond-expr","locations":[{"start":{"line":241,"column":37},"end":{"line":241,"column":67}},{"start":{"line":241,"column":70},"end":{"line":241,"column":72}}],"line":241},"15":{"loc":{"start":{"line":251,"column":6},"end":{"line":253,"column":7}},"type":"if","locations":[{"start":{"line":251,"column":6},"end":{"line":253,"column":7}},{"start":{},"end":{}}],"line":251},"16":{"loc":{"start":{"line":275,"column":6},"end":{"line":280,"column":7}},"type":"if","locations":[{"start":{"line":275,"column":6},"end":{"line":280,"column":7}},{"start":{"line":278,"column":13},"end":{"line":280,"column":7}}],"line":275},"17":{"loc":{"start":{"line":279,"column":29},"end":{"line":279,"column":77}},"type":"binary-expr","locations":[{"start":{"line":279,"column":29},"end":{"line":279,"column":48}},{"start":{"line":279,"column":52},"end":{"line":279,"column":77}}],"line":279},"18":{"loc":{"start":{"line":293,"column":6},"end":{"line":296,"column":7}},"type":"if","locations":[{"start":{"line":293,"column":6},"end":{"line":296,"column":7}},{"start":{},"end":{}}],"line":293},"19":{"loc":{"start":{"line":293,"column":10},"end":{"line":293,"column":48}},"type":"binary-expr","locations":[{"start":{"line":293,"column":10},"end":{"line":293,"column":23}},{"start":{"line":293,"column":27},"end":{"line":293,"column":48}}],"line":293},"20":{"loc":{"start":{"line":300,"column":6},"end":{"line":303,"column":7}},"type":"if","locations":[{"start":{"line":300,"column":6},"end":{"line":303,"column":7}},{"start":{},"end":{}}],"line":300},"21":{"loc":{"start":{"line":332,"column":6},"end":{"line":356,"column":7}},"type":"if","locations":[{"start":{"line":332,"column":6},"end":{"line":356,"column":7}},{"start":{},"end":{}}],"line":332},"22":{"loc":{"start":{"line":346,"column":20},"end":{"line":346,"column":100}},"type":"cond-expr","locations":[{"start":{"line":346,"column":38},"end":{"line":346,"column":95}},{"start":{"line":346,"column":98},"end":{"line":346,"column":100}}],"line":346},"23":{"loc":{"start":{"line":347,"column":20},"end":{"line":347,"column":72}},"type":"cond-expr","locations":[{"start":{"line":347,"column":37},"end":{"line":347,"column":67}},{"start":{"line":347,"column":70},"end":{"line":347,"column":72}}],"line":347},"24":{"loc":{"start":{"line":357,"column":6},"end":{"line":359,"column":7}},"type":"if","locations":[{"start":{"line":357,"column":6},"end":{"line":359,"column":7}},{"start":{},"end":{}}],"line":357},"25":{"loc":{"start":{"line":372,"column":6},"end":{"line":375,"column":7}},"type":"if","locations":[{"start":{"line":372,"column":6},"end":{"line":375,"column":7}},{"start":{},"end":{}}],"line":372},"26":{"loc":{"start":{"line":409,"column":4},"end":{"line":419,"column":5}},"type":"if","locations":[{"start":{"line":409,"column":4},"end":{"line":419,"column":5}},{"start":{},"end":{}}],"line":409},"27":{"loc":{"start":{"line":409,"column":8},"end":{"line":409,"column":46}},"type":"binary-expr","locations":[{"start":{"line":409,"column":8},"end":{"line":409,"column":22}},{"start":{"line":409,"column":26},"end":{"line":409,"column":46}}],"line":409},"28":{"loc":{"start":{"line":440,"column":9},"end":{"line":473,"column":9}},"type":"binary-expr","locations":[{"start":{"line":440,"column":9},"end":{"line":440,"column":29}},{"start":{"line":441,"column":10},"end":{"line":472,"column":17}}],"line":440},"29":{"loc":{"start":{"line":487,"column":13},"end":{"line":509,"column":13}},"type":"cond-expr","locations":[{"start":{"line":488,"column":14},"end":{"line":503,"column":21}},{"start":{"line":505,"column":14},"end":{"line":508,"column":17}}],"line":487},"30":{"loc":{"start":{"line":487,"column":13},"end":{"line":487,"column":64}},"type":"binary-expr","locations":[{"start":{"line":487,"column":13},"end":{"line":487,"column":38}},{"start":{"line":487,"column":42},"end":{"line":487,"column":64}}],"line":487},"31":{"loc":{"start":{"line":490,"column":33},"end":{"line":490,"column":104}},"type":"cond-expr","locations":[{"start":{"line":490,"column":78},"end":{"line":490,"column":99}},{"start":{"line":490,"column":102},"end":{"line":490,"column":104}}],"line":490},"32":{"loc":{"start":{"line":512,"column":11},"end":{"line":530,"column":11}},"type":"
[...]
,"C:\\Users\\AFLAL\\Desktop\\VelociRoute\\VelociRoute\\Mobile\\app\\(auth)\\_layout.jsx": {"path":"C:\\Users\\AFLAL\\Desktop\\VelociRoute\\VelociRoute\\Mobile\\app\\(auth)\\_layout.jsx","statementMap":{"0":{"start":{"line":4,"column":2},"end":{"line":10,"column":4}}},"fnMap":{"0":{"name":"AuthLayout","decl":{"start":{"line":3,"column":24},"end":{"line":3,"column":34}},"loc":{"start":{"line":3,"column":37},"end":{"line":11,"column":1}},"line":3}},"branchMap":{},"s":{"0":0},"f":{"0":0},"b":{}}
,"C:\\Users\\AFLAL\\Desktop\\VelociRoute\\VelociRoute\\Mobile\\app\\(auth)\\login.jsx": {"path":"C:\\Users\\AFLAL\\Desktop\\VelociRoute\\VelociRoute\\Mobile\\app\\(auth)\\login.jsx","statementMap":{"0":{"start":{"line":25,"column":26},"end":{"line":25,"column":50}},"1":{"start":{"line":27,"column":25},"end":{"line":27,"column":73}},"2":{"start":{"line":29,"column":14},"end":{"line":180,"column":1}},"3":{"start":{"line":30,"column":40},"end":{"line":30,"column":54}},"4":{"start":{"line":31,"column":28},"end":{"line":31,"column":40}},"5":{"start":{"line":32,"column":34},"end":{"line":32,"column":46}},"6":{"start":{"line":33,"column":38},"end":{"line":33,"column":50}},"7":{"start":{"line":34,"column":32},"end":{"line":34,"column":47}},"8":{"start":{"line":36,"column":17},"end":{"line":36,"column":28}},"9":{"start":{"line":37,"column":19},"end":{"line":37,"column":49}},"10":{"start":{"line":38,"column":16},"end":{"line":38,"column":33}},"11":{"start":{"line":40,"column":2},"end":{"line":57,"column":9}},"12":{"start":{"line":41,"column":4},"end":{"line":48,"column":6}},"13":{"start":{"line":49,"column":4},"end":{"line":56,"column":6}},"14":{"start":{"line":59,"column":24},"end":{"line":67,"column":4}},"15":{"start":{"line":60,"column":4},"end":{"line":66,"column":6}},"16":{"start":{"line":69,"column":22},"end":{"line":78,"column":3}},"17":{"start":{"line":70,"column":4},"end":{"line":70,"column":19}},"18":{"start":{"line":71,"column":4},"end":{"line":77,"column":5}},"19":{"start":{"line":72,"column":6},"end":{"line":72,"column":51}},"20":{"start":{"line":73,"column":11},"end":{"line":77,"column":5}},"21":{"start":{"line":74,"column":6},"end":{"line":74,"column":44}},"22":{"start":{"line":76,"column":6},"end":{"line":76,"column":24}},"23":{"start":{"line":80,"column":22},"end":{"line":95,"column":3}},"24":{"start":{"line":81,"column":4},"end":{"line":84,"column":5}},"25":{"start":{"line":82,"column":6},"end":{"line":82,"column":66}},"26":{"start":{"line":83,"column":6},"end":{"line":83,"column":13}},"27":{"start":{"line":86,"column":4},"end":{"line":86,"column":21}},"28":{"start":{"line":87,"column":4},"end":{"line":94,"column":5}},"29":{"start":{"line":88,"column":6},"end":{"line":88,"column":62}},"30":{"start":{"line":89,"column":6},"end":{"line":89,"column":31}},"31":{"start":{"line":91,"column":6},"end":{"line":91,"column":42}},"32":{"start":{"line":93,"column":6},"end":{"line":93,"column":24}},"33":{"start":{"line":97,"column":2},"end":{"line":179,"column":4}},"34":{"start":{"line":109,"column":23},"end":{"line":109,"column":36}},"35":{"start":{"line":144,"column":45},"end":{"line":144,"column":73}},"36":{"start":{"line":173,"column":43},"end":{"line":173,"column":72}},"37":{"start":{"line":182,"column":15},"end":{"line":276,"column":2}}},"fnMap":{"0":{"name":"(anonymous_0)","decl":{"start":{"line":29,"column":14},"end":{"line":29,"column":15}},"loc":{"start":{"line":29,"column":20},"end":{"line":180,"column":1}},"line":29},"1":{"name":"(anonymous_1)","decl":{"start":{"line":40,"column":12},"end":{"line":40,"column":13}},"loc":{"start":{"line":40,"column":18},"end":{"line":57,"column":3}},"line":40},"2":{"name":"(anonymous_2)","decl":{"start":{"line":59,"column":41},"end":{"line":59,"column":42}},"loc":{"start":{"line":59,"column":47},"end":{"line":67,"column":3}},"line":59},"3":{"name":"(anonymous_3)","decl":{"start":{"line":69,"column":22},"end":{"line":69,"column":23}},"loc":{"start":{"line":69,"column":32},"end":{"line":78,"column":3}},"line":69},"4":{"name":"(anonymous_4)","decl":{"start":{"line":80,"column":22},"end":{"line":80,"column":23}},"loc":{"start":{"line":80,"column":34},"end":{"line":95,"column":3}},"line":80},"5":{"name":"(anonymous_5)","decl":{"start":{"line":109,"column":17},"end":{"line":109,"column":18}},"loc":{"start":{"line":109,"column":23},"end":{"line":109,"column":36}},"line":109},"6":{"name":"(anonymous_6)","decl":{"start":{"line":144,"column":39},"end":{"line":144,"column":40}},"loc":{"start":{"line":144,"column":45},"end":{"line":144,"column":73}},"line":144},"7":{"name":"(anonymous_7)","decl":{"start":{"line":173,"column":37},"end":{"line":173,"column":38}},"loc":{"start":{"line":173,"column":43},"end":{"line":173,"column":72}},"line":173}},"branchMap":{"0":{"loc":{"start":{"line":71,"column":4},"end":{"line":77,"column":5}},"type":"if","locations":[{"start":{"line":71,"column":4},"end":{"line":77,"column":5}},{"start":{"line":73,"column":11},"end":{"line":77,"column":5}}],"line":71},"1":{"loc":{"start":{"line":73,"column":11},"end":{"line":77,"column":5}},"type":"if","locations":[{"start":{"line":73,"column":11},"end":{"line":77,"column":5}},{"start":{"line":75,"column":11},"end":{"line":77,"column":5}}],"line":73},"2":{"loc":{"start":{"line":81,"column":4},"end":{"line":84,"column":5}},"type":"if","locations":[{"start":{"line":81,"column":4},"end":{"line":84,"column":5}},{"start":{},"end":{}}],"line":81},"3":{"loc":{"start":{"line":81,"column":8},"end":{"line":81,"column":41}},"type":"binary-expr","locations":[{"start":{"line":81,"column":8},"end":{"line":81,"column":18}},{"start":{"line":81,"column":22},"end":{"line":81,"column":28}},{"start":{"line":81,"column":32},"end":{"line":81,"column":41}}],"line":81},"4":{"loc":{"start":{"line":132,"column":11},"end":{"line":132,"column":81}},"type":"cond-expr","locations":[{"start":{"line":132,"column":24},"end":{"line":132,"column":74}},{"start":{"line":132,"column":77},"end":{"line":132,"column":81}}],"line":132},"5":{"loc":{"start":{"line":146,"column":22},"end":{"line":146,"column":53}},"type":"cond-expr","locations":[{"start":{"line":146,"column":36},"end":{"line":146,"column":45}},{"start":{"line":146,"column":48},"end":{"line":146,"column":53}}],"line":146},"6":{"loc":{"start":{"line":155,"column":38},"end":{"line":155,"column":75}},"type":"binary-expr","locations":[{"start":{"line":155,"column":38},"end":{"line":155,"column":45}},{"start":{"line":155,"column":49},"end":{"line":155,"column":75}}],"line":155},"7":{"loc":{"start":{"line":166,"column":15},"end":{"line":166,"column":50}},"type":"cond-expr","locations":[{"start":{"line":166,"column":25},"end":{"line":166,"column":40}},{"start":{"line":166,"column":43},"end":{"line":166,"column":50}}],"line":166}},"s":{"0":0,"1":0,"2":0,"3":0,"4":0,"5":0,"6":0,"7":0,"8":0,"9":0,"10":0,"11":0,"12":0,"13":0,"14":0,"15":0,"16":0,"17":0,"18":0,"19":0,"20":0,"21":0,"22":0,"23":0,"24":0,"25":0,"26":0,"27":0,"28":0,"29":0,"30":0,"31":0,"32":0,"33":0,"34":0,"35":0,"36":0,"37":0},"f":{"0":0,"1":0,"2":0,"3":0,"4":0,"5":0,"6":0,"7":0},"b":{"0":[0,0],"1":[0,0],"2":[0,0],"3":[0,0,0],"4":[0,0],"5":[0,0],"6":[0,0],"7":[0,0]}}
,"C:\\Users\\AFLAL\\Desktop\\VelociRoute\\VelociRoute\\Mobile\\app\\(auth)\\signup.jsx": {"path":"C:\\Users\\AFLAL\\Desktop\\VelociRoute\\VelociRoute\\Mobile\\app\\(auth)\\signup.jsx","statementMap":{"0":{"start":{"line":25,"column":26},"end":{"line":25,"column":50}},"1":{"start":{"line":26,"column":25},"end":{"line":26,"column":73}},"2":{"start":{"line":28,"column":15},"end":{"line":212,"column":1}},"3":{"start":{"line":29,"column":28},"end":{"line":29,"column":40}},"4":{"start":{"line":30,"column":34},"end":{"line":30,"column":46}},"5":{"start":{"line":31,"column":48},"end":{"line":31,"column":60}},"6":{"start":{"line":32,"column":40},"end":{"line":32,"column":54}},"7":{"start":{"line":33,"column":54},"end":{"line":33,"column":68}},"8":{"start":{"line":34,"column":38},"end":{"line":34,"column":50}},"9":{"start":{"line":35,"column":32},"end":{"line":35,"column":47}},"10":{"start":{"line":37,"column":17},"end":{"line":37,"column":28}},"11":{"start":{"line":38,"column":19},"end":{"line":38,"column":36}},"12":{"start":{"line":39,"column":16},"end":{"line":39,"column":33}},"13":{"start":{"line":41,"column":2},"end":{"line":55,"column":9}},"14":{"start":{"line":42,"column":4},"end":{"line":46,"column":6}},"15":{"start":{"line":47,"column":4},"end":{"line":54,"column":6}},"16":{"start":{"line":57,"column":24},"end":{"line":64,"column":4}},"17":{"start":{"line":58,"column":4},"end":{"line":63,"column":6}},"18":{"start":{"line":66,"column":22},"end":{"line":75,"column":3}},"19":{"start":{"line":67,"column":4},"end":{"line":67,"column":19}},"20":{"start":{"line":68,"column":4},"end":{"line":74,"column":5}},"21":{"start":{"line":69,"column":6},"end":{"line":69,"column":51}},"22":{"start":{"line":70,"column":11},"end":{"line":74,"column":5}},"23":{"start":{"line":71,"column":6},"end":{"line":71,"column":44}},"24":{"start":{"line":73,"column":6},"end":{"line":73,"column":24}},"25":{"start":{"line":77,"column":23},"end":{"line":102,"column":3}},"26":{"start":{"line":78,"column":4},"end":{"line":81,"column":5}},"27":{"start":{"line":79,"column":6},"end":{"line":79,"column":66}},"28":{"start":{"line":80,"column":6},"end":{"line":80,"column":13}},"29":{"start":{"line":83,"column":4},"end":{"line":86,"column":5}},"30":{"start":{"line":84,"column":6},"end":{"line":84,"column":53}},"31":{"start":{"line":85,"column":6},"end":{"line":85,"column":13}},"32":{"start":{"line":88,"column":4},"end":{"line":91,"column":5}},"33":{"start":{"line":89,"column":6},"end":{"line":89,"column":71}},"34":{"start":{"line":90,"column":6},"end":{"line":90,"column":13}},"35":{"start":{"line":93,"column":4},"end":{"line":93,"column":21}},"36":{"start":{"line":94,"column":4},"end":{"line":101,"column":5}},"37":{"start":{"line":95,"column":6},"end":{"line":95,"column":66}},"38":{"start":{"line":96,"column":6},"end":{"line":96,"column":35}},"39":{"start":{"line":98,"column":6},"end":{"line":98,"column":42}},"40":{"start":{"line":100,"column":6},"end":{"line":100,"column":24}},"41":{"start":{"line":104,"column":2},"end":{"line":211,"column":4}},"42":{"start":{"line":122,"column":23},"end":{"line":122,"column":36}},"43":{"start":{"line":157,"column":45},"end":{"line":157,"column":73}},"44":{"start":{"line":176,"column":45},"end":{"line":176,"column":87}},"45":{"start":{"line":205,"column":43},"end":{"line":205,"column":71}},"46":{"start":{"line":214,"column":15},"end":{"line":317,"column":2}}},"fnMap":{"0":{"name":"(anonymous_0)","decl":{"start":{"line":28,"column":15},"end":{"line":28,"column":16}},"loc":{"start":{"line":28,"column":21},"end":{"line":212,"column":1}},"line":28},"1":{"name":"(anonymous_1)","decl":{"start":{"line":41,"column":12},"end":{"line":41,"column":13}},"loc":{"start":{"line":41,"column":18},"end":{"line":55,"column":3}},"line":41},"2":{"name":"(anonymous_2)","decl":{"start":{"line":57,"column":41},"end":{"line":57,"column":42}},"loc":{"start":{"line":57,"column":47},"end":{"line":64,"column":3}},"line":57},"3":{"name":"(anonymous_3)","decl":{"start":{"line":66,"column":22},"end":{"line":66,"column":23}},"loc":{"start":{"line":66,"column":32},"end":{"line":75,"column":3}},"line":66},"4":{"name":"(anonymous_4)","decl":{"start":{"line":77,"column":23},"end":{"line":77,"column":24}},"loc":{"start":{"line":77,"column":35},"end":{"line":102,"column":3}},"line":77},"5":{"name":"(anonymous_5)","decl":{"start":{"line":122,"column":17},"end":{"line":122,"column":18}},"loc":{"start":{"line":122,"column":23},"end":{"line":122,"column":36}},"line":122},"6":{"name":"(anonymous_6)","decl":{"start":{"line":157,"column":39},"end":{"line":157,"column":40}},"loc":{"start":{"line":157,"column":45},"end":{"line":157,"column":73}},"line":157},"7":{"name":"(anonymous_7)","decl":{"start":{"line":176,"column":39},"end":{"line":176,"column":40}},"loc":{"start":{"line":176,"column":45},"end":{"line":176,"column":87}},"line":176},"8":{"name":"(anonymous_8)","decl":{"start":{"line":205,"column":37},"end":{"line":205,"column":38}},"loc":{"start":{"line":205,"column":43},"end":{"line":205,"column":71}},"line":205}},"branchMap":{"0":{"loc":{"start":{"line":68,"column":4},"end":{"line":74,"column":5}},"type":"if","locations":[{"start":{"line":68,"column":4},"end":{"line":74,"column":5}},{"start":{"line":70,"column":11},"end":{"line":74,"column":5}}],"line":68},"1":{"loc":{"start":{"line":70,"column":11},"end":{"line":74,"column":5}},"type":"if","locations":[{"start":{"line":70,"column":11},"end":{"line":74,"column":5}},{"start":{"line":72,"column":11},"end":{"line":74,"column":5}}],"line":70},"2":{"loc":{"start":{"line":78,"column":4},"end":{"line":81,"column":5}},"type":"if","locations":[{"start":{"line":78,"column":4},"end":{"line":81,"column":5}},{"start":{},"end":{}}],"line":78},"3":{"loc":{"start":{"line":78,"column":8},"end":{"line":78,"column":61}},"type":"binary-expr","locations":[{"start":{"line":78,"column":8},"end":{"line":78,"column":18}},{"start":{"line":78,"column":22},"end":{"line":78,"column":28}},{"start":{"line":78,"column":32},"end":{"line":78,"column":41}},{"start":{"line":78,"column":45},"end":{"line":78,"column":61}}],"line":78},"4":{"loc":{"start":{"line":83,"column":4},"end":{"line":86,"column":5}},"type":"if","locations":[{"start":{"line":83,"column":4},"end":{"line":86,"column":5}},{"start":{},"end":{}}],"line":83},"5":{"loc":{"start":{"line":88,"column":4},"end":{"line":91,"column":5}},"type":"if","locations":[{"start":{"line":88,"column":4},"end":{"line":91,"column":5}},{"start":{},"end":{}}],"line":88},"6":{"loc":{"start":{"line":145,"column":11},"end":{"line":145,"column":81}},"type":"cond-expr","locations":[{"start":{"line":145,"column":24},"end":{"line":145,"column":74}},{"start":{"line":145,"column":77},"end":{"line":145,"column":81}}],"line":145},"7":{"loc":{"start":{"line":159,"column":22},"end":{"line":159,"column":53}},"type":"cond-expr","locations":[{"start":{"line":159,"column":36},"end":{"line":159,"column":45}},{"start":{"line":159,"column":48},"end":{"line":159,"column":53}}],"line":159},"8":{"loc":{"start":{"line":178,"column":22},"end":{"line":178,"column":60}},"type":"cond-expr","locations":[{"start":{"line":178,"column":43},"end":{"line":178,"column":52}},{"start":{"line":178,"column":55},"end":{"line":178,"column":60}}],"line":178},"9":{"loc":{"start":{"line":187,"column":39},"end":{"line":187,"column":77}},"type":"binary-expr","locations":[{"start":{"line":187,"column":39},"end":{"line":187,"column":46}},{"start":{"line":187,"column":50},"end":{"line":187,"column":77}}],"line":187},"10":{"loc":{"start":{"line":198,"column":15},"end":{"line":198,"column":65}},"type":"cond-expr","locations":[{"start":{"line":198,"column":25},"end":{"line":198,"column":46}},{"start":{"line":198,"column":49},"end":{"line":198,"column":65}}],"line":198}},"s":{"0":0,"1":0,"2":0,"3":0,"4":0,"5":0,"6":0,"7":0,"8":0,"9":0,"10":0,"11":0,"12":0,"13":0,"14":0,"15":0,"16":0,"17":0,"18":0,"19":0,"20":0,"21":0,"22":0,"23":0,"24":0,"25":0,"26":0,"27":0,"28":0,"29":0,"30":0,"31":0,"32":0,"33":0,"34":0,"35":0,"36":0,"37":0,"38":0,"39":0,"40":0,"41":0,"42":0,"43":0,"44":0,"45":0,"46":0},"f":{"0":0,"1":0,"2":0,"3":0,"4":0,"5":0,"6":0,"7":0,"8":0},"b":{"0":[0,0],"1":[0,0],"2":[0,0],"3":[0,0,0,0],"4":[0,0],"5":[0,0],"6":[0,0],"7":[0,0],"8":[0,0],"9":[0,0],"10":[0,0]}}
,"C:\\Users\\AFLAL\\Desktop\\VelociRoute\\VelociRoute\\Mobile\\app\\(auth)\\start.jsx": {"path":"C:\\Users\\AFLAL\\Desktop\\VelociRoute\\VelociRoute\\Mobile\\app\\(auth)\\start.jsx","statementMap":{"0":{"start":{"line":16,"column":26},"end":{"line":16,"column":50}},"1":{"start":{"line":18,"column":25},"end":{"line":18,"column":73}},"2":{"start":{"line":20,"column":14},"end":{"line":195,"column":1}},"3":{"start":{"line":21,"column":17},"end":{"line":21,"column":28}},"4":{"start":{"line":22,"column":20},"end":{"line":22,"column":37}},"5":{"start":{"line":23,"column":20},"end":{"line":23,"column":37}},"6":{"start":{"line":24,"column":17},"end":{"line":24,"column":34}},"7":{"start":{"line":25,"column":17},"end":{"line":25,"column":34}},"8":{"start":{"line":26,"column":20},"end":{"line":26,"column":37}},"9":{"start":{"line":27,"column":20},"end":{"line":27,"column":37}},"10":{"start":{"line":29,"column":2},"end":{"line":118,"column":9}},"11":{"start":{"line":31,"column":4},"end":{"line":38,"column":6}},"12":{"start":{"line":40,"column":4},"end":{"line":53,"column":6}},"13":{"start":{"line":55,"column":4},"end":{"line":68,"column":6}},"14":{"start":{"line":71,"column":4},"end":{"line":81,"column":6}},"15":{"start":{"line":83,"column":4},"end":{"line":99,"column":6}},"16":{"start":{"line":101,"column":4},"end":{"line":117,"column":6}},"17":{"start":{"line":120,"column":25},"end":{"line":127,"column":5}},"18":{"start":{"line":120,"column":49},"end":{"line":127,"column":3}},"19":{"start":{"line":129,"column":25},"end":{"line":136,"column":5}},"20":{"start":{"line":129,"column":49},"end":{"line":136,"column":3}},"21":{"start":{"line":138,"column":2},"end":{"line":194,"column":4}},"22":{"start":{"line":166,"column":27},"end":{"line":166,"column":55}},"23":{"start":{"line":180,"column":27},"end":{"line":180,"column":56}},"24":{"start":{"line":197,"column":15},"end":{"line":272,"column":2}}},"fnMap":{"0":{"name":"(anonymous_0)","decl":{"start":{"line":20,"column":14},"end":{"line":20,"column":15}},"loc":{"start":{"line":20,"column":20},"end":{"line":195,"column":1}},"line":20},"1":{"name":"(anonymous_1)","decl":{"start":{"line":29,"column":12},"end":{"line":29,"column":13}},"loc":{"start":{"line":29,"column":18},"end":{"line":118,"column":3}},"line":29},"2":{"name":"(anonymous_2)","decl":{"start":{"line":120,"column":42},"end":{"line":120,"column":43}},"loc":{"start":{"line":120,"column":49},"end":{"line":127,"column":3}},"line":120},"3":{"name":"(anonymous_3)","decl":{"start":{"line":129,"column":42},"end":{"line":129,"column":43}},"loc":{"start":{"line":129,"column":49},"end":{"line":136,"column":3}},"line":129},"4":{"name":"(anonymous_4)","decl":{"start":{"line":166,"column":21},"end":{"line":166,"column":22}},"loc":{"start":{"line":166,"column":27},"end":{"line":166,"column":55}},"line":166},"5":{"name":"(anonymous_5)","decl":{"start":{"line":180,"column":21},"end":{"line":180,"column":22}},"loc":{"start":{"line":180,"column":27},"end":{"line":180,"column":56}},"line":180}},"branchMap":{},"s":{"0":0,"1":0,"2":0,"3":0,"4":0,"5":0,"6":0,"7":0,"8":0,"9":0,"10":0,"11":0,"12":0,"13":0,"14":0,"15":0,"16":0,"17":0,"18":0,"19":0,"20":0,"21":0,"22":0,"23":0,"24":0},"f":{"0":0,"1":0,"2":0,"3":0,"4":0,"5":0},"b":{}}
}
