{"C:\\Users\\AFLAL\\Desktop\\VelociRoute\\VelociRoute\\Mobile\\app\\_layout.jsx": {"path":"C:\\Users\\AFLAL\\Desktop\\VelociRoute\\VelociRoute\\Mobile\\app\\_layout.jsx","statementMap":{"0":{"start":{"line":7,"column":2},"end":{"line":24,"column":4}}},"fnMap":{"0":{"name":"RootLayout","decl":{"start":{"line":6,"column":24},"end":{"line":6,"column":34}},"loc":{"start":{"line":6,"column":37},"end":{"line":25,"column":1}},"line":6}},"branchMap":{},"s":{"0":0},"f":{"0":0},"b":{}}
,"C:\\Users\\AFLAL\\Desktop\\VelociRoute\\VelociRoute\\Mobile\\app\\route.jsx": {"path":"C:\\Users\\AFLAL\\Desktop\\VelociRoute\\VelociRoute\\Mobile\\app\\route.jsx","statementMap":{"0":{"start":{"line":13,"column":20},"end":{"line":443,"column":1}},"1":{"start":{"line":14,"column":17},"end":{"line":14,"column":28}},"2":{"start":{"line":15,"column":17},"end":{"line":15,"column":39}},"3":{"start":{"line":16,"column":36},"end":{"line":16,"column":48}},"4":{"start":{"line":17,"column":36},"end":{"line":17,"column":50}},"5":{"start":{"line":18,"column":21},"end":{"line":18,"column":52}},"6":{"start":{"line":21,"column":27},"end":{"line":21,"column":93}},"7":{"start":{"line":22,"column":23},"end":{"line":22,"column":83}},"8":{"start":{"line":23,"column":27},"end":{"line":23,"column":93}},"9":{"start":{"line":24,"column":24},"end":{"line":24,"column":49}},"10":{"start":{"line":25,"column":27},"end":{"line":25,"column":63}},"11":{"start":{"line":28,"column":42},"end":{"line":28,"column":62}},"12":{"start":{"line":29,"column":46},"end":{"line":29,"column":61}},"13":{"start":{"line":30,"column":40},"end":{"line":30,"column":54}},"14":{"start":{"line":31,"column":32},"end":{"line":31,"column":47}},"15":{"start":{"line":32,"column":28},"end":{"line":32,"column":42}},"16":{"start":{"line":34,"column":25},"end":{"line":54,"column":3}},"17":{"start":{"line":36,"column":4},"end":{"line":53,"column":5}},"18":{"start":{"line":38,"column":8},"end":{"line":38,"column":49}},"19":{"start":{"line":41,"column":8},"end":{"line":41,"column":55}},"20":{"start":{"line":44,"column":8},"end":{"line":44,"column":51}},"21":{"start":{"line":47,"column":8},"end":{"line":47,"column":56}},"22":{"start":{"line":50,"column":8},"end":{"line":50,"column":55}},"23":{"start":{"line":52,"column":8},"end":{"line":52,"column":49}},"24":{"start":{"line":56,"column":34},"end":{"line":70,"column":3}},"25":{"start":{"line":58,"column":23},"end":{"line":68,"column":5}},"26":{"start":{"line":69,"column":4},"end":{"line":69,"column":39}},"27":{"start":{"line":72,"column":23},"end":{"line":76,"column":3}},"28":{"start":{"line":73,"column":4},"end":{"line":73,"column":26}},"29":{"start":{"line":74,"column":4},"end":{"line":74,"column":29}},"30":{"start":{"line":75,"column":4},"end":{"line":75,"column":27}},"31":{"start":{"line":78,"column":27},"end":{"line":122,"column":3}},"32":{"start":{"line":79,"column":4},"end":{"line":79,"column":41}},"33":{"start":{"line":79,"column":34},"end":{"line":79,"column":41}},"34":{"start":{"line":81,"column":4},"end":{"line":81,"column":21}},"35":{"start":{"line":82,"column":4},"end":{"line":82,"column":19}},"36":{"start":{"line":83,"column":21},"end":{"line":83,"column":66}},"37":{"start":{"line":85,"column":4},"end":{"line":121,"column":5}},"38":{"start":{"line":86,"column":23},"end":{"line":88,"column":7}},"39":{"start":{"line":90,"column":6},"end":{"line":92,"column":7}},"40":{"start":{"line":91,"column":8},"end":{"line":91,"column":54}},"41":{"start":{"line":94,"column":19},"end":{"line":94,"column":40}},"42":{"start":{"line":96,"column":6},"end":{"line":98,"column":7}},"43":{"start":{"line":97,"column":8},"end":{"line":97,"column":55}},"44":{"start":{"line":100,"column":28},"end":{"line":100,"column":61}},"45":{"start":{"line":101,"column":23},"end":{"line":103,"column":7}},"46":{"start":{"line":102,"column":15},"end":{"line":102,"column":70}},"47":{"start":{"line":105,"column":6},"end":{"line":114,"column":7}},"48":{"start":{"line":106,"column":8},"end":{"line":111,"column":11}},"49":{"start":{"line":113,"column":8},"end":{"line":113,"column":67}},"50":{"start":{"line":116,"column":6},"end":{"line":116,"column":54}},"51":{"start":{"line":117,"column":6},"end":{"line":117,"column":30}},"52":{"start":{"line":118,"column":6},"end":{"line":118,"column":27}},"53":{"start":{"line":120,"column":6},"end":{"line":120,"column":24}},"54":{"start":{"line":124,"column":23},"end":{"line":146,"column":3}},"55":{"start":{"line":125,"column":4},"end":{"line":125,"column":51}},"56":{"start":{"line":125,"column":39},"end":{"line":125,"column":51}},"57":{"start":{"line":127,"column":17},"end":{"line":127,"column":45}},"58":{"start":{"line":128,"column":17},"end":{"line":128,"column":45}},"59":{"start":{"line":129,"column":17},"end":{"line":129,"column":46}},"60":{"start":{"line":130,"column":17},"end":{"line":130,"column":46}},"61":{"start":{"line":132,"column":4},"end":{"line":137,"column":7}},"62":{"start":{"line":133,"column":6},"end":{"line":133,"column":48}},"63":{"start":{"line":134,"column":6},"end":{"line":134,"column":48}},"64":{"start":{"line":135,"column":6},"end":{"line":135,"column":49}},"65":{"start":{"line":136,"column":6},"end":{"line":136,"column":49}},"66":{"start":{"line":139,"column":20},"end":{"line":139,"column":23}},"67":{"start":{"line":140,"column":4},"end":{"line":145,"column":6}},"68":{"start":{"line":148,"column":28},"end":{"line":164,"column":3}},"69":{"start":{"line":149,"column":4},"end":{"line":163,"column":5}},"70":{"start":{"line":150,"column":6},"end":{"line":161,"column":17}},"71":{"start":{"line":162,"column":6},"end":{"line":162,"column":26}},"72":{"start":{"line":166,"column":2},"end":{"line":442,"column":4}},"73":{"start":{"line":172,"column":12},"end":{"line":178,"column":14}},"74":{"start":{"line":177,"column":29},"end":{"line":177,"column":42}},"75":{"start":{"line":216,"column":31},"end":{"line":216,"column":49}},"76":{"start":{"line":296,"column":20},"end":{"line":296,"column":100}},"77":{"start":{"line":300,"column":44},"end":{"line":300,"column":76}},"78":{"start":{"line":311,"column":42},"end":{"line":311,"column":74}},"79":{"start":{"line":312,"column":47},"end":{"line":312,"column":74}},"80":{"start":{"line":321,"column":43},"end":{"line":321,"column":66}},"81":{"start":{"line":344,"column":31},"end":{"line":344,"column":54}},"82":{"start":{"line":353,"column":64},"end":{"line":353,"column":88}},"83":{"start":{"line":359,"column":37},"end":{"line":359,"column":47}},"84":{"start":{"line":360,"column":24},"end":{"line":360,"column":57}},"85":{"start":{"line":361,"column":24},"end":{"line":383,"column":26}},"86":{"start":{"line":368,"column":43},"end":{"line":368,"column":61}},"87":{"start":{"line":389,"column":41},"end":{"line":389,"column":65}},"88":{"start":{"line":405,"column":33},"end":{"line":405,"column":63}},"89":{"start":{"line":445,"column":15},"end":{"line":644,"column":2}}},"fnMap":{"0":{"name":"(anonymous_0)","decl":{"start":{"line":13,"column":20},"end":{"line":13,"column":21}},"loc":{"start":{"line":13,"column":26},"end":{"line":443,"column":1}},"line":13},"1":{"name":"(anonymous_1)","decl":{"start":{"line":34,"column":25},"end":{"line":34,"column":26}},"loc":{"start":{"line":34,"column":42},"end":{"line":54,"column":3}},"line":34},"2":{"name":"(anonymous_2)","decl":{"start":{"line":56,"column":34},"end":{"line":56,"column":35}},"loc":{"start":{"line":56,"column":44},"end":{"line":70,"column":3}},"line":56},"3":{"name":"(anonymous_3)","decl":{"start":{"line":72,"column":23},"end":{"line":72,"column":24}},"loc":{"start":{"line":72,"column":33},"end":{"line":76,"column":3}},"line":72},"4":{"name":"(anonymous_4)","decl":{"start":{"line":78,"column":27},"end":{"line":78,"column":28}},"loc":{"start":{"line":78,"column":43},"end":{"line":122,"column":3}},"line":78},"5":{"name":"(anonymous_5)","decl":{"start":{"line":102,"column":8},"end":{"line":102,"column":9}},"loc":{"start":{"line":102,"column":15},"end":{"line":102,"column":70}},"line":102},"6":{"name":"(anonymous_6)","decl":{"start":{"line":124,"column":23},"end":{"line":124,"column":24}},"loc":{"start":{"line":124,"column":29},"end":{"line":146,"column":3}},"line":124},"7":{"name":"(anonymous_7)","decl":{"start":{"line":132,"column":29},"end":{"line":132,"column":30}},"loc":{"start":{"line":132,"column":38},"end":{"line":137,"column":5}},"line":132},"8":{"name":"(anonymous_8)","decl":{"start":{"line":148,"column":28},"end":{"line":148,"column":29}},"loc":{"start":{"line":148,"column":34},"end":{"line":164,"column":3}},"line":148},"9":{"name":"(anonymous_9)","decl":{"start":{"line":171,"column":22},"end":{"line":171,"column":23}},"loc":{"start":{"line":172,"column":12},"end":{"line":178,"column":14}},"line":172},"10":{"name":"(anonymous_10)","decl":{"start":{"line":177,"column":23},"end":{"line":177,"column":24}},"loc":{"start":{"line":177,"column":29},"end":{"line":177,"column":42}},"line":177},"11":{"name":"(anonymous_11)","decl":{"start":{"line":216,"column":25},"end":{"line":216,"column":26}},"loc":{"start":{"line":216,"column":31},"end":{"line":216,"column":49}},"line":216},"12":{"name":"(anonymous_12)","decl":{"start":{"line":295,"column":48},"end":{"line":295,"column":49}},"loc":{"start":{"line":296,"column":20},"end":{"line":296,"column":100}},"line":296},"13":{"name":"(anonymous_13)","decl":{"start":{"line":300,"column":27},"end":{"line":300,"column":28}},"loc":{"start":{"line":300,"column":44},"end":{"line":300,"column":76}},"line":300},"14":{"name":"(anonymous_14)","decl":{"start":{"line":311,"column":25},"end":{"line":311,"column":26}},"loc":{"start":{"line":311,"column":42},"end":{"line":311,"column":74}},"line":311},"15":{"name":"(anonymous_15)","decl":{"start":{"line":312,"column":30},"end":{"line":312,"column":31}},"loc":{"start":{"line":312,"column":47},"end":{"line":312,"column":74}},"line":312},"16":{"name":"(anonymous_16)","decl":{"start":{"line":321,"column":32},"end":{"line":321,"column":33}},"loc":{"start":{"line":321,"column":43},"end":{"line":321,"column":66}},"line":321},"17":{"name":"(anonymous_17)","decl":{"start":{"line":344,"column":25},"end":{"line":344,"column":26}},"loc":{"start":{"line":344,"column":31},"end":{"line":344,"column":54}},"line":344},"18":{"name":"(anonymous_18)","decl":{"start":{"line":353,"column":58},"end":{"line":353,"column":59}},"loc":{"start":{"line":353,"column":64},"end":{"line":353,"column":88}},"line":353},"19":{"name":"(anonymous_19)","decl":{"start":{"line":358,"column":50},"end":{"line":358,"column":51}},"loc":{"start":{"line":358,"column":60},"end":{"line":384,"column":23}},"line":358},"20":{"name":"(anonymous_20)","decl":{"start":{"line":368,"column":37},"end":{"line":368,"column":38}},"loc":{"start":{"line":368,"column":43},"end":{"line":368,"column":61}},"line":368},"21":{"name":"(anonymous_21)","decl":{"start":{"line":389,"column":35},"end":{"line":389,"column":36}},"loc":{"start":{"line":389,"column":41},"end":{"line":389,"column":65}},"line":389},"22":{"name":"(anonymous_22)","decl":{"start":{"line":405,"column":27},"end":{"line":405,"column":28}},"loc":{"start":{"line":405,"column":33},"end":{"line":405,"column":63}},"line":405}},"branchMap":{"0":{"loc":{"start":{"line":21,"column":27},"end":{"line":21,"column":93}},"type":"cond-expr","locations":[{"start":{"line":21,"column":53},"end":{"line":21,"column":88}},{"start":{"line":21,"column":91},"end":{"line":21,"column":93}}],"line":21},"1":{"loc":{"start":{"line":22,"column":23},"end":{"line":22,"column":83}},"type":"cond-expr","locations":[{"start":{"line":22,"column":45},"end":{"line":22,"column":76}},{"start":{"line":22,"column":79},"end":{"line":22,"column":83}}],"line":22},"2":{"loc":{"start":{"line":23,"column":27},"end":{"line":23,"column":93}},"type":"cond-expr","locations":[{"start":{"line":23,"column":53},"end":{"line":23,"column":88}},{"start":{"line":23,"column":91},"end":{"line":23,"column":93}}],"line":23},"3":{"loc":{"start":{"line":24,"column":24},"end":{"line":24,"column":49}},"type":"binary-expr","locations":[{"start":{"line":24,"column":24},"end":{"line":24,"column":44}},{"start":{"line":24,"column":48},"end":{"line":24,"column":49}}],"line":24},"4":{"loc":{"start":{"line":25,"column":27},"end":{"line":25,"column":63}},"type":"binary-expr","locations":[{"start":{"line":25,"column":27},"end":{"line":25,"column":50}},{"start":{"line":25,"column":54},"end":{"line":25,"column":63}}],"line":25},"5":{"loc":{"start":{"line":36,"column":4},"end":{"line":53,"column":5}},"type":"switch","locations":[{"start":{"line":37,"column":6},"end":{"line":38,"column":49}},{"start":{"line":39,"column":6},"end":{"line":39,"column":16}},{"start":{"line":40,"column":6},"end":{"line":41,"column":55}},{"start":{"line":42,"column":6},"end":{"line":42,"column":16}},{"start":{"line":43,"column":6},"end":{"line":44,"column":51}},{"start":{"line":45,"column":6},"end":{"line":45,"column":16}},{"start":{"line":46,"column":6},"end":{"line":47,"column":56}},{"start":{"line":48,"column":6},"end":{"line":48,"column":16}},{"start":{"line":49,"column":6},"end":{"line":50,"column":55}},{"start":{"line":51,"column":6},"end":{"line":52,"column":49}}],"line":36},"6":{"loc":{"start":{"line":69,"column":11},"end":{"line":69,"column":38}},"type":"binary-expr","locations":[{"start":{"line":69,"column":11},"end":{"line":69,"column":27}},{"start":{"line":69,"column":31},"end":{"line":69,"column":38}}],"line":69},"7":{"loc":{"start":{"line":79,"column":4},"end":{"line":79,"column":41}},"type":"if","locations":[{"start":{"line":79,"column":4},"end":{"line":79,"column":41}},{"start":{},"end":{}}],"line":79},"8":{"loc":{"start":{"line":90,"column":6},"end":{"line":92,"column":7}},"type":"if","locations":[{"start":{"line":90,"column":6},"end":{"line":92,"column":7}},{"start":{},"end":{}}],"line":90},"9":{"loc":{"start":{"line":96,"column":6},"end":{"line":98,"column":7}},"type":"if","locations":[{"start":{"line":96,"column":6},"end":{"line":98,"column":7}},{"start":{},"end":{}}],"line":96},"10":{"loc":{"start":{"line":96,"column":10},"end":{"line":96,"column":50}},"type":"binary-expr","locations":[{"start":{"line":96,"column":10},"end":{"line":96,"column":25}},{"start":{"line":96,"column":29},"end":{"line":96,"column":50}}],"line":96},"11":{"loc":{"start":{"line":105,"column":6},"end":{"line":114,"column":7}},"type":"if","locations":[{"start":{"line":105,"column":6},"end":{"line":114,"column":7}},{"start":{"line":112,"column":13},"end":{"line":114,"column":7}}],"line":105},"12":{"loc":{"start":{"line":125,"column":4},"end":{"line":125,"column":51}},"type":"if","locations":[{"start":{"line":125,"column":4},"end":{"line":125,"column":51}},{"start":{},"end":{}}],"line":125},"13":{"loc":{"start":{"line":149,"column":4},"end":{"line":163,"column":5}},"type":"if","locations":[{"start":{"line":149,"column":4},"end":{"line":163,"column":5}},{"start":{},"end":{}}],"line":149},"14":{"loc":{"start":{"line":191,"column":11},"end":{"line":221,"column":11}},"type":"cond-expr","locations":[{"start":{"line":192,"column":12},"end":{"line":210,"column":19}},{"start":{"line":212,"column":12},"end":{"line":220,"column":28}}],"line":191},"15":{"loc":{"start":{"line":202,"column":15},"end":{"line":209,"column":15}},"type":"binary-expr","locations":[{"start":{"line":202,"column":15},"end":{"line":202,"column":42}},{"start":{"line":203,"column":16},"end":{"line":208,"column":35}}],"line":202},"16":{"loc":{"start":{"line":230,"column":13},"end":{"line":236,"column":13}},"type":"binary-expr","locations":[{"start":{"line":230,"column":13},"end":{"line":230,"column":40}},{"start":{"line":231,"column":14},"end":{"line":235,"column":16}}],"line":230},"17":{"loc":{"start":{"line":237,"column":13},"end":{"line":250,"column":13}},"type":"binary-expr","locations":[{"start":{"line":237,"column":13},"end":{"line":237,"column":40}},{"start":{"line":238,"column":14},"end":{"line":249,"column":17}}],"line":237},"18":{"loc":{"start":{"line":260,"column":17},"end":{"line":260,"column":66}},"type":"binary-expr","locations":[{"start":{"line":260,"column":17},"end":{"line":260,"column":56}},{"start":{"line":260,"column":60},"end":{"line":260,"column":66}}],"line":260},"19":{"loc":{"start":{"line":268,"column":17},"end":{"line":268,"column":67}},"type":"binary-expr","locations":[{"start":{"line":268,"column":17},"end":{"line":268,"column":56}},{"start":{"line":268,"column":60},"end":{"line":268,"column":67}}],"line":268},"20":{"loc":{"start":{"line":276,"column":17},"end":{"line":276,"column":70}},"type":"cond-expr","locations":[{"start":{"line":276,"column":50},"end":{"line":276,"column":59}},{"start":{"line":276,"column":62},"end":{"line":276,"column":70}}],"line":276},"21":{"loc":{"start":{"line":289,"column":9},"end":{"line":335,"column":9}},"type":"binary-expr","locations":[{"start":{"line":289,"column":9},"end":{"line":289,"column":36}},{"start":{"line":290,"column":10},"end":{"line":334,"column":17}}],"line":289},"22":{"loc":{"start":{"line":296,"column":30},"end":{"line":296,"column":75}},"type":"binary-expr","locations":[{"start":{"line":296,"column":30},"end":{"line":296,"column":70}},{"start":{"line":296,"column":74},"end":{"line":296,"column":75}}],"line":296},"23":{"loc":{"start":{"line":300,"column":28},"end":{"line":300,"column":39}},"type":"default-arg","locations":[{"start":{"line":300,"column":38},"end":{"line":300,"column":39}}],"line":300},"24":{"loc":{"start":{"line":311,"column":26},"end":{"line":311,"column":37}},"type":"default-arg","locations":[{"start":{"line":311,"column":36},"end":{"line":311,"column":37}}],"line":311},"25":{"loc":{"start":{"line":312,"column":31},"end":{"line":312,"column":42}},"type":"default-arg","locations":[{"start":{"line":312,"column":41},"end":{"line":312,"column":42}}],"line":312},"26":{"loc":{"start":{"line":366,"column":30},"end":{"line":366,"column":93}},"type":"binary-expr","locations":[{"start":{"line":366,"column":30},"end":{"line":366,"column":70}},{"start":{"line":366,"column":74},"end":{"line":366,"column":93}}],"line":366},"27":{"loc":{"start":{"line":372,"column":30},"end":{"line":372,"column":97}},"type":"binary-expr","locations":[{"start":{"line":372,"column":30},"end":{"line":372,"column":70}},{"start":{"line":372,"column":74},"end":{"line":372,"column":97}}],"line":372},"28":{"loc":{"start":{"line":378,"column":30},"end":{"line":378,"column":97}},"type":"binary-expr","locations":[{"start":{"line":378,"column":30},"end":{"line":378,"column":70}},{"start":{"line":378,"column":74},"end":{"line":378,"column":97}}],"line":378},"29":{"loc":{"start":{"line":394,"column":13},"end":{"line":435,"column":13}},"type":"cond-expr","locations":[{"start":{"line":395,"column":14},"end":{"line":398,"column":21}},{"start":{"line":399,"column":16},"end":{"line":435,"column":13}}],"line":394},"30":{"loc":{"start":{"line":399,"column":16},"end":{"line":435,"column":13}},"type":"cond-expr","locations":[{"start":{"line":400,"column":14},"end":{"line":410,"column":21}},{"start":{"line":411,"column":16},"end":{"line":435,"column":13}}],"line":399},"31":{"loc":{"start":{"line":411,"column":16},"end":{"line":435,"column":13}},"type":"binary-expr","locations":[{"start":{"line":411,"column":16},"end":{"line":411,"column":27}},{"start":{"line":412,"column":14},"end":{"line":434,"column":21}}],"line":411}},"s":{"0":0,"1":0,"2":0,"3":0,"4":0,"5":0,"6":0,"7":0,"8":0,"9":0,"10":0,"11":0,"12":0,"13":0,"14":0,"15":0,"16":0,"17":0,"18":0,"19":0,"20":0,"21":0,"22":0,"23":0,"24":0,"25":0,"26":0,"27":0,"28":0,"29":0,"30":0,"31":0,"32":0,"33":0,"34":0,"35":0,"36":0,"37":0,"38":0,"39":0,"40":0,"41":0,"42":0,"43":0,"44":0,"45":0,"46":0,"47":0,"48":0,"49":0,"50":0,"51":0,"52":0,"53":0,"54":0,"55":0,"56":0,"57":0,"58":0,"59":0,"60":0,"61":0,"62":0,"63":0,"64":0,"65":0,"66":0,"67":0,"68":0,"69":0,"70":0,"71":0,"72":0,"73":0,"74":0,"75":0,"76":0,"77":0,"78":0,"79":0,"80":0,"81":0,"82":0,"83":0,"84":0,"85":0,"86":0,"87":0,"88":0,"89":0},"f":{"0":0,"1":0,"2":0,"3":0,"4":0,"5":0,"6":0,"7":0,"8":0,"9":0,"10":0,"11":0,"12":0,"13":0,"14":0,"15":0,"16":0,"17":0,"18":0,"19":0,"20":0,"21":0,"22":0},"b":{"0":[0,0],"1":[0,0],"2":[0,0],"3":[0,0],"4":[0,0],"5":[0,0,0,0,0,0,0,0,0,0],"6":[0,0],"7":[0,0],"8":[0,0],"9":[0,0],"10":[0,0],"11":[0,0],"12":[0,0],"13":[0,0],"14":[0,0],"15":[0,0],"16":[0,0],"17":[0,0],"18":[0,0],"19":[0,0],"20":[0,0],"21":[0,0],"22":[0,0],"23":[0],"24":[0],"25":[0],"26":[0,0],"27":[0,0],"28":[0,0],"29":[0,0],"30":[0,0],"31":[0,0]}}
,"C:\\Users\\AFLAL\\Desktop\\VelociRoute\\VelociRoute\\Mobile\\app\\(app)\\_layout.jsx": {"path":"C:\\Users\\AFLAL\\Desktop\\VelociRoute\\VelociRoute\\Mobile\\app\\(app)\\_layout.jsx","statementMap":{"0":{"start":{"line":7,"column":19},"end":{"line":7,"column":28}},"1":{"start":{"line":10,"column":2},"end":{"line":12,"column":3}},"2":{"start":{"line":11,"column":4},"end":{"line":11,"column":38}},"3":{"start":{"line":14,"column":2},"end":{"line":37,"column":4}}},"fnMap":{"0":{"name":"AppLayout","decl":{"start":{"line":6,"column":24},"end":{"line":6,"column":33}},"loc":{"start":{"line":6,"column":36},"end":{"line":38,"column":1}},"line":6}},"branchMap":{"0":{"loc":{"start":{"line":10,"column":2},"end":{"line":12,"column":3}},"type":"if","locations":[{"start":{"line":10,"column":2},"end":{"line":12,"column":3}},{"start":{},"end":{}}],"line":10}},"s":{"0":0,"1":0,"2":0,"3":0},"f":{"0":0},"b":{"0":[0,0]}}
,"C:\\Users\\AFLAL\\Desktop\\VelociRoute\\VelociRoute\\Mobile\\app\\(app)\\post.jsx": {"path":"C:\\Users\\AFLAL\\Desktop\\VelociRoute\\VelociRoute\\Mobile\\app\\(app)\\post.jsx","statementMap":{"0":{"start":{"line":14,"column":27},"end":{"line":624,"column":1}},"1":{"start":{"line":15,"column":17},"end":{"line":15,"column":28}},"2":{"start":{"line":16,"column":17},"end":{"line":16,"column":39}},"3":{"start":{"line":17,"column":17},"end":{"line":17,"column":29}},"4":{"start":{"line":20,"column":20},"end":{"line":20,"column":72}},"5":{"start":{"line":21,"column":16},"end":{"line":21,"column":60}},"6":{"start":{"line":23,"column":42},"end":{"line":23,"column":54}},"7":{"start":{"line":24,"column":40},"end":{"line":24,"column":52}},"8":{"start":{"line":25,"column":58},"end":{"line":25,"column":72}},"9":{"start":{"line":26,"column":62},"end":{"line":26,"column":76}},"10":{"start":{"line":27,"column":54},"end":{"line":27,"column":68}},"11":{"start":{"line":28,"column":70},"end":{"line":28,"column":85}},"12":{"start":{"line":29,"column":58},"end":{"line":29,"column":73}},"13":{"start":{"line":30,"column":66},"end":{"line":30,"column":81}},"14":{"start":{"line":31,"column":46},"end":{"line":31,"column":58}},"15":{"start":{"line":32,"column":36},"end":{"line":32,"column":51}},"16":{"start":{"line":33,"column":34},"end":{"line":33,"column":49}},"17":{"start":{"line":34,"column":32},"end":{"line":34,"column":52}},"18":{"start":{"line":36,"column":24},"end":{"line":36,"column":67}},"19":{"start":{"line":37,"column":26},"end":{"line":37,"column":62}},"20":{"start":{"line":38,"column":27},"end":{"line":38,"column":53}},"21":{"start":{"line":40,"column":24},"end":{"line":45,"column":3}},"22":{"start":{"line":47,"column":22},"end":{"line":52,"column":3}},"23":{"start":{"line":54,"column":26},"end":{"line":58,"column":3}},"24":{"start":{"line":60,"column":32},"end":{"line":60,"column":45}},"25":{"start":{"line":61,"column":35},"end":{"line":61,"column":47}},"26":{"start":{"line":63,"column":29},"end":{"line":84,"column":3}},"27":{"start":{"line":64,"column":4},"end":{"line":83,"column":5}},"28":{"start":{"line":65,"column":23},"end":{"line":65,"column":37}},"29":{"start":{"line":66,"column":6},"end":{"line":70,"column":9}},"30":{"start":{"line":71,"column":6},"end":{"line":71,"column":65}},"31":{"start":{"line":73,"column":23},"end":{"line":76,"column":8}},"32":{"start":{"line":78,"column":19},"end":{"line":78,"column":40}},"33":{"start":{"line":79,"column":6},"end":{"line":79,"column":29}},"34":{"start":{"line":81,"column":6},"end":{"line":81,"column":61}},"35":{"start":{"line":82,"column":6},"end":{"line":82,"column":18}},"36":{"start":{"line":86,"column":25},"end":{"line":91,"column":3}},"37":{"start":{"line":87,"column":18},"end":{"line":87,"column":45}},"38":{"start":{"line":88,"column":20},"end":{"line":88,"column":54}},"39":{"start":{"line":89,"column":20},"end":{"line":89,"column":45}},"40":{"start":{"line":90,"column":4},"end":{"line":90,"column":128}},"41":{"start":{"line":93,"column":21},"end":{"line":98,"column":3}},"42":{"start":{"line":94,"column":18},"end":{"line":94,"column":41}},"43":{"start":{"line":95,"column":20},"end":{"line":95,"column":50}},"44":{"start":{"line":96,"column":20},"end":{"line":96,"column":29}},"45":{"start":{"line":97,"column":4},"end":{"line":97,"column":128}},"46":{"start":{"line":100,"column":34},"end":{"line":102,"column":3}},"47":{"start":{"line":101,"column":4},"end":{"line":101,"column":63}},"48":{"start":{"line":104,"column":28},"end":{"line":106,"column":3}},"49":{"start":{"line":105,"column":4},"end":{"line":105,"column":51}},"50":{"start":{"line":108,"column":32},"end":{"line":110,"column":3}},"51":{"start":{"line":109,"column":4},"end":{"line":109,"column":59}},"52":{"start":{"line":112,"column":35},"end":{"line":115,"column":3}},"53":{"start":{"line":113,"column":4},"end":{"line":113,"column":42}},"54":{"start":{"line":114,"column":4},"end":{"line":114,"column":30}},"55":{"start":{"line":117,"column":37},"end":{"line":120,"column":3}},"56":{"start":{"line":118,"column":4},"end":{"line":118,"column":38}},"57":{"start":{"line":119,"column":4},"end":{"line":119,"column":24}},"58":{"start":{"line":122,"column":33},"end":{"line":125,"column":3}},"59":{"start":{"line":123,"column":4},"end":{"line":123,"column":38}},"60":{"start":{"line":124,"column":4},"end":{"line":124,"column":28}},"61":{"start":{"line":127,"column":20},"end":{"line":150,"column":3}},"62":{"start":{"line":128,"column":4},"end":{"line":149,"column":5}},"63":{"start":{"line":130,"column":25},"end":{"line":130,"column":80}},"64":{"start":{"line":131,"column":6},"end":{"line":134,"column":7}},"65":{"start":{"line":132,"column":8},"end":{"line":132,"column":75}},"66":{"start":{"line":133,"column":8},"end":{"line":133,"column":15}},"67":{"start":{"line":137,"column":21},"end":{"line":141,"column":8}},"68":{"start":{"line":143,"column":6},"end":{"line":145,"column":7}},"69":{"start":{"line":144,"column":8},"end":{"line":144,"column":75}},"70":{"start":{"line":144,"column":40},"end":{"line":144,"column":73}},"71":{"start":{"line":147,"column":6},"end":{"line":147,"column":51}},"72":{"start":{"line":148,"column":6},"end":{"line":148,"column":35}},"73":{"start":{"line":152,"column":22},"end":{"line":154,"column":3}},"74":{"start":{"line":153,"column":4},"end":{"line":153,"column":78}},"75":{"start":{"line":153,"column":36},"end":{"line":153,"column":76}},"76":{"start":{"line":153,"column":64},"end":{"line":153,"column":75}},"77":{"start":{"line":156,"column":29},"end":{"line":217,"column":3}},"78":{"start":{"line":157,"column":4},"end":{"line":216,"column":5}},"79":{"start":{"line":158,"column":6},"end":{"line":158,"column":24}},"80":{"start":{"line":160,"column":6},"end":{"line":163,"column":7}},"81":{"start":{"line":161,"column":8},"end":{"line":161,"column":68}},"82":{"start":{"line":162,"column":8},"end":{"line":162,"column":15}},"83":{"start":{"line":166,"column":20},"end":{"line":166,"column":55}},"84":{"start":{"line":167,"column":6},"end":{"line":170,"column":7}},"85":{"start":{"line":168,"column":8},"end":{"line":168,"column":72}},"86":{"start":{"line":169,"column":8},"end":{"line":169,"column":15}},"87":{"start":{"line":173,"column":23},"end":{"line":173,"column":37}},"88":{"start":{"line":174,"column":6},"end":{"line":174,"column":52}},"89":{"start":{"line":175,"column":6},"end":{"line":175,"column":50}},"90":{"start":{"line":176,"column":6},"end":{"line":176,"column":60}},"91":{"start":{"line":177,"column":6},"end":{"line":177,"column":56}},"92":{"start":{"line":178,"column":6},"end":{"line":178,"column":56}},"93":{"start":{"line":181,"column":6},"end":{"line":183,"column":7}},"94":{"start":{"line":182,"column":8},"end":{"line":182,"column":60}},"95":{"start":{"line":184,"column":6},"end":{"line":186,"column":7}},"96":{"start":{"line":185,"column":8},"end":{"line":185,"column":56}},"97":{"start":{"line":189,"column":6},"end":{"line":195,"column":9}},"98":{"start":{"line":190,"column":8},"end":{"line":194,"column":11}},"99":{"start":{"line":197,"column":6},"end":{"line":197,"column":62}},"100":{"start":{"line":198,"column":23},"end":{"line":203,"column":8}},"101":{"start":{"line":205,"column":6},"end":{"line":210,"column":7}},"102":{"start":{"line":206,"column":8},"end":{"line":206,"column":63}},"103":{"start":{"line":207,"column":8},"end":{"line":207,"column":39}},"104":{"start":{"line":209,"column":8},"end":{"line":209,"column":79}},"105":{"start":{"line":212,"column":6},"end":{"line":212,"column":53}},"106":{"start":{"line":213,"column":6},"end":{"line":213,"column":73}},"107":{"start":{"line":215,"column":6},"end":{"line":215,"column":25}},"108":{"start":{"line":219,"column":29},"end":{"line":284,"column":3}},"109":{"start":{"line":220,"column":4},"end":{"line":283,"column":5}},"110":{"start":{"line":221,"column":6},"end":{"line":221,"column":25}},"111":{"start":{"line":223,"column":6},"end":{"line":226,"column":7}},"112":{"start":{"line":224,"column":8},"end":{"line":224,"column":68}},"113":{"start":{"line":225,"column":8},"end":{"line":225,"column":15}},"114":{"start":{"line":229,"column":20},"end":{"line":229,"column":55}},"115":{"start":{"line":230,"column":6},"end":{"line":233,"column":7}},"116":{"start":{"line":231,"column":8},"end":{"line":231,"column":72}},"117":{"start":{"line":232,"column":8},"end":{"line":232,"column":15}},"118":{"start":{"line":236,"column":23},"end":{"line":236,"column":37}},"119":{"start":{"line":237,"column":6},"end":{"line":237,"column":52}},"120":{"start":{"line":238,"column":6},"end":{"line":238,"column":50}},"121":{"start":{"line":239,"column":6},"end":{"line":239,"column":60}},"122":{"start":{"line":240,"column":6},"end":{"line":240,"column":56}},"123":{"start":{"line":241,"column":6},"end":{"line":241,"column":56}},"124":{"start":{"line":244,"column":6},"end":{"line":246,"column":7}},"125":{"start":{"line":245,"column":8},"end":{"line":245,"column":60}},"126":{"start":{"line":247,"column":6},"end":{"line":249,"column":7}},"127":{"start":{"line":248,"column":8},"end":{"line":248,"column":56}},"128":{"start":{"line":252,"column":6},"end":{"line":252,"column":36}},"129":{"start":{"line":253,"column":6},"end":{"line":253,"column":54}},"130":{"start":{"line":256,"column":6},"end":{"line":262,"column":9}},"131":{"start":{"line":257,"column":8},"end":{"line":261,"column":11}},"132":{"start":{"line":264,"column":6},"end":{"line":264,"column":58}},"133":{"start":{"line":265,"column":23},"end":{"line":270,"column":8}},"134":{"start":{"line":272,"column":6},"end":{"line":277,"column":7}},"135":{"start":{"line":273,"column":8},"end":{"line":273,"column":64}},"136":{"start":{"line":274,"column":8},"end":{"line":274,"column":31}},"137":{"start":{"line":276,"column":8},"end":{"line":276,"column":79}},"138":{"start":{"line":279,"column":6},"end":{"line":279,"column":54}},"139":{"start":{"line":280,"column":6},"end":{"line":280,"column":73}},"140":{"start":{"line":282,"column":6},"end":{"line":282,"column":26}},"141":{"start":{"line":286,"column":32},"end":{"line":308,"column":3}},"142":{"start":{"line":287,"column":4},"end":{"line":307,"column":6}},"143":{"start":{"line":300,"column":12},"end":{"line":303,"column":15}},"144":{"start":{"line":310,"column":21},"end":{"line":322,"column":3}},"145":{"start":{"line":311,"column":4},"end":{"line":321,"column":5}},"146":{"start":{"line":312,"column":26},"end":{"line":315,"column":9}},"147":{"start":{"line":312,"column":50},"end":{"line":315,"column":7}},"148":{"start":{"line":317,"column":6},"end":{"line":320,"column":9}},"149":{"start":{"line":324,"column":2},"end":{"line":623,"column":4}},"150":{"start":{"line":357,"column":53},"end":{"line":360,"column":17}},"151":{"start":{"line":383,"column":34},"end":{"line":383,"column":55}},"152":{"start":{"line":399,"column":20},"end":{"line":399,"column":42}},"153":{"start":{"line":419,"column":16},"end":{"line":427,"column":23}},"154":{"start":{"line":423,"column":35},"end":{"line":423,"column":57}},"155":{"start":{"line":429,"column":45},"end":{"line":429,"column":61}},"156":{"start":{"line":440,"column":34},"end":{"line":440,"column":54}},"157":{"start":{"line":524,"column":40},"end":{"line":524,"column":44}},"158":{"start":{"line":526,"column":18},"end":{"line":531,"column":37}},"159":{"start":{"line":528,"column":35},"end":{"line":528,"column":65}},"160":{"start":{"line":547,"column":40},"end":{"line":547,"column":44}},"161":{"start":{"line":549,"column":18},"end":{"line":554,"column":37}},"162":{"start":{"line":551,"column":35},"end":{"line":551,"column":67}},"163":{"start":{"line":570,"column":40},"end":{"line":570,"column":44}},"164":{"start":{"line":572,"column":18},"end":{"line":577,"column":37}},"165":{"start":{"line":574,"column":35},"end":{"line":574,"column":63}},"166":{"start":{"line":626,"column":15},"end":{"line":849,"column":2}}},"fnMap":{"0":{"name":"(anonymous_0)","decl":{"start":{"line":14,"column":27},"end":{"line":14,"column":28}},"loc":{"start":{"line":14,"column":33},"end":{"line":624,"column":1}},"line":14},"1":{"name":"(anonymous_1)","decl":{"start":{"line":63,"column":29},"end":{"line":63,"column":30}},"loc":{"start":{"line":63,"column":49},"end":{"line":84,"column":3}},"line":63},"2":{"name":"(anonymous_2)","decl":{"start":{"line":86,"column":25},"end":{"line":86,"column":26}},"loc":{"start":{"line":86,"column":39},"end":{"line":91,"column":3}},"line":86},"3":{"name":"(anonymous_3)","decl":{"start":{"line":93,"column":21},"end":{"line":93,"column":22}},"loc":{"start":{"line":93,"column":31},"end":{"line":98,"column":3}},"line":93},"4":{"name":"(anonymous_4)","decl":{"start":{"line":100,"column":34},"end":{"line":100,"column":35}},"loc":{"start":{"line":100,"column":40},"end":{"line":102,"column":3}},"line":100},"5":{"name":"(anonymous_5)","decl":{"start":{"line":104,"column":28},"end":{"line":104,"column":29}},"loc":{"start":{"line":104,"column":34},"end":{"line":106,"column":3}},"line":104},"6":{"name":"(anonymous_6)","decl":{"start":{"line":108,"column":32},"end":{"line":108,"column":33}},"loc":{"start":{"line":108,"column":38},"end":{"line":110,"column":3}},"line":108},"7":{"name":"(anonymous_7)","decl":{"start":{"line":112,"column":35},"end":{"line":112,"column":36}},"loc":{"start":{"line":112,"column":53},"end":{"line":115,"column":3}},"line":112},"8":{"name":"(anonymous_8)","decl":{"start":{"line":117,"column":37},"end":{"line":117,"column":38}},"loc":{"start":{"line":117,"column":49},"end":{"line":120,"column":3}},"line":117},"9":{"name":"(anonymous_9)","decl":{"start":{"line":122,"column":33},"end":{"line":122,"column":34}},"loc":{"start":{"line":122,"column":49},"end":{"line":125,"column":3}},"line":122},"10":{"name":"(anonymous_10)","decl":{"start":{"line":127,"column":20},"end":{"line":127,"column":21}},"loc":{"start":{"line":127,"column":32},"end":{"line":150,"column":3}},"line":127},"11":{"name":"(anonymous_11)","decl":{"start":{"line":144,"column":26},"end":{"line":144,"column":27}},"loc":{"start":{"line":144,"column":40},"end":{"line":144,"column":73}},"line":144},"12":{"name":"(anonymous_12)","decl":{"start":{"line":152,"column":22},"end":{"line":152,"column":23}},"loc":{"start":{"line":152,"column":33},"end":{"line":154,"column":3}},"line":152},"13":{"name":"(anonymous_13)","decl":{"start":{"line":153,"column":22},"end":{"line":153,"column":23}},"loc":{"start":{"line":153,"column":36},"end":{"line":153,"column":76}},"line":153},"14":{"name":"(anonymous_14)","decl":{"start":{"line":153,"column":54},"end":{"line":153,"column":55}},"loc":{"start":{"line":153,"column":64},"end":{"line":153,"column":75}},"line":153},"15":{"name":"(anonymous_15)","decl":{"start":{"line":156,"column":29},"end":{"line":156,"column":30}},"loc":{"start":{"line":156,"column":41},"end":{"line":217,"column":3}},"line":156},"16":{"name":"(anonymous_16)","decl":{"start":{"line":189,"column":29},"end":{"line":189,"column":30}},"loc":{"start":{"line":189,"column":47},"end":{"line":195,"column":7}},"line":189},"17":{"name":"(anonymous_17)","decl":{"start":{"line":219,"column":29},"end":{"line":219,"column":30}},"loc":{"start":{"line":219,"column":41},"end":{"line":284,"column":3}},"line":219},"18":{"name":"(anonymous_18)","decl":{"start":{"line":256,"column":29},"end":{"line":256,"column":30}},"loc":{"start":{"line":256,"column":47},"end":{"line":262,"column":7}},"line":256},"19":{"name":"(anonymous_19)","decl":{"start":{"line":286,"column":32},"end":{"line":286,"column":33}},"loc":{"start":{"line":286,"column":38},"end":{"line":308,"column":3}},"line":286},"20":{"name":"(anonymous_20)","decl":{"start":{"line":298,"column":19},"end":{"line":298,"column":20}},"loc":{"start":{"line":298,"column":25},"end":{"line":304,"column":11}},"line":298},"21":{"name":"(anonymous_21)","decl":{"start":{"line":310,"column":21},"end":{"line":310,"column":22}},"loc":{"start":{"line":310,"column":27},"end":{"line":322,"column":3}},"line":310},"22":{"name":"(anonymous_22)","decl":{"start":{"line":312,"column":40},"end":{"line":312,"column":41}},"loc":{"start":{"line":312,"column":50},"end":{"line":315,"column":7}},"line":312},"23":{"name":"(anonymous_23)","decl":{"start":{"line":357,"column":43},"end":{"line":357,"column":44}},"loc":{"start":{"line":357,"column":53},"end":{"line":360,"column":17}},"line":357},"24":{"name":"(anonymous_24)","decl":{"start":{"line":383,"column":24},"end":{"line":383,"column":25}},"loc":{"start":{"line":383,"column":34},"end":{"line":383,"column":55}},"line":383},"25":{"name":"(anonymous_25)","decl":{"start":{"line":398,"column":27},"end":{"line":398,"column":28}},"loc":{"start":{"line":398,"column":33},"end":{"line":400,"column":19}},"line":398},"26":{"name":"(anonymous_26)","decl":{"start":{"line":418,"column":26},"end":{"line":418,"column":27}},"loc":{"start":{"line":419,"column":16},"end":{"line":427,"column":23}},"line":419},"27":{"name":"(anonymous_27)","decl":{"start":{"line":423,"column":29},"end":{"line":423,"column":30}},"loc":{"start":{"line":423,"column":35},"end":{"line":423,"column":57}},"line":423},"28":{"name":"(anonymous_28)","decl":{"start":{"line":429,"column":28},"end":{"line":429,"column":29}},"loc":{"start":{"line":429,"column":45},"end":{"line":429,"column":61}},"line":429},"29":{"name":"(anonymous_29)","decl":{"start":{"line":440,"column":24},"end":{"line":440,"column":25}},"loc":{"start":{"line":440,"column":34},"end":{"line":440,"column":54}},"line":440},"30":{"name":"(anonymous_30)","decl":{"start":{"line":524,"column":30},"end":{"line":524,"column":31}},"loc":{"start":{"line":524,"column":40},"end":{"line":524,"column":44}},"line":524},"31":{"name":"(anonymous_31)","decl":{"start":{"line":525,"column":28},"end":{"line":525,"column":29}},"loc":{"start":{"line":526,"column":18},"end":{"line":531,"column":37}},"line":526},"32":{"name":"(anonymous_32)","decl":{"start":{"line":528,"column":29},"end":{"line":528,"column":30}},"loc":{"start":{"line":528,"column":35},"end":{"line":528,"column":65}},"line":528},"33":{"name":"(anonymous_33)","decl":{"start":{"line":547,"column":30},"end":{"line":547,"column":31}},"loc":{"start":{"line":547,"column":40},"end":{"line":547,"column":44}},"line":547},"34":{"name":"(anonymous_34)","decl":{"start":{"line":548,"column":28},"end":{"line":548,"column":29}},"loc":{"start":{"line":549,"column":18},"end":{"line":554,"column":37}},"line":549},"35":{"name":"(anonymous_35)","decl":{"start":{"line":551,"column":29},"end":{"line":551,"column":30}},"loc":{"start":{"line":551,"column":35},"end":{"line":551,"column":67}},"line":551},"36":{"name":"(anonymous_36)","decl":{"start":{"line":570,"column":30},"end":{"line":570,"column":31}},"loc":{"start":{"line":570,"column":40},"end":{"line":570,"column":44}},"line":570},"37":{"name":"(anonymous_37)","decl":{"start":{"line":571,"column":28},"end":{"line":571,"column":29}},"loc":{"start":{"line":572,"column":18},"end":{"line":577,"column":37}},"line":572},"38":{"name":"(anonymous_38)","decl":{"start":{"line":574,"column":29},"end":{"line":574,"column":30}},"loc":{"start":{"line":574,"column":35},"end":{"line":574,"column":63}},"line":574}},"branchMap":{"0":{"loc":{"start":{"line":20,"column":20},"end":{"line":20,"column":72}},"type":"cond-expr","locations":[{"start":{"line":20,"column":39},"end":{"line":20,"column":67}},{"start":{"line":20,"column":70},"end":{"line":20,"column":72}}],"line":20},"1":{"loc":{"start":{"line":21,"column":16},"end":{"line":21,"column":60}},"type":"cond-expr","locations":[{"start":{"line":21,"column":31},"end":{"line":21,"column":55}},{"start":{"line":21,"column":58},"end":{"line":21,"column":60}}],"line":21},"2":{"loc":{"start":{"line":131,"column":6},"end":{"line":134,"column":7}},"type":"if","locations":[{"start":{"line":131,"column":6},"end":{"line":134,"column":7}},{"start":{},"end":{}}],"line":131},"3":{"loc":{"start":{"line":143,"column":6},"end":{"line":145,"column":7}},"type":"if","locations":[{"start":{"line":143,"column":6},"end":{"line":145,"column":7}},{"start":{},"end":{}}],"line":143},"4":{"loc":{"start":{"line":160,"column":6},"end":{"line":163,"column":7}},"type":"if","locations":[{"start":{"line":160,"column":6},"end":{"line":163,"column":7}},{"start":{},"end":{}}],"line":160},"5":{"loc":{"start":{"line":160,"column":10},"end":{"line":160,"column":48}},"type":"binary-expr","locations":[{"start":{"line":160,"column":10},"end":{"line":160,"column":23}},{"start":{"line":160,"column":27},"end":{"line":160,"column":48}}],"line":160},"6":{"loc":{"start":{"line":167,"column":6},"end":{"line":170,"column":7}},"type":"if","locations":[{"start":{"line":167,"column":6},"end":{"line":170,"column":7}},{"start":{},"end":{}}],"line":167},"7":{"loc":{"start":{"line":181,"column":6},"end":{"line":183,"column":7}},"type":"if","locations":[{"start":{"line":181,"column":6},"end":{"line":183,"column":7}},{"start":{},"end":{}}],"line":181},"8":{"loc":{"start":{"line":184,"column":6},"end":{"line":186,"column":7}},"type":"if","locations":[{"start":{"line":184,"column":6},"end":{"line":186,"column":7}},{"start":{},"end":{}}],"line":184},"9":{"loc":{"start":{"line":205,"column":6},"end":{"line":210,"column":7}},"type":"if","locations":[{"start":{"line":205,"column":6},"end":{"line":210,"column":7}},{"start":{"line":208,"column":13},"end":{"line":210,"column":7}}],"line":205},"10":{"loc":{"start":{"line":209,"column":29},"end":{"line":209,"column":77}},"type":"binary-expr","locations":[{"start":{"line":209,"column":29},"end":{"line":209,"column":48}},{"start":{"line":209,"column":52},"end":{"line":209,"column":77}}],"line":209},"11":{"loc":{"start":{"line":223,"column":6},"end":{"line":226,"column":7}},"type":"if","locations":[{"start":{"line":223,"column":6},"end":{"line":226,"column":7}},{"start":{},"end":{}}],"line":223},"12":{"loc":{"start":{"line":223,"column":10},"end":{"line":223,"column":48}},"type":"binary-expr","locations":[{"start":{"line":223,"column":10},"end":{"line":223,"column":23}},{"start":{"line":223,"column":27},"end":{"line":223,"column":48}}],"line":223},"13":{"loc":{"start":{"line":230,"column":6},"end":{"line":233,"column":7}},"type":"if","locations":[{"start":{"line":230,"column":6},"end":{"line":233,"column":7}},{"start":{},"end":{}}],"line":230},"14":{"loc":{"start":{"line":244,"column":6},"end":{"line":246,"column":7}},"type":"if","locations":[{"start":{"line":244,"column":6},"end":{"line":246,"column":7}},{"start":{},"end":{}}],"line":244},"15":{"loc":{"start":{"line":247,"column":6},"end":{"line":249,"column":7}},"type":"if","locations":[{"start":{"line":247,"column":6},"end":{"line":249,"column":7}},{"start":{},"end":{}}],"line":247},"16":{"loc":{"start":{"line":272,"column":6},"end":{"line":277,"column":7}},"type":"if","locations":[{"start":{"line":272,"column":6},"end":{"line":277,"column":7}},{"start":{"line":275,"column":13},"end":{"line":277,"column":7}}],"line":272},"17":{"loc":{"start":{"line":276,"column":29},"end":{"line":276,"column":77}},"type":"binary-expr","locations":[{"start":{"line":276,"column":29},"end":{"line":276,"column":48}},{"start":{"line":276,"column":52},"end":{"line":276,"column":77}}],"line":276},"18":{"loc":{"start":{"line":311,"column":4},"end":{"line":321,"column":5}},"type":"if","locations":[{"start":{"line":311,"column":4},"end":{"line":321,"column":5}},{"start":{},"end":{}}],"line":311},"19":{"loc":{"start":{"line":311,"column":8},"end":{"line":311,"column":46}},"type":"binary-expr","locations":[{"start":{"line":311,"column":8},"end":{"line":311,"column":22}},{"start":{"line":311,"column":26},"end":{"line":311,"column":46}}],"line":311},"20":{"loc":{"start":{"line":342,"column":9},"end":{"line":375,"column":9}},"type":"binary-expr","locations":[{"start":{"line":342,"column":9},"end":{"line":342,"column":29}},{"start":{"line":343,"column":10},"end":{"line":374,"column":17}}],"line":342},"21":{"loc":{"start":{"line":389,"column":13},"end":{"line":410,"column":13}},"type":"cond-expr","locations":[{"start":{"line":390,"column":14},"end":{"line":404,"column":21}},{"start":{"line":406,"column":14},"end":{"line":409,"column":17}}],"line":389},"22":{"loc":{"start":{"line":413,"column":11},"end":{"line":431,"column":11}},"type":"binary-expr","locations":[{"start":{"line":413,"column":11},"end":{"line":413,"column":36}},{"start":{"line":414,"column":12},"end":{"line":430,"column":14}}],"line":413},"23":{"loc":{"start":{"line":446,"column":53},"end":{"line":446,"column":72}},"type":"binary-expr","locations":[{"start":{"line":446,"column":53},"end":{"line":446,"column":67}},{"start":{"line":446,"column":71},"end":{"line":446,"column":72}}],"line":446},"24":{"loc":{"start":{"line":452,"column":42},"end":{"line":452,"column":63}},"type":"binary-expr","locations":[{"start":{"line":452,"column":42},"end":{"line":452,"column":56}},{"start":{"line":452,"column":60},"end":{"line":452,"column":63}}],"line":452},"25":{"loc":{"start":{"line":458,"column":42},"end":{"line":458,"column":67}},"type":"binary-expr","locations":[{"start":{"line":458,"column":42},"end":{"line":458,"column":60}},{"start":{"line":458,"column":64},"end":{"line":458,"column":67}}],"line":458},"26":{"loc":{"start":{"line":464,"column":42},"end":{"line":464,"column":68}},"type":"binary-expr","locations":[{"start":{"line":464,"column":42},"end":{"line":464,"column":61}},{"start":{"line":464,"column":65},"end":{"line":464,"column":68}}],"line":464},"27":{"loc":{"start":{"line":469,"column":9},"end":{"line":476,"column":11}},"type":"binary-expr","locations":[{"start":{"line":469,"column":9},"end":{"line":469,"column":29}},{"start":{"line":470,"column":12},"end":{"line":475,"column":14}}],"line":469},"28":{"loc":{"start":{"line":478,"column":13},"end":{"line":478,"column":81}},"type":"cond-expr","locations":[{"start":{"line":478,"column":36},"end":{"line":478,"column":56}},{"start":{"line":478,"column":59},"end":{"line":478,"column":81}}],"line":478},"29":{"loc":{"start":{"line":486,"column":9},"end":{"line":493,"column":11}},"type":"binary-expr","locations":[{"start":{"line":486,"column":9},"end":{"line":486,"column":31}},{"start":{"line":487,"column":12},"end":{"line":492,"column":14}}],"line":486},"30":{"loc":{"start":{"line":495,"column":13},"end":{"line":495,"column":82}},"type":"cond-expr","locations":[{"start":{"line":495,"column":38},"end":{"line":495,"column":60}},{"start":{"line":495,"column":63},"end":{"line":495,"column":82}}],"line":495},"31":{"loc":{"start":{"line":503,"column":9},"end":{"line":510,"column":11}},"type":"binary-expr","locations":[{"start":{"line":503,"column":9},"end":{"line":503,"column":27}},{"start":{"line":504,"column":12},"end":{"line":509,"column":14}}],"line":503},"32":{"loc":{"start":{"line":512,"column":13},"end":{"line":512,"column":74}},"type":"cond-expr","locations":[{"start":{"line":512,"column":34},"end":{"line":512,"column":52}},{"start":{"line":512,"column":55},"end":{"line":512,"column":74}}],"line":512},"33":{"loc":{"start":{"line":599,"column":20},"end":{"line":599,"column":41}},"type":"binary-expr","locations":[{"start":{"line":599,"column":20},"end":{"line":599,"column":28}},{"start":{"line":599,"column":32},"end":{"line":599,"column":41}}],"line":599},"34":{"loc":{"start":{"line":601,"column":11},"end":{"line":605,"column":11}},"type":"cond-expr","locations":[{"start":{"line":602,"column":12},"end":{"line":602,"column":46}},{"start":{"line":604,"column":12},"end":{"line":604,"column":64}}],"line":601},"35":{"loc":{"start":{"line":611,"column":20},"end":{"line":611,"column":41}},"type":"binary-expr","locations":[{"start":{"line":611,"column":20},"end":{"line":611,"column":29}},{"start":{"line":611,"column":33},"end":{"line":611,"column":41}}],"line":611},"36":{"loc":{"start":{"line":613,"column":11},"end":{"line":619,"column":11}},"type":"cond-expr","locations":[{"start":{"line":614,"column":12},"end":{"line":614,"column":46}},{"start":{"line":616,"column":12},"end":{"line":618,"column":19}}],"line":613}},"s":{"0":0,"1":0,"2":0,"3":0,"4":0,"5":0,"6":0,"7":0,"8":0,"9":0,"10":0,"11":0,"12":0,"13":0,"14":0,"15":0,"16":0,"17":0,"18":0,"19":0,"20":0,"21":0,"22":0,"23":0,"24":0,"25":0,"26":0,"27":0,"28":0,"29":0,"30":0,"31":0,"32":0,"33":0,"34":0,"35":0,"36":0,"37":0,"38":0,"39":0,"40":0,"41":0,"42":0,"43":0,"44":0,"45":0,"46":0,"47":0,"48":0,"49":0,"50":0,"51":0,"52":0,"53":0,"54":0,"55":0,"56":0,"57":0,"58":0,"59":0,"60":0,"61":0,"62":0,"63":0,"64":0,"65":0,"66":0,"67":0,"68":0,"69":0,"70":0,"71":0,"72":0,"73":0,"74":0,"75":0,"76":0,"77":0,"78":0,"79":0,"80":0,"81":0,"82":0,"83":0,"84":0,"85":0,"86":0,"87":0,"88":0,"89":0,"90":0,"91":0,"92":0,"93":0,"94":0,"95":0,"96":0,"97":0,"98":0,"99":0,"100":0,"101":0,"102":0,"103":0,"104":0,"105":0,"106":0,"107":0,"108":0,"109":0,"110":0,"111":0,"112":0,"113":0,"114":0,"115":0,"116":0,"117":0,"118":0,"119":0,"120":0,"121":0,"122":0,"123":0,"124":0,"125":0,"126":0,"127":0,"128":0,"129":0,"130":0,"131":0,"132":0,"133":0,"134":0,"135":0,"136":0,"137":0,"138":0,"139":0,"140":0,"141":0,"142":0,"143":0,"144":0,"145":0,"146":0,"147":0,"148":0,"149":0,"150":0,"151":0,"152":0,"153":0,"154":0,"155":0,"156":0,"157":0,"158":0,"159":0,"160":0,"161":0,"162":0,"163":0,"164":0,"165":0,"166":0},"f":{"0":0,"1":0,"2":0,"3":0,"4":0,"5":0,"6":0,"7":0,"8":0,"9":0,"10":0,"11":0,"12":0,"13":0,"14":0,"15":0,"16":0,"17":0,"18":0,"19":0,"20":0,"21":0,"22":0,"23":0,"24":0,"25":0,"26":0,"27":0,"28":0,"29":0,"30":0,"31":0,"32":0,"33":0,"34":0,"35":0,"36":0,"37":0,"38":0},"b":{"0":[0,0],"1":[0,0],"2":[0,0],"3":[0,0],"4":[0,0],"5":[0,0],"6":[0,0],"7":[0,0],"8":[0,0],"9":[0,0],"10":[0,0],"11":[0,0],"12":[0,0],"13":[0,0],"14":[0,0],"15":[0,0],"16":[0,0],"17":[0,0],"18":[0,0],"19":[0,0],"20":[0,0],"21":[0,0],"22":[0,0],"23":[0,0],"24":[0,0],"25":[0,0],"26":[0,0],"27":[0,0],"28":[0,0],"29":[0,0],"30":[0,0],"31":[0,0],"32":[0,0],"33":[0,0],"34":[0,0],"35":[0,0],"36":[0,0]}}
,"C:\\Users\\AFLAL\\Desktop\\VelociRoute\\VelociRoute\\Mobile\\app\\(app)\\(tabs)\\_layout.jsx": {"path":"C:\\Users\\AFLAL\\Desktop\\VelociRoute\\VelociRoute\\Mobile\\app\\(app)\\(tabs)\\_layout.jsx","statementMap":{"0":{"start":{"line":5,"column":2},"end":{"line":50,"column":4}},"1":{"start":{"line":12,"column":8},"end":{"line":14,"column":9}},"2":{"start":{"line":13,"column":10},"end":{"line":13,"column":22}},"3":{"start":{"line":15,"column":8},"end":{"line":15,"column":37}}},"fnMap":{"0":{"name":"TabsLayout","decl":{"start":{"line":4,"column":24},"end":{"line":4,"column":34}},"loc":{"start":{"line":4,"column":37},"end":{"line":51,"column":1}},"line":4},"1":{"name":"(anonymous_1)","decl":{"start":{"line":10,"column":14},"end":{"line":10,"column":15}},"loc":{"start":{"line":10,"column":23},"end":{"line":16,"column":7}},"line":10}},"branchMap":{"0":{"loc":{"start":{"line":12,"column":8},"end":{"line":14,"column":9}},"type":"if","locations":[{"start":{"line":12,"column":8},"end":{"line":14,"column":9}},{"start":{},"end":{}}],"line":12}},"s":{"0":0,"1":0,"2":0,"3":0},"f":{"0":0,"1":0},"b":{"0":[0,0]}}
,"C:\\Users\\AFLAL\\Desktop\\VelociRoute\\VelociRoute\\Mobile\\app\\(app)\\(tabs)\\feed.jsx": {"path":"C:\\Users\\AFLAL\\Desktop\\VelociRoute\\VelociRoute\\Mobile\\app\\(app)\\(tabs)\\feed.jsx","statementMap":{"0":{"start":{"line":7,"column":13},"end":{"line":188,"column":1}},"1":{"start":{"line":8,"column":28},"end":{"line":8,"column":40}},"2":{"start":{"line":9,"column":32},"end":{"line":9,"column":46}},"3":{"start":{"line":10,"column":44},"end":{"line":10,"column":56}},"4":{"start":{"line":11,"column":44},"end":{"line":11,"column":58}},"5":{"start":{"line":12,"column":52},"end":{"line":12,"column":67}},"6":{"start":{"line":14,"column":2},"end":{"line":16,"column":9}},"7":{"start":{"line":15,"column":4},"end":{"line":15,"column":17}},"8":{"start":{"line":18,"column":21},"end":{"line":33,"column":3}},"9":{"start":{"line":19,"column":4},"end":{"line":32,"column":5}},"10":{"start":{"line":20,"column":6},"end":{"line":20,"column":75}},"11":{"start":{"line":21,"column":23},"end":{"line":21,"column":71}},"12":{"start":{"line":22,"column":6},"end":{"line":22,"column":52}},"13":{"start":{"line":23,"column":6},"end":{"line":27,"column":7}},"14":{"start":{"line":24,"column":8},"end":{"line":24,"column":37}},"15":{"start":{"line":26,"column":8},"end":{"line":26,"column":69}},"16":{"start":{"line":29,"column":6},"end":{"line":29,"column":84}},"17":{"start":{"line":31,"column":6},"end":{"line":31,"column":24}},"18":{"start":{"line":35,"column":27},"end":{"line":37,"column":3}},"19":{"start":{"line":36,"column":4},"end":{"line":36,"column":80}},"20":{"start":{"line":39,"column":21},"end":{"line":52,"column":3}},"21":{"start":{"line":40,"column":4},"end":{"line":51,"column":5}},"22":{"start":{"line":41,"column":23},"end":{"line":41,"column":86}},"23":{"start":{"line":42,"column":6},"end":{"line":48,"column":7}},"24":{"start":{"line":43,"column":8},"end":{"line":47,"column":10}},"25":{"start":{"line":44,"column":10},"end":{"line":46,"column":11}},"26":{"start":{"line":45,"column":12},"end":{"line":45,"column":59}},"27":{"start":{"line":50,"column":6},"end":{"line":50,"column":49}},"28":{"start":{"line":54,"column":24},"end":{"line":73,"column":3}},"29":{"start":{"line":55,"column":4},"end":{"line":55,"column":47}},"30":{"start":{"line":55,"column":40},"end":{"line":55,"column":47}},"31":{"start":{"line":57,"column":4},"end":{"line":72,"column":5}},"32":{"start":{"line":58,"column":23},"end":{"line":60,"column":8}},"33":{"start":{"line":62,"column":6},"end":{"line":69,"column":7}},"34":{"start":{"line":63,"column":8},"end":{"line":67,"column":10}},"35":{"start":{"line":64,"column":10},"end":{"line":66,"column":11}},"36":{"start":{"line":65,"column":12},"end":{"line":65,"column":59}},"37":{"start":{"line":68,"column":8},"end":{"line":68,"column":74}},"38":{"start":{"line":68,"column":40},"end":{"line":68,"column":71}},"39":{"start":{"line":71,"column":6},"end":{"line":71,"column":52}},"40":{"start":{"line":75,"column":2},"end":{"line":81,"column":3}},"41":{"start":{"line":76,"column":4},"end":{"line":80,"column":6}},"42":{"start":{"line":83,"column":2},"end":{"line":89,"column":3}},"43":{"start":{"line":84,"column":4},"end":{"line":88,"column":6}},"44":{"start":{"line":91,"column":2},"end":{"line":187,"column":4}},"45":{"start":{"line":94,"column":8},"end":{"line":184,"column":15}},"46":{"start":{"line":119,"column":36},"end":{"line":119,"column":78}},"47":{"start":{"line":123,"column":14},"end":{"line":129,"column":16}},"48":{"start":{"line":128,"column":36},"end":{"line":128,"column":81}},"49":{"start":{"line":143,"column":45},"end":{"line":143,"column":65}},"50":{"start":{"line":161,"column":14},"end":{"line":164,"column":21}},"51":{"start":{"line":174,"column":38},"end":{"line":174,"column":94}},"52":{"start":{"line":175,"column":37},"end":{"line":175,"column":60}},"53":{"start":{"line":179,"column":29},"end":{"line":179,"column":52}},"54":{"start":{"line":190,"column":15},"end":{"line":329,"column":2}}},"fnMap":{"0":{"name":"(anonymous_0)","decl":{"start":{"line":7,"column":13},"end":{"line":7,"column":14}},"loc":{"start":{"line":7,"column":19},"end":{"line":188,"column":1}},"line":7},"1":{"name":"(anonymous_1)","decl":{"start":{"line":14,"column":12},"end":{"line":14,"column":13}},"loc":{"start":{"line":14,"column":18},"end":{"line":16,"column":3}},"line":14},"2":{"name":"(anonymous_2)","decl":{"start":{"line":18,"column":21},"end":{"line":18,"column":22}},"loc":{"start":{"line":18,"column":33},"end":{"line":33,"column":3}},"line":18},"3":{"name":"(anonymous_3)","decl":{"start":{"line":35,"column":27},"end":{"line":35,"column":28}},"loc":{"start":{"line":35,"column":49},"end":{"line":37,"column":3}},"line":35},"4":{"name":"(anonymous_4)","decl":{"start":{"line":39,"column":21},"end":{"line":39,"column":22}},"loc":{"start":{"line":39,"column":39},"end":{"line":52,"column":3}},"line":39},"5":{"name":"(anonymous_5)","decl":{"start":{"line":43,"column":17},"end":{"line":43,"column":18}},"loc":{"start":{"line":44,"column":10},"end":{"line":46,"column":11}},"line":44},"6":{"name":"(anonymous_6)","decl":{"start":{"line":44,"column":24},"end":{"line":44,"column":25}},"loc":{"start":{"line":45,"column":12},"end":{"line":45,"column":59}},"line":45},"7":{"name":"(anonymous_7)","decl":{"start":{"line":54,"column":24},"end":{"line":54,"column":25}},"loc":{"start":{"line":54,"column":42},"end":{"line":73,"column":3}},"line":54},"8":{"name":"(anonymous_8)","decl":{"start":{"line":63,"column":17},"end":{"line":63,"column":18}},"loc":{"start":{"line":64,"column":10},"end":{"line":66,"column":11}},"line":64},"9":{"name":"(anonymous_9)","decl":{"start":{"line":64,"column":24},"end":{"line":64,"column":25}},"loc":{"start":{"line":65,"column":12},"end":{"line":65,"column":59}},"line":65},"10":{"name":"(anonymous_10)","decl":{"start":{"line":68,"column":25},"end":{"line":68,"column":26}},"loc":{"start":{"line":68,"column":40},"end":{"line":68,"column":71}},"line":68},"11":{"name":"(anonymous_11)","decl":{"start":{"line":93,"column":17},"end":{"line":93,"column":18}},"loc":{"start":{"line":94,"column":8},"end":{"line":184,"column":15}},"line":94},"12":{"name":"(anonymous_12)","decl":{"start":{"line":119,"column":25},"end":{"line":119,"column":26}},"loc":{"start":{"line":119,"column":36},"end":{"line":119,"column":78}},"line":119},"13":{"name":"(anonymous_13)","decl":{"start":{"line":122,"column":44},"end":{"line":122,"column":45}},"loc":{"start":{"line":123,"column":14},"end":{"line":129,"column":16}},"line":123},"14":{"name":"(anonymous_14)","decl":{"start":{"line":128,"column":25},"end":{"line":128,"column":26}},"loc":{"start":{"line":128,"column":36},"end":{"line":128,"column":81}},"line":128},"15":{"name":"(anonymous_15)","decl":{"start":{"line":143,"column":39},"end":{"line":143,"column":40}},"loc":{"start":{"line":143,"column":45},"end":{"line":143,"column":65}},"line":143},"16":{"name":"(anonymous_16)","decl":{"start":{"line":160,"column":32},"end":{"line":160,"column":33}},"loc":{"start":{"line":161,"column":14},"end":{"line":164,"column":21}},"line":161},"17":{"name":"(anonymous_17)","decl":{"start":{"line":174,"column":28},"end":{"line":174,"column":29}},"loc":{"start":{"line":174,"column":38},"end":{"line":174,"column":94}},"line":174},"18":{"name":"(anonymous_18)","decl":{"start":{"line":175,"column":31},"end":{"line":175,"column":32}},"loc":{"start":{"line":175,"column":37},"end":{"line":175,"column":60}},"line":175},"19":{"name":"(anonymous_19)","decl":{"start":{"line":179,"column":23},"end":{"line":179,"column":24}},"loc":{"start":{"line":179,"column":29},"end":{"line":179,"column":52}},"line":179}},"branchMap":{"0":{"loc":{"start":{"line":23,"column":6},"end":{"line":27,"column":7}},"type":"if","locations":[{"start":{"line":23,"column":6},"end":{"line":27,"column":7}},{"start":{"line":25,"column":13},"end":{"line":27,"column":7}}],"line":23},"1":{"loc":{"start":{"line":29,"column":45},"end":{"line":29,"column":82}},"type":"binary-expr","locations":[{"start":{"line":29,"column":45},"end":{"line":29,"column":65}},{"start":{"line":29,"column":69},"end":{"line":29,"column":82}}],"line":29},"2":{"loc":{"start":{"line":42,"column":6},"end":{"line":48,"column":7}},"type":"if","locations":[{"start":{"line":42,"column":6},"end":{"line":48,"column":7}},{"start":{},"end":{}}],"line":42},"3":{"loc":{"start":{"line":45,"column":12},"end":{"line":45,"column":59}},"type":"cond-expr","locations":[{"start":{"line":45,"column":34},"end":{"line":45,"column":52}},{"start":{"line":45,"column":55},"end":{"line":45,"column":59}}],"line":45},"4":{"loc":{"start":{"line":55,"column":4},"end":{"line":55,"column":47}},"type":"if","locations":[{"start":{"line":55,"column":4},"end":{"line":55,"column":47}},{"start":{},"end":{}}],"line":55},"5":{"loc":{"start":{"line":62,"column":6},"end":{"line":69,"column":7}},"type":"if","locations":[{"start":{"line":62,"column":6},"end":{"line":69,"column":7}},{"start":{},"end":{}}],"line":62},"6":{"loc":{"start":{"line":65,"column":12},"end":{"line":65,"column":59}},"type":"cond-expr","locations":[{"start":{"line":65,"column":34},"end":{"line":65,"column":52}},{"start":{"line":65,"column":55},"end":{"line":65,"column":59}}],"line":65},"7":{"loc":{"start":{"line":75,"column":2},"end":{"line":81,"column":3}},"type":"if","locations":[{"start":{"line":75,"column":2},"end":{"line":81,"column":3}},{"start":{},"end":{}}],"line":75},"8":{"loc":{"start":{"line":83,"column":2},"end":{"line":89,"column":3}},"type":"if","locations":[{"start":{"line":83,"column":2},"end":{"line":89,"column":3}},{"start":{},"end":{}}],"line":83},"9":{"loc":{"start":{"line":83,"column":6},"end":{"line":83,"column":34}},"type":"binary-expr","locations":[{"start":{"line":83,"column":6},"end":{"line":83,"column":12}},{"start":{"line":83,"column":16},"end":{"line":83,"column":34}}],"line":83},"10":{"loc":{"start":{"line":99,"column":17},"end":{"line":99,"column":62}},"type":"binary-expr","locations":[{"start":{"line":99,"column":17},"end":{"line":99,"column":55}},{"start":{"line":99,"column":59},"end":{"line":99,"column":62}}],"line":99},"11":{"loc":{"start":{"line":103,"column":45},"end":{"line":103,"column":73}},"type":"binary-expr","locations":[{"start":{"line":103,"column":45},"end":{"line":103,"column":58}},{"start":{"line":103,"column":62},"end":{"line":103,"column":73}}],"line":103},"12":{"loc":{"start":{"line":114,"column":13},"end":{"line":121,"column":13}},"type":"binary-expr","locations":[{"start":{"line":114,"column":13},"end":{"line":114,"column":23}},{"start":{"line":115,"column":14},"end":{"line":120,"column":16}}],"line":114},"13":{"loc":{"start":{"line":122,"column":13},"end":{"line":130,"column":14}},"type":"binary-expr","locations":[{"start":{"line":122,"column":13},"end":{"line":122,"column":24}},{"start":{"line":122,"column":28},"end":{"line":130,"column":14}}],"line":122},"14":{"loc":{"start":{"line":135,"column":56},"end":{"line":135,"column":78}},"type":"binary-expr","locations":[{"start":{"line":135,"column":56},"end":{"line":135,"column":69}},{"start":{"line":135,"column":73},"end":{"line":135,"column":78}}],"line":135},"15":{"loc":{"start":{"line":136,"column":49},"end":{"line":136,"column":67}},"type":"binary-expr","locations":[{"start":{"line":136,"column":49},"end":{"line":136,"column":58}},{"start":{"line":136,"column":62},"end":{"line":136,"column":67}}],"line":136},"16":{"loc":{"start":{"line":137,"column":54},"end":{"line":137,"column":81}},"type":"binary-expr","locations":[{"start":{"line":137,"column":54},"end":{"line":137,"column":72}},{"start":{"line":137,"column":76},"end":{"line":137,"column":81}}],"line":137},"17":{"loc":{"start":{"line":138,"column":53},"end":{"line":138,"column":79}},"type":"binary-expr","locations":[{"start":{"line":138,"column":53},"end":{"line":138,"column":70}},{"start":{"line":138,"column":74},"end":{"line":138,"column":79}}],"line":138},"18":{"loc":{"start":{"line":145,"column":22},"end":{"line":145,"column":79}},"type":"cond-expr","locations":[{"start":{"line":145,"column":60},"end":{"line":145,"column":67}},{"start":{"line":145,"column":70},"end":{"line":145,"column":79}}],"line":145},"19":{"loc":{"start":{"line":149,"column":47},"end":{"line":149,"column":70}},"type":"binary-expr","locations":[{"start":{"line":149,"column":47},"end":{"line":149,"column":65}},{"start":{"line":149,"column":69},"end":{"line":149,"column":70}}],"line":149},"20":{"loc":{"start":{"line":154,"column":47},"end":{"line":154,"column":73}},"type":"binary-expr","locations":[{"start":{"line":154,"column":47},"end":{"line":154,"column":68}},{"start":{"line":154,"column":72},"end":{"line":154,"column":73}}],"line":154},"21":{"loc":{"start":{"line":162,"column":50},"end":{"line":162,"column":81}},"type":"binary-expr","locations":[{"start":{"line":162,"column":50},"end":{"line":162,"column":66}},{"start":{"line":162,"column":70},"end":{"line":162,"column":81}}],"line":162},"22":{"loc":{"start":{"line":173,"column":21},"end":{"line":173,"column":50}},"type":"binary-expr","locations":[{"start":{"line":173,"column":21},"end":{"line":173,"column":44}},{"start":{"line":173,"column":48},"end":{"line":173,"column":50}}],"line":173}},"s":{"0":0,"1":0,"2":0,"3":0,"4":0,"5":0,"6":0,"7":0,"8":0,"9":0,"10":0,"11":0,"12":0,"13":0,"14":0,"15":0,"16":0,"17":0,"18":0,"19":0,"20":0,"21":0,"22":0,"23":0,"24":0,"25":0,"26":0,"27":0,"28":0,"29":0,"30":0,"31":0,"32":0,"33":0,"34":0,"35":0,"36":0,"37":0,"38":0,"39":0,"40":0,"41":0,"42":0,"43":0,"44":0,"45":0,"46":0,"47":0,"48":0,"49":0,"50":0,"51":0,"52":0,"53":0,"54":0},"f":{"0":0,"1":0,"2":0,"3":0,"4":0,"5":0,"6":0,"7":0,"8":0,"9":0,"10":0,"11":0,"12":0,"13":0,"14":0,"15":0,"16":0,"17":0,"18":0,"19":0},"b":{"0":[0,0],"1":[0,0],"2":[0,0],"3":[0,0],"4":[0,0],"5":[0,0],"6":[0,0],"7":[0,0],"8":[0,0],"9":[0,0],"10":[0,0],"11":[0,0],"12":[0,0],"13":[0,0],"14":[0,0],"15":[0,0],"16":[0,0],"17":[0,0],"18":[0,0],"19":[0,0],"20":[0,0],"21":[0,0],"22":[0,0]}}
,"C:\\Users\\AFLAL\\Desktop\\VelociRoute\\VelociRoute\\Mobile\\app\\(app)\\(tabs)\\index.jsx": {"path":"C:\\Users\\AFLAL\\Desktop\\VelociRoute\\VelociRoute\\Mobile\\app\\(app)\\(tabs)\\index.jsx","statementMap":{"0":{"start":{"line":24,"column":17},"end":{"line":24,"column":33}},"1":{"start":{"line":26,"column":21},"end":{"line":30,"column":2}},"2":{"start":{"line":32,"column":0},"end":{"line":32,"column":44}},"3":{"start":{"line":34,"column":22},"end":{"line":42,"column":2}},"4":{"start":{"line":45,"column":0},"end":{"line":59,"column":2}},"5":{"start":{"line":47,"column":4},"end":{"line":52,"column":7}},"6":{"start":{"line":53,"column":4},"end":{"line":53,"column":18}},"7":{"start":{"line":56,"column":4},"end":{"line":56,"column":43}},"8":{"start":{"line":57,"column":4},"end":{"line":57,"column":33}},"9":{"start":{"line":62,"column":0},"end":{"line":78,"column":2}},"10":{"start":{"line":64,"column":4},"end":{"line":67,"column":7}},"11":{"start":{"line":68,"column":4},"end":{"line":68,"column":20}},"12":{"start":{"line":71,"column":4},"end":{"line":75,"column":7}},"13":{"start":{"line":76,"column":4},"end":{"line":76,"column":16}},"14":{"start":{"line":80,"column":26},"end":{"line":80,"column":50}},"15":{"start":{"line":82,"column":22},"end":{"line":82,"column":72}},"16":{"start":{"line":83,"column":25},"end":{"line":83,"column":70}},"17":{"start":{"line":86,"column":17},"end":{"line":122,"column":1}},"18":{"start":{"line":87,"column":2},"end":{"line":121,"column":3}},"19":{"start":{"line":89,"column":23},"end":{"line":89,"column":61}},"20":{"start":{"line":90,"column":24},"end":{"line":90,"column":26}},"21":{"start":{"line":93,"column":4},"end":{"line":98,"column":5}},"22":{"start":{"line":94,"column":6},"end":{"line":97,"column":9}},"23":{"start":{"line":100,"column":4},"end":{"line":102,"column":5}},"24":{"start":{"line":101,"column":6},"end":{"line":101,"column":58}},"25":{"start":{"line":105,"column":24},"end":{"line":105,"column":71}},"26":{"start":{"line":107,"column":4},"end":{"line":117,"column":6}},"27":{"start":{"line":119,"column":4},"end":{"line":119,"column":47}},"28":{"start":{"line":120,"column":4},"end":{"line":120,"column":48}},"29":{"start":{"line":124,"column":22},"end":{"line":279,"column":1}},"30":{"start":{"line":125,"column":32},"end":{"line":125,"column":46}},"31":{"start":{"line":126,"column":36},"end":{"line":126,"column":50}},"32":{"start":{"line":127,"column":28},"end":{"line":127,"column":42}},"33":{"start":{"line":128,"column":44},"end":{"line":128,"column":58}},"34":{"start":{"line":129,"column":17},"end":{"line":129,"column":29}},"35":{"start":{"line":131,"column":2},"end":{"line":137,"column":24}},"36":{"start":{"line":132,"column":4},"end":{"line":136,"column":5}},"37":{"start":{"line":133,"column":6},"end":{"line":133,"column":23}},"38":{"start":{"line":134,"column":6},"end":{"line":134,"column":21}},"39":{"start":{"line":135,"column":6},"end":{"line":135,"column":25}},"40":{"start":{"line":139,"column":2},"end":{"line":166,"column":31}},"41":{"start":{"line":140,"column":4},"end":{"line":165,"column":5}},"42":{"start":{"line":142,"column":24},"end":{"line":142,"column":74}},"43":{"start":{"line":142,"column":59},"end":{"line":142,"column":73}},"44":{"start":{"line":143,"column":25},"end":{"line":143,"column":76}},"45":{"start":{"line":143,"column":60},"end":{"line":143,"column":75}},"46":{"start":{"line":145,"column":21},"end":{"line":145,"column":43}},"47":{"start":{"line":146,"column":21},"end":{"line":146,"column":43}},"48":{"start":{"line":147,"column":21},"end":{"line":147,"column":44}},"49":{"start":{"line":148,"column":21},"end":{"line":148,"column":44}},"50":{"start":{"line":151,"column":22},"end":{"line":151,"column":25}},"51":{"start":{"line":152,"column":23},"end":{"line":152,"column":56}},"52":{"start":{"line":153,"column":23},"end":{"line":153,"column":56}},"53":{"start":{"line":155,"column":21},"end":{"line":160,"column":7}},"54":{"start":{"line":162,"column":6},"end":{"line":162,"column":31}},"55":{"start":{"line":164,"column":6},"end":{"line":164,"column":51}},"56":{"start":{"line":168,"column":27},"end":{"line":190,"column":3}},"57":{"start":{"line":169,"column":4},"end":{"line":189,"column":5}},"58":{"start":{"line":170,"column":6},"end":{"line":170,"column":23}},"59":{"start":{"line":171,"column":6},"end":{"line":171,"column":21}},"60":{"start":{"line":173,"column":6},"end":{"line":173,"column":48}},"61":{"start":{"line":174,"column":23},"end":{"line":174,"column":54}},"62":{"start":{"line":175,"column":19},"end":{"line":175,"column":42}},"63":{"start":{"line":177,"column":6},"end":{"line":181,"column":9}},"64":{"start":{"line":183,"column":6},"end":{"line":183,"column":25}},"65":{"start":{"line":185,"column":6},"end":{"line":185,"column":50}},"66":{"start":{"line":186,"column":6},"end":{"line":186,"column":43}},"67":{"start":{"line":188,"column":6},"end":{"line":188,"column":24}},"68":{"start":{"line":192,"column":2},"end":{"line":192,"column":28}},"69":{"start":{"line":192,"column":16},"end":{"line":192,"column":28}},"70":{"start":{"line":194,"column":2},"end":{"line":278,"column":4}},"71":{"start":{"line":248,"column":33},"end":{"line":252,"column":19}},"72":{"start":{"line":253,"column":18},"end":{"line":253,"column":43}},"73":{"start":{"line":254,"column":18},"end":{"line":254,"column":63}},"74":{"start":{"line":262,"column":33},"end":{"line":266,"column":19}},"75":{"start":{"line":267,"column":18},"end":{"line":267,"column":43}},"76":{"start":{"line":268,"column":18},"end":{"line":268,"column":63}},"77":{"start":{"line":281,"column":20},"end":{"line":316,"column":1}},"78":{"start":{"line":282,"column":2},"end":{"line":315,"column":4}},"79":{"start":{"line":293,"column":12},"end":{"line":310,"column":31}},"80":{"start":{"line":300,"column":16},"end":{"line":300,"column":33}},"81":{"start":{"line":301,"column":16},"end":{"line":301,"column":26}},"82":{"start":{"line":318,"column":24},"end":{"line":544,"column":1}},"83":{"start":{"line":319,"column":30},"end":{"line":319,"column":42}},"84":{"start":{"line":320,"column":58},"end":{"line":320,"column":73}},"85":{"start":{"line":321,"column":62},"end":{"line":321,"column":77}},"86":{"start":{"line":322,"column":50},"end":{"line":322,"column":65}},"87":{"start":{"line":323,"column":54},"end":{"line":323,"column":69}},"88":{"start":{"line":324,"column":44},"end":{"line":324,"column":74}},"89":{"start":{"line":325,"column":34},"end":{"line":325,"column":46}},"90":{"start":{"line":326,"column":38},"end":{"line":326,"column":50}},"91":{"start":{"line":327,"column":48},"end":{"line":327,"column":63}},"92":{"start":{"line":328,"column":44},"end":{"line":328,"column":58}},"93":{"start":{"line":329,"column":32},"end":{"line":329,"column":46}},"94":{"start":{"line":331,"column":2},"end":{"line":333,"column":70}},"95":{"start":{"line":332,"column":4},"end":{"line":332,"column":18}},"96":{"start":{"line":335,"column":22},"end":{"line":376,"column":3}},"97":{"start":{"line":336,"column":4},"end":{"line":336,"column":21}},"98":{"start":{"line":337,"column":4},"end":{"line":375,"column":5}},"99":{"start":{"line":338,"column":25},"end":{"line":338,"column":26}},"100":{"start":{"line":339,"column":22},"end":{"line":339,"column":26}},"101":{"start":{"line":341,"column":6},"end":{"line":364,"column":7}},"102":{"start":{"line":341,"column":25},"end":{"line":341,"column":26}},"103":{"start":{"line":342,"column":8},"end":{"line":363,"column":9}},"104":{"start":{"line":343,"column":28},"end":{"line":343,"column":49}},"105":{"start":{"line":344,"column":10},"end":{"line":344,"column":109}},"106":{"start":{"line":344,"column":42},"end":{"line":344,"column":109}},"107":{"start":{"line":345,"column":10},"end":{"line":345,"column":111}},"108":{"start":{"line":345,"column":44},"end":{"line":345,"column":111}},"109":{"start":{"line":346,"column":10},"end":{"line":346,"column":86}},"110":{"start":{"line":346,"column":33},"end":{"line":346,"column":86}},"111":{"start":{"line":347,"column":10},"end":{"line":347,"column":86}},"112":{"start":{"line":347,"column":33},"end":{"line":347,"column":86}},"113":{"start":{"line":348,"column":10},"end":{"line":348,"column":65}},"114":{"start":{"line":348,"column":24},"end":{"line":348,"column":65}},"115":{"start":{"line":350,"column":10},"end":{"line":350,"column":78}},"116":{"start":{"line":351,"column":27},"end":{"line":351,"column":83}},"117":{"start":{"line":352,"column":10},"end":{"line":352,"column":86}},"118":{"start":{"line":353,"column":10},"end":{"line":353,"column":35}},"119":{"start":{"line":354,"column":10},"end":{"line":354,"column":28}},"120":{"start":{"line":355,"column":10},"end":{"line":355,"column":17}},"121":{"start":{"line":357,"column":10},"end":{"line":357,"column":28}},"122":{"start":{"line":358,"column":10},"end":{"line":358,"column":71}},"123":{"start":{"line":359,"column":10},"end":{"line":362,"column":11}},"124":{"start":{"line":360,"column":12},"end":{"line":360,"column":51}},"125":{"start":{"line":361,"column":12},"end":{"line":361,"column":68}},"126":{"start":{"line":361,"column":41},"end":{"line":361,"column":66}},"127":{"start":{"line":366,"column":6},"end":{"line":366,"column":22}},"128":{"start":{"line":368,"column":6},"end":{"line":368,"column":24}},"129":{"start":{"line":369,"column":6},"end":{"line":369,"column":51}},"130":{"start":{"line":370,"column":6},"end":{"line":374,"column":8}},"131":{"start":{"line":373,"column":41},"end":{"line":373,"column":54}},"132":{"start":{"line":378,"column":24},"end":{"line":381,"column":3}},"133":{"start":{"line":379,"column":4},"end":{"line":379,"column":28}},"134":{"start":{"line":380,"column":4},"end":{"line":380,"column":29}},"135":{"start":{"line":383,"column":26},"end":{"line":455,"column":3}},"136":{"start":{"line":384,"column":4},"end":{"line":454,"column":23}},"137":{"start":{"line":386,"column":21},"end":{"line":386,"column":40}},"138":{"start":{"line":457,"column":23},"end":{"line":490,"column":3}},"139":{"start":{"line":458,"column":4},"end":{"line":489,"column":11}},"140":{"start":{"line":473,"column":25},"end":{"line":473,"column":54}},"141":{"start":{"line":482,"column":25},"end":{"line":482,"column":56}},"142":{"start":{"line":492,"column":2},"end":{"line":543,"column":4}},"143":{"start":{"line":506,"column":34},"end":{"line":506,"column":42}},"144":{"start":{"line":521,"column":23},"end":{"line":521,"column":53}},"145":{"start":{"line":530,"column":23},"end":{"line":530,"column":55}},"146":{"start":{"line":539,"column":23},"end":{"line":539,"column":48}},"147":{"start":{"line":546,"column":15},"end":{"line":821,"column":2}}},"fnMap":{"0":{"name":"(anonymous_0)","decl":{"start":{"line":46,"column":2},"end":{"line":46,"column":3}},"loc":{"start":{"line":46,"column":14},"end":{"line":54,"column":3}},"line":46},"1":{"name":"(anonymous_1)","decl":{"start":{"line":55,"column":2},"end":{"line":55,"column":3}},"loc":{"start":{"line":55,"column":13},"end":{"line":58,"column":3}},"line":55},"2":{"name":"(anonymous_2)","decl":{"start":{"line":63,"column":2},"end":{"line":63,"column":3}},"loc":{"start":{"line":63,"column":16},"end":{"line":69,"column":3}},"line":63},"3":{"name":"(anonymous_3)","decl":{"start":{"line":70,"column":2},"end":{"line":70,"column":3}},"loc":{"start":{"line":70,"column":13},"end":{"line":77,"column":3}},"line":70},"4":{"name":"(anonymous_4)","decl":{"start":{"line":86,"column":17},"end":{"line":86,"column":18}},"loc":{"start":{"line":86,"column":33},"end":{"line":122,"column":1}},"line":86},"5":{"name":"(anonymous_5)","decl":{"start":{"line":124,"column":22},"end":{"line":124,"column":23}},"loc":{"start":{"line":124,"column":56},"end":{"line":279,"column":1}},"line":124},"6":{"name":"(anonymous_6)","decl":{"start":{"line":131,"column":12},"end":{"line":131,"column":13}},"loc":{"start":{"line":131,"column":18},"end":{"line":137,"column":3}},"line":131},"7":{"name":"(anonymous_7)","decl":{"start":{"line":139,"column":12},"end":{"line":139,"column":13}},"loc":{"start":{"line":139,"column":18},"end":{"line":166,"column":3}},"line":139},"8":{"name":"(anonymous_8)","decl":{"start":{"line":142,"column":50},"end":{"line":142,"column":51}},"loc":{"start":{"line":142,"column":59},"end":{"line":142,"column":73}},"line":142},"9":{"name":"(anonymous_9)","decl":{"start":{"line":143,"column":51},"end":{"line":143,"column":52}},"loc":{"start":{"line":143,"column":60},"end":{"line":143,"column":75}},"line":143},"10":{"name":"(anonymous_10)","decl":{"start":{"line":168,"column":27},"end":{"line":168,"column":28}},"loc":{"start":{"line":168,"column":39},"end":{"line":190,"column":3}},"line":168},"11":{"name":"(anonymous_11)","decl":{"start":{"line":247,"column":25},"end":{"line":247,"column":26}},"loc":{"start":{"line":247,"column":31},"end":{"line":255,"column":17}},"line":247},"12":{"name":"(anonymous_12)","decl":{"start":{"line":261,"column":25},"end":{"line":261,"column":26}},"loc":{"start":{"line":261,"column":31},"end":{"line":269,"column":17}},"line":261},"13":{"name":"(anonymous_13)","decl":{"start":{"line":281,"column":20},"end":{"line":281,"column":21}},"loc":{"start":{"line":281,"column":87},"end":{"line":316,"column":1}},"line":281},"14":{"name":"(anonymous_14)","decl":{"start":{"line":292,"column":23},"end":{"line":292,"column":24}},"loc":{"start":{"line":293,"column":12},"end":{"line":310,"column":31}},"line":293},"15":{"name":"(anonymous_15)","decl":{"start":{"line":299,"column":23},"end":{"line":299,"column":24}},"loc":{"start":{"line":299,"column":29},"end":{"line":302,"column":15}},"line":299},"16":{"name":"(anonymous_16)","decl":{"start":{"line":318,"column":24},"end":{"line":318,"column":25}},"loc":{"start":{"line":318,"column":30},"end":{"line":544,"col
[...]
,"C:\\Users\\AFLAL\\Desktop\\VelociRoute\\VelociRoute\\Mobile\\app\\(auth)\\_layout.jsx": {"path":"C:\\Users\\AFLAL\\Desktop\\VelociRoute\\VelociRoute\\Mobile\\app\\(auth)\\_layout.jsx","statementMap":{"0":{"start":{"line":4,"column":2},"end":{"line":10,"column":4}}},"fnMap":{"0":{"name":"AuthLayout","decl":{"start":{"line":3,"column":24},"end":{"line":3,"column":34}},"loc":{"start":{"line":3,"column":37},"end":{"line":11,"column":1}},"line":3}},"branchMap":{},"s":{"0":0},"f":{"0":0},"b":{}}
,"C:\\Users\\AFLAL\\Desktop\\VelociRoute\\VelociRoute\\Mobile\\app\\(auth)\\login.jsx": {"path":"C:\\Users\\AFLAL\\Desktop\\VelociRoute\\VelociRoute\\Mobile\\app\\(auth)\\login.jsx","statementMap":{"0":{"start":{"line":25,"column":26},"end":{"line":25,"column":50}},"1":{"start":{"line":27,"column":25},"end":{"line":27,"column":73}},"2":{"start":{"line":29,"column":14},"end":{"line":180,"column":1}},"3":{"start":{"line":30,"column":40},"end":{"line":30,"column":54}},"4":{"start":{"line":31,"column":28},"end":{"line":31,"column":40}},"5":{"start":{"line":32,"column":34},"end":{"line":32,"column":46}},"6":{"start":{"line":33,"column":38},"end":{"line":33,"column":50}},"7":{"start":{"line":34,"column":32},"end":{"line":34,"column":47}},"8":{"start":{"line":36,"column":17},"end":{"line":36,"column":28}},"9":{"start":{"line":37,"column":19},"end":{"line":37,"column":49}},"10":{"start":{"line":38,"column":16},"end":{"line":38,"column":33}},"11":{"start":{"line":40,"column":2},"end":{"line":57,"column":9}},"12":{"start":{"line":41,"column":4},"end":{"line":48,"column":6}},"13":{"start":{"line":49,"column":4},"end":{"line":56,"column":6}},"14":{"start":{"line":59,"column":24},"end":{"line":67,"column":4}},"15":{"start":{"line":60,"column":4},"end":{"line":66,"column":6}},"16":{"start":{"line":69,"column":22},"end":{"line":78,"column":3}},"17":{"start":{"line":70,"column":4},"end":{"line":70,"column":19}},"18":{"start":{"line":71,"column":4},"end":{"line":77,"column":5}},"19":{"start":{"line":72,"column":6},"end":{"line":72,"column":51}},"20":{"start":{"line":73,"column":11},"end":{"line":77,"column":5}},"21":{"start":{"line":74,"column":6},"end":{"line":74,"column":44}},"22":{"start":{"line":76,"column":6},"end":{"line":76,"column":24}},"23":{"start":{"line":80,"column":22},"end":{"line":95,"column":3}},"24":{"start":{"line":81,"column":4},"end":{"line":84,"column":5}},"25":{"start":{"line":82,"column":6},"end":{"line":82,"column":66}},"26":{"start":{"line":83,"column":6},"end":{"line":83,"column":13}},"27":{"start":{"line":86,"column":4},"end":{"line":86,"column":21}},"28":{"start":{"line":87,"column":4},"end":{"line":94,"column":5}},"29":{"start":{"line":88,"column":6},"end":{"line":88,"column":62}},"30":{"start":{"line":89,"column":6},"end":{"line":89,"column":31}},"31":{"start":{"line":91,"column":6},"end":{"line":91,"column":42}},"32":{"start":{"line":93,"column":6},"end":{"line":93,"column":24}},"33":{"start":{"line":97,"column":2},"end":{"line":179,"column":4}},"34":{"start":{"line":109,"column":23},"end":{"line":109,"column":36}},"35":{"start":{"line":144,"column":45},"end":{"line":144,"column":73}},"36":{"start":{"line":173,"column":43},"end":{"line":173,"column":72}},"37":{"start":{"line":182,"column":15},"end":{"line":276,"column":2}}},"fnMap":{"0":{"name":"(anonymous_0)","decl":{"start":{"line":29,"column":14},"end":{"line":29,"column":15}},"loc":{"start":{"line":29,"column":20},"end":{"line":180,"column":1}},"line":29},"1":{"name":"(anonymous_1)","decl":{"start":{"line":40,"column":12},"end":{"line":40,"column":13}},"loc":{"start":{"line":40,"column":18},"end":{"line":57,"column":3}},"line":40},"2":{"name":"(anonymous_2)","decl":{"start":{"line":59,"column":41},"end":{"line":59,"column":42}},"loc":{"start":{"line":59,"column":47},"end":{"line":67,"column":3}},"line":59},"3":{"name":"(anonymous_3)","decl":{"start":{"line":69,"column":22},"end":{"line":69,"column":23}},"loc":{"start":{"line":69,"column":32},"end":{"line":78,"column":3}},"line":69},"4":{"name":"(anonymous_4)","decl":{"start":{"line":80,"column":22},"end":{"line":80,"column":23}},"loc":{"start":{"line":80,"column":34},"end":{"line":95,"column":3}},"line":80},"5":{"name":"(anonymous_5)","decl":{"start":{"line":109,"column":17},"end":{"line":109,"column":18}},"loc":{"start":{"line":109,"column":23},"end":{"line":109,"column":36}},"line":109},"6":{"name":"(anonymous_6)","decl":{"start":{"line":144,"column":39},"end":{"line":144,"column":40}},"loc":{"start":{"line":144,"column":45},"end":{"line":144,"column":73}},"line":144},"7":{"name":"(anonymous_7)","decl":{"start":{"line":173,"column":37},"end":{"line":173,"column":38}},"loc":{"start":{"line":173,"column":43},"end":{"line":173,"column":72}},"line":173}},"branchMap":{"0":{"loc":{"start":{"line":71,"column":4},"end":{"line":77,"column":5}},"type":"if","locations":[{"start":{"line":71,"column":4},"end":{"line":77,"column":5}},{"start":{"line":73,"column":11},"end":{"line":77,"column":5}}],"line":71},"1":{"loc":{"start":{"line":73,"column":11},"end":{"line":77,"column":5}},"type":"if","locations":[{"start":{"line":73,"column":11},"end":{"line":77,"column":5}},{"start":{"line":75,"column":11},"end":{"line":77,"column":5}}],"line":73},"2":{"loc":{"start":{"line":81,"column":4},"end":{"line":84,"column":5}},"type":"if","locations":[{"start":{"line":81,"column":4},"end":{"line":84,"column":5}},{"start":{},"end":{}}],"line":81},"3":{"loc":{"start":{"line":81,"column":8},"end":{"line":81,"column":41}},"type":"binary-expr","locations":[{"start":{"line":81,"column":8},"end":{"line":81,"column":18}},{"start":{"line":81,"column":22},"end":{"line":81,"column":28}},{"start":{"line":81,"column":32},"end":{"line":81,"column":41}}],"line":81},"4":{"loc":{"start":{"line":132,"column":11},"end":{"line":132,"column":81}},"type":"cond-expr","locations":[{"start":{"line":132,"column":24},"end":{"line":132,"column":74}},{"start":{"line":132,"column":77},"end":{"line":132,"column":81}}],"line":132},"5":{"loc":{"start":{"line":146,"column":22},"end":{"line":146,"column":53}},"type":"cond-expr","locations":[{"start":{"line":146,"column":36},"end":{"line":146,"column":45}},{"start":{"line":146,"column":48},"end":{"line":146,"column":53}}],"line":146},"6":{"loc":{"start":{"line":155,"column":38},"end":{"line":155,"column":75}},"type":"binary-expr","locations":[{"start":{"line":155,"column":38},"end":{"line":155,"column":45}},{"start":{"line":155,"column":49},"end":{"line":155,"column":75}}],"line":155},"7":{"loc":{"start":{"line":166,"column":15},"end":{"line":166,"column":50}},"type":"cond-expr","locations":[{"start":{"line":166,"column":25},"end":{"line":166,"column":40}},{"start":{"line":166,"column":43},"end":{"line":166,"column":50}}],"line":166}},"s":{"0":0,"1":0,"2":0,"3":0,"4":0,"5":0,"6":0,"7":0,"8":0,"9":0,"10":0,"11":0,"12":0,"13":0,"14":0,"15":0,"16":0,"17":0,"18":0,"19":0,"20":0,"21":0,"22":0,"23":0,"24":0,"25":0,"26":0,"27":0,"28":0,"29":0,"30":0,"31":0,"32":0,"33":0,"34":0,"35":0,"36":0,"37":0},"f":{"0":0,"1":0,"2":0,"3":0,"4":0,"5":0,"6":0,"7":0},"b":{"0":[0,0],"1":[0,0],"2":[0,0],"3":[0,0,0],"4":[0,0],"5":[0,0],"6":[0,0],"7":[0,0]}}
,"C:\\Users\\AFLAL\\Desktop\\VelociRoute\\VelociRoute\\Mobile\\app\\(auth)\\signup.jsx": {"path":"C:\\Users\\AFLAL\\Desktop\\VelociRoute\\VelociRoute\\Mobile\\app\\(auth)\\signup.jsx","statementMap":{"0":{"start":{"line":25,"column":26},"end":{"line":25,"column":50}},"1":{"start":{"line":26,"column":25},"end":{"line":26,"column":73}},"2":{"start":{"line":28,"column":15},"end":{"line":212,"column":1}},"3":{"start":{"line":29,"column":28},"end":{"line":29,"column":40}},"4":{"start":{"line":30,"column":34},"end":{"line":30,"column":46}},"5":{"start":{"line":31,"column":48},"end":{"line":31,"column":60}},"6":{"start":{"line":32,"column":40},"end":{"line":32,"column":54}},"7":{"start":{"line":33,"column":54},"end":{"line":33,"column":68}},"8":{"start":{"line":34,"column":38},"end":{"line":34,"column":50}},"9":{"start":{"line":35,"column":32},"end":{"line":35,"column":47}},"10":{"start":{"line":37,"column":17},"end":{"line":37,"column":28}},"11":{"start":{"line":38,"column":19},"end":{"line":38,"column":36}},"12":{"start":{"line":39,"column":16},"end":{"line":39,"column":33}},"13":{"start":{"line":41,"column":2},"end":{"line":55,"column":9}},"14":{"start":{"line":42,"column":4},"end":{"line":46,"column":6}},"15":{"start":{"line":47,"column":4},"end":{"line":54,"column":6}},"16":{"start":{"line":57,"column":24},"end":{"line":64,"column":4}},"17":{"start":{"line":58,"column":4},"end":{"line":63,"column":6}},"18":{"start":{"line":66,"column":22},"end":{"line":75,"column":3}},"19":{"start":{"line":67,"column":4},"end":{"line":67,"column":19}},"20":{"start":{"line":68,"column":4},"end":{"line":74,"column":5}},"21":{"start":{"line":69,"column":6},"end":{"line":69,"column":51}},"22":{"start":{"line":70,"column":11},"end":{"line":74,"column":5}},"23":{"start":{"line":71,"column":6},"end":{"line":71,"column":44}},"24":{"start":{"line":73,"column":6},"end":{"line":73,"column":24}},"25":{"start":{"line":77,"column":23},"end":{"line":102,"column":3}},"26":{"start":{"line":78,"column":4},"end":{"line":81,"column":5}},"27":{"start":{"line":79,"column":6},"end":{"line":79,"column":66}},"28":{"start":{"line":80,"column":6},"end":{"line":80,"column":13}},"29":{"start":{"line":83,"column":4},"end":{"line":86,"column":5}},"30":{"start":{"line":84,"column":6},"end":{"line":84,"column":53}},"31":{"start":{"line":85,"column":6},"end":{"line":85,"column":13}},"32":{"start":{"line":88,"column":4},"end":{"line":91,"column":5}},"33":{"start":{"line":89,"column":6},"end":{"line":89,"column":71}},"34":{"start":{"line":90,"column":6},"end":{"line":90,"column":13}},"35":{"start":{"line":93,"column":4},"end":{"line":93,"column":21}},"36":{"start":{"line":94,"column":4},"end":{"line":101,"column":5}},"37":{"start":{"line":95,"column":6},"end":{"line":95,"column":66}},"38":{"start":{"line":96,"column":6},"end":{"line":96,"column":35}},"39":{"start":{"line":98,"column":6},"end":{"line":98,"column":42}},"40":{"start":{"line":100,"column":6},"end":{"line":100,"column":24}},"41":{"start":{"line":104,"column":2},"end":{"line":211,"column":4}},"42":{"start":{"line":122,"column":23},"end":{"line":122,"column":36}},"43":{"start":{"line":157,"column":45},"end":{"line":157,"column":73}},"44":{"start":{"line":176,"column":45},"end":{"line":176,"column":87}},"45":{"start":{"line":205,"column":43},"end":{"line":205,"column":71}},"46":{"start":{"line":214,"column":15},"end":{"line":317,"column":2}}},"fnMap":{"0":{"name":"(anonymous_0)","decl":{"start":{"line":28,"column":15},"end":{"line":28,"column":16}},"loc":{"start":{"line":28,"column":21},"end":{"line":212,"column":1}},"line":28},"1":{"name":"(anonymous_1)","decl":{"start":{"line":41,"column":12},"end":{"line":41,"column":13}},"loc":{"start":{"line":41,"column":18},"end":{"line":55,"column":3}},"line":41},"2":{"name":"(anonymous_2)","decl":{"start":{"line":57,"column":41},"end":{"line":57,"column":42}},"loc":{"start":{"line":57,"column":47},"end":{"line":64,"column":3}},"line":57},"3":{"name":"(anonymous_3)","decl":{"start":{"line":66,"column":22},"end":{"line":66,"column":23}},"loc":{"start":{"line":66,"column":32},"end":{"line":75,"column":3}},"line":66},"4":{"name":"(anonymous_4)","decl":{"start":{"line":77,"column":23},"end":{"line":77,"column":24}},"loc":{"start":{"line":77,"column":35},"end":{"line":102,"column":3}},"line":77},"5":{"name":"(anonymous_5)","decl":{"start":{"line":122,"column":17},"end":{"line":122,"column":18}},"loc":{"start":{"line":122,"column":23},"end":{"line":122,"column":36}},"line":122},"6":{"name":"(anonymous_6)","decl":{"start":{"line":157,"column":39},"end":{"line":157,"column":40}},"loc":{"start":{"line":157,"column":45},"end":{"line":157,"column":73}},"line":157},"7":{"name":"(anonymous_7)","decl":{"start":{"line":176,"column":39},"end":{"line":176,"column":40}},"loc":{"start":{"line":176,"column":45},"end":{"line":176,"column":87}},"line":176},"8":{"name":"(anonymous_8)","decl":{"start":{"line":205,"column":37},"end":{"line":205,"column":38}},"loc":{"start":{"line":205,"column":43},"end":{"line":205,"column":71}},"line":205}},"branchMap":{"0":{"loc":{"start":{"line":68,"column":4},"end":{"line":74,"column":5}},"type":"if","locations":[{"start":{"line":68,"column":4},"end":{"line":74,"column":5}},{"start":{"line":70,"column":11},"end":{"line":74,"column":5}}],"line":68},"1":{"loc":{"start":{"line":70,"column":11},"end":{"line":74,"column":5}},"type":"if","locations":[{"start":{"line":70,"column":11},"end":{"line":74,"column":5}},{"start":{"line":72,"column":11},"end":{"line":74,"column":5}}],"line":70},"2":{"loc":{"start":{"line":78,"column":4},"end":{"line":81,"column":5}},"type":"if","locations":[{"start":{"line":78,"column":4},"end":{"line":81,"column":5}},{"start":{},"end":{}}],"line":78},"3":{"loc":{"start":{"line":78,"column":8},"end":{"line":78,"column":61}},"type":"binary-expr","locations":[{"start":{"line":78,"column":8},"end":{"line":78,"column":18}},{"start":{"line":78,"column":22},"end":{"line":78,"column":28}},{"start":{"line":78,"column":32},"end":{"line":78,"column":41}},{"start":{"line":78,"column":45},"end":{"line":78,"column":61}}],"line":78},"4":{"loc":{"start":{"line":83,"column":4},"end":{"line":86,"column":5}},"type":"if","locations":[{"start":{"line":83,"column":4},"end":{"line":86,"column":5}},{"start":{},"end":{}}],"line":83},"5":{"loc":{"start":{"line":88,"column":4},"end":{"line":91,"column":5}},"type":"if","locations":[{"start":{"line":88,"column":4},"end":{"line":91,"column":5}},{"start":{},"end":{}}],"line":88},"6":{"loc":{"start":{"line":145,"column":11},"end":{"line":145,"column":81}},"type":"cond-expr","locations":[{"start":{"line":145,"column":24},"end":{"line":145,"column":74}},{"start":{"line":145,"column":77},"end":{"line":145,"column":81}}],"line":145},"7":{"loc":{"start":{"line":159,"column":22},"end":{"line":159,"column":53}},"type":"cond-expr","locations":[{"start":{"line":159,"column":36},"end":{"line":159,"column":45}},{"start":{"line":159,"column":48},"end":{"line":159,"column":53}}],"line":159},"8":{"loc":{"start":{"line":178,"column":22},"end":{"line":178,"column":60}},"type":"cond-expr","locations":[{"start":{"line":178,"column":43},"end":{"line":178,"column":52}},{"start":{"line":178,"column":55},"end":{"line":178,"column":60}}],"line":178},"9":{"loc":{"start":{"line":187,"column":39},"end":{"line":187,"column":77}},"type":"binary-expr","locations":[{"start":{"line":187,"column":39},"end":{"line":187,"column":46}},{"start":{"line":187,"column":50},"end":{"line":187,"column":77}}],"line":187},"10":{"loc":{"start":{"line":198,"column":15},"end":{"line":198,"column":65}},"type":"cond-expr","locations":[{"start":{"line":198,"column":25},"end":{"line":198,"column":46}},{"start":{"line":198,"column":49},"end":{"line":198,"column":65}}],"line":198}},"s":{"0":0,"1":0,"2":0,"3":0,"4":0,"5":0,"6":0,"7":0,"8":0,"9":0,"10":0,"11":0,"12":0,"13":0,"14":0,"15":0,"16":0,"17":0,"18":0,"19":0,"20":0,"21":0,"22":0,"23":0,"24":0,"25":0,"26":0,"27":0,"28":0,"29":0,"30":0,"31":0,"32":0,"33":0,"34":0,"35":0,"36":0,"37":0,"38":0,"39":0,"40":0,"41":0,"42":0,"43":0,"44":0,"45":0,"46":0},"f":{"0":0,"1":0,"2":0,"3":0,"4":0,"5":0,"6":0,"7":0,"8":0},"b":{"0":[0,0],"1":[0,0],"2":[0,0],"3":[0,0,0,0],"4":[0,0],"5":[0,0],"6":[0,0],"7":[0,0],"8":[0,0],"9":[0,0],"10":[0,0]}}
,"C:\\Users\\AFLAL\\Desktop\\VelociRoute\\VelociRoute\\Mobile\\app\\(auth)\\start.jsx": {"path":"C:\\Users\\AFLAL\\Desktop\\VelociRoute\\VelociRoute\\Mobile\\app\\(auth)\\start.jsx","statementMap":{"0":{"start":{"line":16,"column":26},"end":{"line":16,"column":50}},"1":{"start":{"line":18,"column":25},"end":{"line":18,"column":73}},"2":{"start":{"line":20,"column":14},"end":{"line":195,"column":1}},"3":{"start":{"line":21,"column":17},"end":{"line":21,"column":28}},"4":{"start":{"line":22,"column":20},"end":{"line":22,"column":37}},"5":{"start":{"line":23,"column":20},"end":{"line":23,"column":37}},"6":{"start":{"line":24,"column":17},"end":{"line":24,"column":34}},"7":{"start":{"line":25,"column":17},"end":{"line":25,"column":34}},"8":{"start":{"line":26,"column":20},"end":{"line":26,"column":37}},"9":{"start":{"line":27,"column":20},"end":{"line":27,"column":37}},"10":{"start":{"line":29,"column":2},"end":{"line":118,"column":9}},"11":{"start":{"line":31,"column":4},"end":{"line":38,"column":6}},"12":{"start":{"line":40,"column":4},"end":{"line":53,"column":6}},"13":{"start":{"line":55,"column":4},"end":{"line":68,"column":6}},"14":{"start":{"line":71,"column":4},"end":{"line":81,"column":6}},"15":{"start":{"line":83,"column":4},"end":{"line":99,"column":6}},"16":{"start":{"line":101,"column":4},"end":{"line":117,"column":6}},"17":{"start":{"line":120,"column":25},"end":{"line":127,"column":5}},"18":{"start":{"line":120,"column":49},"end":{"line":127,"column":3}},"19":{"start":{"line":129,"column":25},"end":{"line":136,"column":5}},"20":{"start":{"line":129,"column":49},"end":{"line":136,"column":3}},"21":{"start":{"line":138,"column":2},"end":{"line":194,"column":4}},"22":{"start":{"line":166,"column":27},"end":{"line":166,"column":55}},"23":{"start":{"line":180,"column":27},"end":{"line":180,"column":56}},"24":{"start":{"line":197,"column":15},"end":{"line":272,"column":2}}},"fnMap":{"0":{"name":"(anonymous_0)","decl":{"start":{"line":20,"column":14},"end":{"line":20,"column":15}},"loc":{"start":{"line":20,"column":20},"end":{"line":195,"column":1}},"line":20},"1":{"name":"(anonymous_1)","decl":{"start":{"line":29,"column":12},"end":{"line":29,"column":13}},"loc":{"start":{"line":29,"column":18},"end":{"line":118,"column":3}},"line":29},"2":{"name":"(anonymous_2)","decl":{"start":{"line":120,"column":42},"end":{"line":120,"column":43}},"loc":{"start":{"line":120,"column":49},"end":{"line":127,"column":3}},"line":120},"3":{"name":"(anonymous_3)","decl":{"start":{"line":129,"column":42},"end":{"line":129,"column":43}},"loc":{"start":{"line":129,"column":49},"end":{"line":136,"column":3}},"line":129},"4":{"name":"(anonymous_4)","decl":{"start":{"line":166,"column":21},"end":{"line":166,"column":22}},"loc":{"start":{"line":166,"column":27},"end":{"line":166,"column":55}},"line":166},"5":{"name":"(anonymous_5)","decl":{"start":{"line":180,"column":21},"end":{"line":180,"column":22}},"loc":{"start":{"line":180,"column":27},"end":{"line":180,"column":56}},"line":180}},"branchMap":{},"s":{"0":0,"1":0,"2":0,"3":0,"4":0,"5":0,"6":0,"7":0,"8":0,"9":0,"10":0,"11":0,"12":0,"13":0,"14":0,"15":0,"16":0,"17":0,"18":0,"19":0,"20":0,"21":0,"22":0,"23":0,"24":0},"f":{"0":0,"1":0,"2":0,"3":0,"4":0,"5":0},"b":{}}
}
