TN:
SF:app\_layout.jsx
FN:6,RootLayout
FNF:1
FNH:0
FNDA:0,RootLayout
DA:7,0
LF:1
LH:0
BRF:0
BRH:0
end_of_record
TN:
SF:app\route.jsx
FN:13,(anonymous_0)
FN:34,(anonymous_1)
FN:56,(anonymous_2)
FN:72,(anonymous_3)
FN:78,(anonymous_4)
FN:102,(anonymous_5)
FN:124,(anonymous_6)
FN:132,(anonymous_7)
FN:148,(anonymous_8)
FN:171,(anonymous_9)
FN:177,(anonymous_10)
FN:216,(anonymous_11)
FN:295,(anonymous_12)
FN:300,(anonymous_13)
FN:311,(anonymous_14)
FN:312,(anonymous_15)
FN:321,(anonymous_16)
FN:344,(anonymous_17)
FN:353,(anonymous_18)
FN:358,(anonymous_19)
FN:368,(anonymous_20)
FN:389,(anonymous_21)
FN:405,(anonymous_22)
FN:443,(anonymous_23)
FN:451,(anonymous_24)
FNF:25
FNH:0
FNDA:0,(anonymous_0)
FNDA:0,(anonymous_1)
FNDA:0,(anonymous_2)
FNDA:0,(anonymous_3)
FNDA:0,(anonymous_4)
FNDA:0,(anonymous_5)
FNDA:0,(anonymous_6)
FNDA:0,(anonymous_7)
FNDA:0,(anonymous_8)
FNDA:0,(anonymous_9)
FNDA:0,(anonymous_10)
FNDA:0,(anonymous_11)
FNDA:0,(anonymous_12)
FNDA:0,(anonymous_13)
FNDA:0,(anonymous_14)
FNDA:0,(anonymous_15)
FNDA:0,(anonymous_16)
FNDA:0,(anonymous_17)
FNDA:0,(anonymous_18)
FNDA:0,(anonymous_19)
FNDA:0,(anonymous_20)
FNDA:0,(anonymous_21)
FNDA:0,(anonymous_22)
FNDA:0,(anonymous_23)
FNDA:0,(anonymous_24)
DA:13,0
DA:14,0
DA:15,0
DA:16,0
DA:17,0
DA:18,0
DA:21,0
DA:22,0
DA:23,0
DA:24,0
DA:25,0
DA:28,0
DA:29,0
DA:30,0
DA:31,0
DA:32,0
DA:34,0
DA:36,0
DA:38,0
DA:41,0
DA:44,0
DA:47,0
DA:50,0
DA:52,0
DA:56,0
DA:58,0
DA:69,0
DA:72,0
DA:73,0
DA:74,0
DA:75,0
DA:78,0
DA:79,0
DA:81,0
DA:82,0
DA:83,0
DA:85,0
DA:86,0
DA:90,0
DA:91,0
DA:94,0
DA:96,0
DA:97,0
DA:100,0
DA:101,0
DA:102,0
DA:105,0
DA:106,0
DA:113,0
DA:116,0
DA:117,0
DA:118,0
DA:120,0
DA:124,0
DA:125,0
DA:127,0
DA:128,0
DA:129,0
DA:130,0
DA:132,0
DA:133,0
DA:134,0
DA:135,0
DA:136,0
DA:139,0
DA:140,0
DA:148,0
DA:149,0
DA:150,0
DA:162,0
DA:166,0
DA:172,0
DA:177,0
DA:216,0
DA:296,0
DA:300,0
DA:311,0
DA:312,0
DA:321,0
DA:344,0
DA:353,0
DA:359,0
DA:360,0
DA:361,0
DA:368,0
DA:389,0
DA:405,0
DA:465,0
LF:88
LH:0
BRDA:21,0,0,0
BRDA:21,0,1,0
BRDA:22,1,0,0
BRDA:22,1,1,0
BRDA:23,2,0,0
BRDA:23,2,1,0
BRDA:24,3,0,0
BRDA:24,3,1,0
BRDA:25,4,0,0
BRDA:25,4,1,0
BRDA:36,5,0,0
BRDA:36,5,1,0
BRDA:36,5,2,0
BRDA:36,5,3,0
BRDA:36,5,4,0
BRDA:36,5,5,0
BRDA:36,5,6,0
BRDA:36,5,7,0
BRDA:36,5,8,0
BRDA:36,5,9,0
BRDA:69,6,0,0
BRDA:69,6,1,0
BRDA:79,7,0,0
BRDA:79,7,1,0
BRDA:90,8,0,0
BRDA:90,8,1,0
BRDA:96,9,0,0
BRDA:96,9,1,0
BRDA:96,10,0,0
BRDA:96,10,1,0
BRDA:105,11,0,0
BRDA:105,11,1,0
BRDA:125,12,0,0
BRDA:125,12,1,0
BRDA:149,13,0,0
BRDA:149,13,1,0
BRDA:191,14,0,0
BRDA:191,14,1,0
BRDA:202,15,0,0
BRDA:202,15,1,0
BRDA:230,16,0,0
BRDA:230,16,1,0
BRDA:237,17,0,0
BRDA:237,17,1,0
BRDA:260,18,0,0
BRDA:260,18,1,0
BRDA:268,19,0,0
BRDA:268,19,1,0
BRDA:276,20,0,0
BRDA:276,20,1,0
BRDA:289,21,0,0
BRDA:289,21,1,0
BRDA:296,22,0,0
BRDA:296,22,1,0
BRDA:300,23,0,0
BRDA:311,24,0,0
BRDA:312,25,0,0
BRDA:366,26,0,0
BRDA:366,26,1,0
BRDA:372,27,0,0
BRDA:372,27,1,0
BRDA:378,28,0,0
BRDA:378,28,1,0
BRDA:394,29,0,0
BRDA:394,29,1,0
BRDA:399,30,0,0
BRDA:399,30,1,0
BRDA:411,31,0,0
BRDA:411,31,1,0
BRF:69
BRH:0
end_of_record
TN:
SF:app\(app)\_layout.jsx
FN:6,AppLayout
FNF:1
FNH:0
FNDA:0,AppLayout
DA:7,0
DA:10,0
DA:11,0
DA:14,0
LF:4
LH:0
BRDA:10,0,0,0
BRDA:10,0,1,0
BRF:2
BRH:0
end_of_record
TN:
SF:app\(app)\editProfile.jsx
FN:36,(anonymous_0)
FN:58,(anonymous_1)
FN:62,(anonymous_2)
FN:108,(anonymous_3)
FN:181,(anonymous_4)
FN:192,(anonymous_5)
FN:204,(anonymous_6)
FN:224,(anonymous_7)
FN:226,(anonymous_8)
FN:256,(anonymous_9)
FN:268,(anonymous_10)
FN:306,(anonymous_11)
FN:350,(anonymous_12)
FN:350,(anonymous_13)
FN:351,(anonymous_14)
FN:351,(anonymous_15)
FN:352,(anonymous_16)
FN:354,(anonymous_17)
FN:360,(anonymous_18)
FN:382,(anonymous_19)
FN:382,(anonymous_20)
FN:383,(anonymous_21)
FN:383,(anonymous_22)
FN:384,(anonymous_23)
FN:386,(anonymous_24)
FN:393,(anonymous_25)
FN:408,(anonymous_26)
FN:408,(anonymous_27)
FN:410,(anonymous_28)
FN:419,(anonymous_29)
FN:419,(anonymous_30)
FN:427,(anonymous_31)
FN:427,(anonymous_32)
FN:430,(anonymous_33)
FN:442,(anonymous_34)
FN:442,(anonymous_35)
FNF:36
FNH:0
FNDA:0,(anonymous_0)
FNDA:0,(anonymous_1)
FNDA:0,(anonymous_2)
FNDA:0,(anonymous_3)
FNDA:0,(anonymous_4)
FNDA:0,(anonymous_5)
FNDA:0,(anonymous_6)
FNDA:0,(anonymous_7)
FNDA:0,(anonymous_8)
FNDA:0,(anonymous_9)
FNDA:0,(anonymous_10)
FNDA:0,(anonymous_11)
FNDA:0,(anonymous_12)
FNDA:0,(anonymous_13)
FNDA:0,(anonymous_14)
FNDA:0,(anonymous_15)
FNDA:0,(anonymous_16)
FNDA:0,(anonymous_17)
FNDA:0,(anonymous_18)
FNDA:0,(anonymous_19)
FNDA:0,(anonymous_20)
FNDA:0,(anonymous_21)
FNDA:0,(anonymous_22)
FNDA:0,(anonymous_23)
FNDA:0,(anonymous_24)
FNDA:0,(anonymous_25)
FNDA:0,(anonymous_26)
FNDA:0,(anonymous_27)
FNDA:0,(anonymous_28)
FNDA:0,(anonymous_29)
FNDA:0,(anonymous_30)
FNDA:0,(anonymous_31)
FNDA:0,(anonymous_32)
FNDA:0,(anonymous_33)
FNDA:0,(anonymous_34)
FNDA:0,(anonymous_35)
DA:17,0
DA:18,0
DA:21,0
DA:22,0
DA:24,0
DA:29,0
DA:36,0
DA:37,0
DA:38,0
DA:39,0
DA:40,0
DA:44,0
DA:45,0
DA:46,0
DA:47,0
DA:49,0
DA:58,0
DA:59,0
DA:62,0
DA:63,0
DA:64,0
DA:65,0
DA:67,0
DA:68,0
DA:69,0
DA:70,0
DA:73,0
DA:74,0
DA:75,0
DA:76,0
DA:79,0
DA:81,0
DA:88,0
DA:90,0
DA:91,0
DA:101,0
DA:102,0
DA:104,0
DA:108,0
DA:109,0
DA:110,0
DA:113,0
DA:114,0
DA:116,0
DA:117,0
DA:118,0
DA:119,0
DA:122,0
DA:123,0
DA:124,0
DA:125,0
DA:129,0
DA:130,0
DA:133,0
DA:134,0
DA:135,0
DA:136,0
DA:137,0
DA:139,0
DA:140,0
DA:141,0
DA:145,0
DA:146,0
DA:147,0
DA:148,0
DA:149,0
DA:151,0
DA:152,0
DA:153,0
DA:158,0
DA:167,0
DA:168,0
DA:170,0
DA:177,0
DA:179,0
DA:180,0
DA:181,0
DA:185,0
DA:186,0
DA:188,0
DA:192,0
DA:193,0
DA:194,0
DA:195,0
DA:197,0
DA:198,0
DA:199,0
DA:201,0
DA:204,0
DA:205,0
DA:206,0
DA:208,0
DA:209,0
DA:210,0
DA:211,0
DA:214,0
DA:215,0
DA:216,0
DA:217,0
DA:221,0
DA:222,0
DA:224,0
DA:225,0
DA:226,0
DA:227,0
DA:229,0
DA:230,0
DA:231,0
DA:234,0
DA:244,0
DA:246,0
DA:247,0
DA:250,0
DA:252,0
DA:253,0
DA:256,0
DA:257,0
DA:258,0
DA:260,0
DA:263,0
DA:264,0
DA:268,0
DA:269,0
DA:270,0
DA:273,0
DA:274,0
DA:275,0
DA:276,0
DA:280,0
DA:288,0
DA:290,0
DA:291,0
DA:292,0
DA:299,0
DA:301,0
DA:302,0
DA:303,0
DA:306,0
DA:311,0
DA:312,0
DA:316,0
DA:317,0
DA:319,0
DA:325,0
DA:350,0
DA:351,0
DA:353,0
DA:354,0
DA:360,0
DA:382,0
DA:383,0
DA:385,0
DA:386,0
DA:393,0
DA:408,0
DA:410,0
DA:419,0
DA:427,0
DA:431,0
DA:442,0
DA:468,0
LF:161
LH:0
BRDA:21,0,0,0
BRDA:21,0,1,0
BRDA:22,1,0,0
BRDA:22,1,1,0
BRDA:68,2,0,0
BRDA:68,2,1,0
BRDA:74,3,0,0
BRDA:74,3,1,0
BRDA:90,4,0,0
BRDA:90,4,1,0
BRDA:92,5,0,0
BRDA:92,5,1,0
BRDA:93,6,0,0
BRDA:93,6,1,0
BRDA:94,7,0,0
BRDA:94,7,1,0
BRDA:95,8,0,0
BRDA:95,8,1,0
BRDA:96,9,0,0
BRDA:96,9,1,0
BRDA:97,10,0,0
BRDA:97,10,1,0
BRDA:109,11,0,0
BRDA:109,11,1,0
BRDA:117,12,0,0
BRDA:117,12,1,0
BRDA:123,13,0,0
BRDA:123,13,1,0
BRDA:133,14,0,0
BRDA:133,14,1,0
BRDA:133,15,0,0
BRDA:133,15,1,0
BRDA:145,16,0,0
BRDA:145,16,1,0
BRDA:145,17,0,0
BRDA:145,17,1,0
BRDA:179,18,0,0
BRDA:179,18,1,0
BRDA:193,19,0,0
BRDA:193,19,1,0
BRDA:197,20,0,0
BRDA:197,20,1,0
BRDA:209,21,0,0
BRDA:209,21,1,0
BRDA:215,22,0,0
BRDA:215,22,1,0
BRDA:246,23,0,0
BRDA:246,23,1,0
BRDA:274,24,0,0
BRDA:274,24,1,0
BRDA:283,25,0,0
BRDA:283,25,1,0
BRDA:290,26,0,0
BRDA:290,26,1,0
BRDA:290,27,0,0
BRDA:290,27,1,0
BRDA:290,27,2,0
BRDA:296,28,0,0
BRDA:296,28,1,0
BRDA:308,29,0,0
BRDA:308,29,1,0
BRDA:327,30,0,0
BRDA:327,30,1,0
BRDA:338,31,0,0
BRDA:338,31,1,0
BRDA:345,32,0,0
BRDA:345,32,1,0
BRDA:370,33,0,0
BRDA:370,33,1,0
BRDA:377,34,0,0
BRDA:377,34,1,0
BRDA:449,35,0,0
BRDA:449,35,1,0
BRF:73
BRH:0
end_of_record
TN:
SF:app\(app)\plannedActivities.jsx
FNF:0
FNH:0
LF:0
LH:0
BRF:0
BRH:0
end_of_record
TN:
SF:app\(app)\post.jsx
FN:15,(anonymous_0)
FN:70,(anonymous_1)
FN:131,(anonymous_2)
FN:138,(anonymous_3)
FN:145,(anonymous_4)
FN:149,(anonymous_5)
FN:153,(anonymous_6)
FN:157,(anonymous_7)
FN:162,(anonymous_8)
FN:167,(anonymous_9)
FN:172,(anonymous_10)
FN:189,(anonymous_11)
FN:197,(anonymous_12)
FN:198,(anonymous_13)
FN:198,(anonymous_14)
FN:201,(anonymous_15)
FN:238,(anonymous_16)
FN:256,(anonymous_17)
FN:289,(anonymous_18)
FN:307,(anonymous_19)
FN:323,(anonymous_20)
FN:344,(anonymous_21)
FN:384,(anonymous_22)
FN:396,(anonymous_23)
FN:408,(anonymous_24)
FN:410,(anonymous_25)
FN:455,(anonymous_26)
FN:481,(anonymous_27)
FN:493,(anonymous_28)
FN:497,(anonymous_29)
FN:517,(anonymous_30)
FN:522,(anonymous_31)
FN:528,(anonymous_32)
FN:539,(anonymous_33)
FN:623,(anonymous_34)
FN:624,(anonymous_35)
FN:627,(anonymous_36)
FN:646,(anonymous_37)
FN:647,(anonymous_38)
FN:650,(anonymous_39)
FN:669,(anonymous_40)
FN:670,(anonymous_41)
FN:673,(anonymous_42)
FNF:43
FNH:0
FNDA:0,(anonymous_0)
FNDA:0,(anonymous_1)
FNDA:0,(anonymous_2)
FNDA:0,(anonymous_3)
FNDA:0,(anonymous_4)
FNDA:0,(anonymous_5)
FNDA:0,(anonymous_6)
FNDA:0,(anonymous_7)
FNDA:0,(anonymous_8)
FNDA:0,(anonymous_9)
FNDA:0,(anonymous_10)
FNDA:0,(anonymous_11)
FNDA:0,(anonymous_12)
FNDA:0,(anonymous_13)
FNDA:0,(anonymous_14)
FNDA:0,(anonymous_15)
FNDA:0,(anonymous_16)
FNDA:0,(anonymous_17)
FNDA:0,(anonymous_18)
FNDA:0,(anonymous_19)
FNDA:0,(anonymous_20)
FNDA:0,(anonymous_21)
FNDA:0,(anonymous_22)
FNDA:0,(anonymous_23)
FNDA:0,(anonymous_24)
FNDA:0,(anonymous_25)
FNDA:0,(anonymous_26)
FNDA:0,(anonymous_27)
FNDA:0,(anonymous_28)
FNDA:0,(anonymous_29)
FNDA:0,(anonymous_30)
FNDA:0,(anonymous_31)
FNDA:0,(anonymous_32)
FNDA:0,(anonymous_33)
FNDA:0,(anonymous_34)
FNDA:0,(anonymous_35)
FNDA:0,(anonymous_36)
FNDA:0,(anonymous_37)
FNDA:0,(anonymous_38)
FNDA:0,(anonymous_39)
FNDA:0,(anonymous_40)
FNDA:0,(anonymous_41)
FNDA:0,(anonymous_42)
DA:15,0
DA:16,0
DA:17,0
DA:18,0
DA:21,0
DA:22,0
DA:24,0
DA:25,0
DA:26,0
DA:27,0
DA:28,0
DA:29,0
DA:30,0
DA:31,0
DA:32,0
DA:33,0
DA:34,0
DA:35,0
DA:37,0
DA:38,0
DA:39,0
DA:41,0
DA:48,0
DA:55,0
DA:62,0
DA:63,0
DA:65,0
DA:70,0
DA:71,0
DA:72,0
DA:75,0
DA:78,0
DA:81,0
DA:84,0
DA:91,0
DA:93,0
DA:100,0
DA:101,0
DA:103,0
DA:112,0
DA:113,0
DA:115,0
DA:116,0
DA:119,0
DA:120,0
DA:123,0
DA:124,0
DA:126,0
DA:127,0
DA:131,0
DA:132,0
DA:133,0
DA:134,0
DA:135,0
DA:138,0
DA:139,0
DA:140,0
DA:141,0
DA:142,0
DA:145,0
DA:146,0
DA:149,0
DA:150,0
DA:153,0
DA:154,0
DA:157,0
DA:158,0
DA:159,0
DA:162,0
DA:163,0
DA:164,0
DA:167,0
DA:168,0
DA:169,0
DA:172,0
DA:173,0
DA:175,0
DA:176,0
DA:177,0
DA:178,0
DA:182,0
DA:188,0
DA:189,0
DA:192,0
DA:193,0
DA:197,0
DA:198,0
DA:201,0
DA:202,0
DA:203,0
DA:205,0
DA:206,0
DA:207,0
DA:211,0
DA:212,0
DA:213,0
DA:214,0
DA:218,0
DA:219,0
DA:220,0
DA:221,0
DA:222,0
DA:223,0
DA:226,0
DA:228,0
DA:238,0
DA:248,0
DA:249,0
DA:251,0
DA:252,0
DA:256,0
DA:257,0
DA:264,0
DA:265,0
DA:275,0
DA:276,0
DA:277,0
DA:279,0
DA:282,0
DA:283,0
DA:285,0
DA:289,0
DA:290,0
DA:291,0
DA:293,0
DA:294,0
DA:295,0
DA:299,0
DA:300,0
DA:301,0
DA:302,0
DA:306,0
DA:307,0
DA:311,0
DA:312,0
DA:313,0
DA:314,0
DA:315,0
DA:316,0
DA:323,0
DA:324,0
DA:332,0
DA:334,0
DA:344,0
DA:354,0
DA:355,0
DA:357,0
DA:358,0
DA:361,0
DA:362,0
DA:372,0
DA:373,0
DA:374,0
DA:377,0
DA:378,0
DA:380,0
DA:384,0
DA:385,0
DA:398,0
DA:408,0
DA:409,0
DA:410,0
DA:415,0
DA:422,0
DA:455,0
DA:481,0
DA:493,0
DA:498,0
DA:518,0
DA:522,0
DA:528,0
DA:539,0
DA:623,0
DA:625,0
DA:627,0
DA:646,0
DA:648,0
DA:650,0
DA:669,0
DA:671,0
DA:673,0
DA:725,0
LF:182
LH:0
BRDA:21,0,0,0
BRDA:21,0,1,0
BRDA:22,1,0,0
BRDA:22,1,1,0
BRDA:62,2,0,0
BRDA:62,2,1,0
BRDA:63,3,0,0
BRDA:63,3,1,0
BRDA:115,4,0,0
BRDA:115,4,1,0
BRDA:116,5,0,0
BRDA:116,5,1,0
BRDA:119,6,0,0
BRDA:119,6,1,0
BRDA:176,7,0,0
BRDA:176,7,1,0
BRDA:188,8,0,0
BRDA:188,8,1,0
BRDA:205,9,0,0
BRDA:205,9,1,0
BRDA:205,10,0,0
BRDA:205,10,1,0
BRDA:212,11,0,0
BRDA:212,11,1,0
BRDA:226,12,0,0
BRDA:226,12,1,0
BRDA:240,13,0,0
BRDA:240,13,1,0
BRDA:241,14,0,0
BRDA:241,14,1,0
BRDA:251,15,0,0
BRDA:251,15,1,0
BRDA:275,16,0,0
BRDA:275,16,1,0
BRDA:279,17,0,0
BRDA:279,17,1,0
BRDA:293,18,0,0
BRDA:293,18,1,0
BRDA:293,19,0,0
BRDA:293,19,1,0
BRDA:300,20,0,0
BRDA:300,20,1,0
BRDA:332,21,0,0
BRDA:332,21,1,0
BRDA:346,22,0,0
BRDA:346,22,1,0
BRDA:347,23,0,0
BRDA:347,23,1,0
BRDA:357,24,0,0
BRDA:357,24,1,0
BRDA:372,25,0,0
BRDA:372,25,1,0
BRDA:409,26,0,0
BRDA:409,26,1,0
BRDA:409,27,0,0
BRDA:409,27,1,0
BRDA:440,28,0,0
BRDA:440,28,1,0
BRDA:487,29,0,0
BRDA:487,29,1,0
BRDA:487,30,0,0
BRDA:487,30,1,0
BRDA:490,31,0,0
BRDA:490,31,1,0
BRDA:512,32,0,0
BRDA:512,32,1,0
BRDA:545,33,0,0
BRDA:545,33,1,0
BRDA:551,34,0,0
BRDA:551,34,1,0
BRDA:557,35,0,0
BRDA:557,35,1,0
BRDA:563,36,0,0
BRDA:563,36,1,0
BRDA:568,37,0,0
BRDA:568,37,1,0
BRDA:577,38,0,0
BRDA:577,38,1,0
BRDA:585,39,0,0
BRDA:585,39,1,0
BRDA:594,40,0,0
BRDA:594,40,1,0
BRDA:602,41,0,0
BRDA:602,41,1,0
BRDA:611,42,0,0
BRDA:611,42,1,0
BRDA:698,43,0,0
BRDA:698,43,1,0
BRDA:700,44,0,0
BRDA:700,44,1,0
BRDA:710,45,0,0
BRDA:710,45,1,0
BRDA:712,46,0,0
BRDA:712,46,1,0
BRF:94
BRH:0
end_of_record
TN:
SF:app\(app)\savedActivities.jsx
FN:34,(anonymous_0)
FN:39,(anonymous_1)
FN:68,(anonymous_2)
FN:97,(anonymous_3)
FN:103,(anonymous_4)
FN:104,(anonymous_5)
FN:111,(anonymous_6)
FN:168,(anonymous_7)
FN:202,(anonymous_8)
FN:210,(anonymous_9)
FN:216,(anonymous_10)
FN:222,(anonymous_11)
FN:227,(anonymous_12)
FN:230,(anonymous_13)
FN:284,(anonymous_14)
FN:310,(anonymous_15)
FN:339,(anonymous_16)
FN:394,(anonymous_17)
FNF:18
FNH:0
FNDA:0,(anonymous_0)
FNDA:0,(anonymous_1)
FNDA:0,(anonymous_2)
FNDA:0,(anonymous_3)
FNDA:0,(anonymous_4)
FNDA:0,(anonymous_5)
FNDA:0,(anonymous_6)
FNDA:0,(anonymous_7)
FNDA:0,(anonymous_8)
FNDA:0,(anonymous_9)
FNDA:0,(anonymous_10)
FNDA:0,(anonymous_11)
FNDA:0,(anonymous_12)
FNDA:0,(anonymous_13)
FNDA:0,(anonymous_14)
FNDA:0,(anonymous_15)
FNDA:0,(anonymous_16)
FNDA:0,(anonymous_17)
DA:12,0
DA:14,0
DA:21,0
DA:28,0
DA:34,0
DA:35,0
DA:36,0
DA:37,0
DA:39,0
DA:40,0
DA:41,0
DA:42,0
DA:44,0
DA:46,0
DA:51,0
DA:53,0
DA:54,0
DA:55,0
DA:56,0
DA:57,0
DA:60,0
DA:62,0
DA:64,0
DA:68,0
DA:69,0
DA:97,0
DA:98,0
DA:99,0
DA:100,0
DA:101,0
DA:103,0
DA:104,0
DA:105,0
DA:106,0
DA:107,0
DA:109,0
DA:110,0
DA:111,0
DA:115,0
DA:117,0
DA:118,0
DA:124,0
DA:125,0
DA:168,0
DA:169,0
DA:171,0
DA:178,0
DA:202,0
DA:203,0
DA:204,0
DA:205,0
DA:206,0
DA:207,0
DA:210,0
DA:211,0
DA:212,0
DA:213,0
DA:216,0
DA:217,0
DA:218,0
DA:219,0
DA:222,0
DA:223,0
DA:224,0
DA:227,0
DA:228,0
DA:231,0
DA:284,0
DA:285,0
DA:311,0
DA:313,0
DA:340,0
DA:383,0
DA:384,0
DA:391,0
DA:394,0
DA:403,0
LF:77
LH:0
BRDA:42,0,0,0
BRDA:42,0,1,0
BRDA:55,1,0,0
BRDA:55,1,1,0
BRDA:105,2,0,0
BRDA:105,2,1,0
BRDA:169,3,0,0
BRDA:169,3,1,0
BRDA:169,4,0,0
BRDA:169,4,1,0
BRDA:203,5,0,0
BRDA:203,5,1,0
BRDA:203,6,0,0
BRDA:203,6,1,0
BRDA:211,7,0,0
BRDA:211,7,1,0
BRDA:211,8,0,0
BRDA:211,8,1,0
BRDA:217,9,0,0
BRDA:217,9,1,0
BRDA:217,10,0,0
BRDA:217,10,1,0
BRDA:223,11,0,0
BRDA:223,11,1,0
BRDA:223,12,0,0
BRDA:223,12,1,0
BRDA:290,13,0,0
BRDA:290,13,1,0
BRDA:290,13,2,0
BRDA:296,14,0,0
BRDA:296,14,1,0
BRDA:296,14,2,0
BRDA:302,15,0,0
BRDA:302,15,1,0
BRDA:302,15,2,0
BRDA:311,16,0,0
BRDA:311,16,1,0
BRDA:317,17,0,0
BRDA:317,17,1,0
BRDA:337,18,0,0
BRDA:337,18,1,0
BRDA:337,18,2,0
BRDA:349,19,0,0
BRDA:349,19,1,0
BRDA:349,19,2,0
BRDA:352,20,0,0
BRDA:352,20,1,0
BRDA:352,20,2,0
BRDA:355,21,0,0
BRDA:355,21,1,0
BRDA:383,22,0,0
BRDA:383,22,1,0
BRDA:393,23,0,0
BRDA:393,23,1,0
BRF:54
BRH:0
end_of_record
TN:
SF:app\(app)\(tabs)\_layout.jsx
FN:4,TabsLayout
FN:10,(anonymous_1)
FNF:2
FNH:0
FNDA:0,TabsLayout
FNDA:0,(anonymous_1)
DA:5,0
DA:12,0
DA:13,0
DA:15,0
LF:4
LH:0
BRDA:12,0,0,0
BRDA:12,0,1,0
BRF:2
BRH:0
end_of_record
TN:
SF:app\(app)\(tabs)\feed.jsx
FN:30,(anonymous_0)
FN:39,(anonymous_1)
FN:43,(anonymous_2)
FN:66,(anonymous_3)
FN:109,(anonymous_4)
FN:121,(anonymous_5)
FN:130,(anonymous_6)
FN:131,(anonymous_7)
FN:135,(anonymous_8)
FN:168,(anonymous_9)
FN:207,(anonymous_10)
FN:211,(anonymous_11)
FN:237,(anonymous_12)
FN:265,(anonymous_13)
FN:280,(anonymous_14)
FN:287,(anonymous_15)
FN:295,(anonymous_16)
FN:301,(anonymous_17)
FN:307,(anonymous_18)
FN:312,(anonymous_19)
FN:315,(anonymous_20)
FN:328,(anonymous_21)
FN:359,(anonymous_22)
FN:360,(anonymous_23)
FN:405,(anonymous_24)
FN:434,(anonymous_25)
FN:440,(anonymous_26)
FN:447,(anonymous_27)
FN:487,(anonymous_28)
FN:511,(anonymous_29)
FN:525,(anonymous_30)
FN:526,(anonymous_31)
FN:530,(anonymous_32)
FNF:33
FNH:0
FNDA:0,(anonymous_0)
FNDA:0,(anonymous_1)
FNDA:0,(anonymous_2)
FNDA:0,(anonymous_3)
FNDA:0,(anonymous_4)
FNDA:0,(anonymous_5)
FNDA:0,(anonymous_6)
FNDA:0,(anonymous_7)
FNDA:0,(anonymous_8)
FNDA:0,(anonymous_9)
FNDA:0,(anonymous_10)
FNDA:0,(anonymous_11)
FNDA:0,(anonymous_12)
FNDA:0,(anonymous_13)
FNDA:0,(anonymous_14)
FNDA:0,(anonymous_15)
FNDA:0,(anonymous_16)
FNDA:0,(anonymous_17)
FNDA:0,(anonymous_18)
FNDA:0,(anonymous_19)
FNDA:0,(anonymous_20)
FNDA:0,(anonymous_21)
FNDA:0,(anonymous_22)
FNDA:0,(anonymous_23)
FNDA:0,(anonymous_24)
FNDA:0,(anonymous_25)
FNDA:0,(anonymous_26)
FNDA:0,(anonymous_27)
FNDA:0,(anonymous_28)
FNDA:0,(anonymous_29)
FNDA:0,(anonymous_30)
FNDA:0,(anonymous_31)
FNDA:0,(anonymous_32)
DA:10,0
DA:17,0
DA:24,0
DA:30,0
DA:31,0
DA:32,0
DA:33,0
DA:34,0
DA:35,0
DA:36,0
DA:37,0
DA:39,0
DA:40,0
DA:43,0
DA:44,0
DA:45,0
DA:46,0
DA:49,0
DA:51,0
DA:52,0
DA:53,0
DA:54,0
DA:55,0
DA:58,0
DA:65,0
DA:66,0
DA:68,0
DA:69,0
DA:70,0
DA:74,0
DA:81,0
DA:82,0
DA:83,0
DA:84,0
DA:85,0
DA:86,0
DA:87,0
DA:90,0
DA:94,0
DA:95,0
DA:97,0
DA:108,0
DA:109,0
DA:112,0
DA:115,0
DA:117,0
DA:121,0
DA:122,0
DA:123,0
DA:124,0
DA:125,0
DA:128,0
DA:130,0
DA:131,0
DA:132,0
DA:133,0
DA:134,0
DA:135,0
DA:138,0
DA:145,0
DA:150,0
DA:159,0
DA:160,0
DA:163,0
DA:164,0
DA:168,0
DA:169,0
DA:171,0
DA:172,0
DA:176,0
DA:177,0
DA:180,0
DA:181,0
DA:184,0
DA:185,0
DA:186,0
DA:188,0
DA:189,0
DA:196,0
DA:197,0
DA:200,0
DA:202,0
DA:203,0
DA:207,0
DA:208,0
DA:211,0
DA:212,0
DA:213,0
DA:214,0
DA:215,0
DA:218,0
DA:220,0
DA:221,0
DA:222,0
DA:224,0
DA:234,0
DA:235,0
DA:237,0
DA:243,0
DA:245,0
DA:248,0
DA:249,0
DA:251,0
DA:252,0
DA:253,0
DA:263,0
DA:264,0
DA:265,0
DA:269,0
DA:270,0
DA:273,0
DA:276,0
DA:280,0
DA:281,0
DA:282,0
DA:283,0
DA:287,0
DA:288,0
DA:289,0
DA:290,0
DA:291,0
DA:292,0
DA:295,0
DA:296,0
DA:297,0
DA:298,0
DA:301,0
DA:302,0
DA:303,0
DA:304,0
DA:307,0
DA:308,0
DA:309,0
DA:312,0
DA:313,0
DA:315,0
DA:316,0
DA:318,0
DA:319,0
DA:320,0
DA:321,0
DA:323,0
DA:324,0
DA:328,0
DA:329,0
DA:330,0
DA:334,0
DA:335,0
DA:342,0
DA:343,0
DA:350,0
DA:359,0
DA:361,0
DA:405,0
DA:434,0
DA:441,0
DA:447,0
DA:487,0
DA:512,0
DA:525,0
DA:526,0
DA:530,0
DA:542,0
LF:163
LH:0
BRDA:43,0,0,0
BRDA:44,1,0,0
BRDA:44,1,1,0
BRDA:53,2,0,0
BRDA:53,2,1,0
BRDA:65,3,0,0
BRDA:65,3,1,0
BRDA:69,4,0,0
BRDA:69,4,1,0
BRDA:82,5,0,0
BRDA:82,5,1,0
BRDA:83,6,0,0
BRDA:83,6,1,0
BRDA:84,7,0,0
BRDA:84,7,1,0
BRDA:85,8,0,0
BRDA:85,8,1,0
BRDA:86,9,0,0
BRDA:86,9,1,0
BRDA:87,10,0,0
BRDA:87,10,1,0
BRDA:94,11,0,0
BRDA:94,11,1,0
BRDA:108,12,0,0
BRDA:108,12,1,0
BRDA:108,13,0,0
BRDA:108,13,1,0
BRDA:123,14,0,0
BRDA:123,14,1,0
BRDA:132,15,0,0
BRDA:132,15,1,0
BRDA:134,16,0,0
BRDA:134,16,1,0
BRDA:159,17,0,0
BRDA:159,17,1,0
BRDA:171,18,0,0
BRDA:171,18,1,0
BRDA:176,19,0,0
BRDA:176,19,1,0
BRDA:188,20,0,0
BRDA:188,20,1,0
BRDA:188,21,0,0
BRDA:188,21,1,0
BRDA:197,22,0,0
BRDA:197,22,1,0
BRDA:213,23,0,0
BRDA:213,23,1,0
BRDA:218,24,0,0
BRDA:218,24,1,0
BRDA:234,25,0,0
BRDA:234,25,1,0
BRDA:248,26,0,0
BRDA:248,26,1,0
BRDA:263,27,0,0
BRDA:263,27,1,0
BRDA:273,28,0,0
BRDA:273,28,1,0
BRDA:276,29,0,0
BRDA:276,29,1,0
BRDA:281,30,0,0
BRDA:281,30,1,0
BRDA:281,31,0,0
BRDA:281,31,1,0
BRDA:281,31,2,0
BRDA:288,32,0,0
BRDA:288,32,1,0
BRDA:288,33,0,0
BRDA:288,33,1,0
BRDA:296,34,0,0
BRDA:296,34,1,0
BRDA:296,35,0,0
BRDA:296,35,1,0
BRDA:302,36,0,0
BRDA:302,36,1,0
BRDA:302,37,0,0
BRDA:302,37,1,0
BRDA:308,38,0,0
BRDA:308,38,1,0
BRDA:308,39,0,0
BRDA:308,39,1,0
BRDA:316,40,0,0
BRDA:316,40,1,0
BRDA:318,41,0,0
BRDA:318,41,1,0
BRDA:334,42,0,0
BRDA:334,42,1,0
BRDA:342,43,0,0
BRDA:342,43,1,0
BRDA:342,44,0,0
BRDA:342,44,1,0
BRDA:366,45,0,0
BRDA:366,45,1,0
BRDA:370,46,0,0
BRDA:370,46,1,0
BRDA:380,47,0,0
BRDA:380,47,1,0
BRDA:380,47,2,0
BRDA:386,48,0,0
BRDA:386,48,1,0
BRDA:386,48,2,0
BRDA:392,49,0,0
BRDA:392,49,1,0
BRDA:392,49,2,0
BRDA:402,50,0,0
BRDA:402,50,1,0
BRDA:402,51,0,0
BRDA:402,51,1,0
BRDA:402,51,2,0
BRDA:440,52,0,0
BRDA:440,52,1,0
BRDA:440,52,2,0
BRDA:441,53,0,0
BRDA:441,53,1,0
BRDA:441,54,0,0
BRDA:441,54,1,0
BRDA:485,55,0,0
BRDA:485,55,1,0
BRDA:490,56,0,0
BRDA:490,56,1,0
BRDA:493,57,0,0
BRDA:493,57,1,0
BRDA:497,58,0,0
BRDA:497,58,1,0
BRDA:499,59,0,0
BRDA:499,59,1,0
BRDA:499,60,0,0
BRDA:499,60,1,0
BRDA:505,61,0,0
BRDA:505,61,1,0
BRDA:513,62,0,0
BRDA:513,62,1,0
BRDA:524,63,0,0
BRDA:524,63,1,0
BRF:133
BRH:0
end_of_record
TN:
SF:app\(app)\(tabs)\index.jsx
FN:46,(anonymous_0)
FN:55,(anonymous_1)
FN:63,(anonymous_2)
FN:70,(anonymous_3)
FN:86,(anonymous_4)
FN:124,(anonymous_5)
FN:129,(anonymous_6)
FN:135,(anonymous_7)
FN:213,(anonymous_8)
FN:224,(anonymous_9)
FN:231,(anonymous_10)
FN:251,(anonymous_11)
FN:264,(anonymous_12)
FN:268,(anonymous_13)
FN:327,(anonymous_14)
FN:339,(anonymous_15)
FN:344,(anonymous_16)
FN:351,(anonymous_17)
FN:356,(anonymous_18)
FN:359,(anonymous_19)
FN:430,(anonymous_20)
FN:446,(anonymous_21)
FN:455,(anonymous_22)
FN:479,(anonymous_23)
FN:494,(anonymous_24)
FN:498,(anonymous_25)
FN:507,(anonymous_26)
FN:511,(anonymous_27)
FN:520,(anonymous_28)
FNF:29
FNH:0
FNDA:0,(anonymous_0)
FNDA:0,(anonymous_1)
FNDA:0,(anonymous_2)
FNDA:0,(anonymous_3)
FNDA:0,(anonymous_4)
FNDA:0,(anonymous_5)
FNDA:0,(anonymous_6)
FNDA:0,(anonymous_7)
FNDA:0,(anonymous_8)
FNDA:0,(anonymous_9)
FNDA:0,(anonymous_10)
FNDA:0,(anonymous_11)
FNDA:0,(anonymous_12)
FNDA:0,(anonymous_13)
FNDA:0,(anonymous_14)
FNDA:0,(anonymous_15)
FNDA:0,(anonymous_16)
FNDA:0,(anonymous_17)
FNDA:0,(anonymous_18)
FNDA:0,(anonymous_19)
FNDA:0,(anonymous_20)
FNDA:0,(anonymous_21)
FNDA:0,(anonymous_22)
FNDA:0,(anonymous_23)
FNDA:0,(anonymous_24)
FNDA:0,(anonymous_25)
FNDA:0,(anonymous_26)
FNDA:0,(anonymous_27)
FNDA:0,(anonymous_28)
DA:24,0
DA:26,0
DA:32,0
DA:34,0
DA:45,0
DA:47,0
DA:53,0
DA:56,0
DA:57,0
DA:62,0
DA:64,0
DA:68,0
DA:71,0
DA:76,0
DA:80,0
DA:82,0
DA:83,0
DA:86,0
DA:87,0
DA:89,0
DA:90,0
DA:93,0
DA:94,0
DA:100,0
DA:101,0
DA:105,0
DA:107,0
DA:119,0
DA:120,0
DA:124,0
DA:125,0
DA:126,0
DA:127,0
DA:129,0
DA:130,0
DA:131,0
DA:135,0
DA:136,0
DA:137,0
DA:138,0
DA:140,0
DA:141,0
DA:142,0
DA:144,0
DA:150,0
DA:152,0
DA:153,0
DA:155,0
DA:159,0
DA:161,0
DA:213,0
DA:214,0
DA:225,0
DA:232,0
DA:233,0
DA:234,0
DA:251,0
DA:252,0
DA:253,0
DA:254,0
DA:255,0
DA:256,0
DA:257,0
DA:258,0
DA:259,0
DA:260,0
DA:261,0
DA:262,0
DA:264,0
DA:265,0
DA:268,0
DA:269,0
DA:270,0
DA:271,0
DA:272,0
DA:274,0
DA:275,0
DA:276,0
DA:279,0
DA:280,0
DA:281,0
DA:282,0
DA:285,0
DA:286,0
DA:287,0
DA:288,0
DA:291,0
DA:292,0
DA:293,0
DA:295,0
DA:296,0
DA:298,0
DA:299,0
DA:301,0
DA:302,0
DA:303,0
DA:308,0
DA:310,0
DA:311,0
DA:314,0
DA:315,0
DA:317,0
DA:318,0
DA:319,0
DA:325,0
DA:326,0
DA:327,0
DA:332,0
DA:334,0
DA:335,0
DA:336,0
DA:339,0
DA:344,0
DA:345,0
DA:351,0
DA:352,0
DA:353,0
DA:356,0
DA:357,0
DA:359,0
DA:430,0
DA:431,0
DA:446,0
DA:455,0
DA:465,0
DA:479,0
DA:494,0
DA:499,0
DA:500,0
DA:501,0
DA:507,0
DA:512,0
DA:513,0
DA:514,0
DA:520,0
DA:527,0
LF:136
LH:0
BRDA:27,0,0,0
BRDA:27,0,1,0
BRDA:28,1,0,0
BRDA:28,1,1,0
BRDA:29,2,0,0
BRDA:29,2,1,0
BRDA:100,3,0,0
BRDA:100,3,1,0
BRDA:130,4,0,0
BRDA:130,4,1,0
BRDA:130,5,0,0
BRDA:130,5,1,0
BRDA:159,6,0,0
BRDA:159,6,1,0
BRDA:170,7,0,0
BRDA:170,7,1,0
BRDA:175,8,0,0
BRDA:175,8,1,0
BRDA:229,9,0,0
BRDA:229,9,1,0
BRDA:239,10,0,0
BRDA:239,10,1,0
BRDA:279,11,0,0
BRDA:279,11,1,0
BRDA:285,12,0,0
BRDA:285,12,1,0
BRDA:291,13,0,0
BRDA:291,13,1,0
BRDA:292,14,0,0
BRDA:292,14,1,0
BRDA:293,15,0,0
BRDA:293,15,1,0
BRDA:296,16,0,0
BRDA:296,16,1,0
BRDA:301,17,0,0
BRDA:301,17,1,0
BRDA:301,18,0,0
BRDA:301,18,1,0
BRDA:325,19,0,0
BRDA:325,19,1,0
BRDA:374,20,0,0
BRDA:374,20,1,0
BRDA:375,21,0,0
BRDA:375,21,1,0
BRDA:376,22,0,0
BRDA:376,22,1,0
BRDA:416,23,0,0
BRDA:416,23,1,0
BRDA:417,24,0,0
BRDA:417,24,1,0
BRDA:418,25,0,0
BRDA:418,25,1,0
BRDA:470,26,0,0
BRDA:470,26,1,0
BRF:54
BRH:0
end_of_record
TN:
SF:app\(app)\(tabs)\planner.jsx
FN:37,(anonymous_0)
FN:57,(anonymous_1)
FN:58,(anonymous_2)
FN:59,(anonymous_3)
FN:63,(anonymous_4)
FN:66,(anonymous_5)
FN:99,(anonymous_6)
FN:120,(anonymous_7)
FN:128,(anonymous_8)
FN:147,(anonymous_9)
FN:169,(anonymous_10)
FN:172,(anonymous_11)
FN:179,(anonymous_12)
FN:184,(anonymous_13)
FN:190,(anonymous_14)
FN:193,(anonymous_15)
FN:197,(anonymous_16)
FN:223,(anonymous_17)
FN:234,(anonymous_18)
FN:252,(anonymous_19)
FN:253,(anonymous_20)
FN:272,(anonymous_21)
FN:290,(anonymous_22)
FN:300,(anonymous_23)
FN:309,(anonymous_24)
FN:315,(anonymous_25)
FN:319,(anonymous_26)
FN:343,(anonymous_27)
FN:348,(anonymous_28)
FN:349,(anonymous_29)
FN:437,(anonymous_30)
FN:458,(anonymous_31)
FN:476,(anonymous_32)
FN:480,(anonymous_33)
FN:481,(anonymous_34)
FN:484,(anonymous_35)
FN:485,(anonymous_36)
FN:558,(anonymous_37)
FN:573,(anonymous_38)
FN:602,(anonymous_39)
FN:608,(anonymous_40)
FN:628,(anonymous_41)
FN:633,(anonymous_42)
FN:648,(anonymous_43)
FN:669,(anonymous_44)
FN:676,(anonymous_45)
FN:697,(anonymous_46)
FN:702,(anonymous_47)
FN:707,(anonymous_48)
FN:740,(anonymous_49)
FN:747,(anonymous_50)
FNF:51
FNH:0
FNDA:0,(anonymous_0)
FNDA:0,(anonymous_1)
FNDA:0,(anonymous_2)
FNDA:0,(anonymous_3)
FNDA:0,(anonymous_4)
FNDA:0,(anonymous_5)
FNDA:0,(anonymous_6)
FNDA:0,(anonymous_7)
FNDA:0,(anonymous_8)
FNDA:0,(anonymous_9)
FNDA:0,(anonymous_10)
FNDA:0,(anonymous_11)
FNDA:0,(anonymous_12)
FNDA:0,(anonymous_13)
FNDA:0,(anonymous_14)
FNDA:0,(anonymous_15)
FNDA:0,(anonymous_16)
FNDA:0,(anonymous_17)
FNDA:0,(anonymous_18)
FNDA:0,(anonymous_19)
FNDA:0,(anonymous_20)
FNDA:0,(anonymous_21)
FNDA:0,(anonymous_22)
FNDA:0,(anonymous_23)
FNDA:0,(anonymous_24)
FNDA:0,(anonymous_25)
FNDA:0,(anonymous_26)
FNDA:0,(anonymous_27)
FNDA:0,(anonymous_28)
FNDA:0,(anonymous_29)
FNDA:0,(anonymous_30)
FNDA:0,(anonymous_31)
FNDA:0,(anonymous_32)
FNDA:0,(anonymous_33)
FNDA:0,(anonymous_34)
FNDA:0,(anonymous_35)
FNDA:0,(anonymous_36)
FNDA:0,(anonymous_37)
FNDA:0,(anonymous_38)
FNDA:0,(anonymous_39)
FNDA:0,(anonymous_40)
FNDA:0,(anonymous_41)
FNDA:0,(anonymous_42)
FNDA:0,(anonymous_43)
FNDA:0,(anonymous_44)
FNDA:0,(anonymous_45)
FNDA:0,(anonymous_46)
FNDA:0,(anonymous_47)
FNDA:0,(anonymous_48)
FNDA:0,(anonymous_49)
FNDA:0,(anonymous_50)
DA:23,0
DA:25,0
DA:32,0
DA:33,0
DA:34,0
DA:35,0
DA:37,0
DA:38,0
DA:39,0
DA:40,0
DA:41,0
DA:42,0
DA:43,0
DA:44,0
DA:45,0
DA:46,0
DA:47,0
DA:48,0
DA:49,0
DA:50,0
DA:51,0
DA:52,0
DA:53,0
DA:55,0
DA:57,0
DA:58,0
DA:60,0
DA:61,0
DA:64,0
DA:67,0
DA:68,0
DA:72,0
DA:73,0
DA:74,0
DA:75,0
DA:77,0
DA:78,0
DA:79,0
DA:80,0
DA:82,0
DA:86,0
DA:87,0
DA:88,0
DA:90,0
DA:99,0
DA:100,0
DA:101,0
DA:102,0
DA:103,0
DA:111,0
DA:113,0
DA:115,0
DA:116,0
DA:120,0
DA:121,0
DA:122,0
DA:124,0
DA:128,0
DA:129,0
DA:130,0
DA:131,0
DA:136,0
DA:137,0
DA:143,0
DA:145,0
DA:146,0
DA:147,0
DA:149,0
DA:150,0
DA:151,0
DA:152,0
DA:158,0
DA:161,0
DA:163,0
DA:164,0
DA:169,0
DA:170,0
DA:172,0
DA:173,0
DA:174,0
DA:179,0
DA:180,0
DA:184,0
DA:185,0
DA:186,0
DA:190,0
DA:191,0
DA:193,0
DA:196,0
DA:197,0
DA:200,0
DA:204,0
DA:206,0
DA:207,0
DA:208,0
DA:211,0
DA:212,0
DA:213,0
DA:215,0
DA:216,0
DA:219,0
DA:223,0
DA:224,0
DA:225,0
DA:227,0
DA:229,0
DA:230,0
DA:234,0
DA:235,0
DA:236,0
DA:237,0
DA:240,0
DA:241,0
DA:242,0
DA:243,0
DA:244,0
DA:246,0
DA:247,0
DA:249,0
DA:250,0
DA:251,0
DA:252,0
DA:253,0
DA:257,0
DA:258,0
DA:260,0
DA:261,0
DA:263,0
DA:264,0
DA:265,0
DA:266,0
DA:269,0
DA:270,0
DA:272,0
DA:277,0
DA:278,0
DA:279,0
DA:282,0
DA:283,0
DA:285,0
DA:286,0
DA:290,0
DA:291,0
DA:292,0
DA:293,0
DA:300,0
DA:301,0
DA:302,0
DA:309,0
DA:310,0
DA:311,0
DA:315,0
DA:316,0
DA:319,0
DA:320,0
DA:324,0
DA:325,0
DA:327,0
DA:330,0
DA:331,0
DA:332,0
DA:334,0
DA:335,0
DA:336,0
DA:337,0
DA:339,0
DA:343,0
DA:344,0
DA:347,0
DA:348,0
DA:349,0
DA:351,0
DA:353,0
DA:354,0
DA:356,0
DA:357,0
DA:359,0
DA:438,0
DA:458,0
DA:459,0
DA:473,0
DA:476,0
DA:477,0
DA:480,0
DA:481,0
DA:484,0
DA:485,0
DA:486,0
DA:487,0
DA:488,0
DA:490,0
DA:491,0
DA:499,0
DA:500,0
DA:503,0
DA:504,0
DA:505,0
DA:507,0
DA:512,0
DA:513,0
DA:520,0
DA:559,0
DA:574,0
DA:575,0
DA:576,0
DA:580,0
DA:602,0
DA:608,0
DA:628,0
DA:634,0
DA:649,0
DA:650,0
DA:669,0
DA:677,0
DA:678,0
DA:697,0
DA:703,0
DA:708,0
DA:709,0
DA:710,0
DA:717,0
DA:740,0
DA:747,0
DA:766,0
DA:1039,0
LF:225
LH:0
BRDA:72,0,0,0
BRDA:72,0,1,0
BRDA:74,1,0,0
BRDA:74,1,1,0
BRDA:77,2,0,0
BRDA:77,2,1,0
BRDA:79,3,0,0
BRDA:79,3,1,0
BRDA:102,4,0,0
BRDA:102,4,1,0
BRDA:121,5,0,0
BRDA:121,5,1,0
BRDA:128,6,0,0
BRDA:146,7,0,0
BRDA:146,7,1,0
BRDA:151,8,0,0
BRDA:151,8,1,0
BRDA:170,9,0,0
BRDA:170,9,1,0
BRDA:173,10,0,0
BRDA:173,10,1,0
BRDA:185,11,0,0
BRDA:185,11,1,0
BRDA:185,12,0,0
BRDA:185,12,1,0
BRDA:206,13,0,0
BRDA:206,13,1,0
BRDA:206,14,0,0
BRDA:206,14,1,0
BRDA:215,15,0,0
BRDA:215,15,1,0
BRDA:235,16,0,0
BRDA:235,16,1,0
BRDA:235,17,0,0
BRDA:235,17,1,0
BRDA:250,18,0,0
BRDA:250,18,1,0
BRDA:257,19,0,0
BRDA:257,19,1,0
BRDA:263,20,0,0
BRDA:263,20,1,0
BRDA:263,21,0,0
BRDA:263,21,1,0
BRDA:263,21,2,0
BRDA:310,22,0,0
BRDA:310,22,1,0
BRDA:316,23,0,0
BRDA:316,23,1,0
BRDA:324,24,0,0
BRDA:324,24,1,0
BRDA:334,25,0,0
BRDA:334,25,1,0
BRDA:336,26,0,0
BRDA:336,26,1,0
BRDA:337,27,0,0
BRDA:337,27,1,0
BRDA:339,28,0,0
BRDA:339,28,1,0
BRDA:344,29,0,0
BRDA:344,29,1,0
BRDA:344,30,0,0
BRDA:344,30,1,0
BRDA:374,31,0,0
BRDA:374,31,1,0
BRDA:473,32,0,0
BRDA:473,32,1,0
BRDA:490,33,0,0
BRDA:490,33,1,0
BRDA:504,34,0,0
BRDA:504,34,1,0
BRDA:512,35,0,0
BRDA:512,35,1,0
BRDA:533,36,0,0
BRDA:533,36,1,0
BRDA:537,37,0,0
BRDA:537,37,1,0
BRDA:544,38,0,0
BRDA:544,38,1,0
BRDA:551,39,0,0
BRDA:551,39,1,0
BRDA:559,40,0,0
BRDA:559,40,1,0
BRDA:574,41,0,0
BRDA:574,41,1,0
BRDA:574,42,0,0
BRDA:574,42,1,0
BRDA:585,43,0,0
BRDA:585,43,1,0
BRDA:586,44,0,0
BRDA:586,44,1,0
BRDA:614,45,0,0
BRDA:614,45,1,0
BRDA:625,46,0,0
BRDA:625,46,1,0
BRDA:634,47,0,0
BRDA:634,47,1,0
BRDA:638,48,0,0
BRDA:638,48,1,0
BRDA:648,49,0,0
BRDA:649,50,0,0
BRDA:649,50,1,0
BRDA:676,51,0,0
BRDA:677,52,0,0
BRDA:677,52,1,0
BRDA:707,53,0,0
BRDA:708,54,0,0
BRDA:708,54,1,0
BRDA:761,55,0,0
BRDA:761,55,1,0
BRF:109
BRH:0
end_of_record
TN:
SF:app\(app)\(tabs)\profile.jsx
FN:11,(anonymous_0)
FN:29,(anonymous_1)
FN:33,(anonymous_2)
FN:82,(anonymous_3)
FN:112,(anonymous_4)
FN:112,(anonymous_5)
FN:113,(anonymous_6)
FN:113,(anonymous_7)
FN:114,(anonymous_8)
FN:114,(anonymous_9)
FN:129,(anonymous_10)
FN:129,(anonymous_11)
FN:130,(anonymous_12)
FN:130,(anonymous_13)
FN:131,(anonymous_14)
FN:131,(anonymous_15)
FN:172,(anonymous_16)
FN:180,(anonymous_17)
FN:188,(anonymous_18)
FNF:19
FNH:0
FNDA:0,(anonymous_0)
FNDA:0,(anonymous_1)
FNDA:0,(anonymous_2)
FNDA:0,(anonymous_3)
FNDA:0,(anonymous_4)
FNDA:0,(anonymous_5)
FNDA:0,(anonymous_6)
FNDA:0,(anonymous_7)
FNDA:0,(anonymous_8)
FNDA:0,(anonymous_9)
FNDA:0,(anonymous_10)
FNDA:0,(anonymous_11)
FNDA:0,(anonymous_12)
FNDA:0,(anonymous_13)
FNDA:0,(anonymous_14)
FNDA:0,(anonymous_15)
FNDA:0,(anonymous_16)
FNDA:0,(anonymous_17)
FNDA:0,(anonymous_18)
DA:11,0
DA:12,0
DA:13,0
DA:14,0
DA:18,0
DA:26,0
DA:27,0
DA:29,0
DA:30,0
DA:33,0
DA:34,0
DA:35,0
DA:37,0
DA:38,0
DA:39,0
DA:40,0
DA:43,0
DA:44,0
DA:45,0
DA:46,0
DA:49,0
DA:51,0
DA:58,0
DA:60,0
DA:61,0
DA:62,0
DA:63,0
DA:66,0
DA:67,0
DA:69,0
DA:71,0
DA:74,0
DA:76,0
DA:78,0
DA:82,0
DA:83,0
DA:86,0
DA:87,0
DA:97,0
DA:112,0
DA:113,0
DA:114,0
DA:129,0
DA:130,0
DA:131,0
DA:172,0
DA:180,0
DA:188,0
LF:48
LH:0
BRDA:38,0,0,0
BRDA:38,0,1,0
BRDA:44,1,0,0
BRDA:44,1,1,0
BRDA:60,2,0,0
BRDA:60,2,1,0
BRDA:66,3,0,0
BRDA:66,3,1,0
BRDA:66,4,0,0
BRDA:66,4,1,0
BRDA:66,4,2,0
BRDA:66,4,3,0
BRDA:69,5,0,0
BRDA:69,5,1,0
BRDA:86,6,0,0
BRDA:86,6,1,0
BRDA:104,7,0,0
BRDA:104,7,1,0
BRDA:110,8,0,0
BRDA:110,8,1,0
BRDA:121,9,0,0
BRDA:121,9,1,0
BRDA:127,10,0,0
BRDA:127,10,1,0
BRDA:140,11,0,0
BRDA:140,11,1,0
BRDA:147,12,0,0
BRDA:147,12,1,0
BRF:28
BRH:0
end_of_record
TN:
SF:app\(app)\(tabs)\record.jsx
FN:12,Record
FN:30,(anonymous_1)
FN:45,(anonymous_2)
FN:53,(anonymous_3)
FN:60,(anonymous_4)
FN:74,(anonymous_5)
FN:87,(anonymous_6)
FN:105,(anonymous_7)
FN:106,(anonymous_8)
FN:125,(anonymous_9)
FN:133,(anonymous_10)
FN:140,(anonymous_11)
FN:148,(anonymous_12)
FN:155,(anonymous_13)
FN:158,(anonymous_14)
FN:159,(anonymous_15)
FN:172,(anonymous_16)
FN:188,(anonymous_17)
FN:211,(anonymous_18)
FN:216,(anonymous_19)
FN:241,(anonymous_20)
FN:244,(anonymous_21)
FN:249,(anonymous_22)
FN:484,(anonymous_23)
FNF:24
FNH:0
FNDA:0,Record
FNDA:0,(anonymous_1)
FNDA:0,(anonymous_2)
FNDA:0,(anonymous_3)
FNDA:0,(anonymous_4)
FNDA:0,(anonymous_5)
FNDA:0,(anonymous_6)
FNDA:0,(anonymous_7)
FNDA:0,(anonymous_8)
FNDA:0,(anonymous_9)
FNDA:0,(anonymous_10)
FNDA:0,(anonymous_11)
FNDA:0,(anonymous_12)
FNDA:0,(anonymous_13)
FNDA:0,(anonymous_14)
FNDA:0,(anonymous_15)
FNDA:0,(anonymous_16)
FNDA:0,(anonymous_17)
FNDA:0,(anonymous_18)
FNDA:0,(anonymous_19)
FNDA:0,(anonymous_20)
FNDA:0,(anonymous_21)
FNDA:0,(anonymous_22)
FNDA:0,(anonymous_23)
DA:10,0
DA:13,0
DA:14,0
DA:15,0
DA:16,0
DA:17,0
DA:18,0
DA:19,0
DA:20,0
DA:21,0
DA:22,0
DA:23,0
DA:24,0
DA:25,0
DA:26,0
DA:27,0
DA:28,0
DA:30,0
DA:31,0
DA:32,0
DA:35,0
DA:36,0
DA:38,0
DA:40,0
DA:41,0
DA:45,0
DA:46,0
DA:47,0
DA:54,0
DA:55,0
DA:57,0
DA:59,0
DA:60,0
DA:61,0
DA:62,0
DA:65,0
DA:66,0
DA:72,0
DA:74,0
DA:75,0
DA:76,0
DA:80,0
DA:81,0
DA:84,0
DA:85,0
DA:86,0
DA:87,0
DA:91,0
DA:93,0
DA:98,0
DA:100,0
DA:101,0
DA:105,0
DA:106,0
DA:107,0
DA:108,0
DA:109,0
DA:110,0
DA:113,0
DA:117,0
DA:125,0
DA:126,0
DA:127,0
DA:128,0
DA:129,0
DA:130,0
DA:133,0
DA:134,0
DA:135,0
DA:140,0
DA:142,0
DA:143,0
DA:144,0
DA:148,0
DA:150,0
DA:151,0
DA:155,0
DA:156,0
DA:158,0
DA:159,0
DA:160,0
DA:163,0
DA:166,0
DA:167,0
DA:169,0
DA:172,0
DA:173,0
DA:175,0
DA:176,0
DA:177,0
DA:180,0
DA:181,0
DA:182,0
DA:183,0
DA:184,0
DA:185,0
DA:188,0
DA:190,0
DA:191,0
DA:194,0
DA:195,0
DA:202,0
DA:211,0
DA:213,0
DA:216,0
DA:217,0
DA:218,0
DA:224,0
DA:228,0
DA:229,0
DA:237,0
DA:242,0
DA:244,0
DA:250,0
DA:364,0
DA:484,0
DA:485,0
DA:486,0
DA:487,0
DA:488,0
LF:120
LH:0
BRDA:35,0,0,0
BRDA:35,0,1,0
BRDA:35,1,0,0
BRDA:35,1,1,0
BRDA:59,2,0,0
BRDA:59,2,1,0
BRDA:61,3,0,0
BRDA:61,3,1,0
BRDA:72,4,0,0
BRDA:72,4,1,0
BRDA:80,5,0,0
BRDA:80,5,1,0
BRDA:84,6,0,0
BRDA:84,6,1,0
BRDA:84,7,0,0
BRDA:84,7,1,0
BRDA:86,8,0,0
BRDA:86,8,1,0
BRDA:108,9,0,0
BRDA:108,9,1,0
BRDA:126,10,0,0
BRDA:126,10,1,0
BRDA:128,11,0,0
BRDA:128,11,1,0
BRDA:134,12,0,0
BRDA:134,12,1,0
BRDA:142,13,0,0
BRDA:142,13,1,0
BRDA:150,14,0,0
BRDA:150,14,1,0
BRDA:156,15,0,0
BRDA:156,15,1,0
BRDA:173,16,0,0
BRDA:173,16,1,0
BRDA:190,17,0,0
BRDA:190,17,1,0
BRDA:217,18,0,0
BRDA:217,18,1,0
BRDA:217,19,0,0
BRDA:217,19,1,0
BRDA:228,20,0,0
BRDA:228,20,1,0
BRDA:251,21,0,0
BRDA:251,21,1,0
BRDA:269,22,0,0
BRDA:269,22,1,0
BRDA:269,23,0,0
BRDA:269,23,1,0
BRDA:279,24,0,0
BRDA:279,24,1,0
BRDA:292,25,0,0
BRDA:292,25,1,0
BRDA:299,26,0,0
BRDA:299,26,1,0
BRDA:322,27,0,0
BRDA:322,27,1,0
BRDA:328,28,0,0
BRDA:328,28,1,0
BRDA:353,29,0,0
BRDA:353,29,1,0
BRF:60
BRH:0
end_of_record
TN:
SF:app\(auth)\_layout.jsx
FN:3,AuthLayout
FNF:1
FNH:0
FNDA:0,AuthLayout
DA:4,0
LF:1
LH:0
BRF:0
BRH:0
end_of_record
TN:
SF:app\(auth)\login.jsx
FN:29,(anonymous_0)
FN:40,(anonymous_1)
FN:59,(anonymous_2)
FN:69,(anonymous_3)
FN:80,(anonymous_4)
FN:109,(anonymous_5)
FN:144,(anonymous_6)
FN:173,(anonymous_7)
FNF:8
FNH:0
FNDA:0,(anonymous_0)
FNDA:0,(anonymous_1)
FNDA:0,(anonymous_2)
FNDA:0,(anonymous_3)
FNDA:0,(anonymous_4)
FNDA:0,(anonymous_5)
FNDA:0,(anonymous_6)
FNDA:0,(anonymous_7)
DA:25,0
DA:27,0
DA:29,0
DA:30,0
DA:31,0
DA:32,0
DA:33,0
DA:34,0
DA:36,0
DA:37,0
DA:38,0
DA:40,0
DA:41,0
DA:49,0
DA:59,0
DA:60,0
DA:69,0
DA:70,0
DA:71,0
DA:72,0
DA:73,0
DA:74,0
DA:76,0
DA:80,0
DA:81,0
DA:82,0
DA:83,0
DA:86,0
DA:87,0
DA:88,0
DA:89,0
DA:91,0
DA:93,0
DA:97,0
DA:109,0
DA:144,0
DA:173,0
DA:182,0
LF:38
LH:0
BRDA:71,0,0,0
BRDA:71,0,1,0
BRDA:73,1,0,0
BRDA:73,1,1,0
BRDA:81,2,0,0
BRDA:81,2,1,0
BRDA:81,3,0,0
BRDA:81,3,1,0
BRDA:81,3,2,0
BRDA:132,4,0,0
BRDA:132,4,1,0
BRDA:146,5,0,0
BRDA:146,5,1,0
BRDA:155,6,0,0
BRDA:155,6,1,0
BRDA:166,7,0,0
BRDA:166,7,1,0
BRF:17
BRH:0
end_of_record
TN:
SF:app\(auth)\signup.jsx
FN:28,(anonymous_0)
FN:41,(anonymous_1)
FN:57,(anonymous_2)
FN:66,(anonymous_3)
FN:77,(anonymous_4)
FN:122,(anonymous_5)
FN:157,(anonymous_6)
FN:176,(anonymous_7)
FN:205,(anonymous_8)
FNF:9
FNH:0
FNDA:0,(anonymous_0)
FNDA:0,(anonymous_1)
FNDA:0,(anonymous_2)
FNDA:0,(anonymous_3)
FNDA:0,(anonymous_4)
FNDA:0,(anonymous_5)
FNDA:0,(anonymous_6)
FNDA:0,(anonymous_7)
FNDA:0,(anonymous_8)
DA:25,0
DA:26,0
DA:28,0
DA:29,0
DA:30,0
DA:31,0
DA:32,0
DA:33,0
DA:34,0
DA:35,0
DA:37,0
DA:38,0
DA:39,0
DA:41,0
DA:42,0
DA:47,0
DA:57,0
DA:58,0
DA:66,0
DA:67,0
DA:68,0
DA:69,0
DA:70,0
DA:71,0
DA:73,0
DA:77,0
DA:78,0
DA:79,0
DA:80,0
DA:83,0
DA:84,0
DA:85,0
DA:88,0
DA:89,0
DA:90,0
DA:93,0
DA:94,0
DA:95,0
DA:96,0
DA:98,0
DA:100,0
DA:104,0
DA:122,0
DA:157,0
DA:176,0
DA:205,0
DA:214,0
LF:47
LH:0
BRDA:68,0,0,0
BRDA:68,0,1,0
BRDA:70,1,0,0
BRDA:70,1,1,0
BRDA:78,2,0,0
BRDA:78,2,1,0
BRDA:78,3,0,0
BRDA:78,3,1,0
BRDA:78,3,2,0
BRDA:78,3,3,0
BRDA:83,4,0,0
BRDA:83,4,1,0
BRDA:88,5,0,0
BRDA:88,5,1,0
BRDA:145,6,0,0
BRDA:145,6,1,0
BRDA:159,7,0,0
BRDA:159,7,1,0
BRDA:178,8,0,0
BRDA:178,8,1,0
BRDA:187,9,0,0
BRDA:187,9,1,0
BRDA:198,10,0,0
BRDA:198,10,1,0
BRF:24
BRH:0
end_of_record
TN:
SF:app\(auth)\start.jsx
FN:20,(anonymous_0)
FN:29,(anonymous_1)
FN:120,(anonymous_2)
FN:129,(anonymous_3)
FN:166,(anonymous_4)
FN:180,(anonymous_5)
FNF:6
FNH:0
FNDA:0,(anonymous_0)
FNDA:0,(anonymous_1)
FNDA:0,(anonymous_2)
FNDA:0,(anonymous_3)
FNDA:0,(anonymous_4)
FNDA:0,(anonymous_5)
DA:16,0
DA:18,0
DA:20,0
DA:21,0
DA:22,0
DA:23,0
DA:24,0
DA:25,0
DA:26,0
DA:27,0
DA:29,0
DA:31,0
DA:40,0
DA:55,0
DA:71,0
DA:83,0
DA:101,0
DA:120,0
DA:129,0
DA:138,0
DA:166,0
DA:180,0
DA:197,0
LF:23
LH:0
BRF:0
BRH:0
end_of_record
