TN:
SF:app\_layout.jsx
FN:6,RootLayout
FNF:1
FNH:0
FNDA:0,RootLayout
DA:7,0
LF:1
LH:0
BRF:0
BRH:0
end_of_record
TN:
SF:app\route.jsx
FN:13,(anonymous_0)
FN:34,(anonymous_1)
FN:56,(anonymous_2)
FN:72,(anonymous_3)
FN:78,(anonymous_4)
FN:102,(anonymous_5)
FN:124,(anonymous_6)
FN:132,(anonymous_7)
FN:148,(anonymous_8)
FN:171,(anonymous_9)
FN:177,(anonymous_10)
FN:216,(anonymous_11)
FN:295,(anonymous_12)
FN:300,(anonymous_13)
FN:311,(anonymous_14)
FN:312,(anonymous_15)
FN:321,(anonymous_16)
FN:344,(anonymous_17)
FN:353,(anonymous_18)
FN:358,(anonymous_19)
FN:368,(anonymous_20)
FN:389,(anonymous_21)
FN:405,(anonymous_22)
FNF:23
FNH:0
FNDA:0,(anonymous_0)
FNDA:0,(anonymous_1)
FNDA:0,(anonymous_2)
FNDA:0,(anonymous_3)
FNDA:0,(anonymous_4)
FNDA:0,(anonymous_5)
FNDA:0,(anonymous_6)
FNDA:0,(anonymous_7)
FNDA:0,(anonymous_8)
FNDA:0,(anonymous_9)
FNDA:0,(anonymous_10)
FNDA:0,(anonymous_11)
FNDA:0,(anonymous_12)
FNDA:0,(anonymous_13)
FNDA:0,(anonymous_14)
FNDA:0,(anonymous_15)
FNDA:0,(anonymous_16)
FNDA:0,(anonymous_17)
FNDA:0,(anonymous_18)
FNDA:0,(anonymous_19)
FNDA:0,(anonymous_20)
FNDA:0,(anonymous_21)
FNDA:0,(anonymous_22)
DA:13,0
DA:14,0
DA:15,0
DA:16,0
DA:17,0
DA:18,0
DA:21,0
DA:22,0
DA:23,0
DA:24,0
DA:25,0
DA:28,0
DA:29,0
DA:30,0
DA:31,0
DA:32,0
DA:34,0
DA:36,0
DA:38,0
DA:41,0
DA:44,0
DA:47,0
DA:50,0
DA:52,0
DA:56,0
DA:58,0
DA:69,0
DA:72,0
DA:73,0
DA:74,0
DA:75,0
DA:78,0
DA:79,0
DA:81,0
DA:82,0
DA:83,0
DA:85,0
DA:86,0
DA:90,0
DA:91,0
DA:94,0
DA:96,0
DA:97,0
DA:100,0
DA:101,0
DA:102,0
DA:105,0
DA:106,0
DA:113,0
DA:116,0
DA:117,0
DA:118,0
DA:120,0
DA:124,0
DA:125,0
DA:127,0
DA:128,0
DA:129,0
DA:130,0
DA:132,0
DA:133,0
DA:134,0
DA:135,0
DA:136,0
DA:139,0
DA:140,0
DA:148,0
DA:149,0
DA:150,0
DA:162,0
DA:166,0
DA:172,0
DA:177,0
DA:216,0
DA:296,0
DA:300,0
DA:311,0
DA:312,0
DA:321,0
DA:344,0
DA:353,0
DA:359,0
DA:360,0
DA:361,0
DA:368,0
DA:389,0
DA:405,0
DA:445,0
LF:88
LH:0
BRDA:21,0,0,0
BRDA:21,0,1,0
BRDA:22,1,0,0
BRDA:22,1,1,0
BRDA:23,2,0,0
BRDA:23,2,1,0
BRDA:24,3,0,0
BRDA:24,3,1,0
BRDA:25,4,0,0
BRDA:25,4,1,0
BRDA:36,5,0,0
BRDA:36,5,1,0
BRDA:36,5,2,0
BRDA:36,5,3,0
BRDA:36,5,4,0
BRDA:36,5,5,0
BRDA:36,5,6,0
BRDA:36,5,7,0
BRDA:36,5,8,0
BRDA:36,5,9,0
BRDA:69,6,0,0
BRDA:69,6,1,0
BRDA:79,7,0,0
BRDA:79,7,1,0
BRDA:90,8,0,0
BRDA:90,8,1,0
BRDA:96,9,0,0
BRDA:96,9,1,0
BRDA:96,10,0,0
BRDA:96,10,1,0
BRDA:105,11,0,0
BRDA:105,11,1,0
BRDA:125,12,0,0
BRDA:125,12,1,0
BRDA:149,13,0,0
BRDA:149,13,1,0
BRDA:191,14,0,0
BRDA:191,14,1,0
BRDA:202,15,0,0
BRDA:202,15,1,0
BRDA:230,16,0,0
BRDA:230,16,1,0
BRDA:237,17,0,0
BRDA:237,17,1,0
BRDA:260,18,0,0
BRDA:260,18,1,0
BRDA:268,19,0,0
BRDA:268,19,1,0
BRDA:276,20,0,0
BRDA:276,20,1,0
BRDA:289,21,0,0
BRDA:289,21,1,0
BRDA:296,22,0,0
BRDA:296,22,1,0
BRDA:300,23,0,0
BRDA:311,24,0,0
BRDA:312,25,0,0
BRDA:366,26,0,0
BRDA:366,26,1,0
BRDA:372,27,0,0
BRDA:372,27,1,0
BRDA:378,28,0,0
BRDA:378,28,1,0
BRDA:394,29,0,0
BRDA:394,29,1,0
BRDA:399,30,0,0
BRDA:399,30,1,0
BRDA:411,31,0,0
BRDA:411,31,1,0
BRF:69
BRH:0
end_of_record
TN:
SF:app\(app)\_layout.jsx
FN:6,AppLayout
FNF:1
FNH:0
FNDA:0,AppLayout
DA:7,0
DA:10,0
DA:11,0
DA:14,0
LF:4
LH:0
BRDA:10,0,0,0
BRDA:10,0,1,0
BRF:2
BRH:0
end_of_record
TN:
SF:app\(app)\post.jsx
FN:14,(anonymous_0)
FN:63,(anonymous_1)
FN:86,(anonymous_2)
FN:93,(anonymous_3)
FN:100,(anonymous_4)
FN:104,(anonymous_5)
FN:108,(anonymous_6)
FN:112,(anonymous_7)
FN:117,(anonymous_8)
FN:122,(anonymous_9)
FN:127,(anonymous_10)
FN:144,(anonymous_11)
FN:152,(anonymous_12)
FN:153,(anonymous_13)
FN:153,(anonymous_14)
FN:156,(anonymous_15)
FN:189,(anonymous_16)
FN:219,(anonymous_17)
FN:256,(anonymous_18)
FN:286,(anonymous_19)
FN:298,(anonymous_20)
FN:310,(anonymous_21)
FN:312,(anonymous_22)
FN:357,(anonymous_23)
FN:383,(anonymous_24)
FN:398,(anonymous_25)
FN:418,(anonymous_26)
FN:423,(anonymous_27)
FN:429,(anonymous_28)
FN:440,(anonymous_29)
FN:524,(anonymous_30)
FN:525,(anonymous_31)
FN:528,(anonymous_32)
FN:547,(anonymous_33)
FN:548,(anonymous_34)
FN:551,(anonymous_35)
FN:570,(anonymous_36)
FN:571,(anonymous_37)
FN:574,(anonymous_38)
FNF:39
FNH:0
FNDA:0,(anonymous_0)
FNDA:0,(anonymous_1)
FNDA:0,(anonymous_2)
FNDA:0,(anonymous_3)
FNDA:0,(anonymous_4)
FNDA:0,(anonymous_5)
FNDA:0,(anonymous_6)
FNDA:0,(anonymous_7)
FNDA:0,(anonymous_8)
FNDA:0,(anonymous_9)
FNDA:0,(anonymous_10)
FNDA:0,(anonymous_11)
FNDA:0,(anonymous_12)
FNDA:0,(anonymous_13)
FNDA:0,(anonymous_14)
FNDA:0,(anonymous_15)
FNDA:0,(anonymous_16)
FNDA:0,(anonymous_17)
FNDA:0,(anonymous_18)
FNDA:0,(anonymous_19)
FNDA:0,(anonymous_20)
FNDA:0,(anonymous_21)
FNDA:0,(anonymous_22)
FNDA:0,(anonymous_23)
FNDA:0,(anonymous_24)
FNDA:0,(anonymous_25)
FNDA:0,(anonymous_26)
FNDA:0,(anonymous_27)
FNDA:0,(anonymous_28)
FNDA:0,(anonymous_29)
FNDA:0,(anonymous_30)
FNDA:0,(anonymous_31)
FNDA:0,(anonymous_32)
FNDA:0,(anonymous_33)
FNDA:0,(anonymous_34)
FNDA:0,(anonymous_35)
FNDA:0,(anonymous_36)
FNDA:0,(anonymous_37)
FNDA:0,(anonymous_38)
DA:14,0
DA:15,0
DA:16,0
DA:17,0
DA:20,0
DA:21,0
DA:23,0
DA:24,0
DA:25,0
DA:26,0
DA:27,0
DA:28,0
DA:29,0
DA:30,0
DA:31,0
DA:32,0
DA:33,0
DA:34,0
DA:36,0
DA:37,0
DA:38,0
DA:40,0
DA:47,0
DA:54,0
DA:60,0
DA:61,0
DA:63,0
DA:64,0
DA:65,0
DA:66,0
DA:71,0
DA:73,0
DA:78,0
DA:79,0
DA:81,0
DA:82,0
DA:86,0
DA:87,0
DA:88,0
DA:89,0
DA:90,0
DA:93,0
DA:94,0
DA:95,0
DA:96,0
DA:97,0
DA:100,0
DA:101,0
DA:104,0
DA:105,0
DA:108,0
DA:109,0
DA:112,0
DA:113,0
DA:114,0
DA:117,0
DA:118,0
DA:119,0
DA:122,0
DA:123,0
DA:124,0
DA:127,0
DA:128,0
DA:130,0
DA:131,0
DA:132,0
DA:133,0
DA:137,0
DA:143,0
DA:144,0
DA:147,0
DA:148,0
DA:152,0
DA:153,0
DA:156,0
DA:157,0
DA:158,0
DA:160,0
DA:161,0
DA:162,0
DA:166,0
DA:167,0
DA:168,0
DA:169,0
DA:173,0
DA:174,0
DA:175,0
DA:176,0
DA:177,0
DA:178,0
DA:181,0
DA:182,0
DA:184,0
DA:185,0
DA:189,0
DA:190,0
DA:197,0
DA:198,0
DA:205,0
DA:206,0
DA:207,0
DA:209,0
DA:212,0
DA:213,0
DA:215,0
DA:219,0
DA:220,0
DA:221,0
DA:223,0
DA:224,0
DA:225,0
DA:229,0
DA:230,0
DA:231,0
DA:232,0
DA:236,0
DA:237,0
DA:238,0
DA:239,0
DA:240,0
DA:241,0
DA:244,0
DA:245,0
DA:247,0
DA:248,0
DA:252,0
DA:253,0
DA:256,0
DA:257,0
DA:264,0
DA:265,0
DA:272,0
DA:273,0
DA:274,0
DA:276,0
DA:279,0
DA:280,0
DA:282,0
DA:286,0
DA:287,0
DA:300,0
DA:310,0
DA:311,0
DA:312,0
DA:317,0
DA:324,0
DA:357,0
DA:383,0
DA:399,0
DA:419,0
DA:423,0
DA:429,0
DA:440,0
DA:524,0
DA:526,0
DA:528,0
DA:547,0
DA:549,0
DA:551,0
DA:570,0
DA:572,0
DA:574,0
DA:626,0
LF:163
LH:0
BRDA:20,0,0,0
BRDA:20,0,1,0
BRDA:21,1,0,0
BRDA:21,1,1,0
BRDA:131,2,0,0
BRDA:131,2,1,0
BRDA:143,3,0,0
BRDA:143,3,1,0
BRDA:160,4,0,0
BRDA:160,4,1,0
BRDA:160,5,0,0
BRDA:160,5,1,0
BRDA:167,6,0,0
BRDA:167,6,1,0
BRDA:181,7,0,0
BRDA:181,7,1,0
BRDA:184,8,0,0
BRDA:184,8,1,0
BRDA:205,9,0,0
BRDA:205,9,1,0
BRDA:209,10,0,0
BRDA:209,10,1,0
BRDA:223,11,0,0
BRDA:223,11,1,0
BRDA:223,12,0,0
BRDA:223,12,1,0
BRDA:230,13,0,0
BRDA:230,13,1,0
BRDA:244,14,0,0
BRDA:244,14,1,0
BRDA:247,15,0,0
BRDA:247,15,1,0
BRDA:272,16,0,0
BRDA:272,16,1,0
BRDA:276,17,0,0
BRDA:276,17,1,0
BRDA:311,18,0,0
BRDA:311,18,1,0
BRDA:311,19,0,0
BRDA:311,19,1,0
BRDA:342,20,0,0
BRDA:342,20,1,0
BRDA:389,21,0,0
BRDA:389,21,1,0
BRDA:413,22,0,0
BRDA:413,22,1,0
BRDA:446,23,0,0
BRDA:446,23,1,0
BRDA:452,24,0,0
BRDA:452,24,1,0
BRDA:458,25,0,0
BRDA:458,25,1,0
BRDA:464,26,0,0
BRDA:464,26,1,0
BRDA:469,27,0,0
BRDA:469,27,1,0
BRDA:478,28,0,0
BRDA:478,28,1,0
BRDA:486,29,0,0
BRDA:486,29,1,0
BRDA:495,30,0,0
BRDA:495,30,1,0
BRDA:503,31,0,0
BRDA:503,31,1,0
BRDA:512,32,0,0
BRDA:512,32,1,0
BRDA:599,33,0,0
BRDA:599,33,1,0
BRDA:601,34,0,0
BRDA:601,34,1,0
BRDA:611,35,0,0
BRDA:611,35,1,0
BRDA:613,36,0,0
BRDA:613,36,1,0
BRF:74
BRH:0
end_of_record
TN:
SF:app\(app)\(tabs)\_layout.jsx
FN:4,TabsLayout
FN:10,(anonymous_1)
FNF:2
FNH:0
FNDA:0,TabsLayout
FNDA:0,(anonymous_1)
DA:5,0
DA:12,0
DA:13,0
DA:15,0
LF:4
LH:0
BRDA:12,0,0,0
BRDA:12,0,1,0
BRF:2
BRH:0
end_of_record
TN:
SF:app\(app)\(tabs)\feed.jsx
FN:7,(anonymous_0)
FN:14,(anonymous_1)
FN:18,(anonymous_2)
FN:35,(anonymous_3)
FN:39,(anonymous_4)
FN:43,(anonymous_5)
FN:44,(anonymous_6)
FN:54,(anonymous_7)
FN:63,(anonymous_8)
FN:64,(anonymous_9)
FN:68,(anonymous_10)
FN:93,(anonymous_11)
FN:119,(anonymous_12)
FN:122,(anonymous_13)
FN:128,(anonymous_14)
FN:143,(anonymous_15)
FN:160,(anonymous_16)
FN:174,(anonymous_17)
FN:175,(anonymous_18)
FN:179,(anonymous_19)
FNF:20
FNH:0
FNDA:0,(anonymous_0)
FNDA:0,(anonymous_1)
FNDA:0,(anonymous_2)
FNDA:0,(anonymous_3)
FNDA:0,(anonymous_4)
FNDA:0,(anonymous_5)
FNDA:0,(anonymous_6)
FNDA:0,(anonymous_7)
FNDA:0,(anonymous_8)
FNDA:0,(anonymous_9)
FNDA:0,(anonymous_10)
FNDA:0,(anonymous_11)
FNDA:0,(anonymous_12)
FNDA:0,(anonymous_13)
FNDA:0,(anonymous_14)
FNDA:0,(anonymous_15)
FNDA:0,(anonymous_16)
FNDA:0,(anonymous_17)
FNDA:0,(anonymous_18)
FNDA:0,(anonymous_19)
DA:7,0
DA:8,0
DA:9,0
DA:10,0
DA:11,0
DA:12,0
DA:14,0
DA:15,0
DA:18,0
DA:19,0
DA:20,0
DA:21,0
DA:22,0
DA:23,0
DA:24,0
DA:26,0
DA:29,0
DA:31,0
DA:35,0
DA:36,0
DA:39,0
DA:40,0
DA:41,0
DA:42,0
DA:43,0
DA:44,0
DA:45,0
DA:50,0
DA:54,0
DA:55,0
DA:57,0
DA:58,0
DA:62,0
DA:63,0
DA:64,0
DA:65,0
DA:68,0
DA:71,0
DA:75,0
DA:76,0
DA:83,0
DA:84,0
DA:91,0
DA:94,0
DA:119,0
DA:123,0
DA:128,0
DA:143,0
DA:161,0
DA:174,0
DA:175,0
DA:179,0
DA:190,0
LF:53
LH:0
BRDA:23,0,0,0
BRDA:23,0,1,0
BRDA:29,1,0,0
BRDA:29,1,1,0
BRDA:42,2,0,0
BRDA:42,2,1,0
BRDA:45,3,0,0
BRDA:45,3,1,0
BRDA:55,4,0,0
BRDA:55,4,1,0
BRDA:62,5,0,0
BRDA:62,5,1,0
BRDA:65,6,0,0
BRDA:65,6,1,0
BRDA:75,7,0,0
BRDA:75,7,1,0
BRDA:83,8,0,0
BRDA:83,8,1,0
BRDA:83,9,0,0
BRDA:83,9,1,0
BRDA:99,10,0,0
BRDA:99,10,1,0
BRDA:103,11,0,0
BRDA:103,11,1,0
BRDA:114,12,0,0
BRDA:114,12,1,0
BRDA:122,13,0,0
BRDA:122,13,1,0
BRDA:135,14,0,0
BRDA:135,14,1,0
BRDA:136,15,0,0
BRDA:136,15,1,0
BRDA:137,16,0,0
BRDA:137,16,1,0
BRDA:138,17,0,0
BRDA:138,17,1,0
BRDA:145,18,0,0
BRDA:145,18,1,0
BRDA:149,19,0,0
BRDA:149,19,1,0
BRDA:154,20,0,0
BRDA:154,20,1,0
BRDA:162,21,0,0
BRDA:162,21,1,0
BRDA:173,22,0,0
BRDA:173,22,1,0
BRF:46
BRH:0
end_of_record
TN:
SF:app\(app)\(tabs)\index.jsx
FN:46,(anonymous_0)
FN:55,(anonymous_1)
FN:63,(anonymous_2)
FN:70,(anonymous_3)
FN:86,(anonymous_4)
FN:124,(anonymous_5)
FN:131,(anonymous_6)
FN:139,(anonymous_7)
FN:142,(anonymous_8)
FN:143,(anonymous_9)
FN:168,(anonymous_10)
FN:247,(anonymous_11)
FN:261,(anonymous_12)
FN:281,(anonymous_13)
FN:292,(anonymous_14)
FN:299,(anonymous_15)
FN:318,(anonymous_16)
FN:331,(anonymous_17)
FN:335,(anonymous_18)
FN:361,(anonymous_19)
FN:373,(anonymous_20)
FN:378,(anonymous_21)
FN:383,(anonymous_22)
FN:386,(anonymous_23)
FN:457,(anonymous_24)
FN:473,(anonymous_25)
FN:482,(anonymous_26)
FN:506,(anonymous_27)
FN:521,(anonymous_28)
FN:530,(anonymous_29)
FN:539,(anonymous_30)
FNF:31
FNH:0
FNDA:0,(anonymous_0)
FNDA:0,(anonymous_1)
FNDA:0,(anonymous_2)
FNDA:0,(anonymous_3)
FNDA:0,(anonymous_4)
FNDA:0,(anonymous_5)
FNDA:0,(anonymous_6)
FNDA:0,(anonymous_7)
FNDA:0,(anonymous_8)
FNDA:0,(anonymous_9)
FNDA:0,(anonymous_10)
FNDA:0,(anonymous_11)
FNDA:0,(anonymous_12)
FNDA:0,(anonymous_13)
FNDA:0,(anonymous_14)
FNDA:0,(anonymous_15)
FNDA:0,(anonymous_16)
FNDA:0,(anonymous_17)
FNDA:0,(anonymous_18)
FNDA:0,(anonymous_19)
FNDA:0,(anonymous_20)
FNDA:0,(anonymous_21)
FNDA:0,(anonymous_22)
FNDA:0,(anonymous_23)
FNDA:0,(anonymous_24)
FNDA:0,(anonymous_25)
FNDA:0,(anonymous_26)
FNDA:0,(anonymous_27)
FNDA:0,(anonymous_28)
FNDA:0,(anonymous_29)
FNDA:0,(anonymous_30)
DA:24,0
DA:26,0
DA:32,0
DA:34,0
DA:45,0
DA:47,0
DA:53,0
DA:56,0
DA:57,0
DA:62,0
DA:64,0
DA:68,0
DA:71,0
DA:76,0
DA:80,0
DA:82,0
DA:83,0
DA:86,0
DA:87,0
DA:89,0
DA:90,0
DA:93,0
DA:94,0
DA:100,0
DA:101,0
DA:105,0
DA:107,0
DA:119,0
DA:120,0
DA:124,0
DA:125,0
DA:126,0
DA:127,0
DA:128,0
DA:129,0
DA:131,0
DA:132,0
DA:133,0
DA:134,0
DA:135,0
DA:139,0
DA:140,0
DA:142,0
DA:143,0
DA:145,0
DA:146,0
DA:147,0
DA:148,0
DA:151,0
DA:152,0
DA:153,0
DA:155,0
DA:162,0
DA:164,0
DA:168,0
DA:169,0
DA:170,0
DA:171,0
DA:173,0
DA:174,0
DA:175,0
DA:177,0
DA:183,0
DA:185,0
DA:186,0
DA:188,0
DA:192,0
DA:194,0
DA:248,0
DA:253,0
DA:254,0
DA:262,0
DA:267,0
DA:268,0
DA:281,0
DA:282,0
DA:293,0
DA:300,0
DA:301,0
DA:318,0
DA:319,0
DA:320,0
DA:321,0
DA:322,0
DA:323,0
DA:324,0
DA:325,0
DA:326,0
DA:327,0
DA:328,0
DA:329,0
DA:331,0
DA:332,0
DA:335,0
DA:336,0
DA:337,0
DA:338,0
DA:339,0
DA:341,0
DA:342,0
DA:343,0
DA:344,0
DA:345,0
DA:346,0
DA:347,0
DA:348,0
DA:350,0
DA:351,0
DA:352,0
DA:353,0
DA:354,0
DA:355,0
DA:357,0
DA:358,0
DA:359,0
DA:360,0
DA:361,0
DA:366,0
DA:368,0
DA:369,0
DA:370,0
DA:373,0
DA:378,0
DA:379,0
DA:380,0
DA:383,0
DA:384,0
DA:386,0
DA:457,0
DA:458,0
DA:473,0
DA:482,0
DA:492,0
DA:506,0
DA:521,0
DA:530,0
DA:539,0
DA:546,0
LF:138
LH:0
BRDA:27,0,0,0
BRDA:27,0,1,0
BRDA:28,1,0,0
BRDA:28,1,1,0
BRDA:29,2,0,0
BRDA:29,2,1,0
BRDA:100,3,0,0
BRDA:100,3,1,0
BRDA:132,4,0,0
BRDA:132,4,1,0
BRDA:132,5,0,0
BRDA:132,5,1,0
BRDA:140,6,0,0
BRDA:140,6,1,0
BRDA:140,7,0,0
BRDA:140,7,1,0
BRDA:192,8,0,0
BRDA:192,8,1,0
BRDA:203,9,0,0
BRDA:203,9,1,0
BRDA:208,10,0,0
BRDA:208,10,1,0
BRDA:297,11,0,0
BRDA:297,11,1,0
BRDA:306,12,0,0
BRDA:306,12,1,0
BRDA:344,13,0,0
BRDA:344,13,1,0
BRDA:345,14,0,0
BRDA:345,14,1,0
BRDA:346,15,0,0
BRDA:346,15,1,0
BRDA:347,16,0,0
BRDA:347,16,1,0
BRDA:348,17,0,0
BRDA:348,17,1,0
BRDA:359,18,0,0
BRDA:359,18,1,0
BRDA:401,19,0,0
BRDA:401,19,1,0
BRDA:402,20,0,0
BRDA:402,20,1,0
BRDA:403,21,0,0
BRDA:403,21,1,0
BRDA:443,22,0,0
BRDA:443,22,1,0
BRDA:444,23,0,0
BRDA:444,23,1,0
BRDA:445,24,0,0
BRDA:445,24,1,0
BRDA:497,25,0,0
BRDA:497,25,1,0
BRF:52
BRH:0
end_of_record
TN:
SF:app\(app)\(tabs)\planner.jsx
FN:37,(anonymous_0)
FN:57,(anonymous_1)
FN:58,(anonymous_2)
FN:59,(anonymous_3)
FN:63,(anonymous_4)
FN:66,(anonymous_5)
FN:99,(anonymous_6)
FN:120,(anonymous_7)
FN:128,(anonymous_8)
FN:147,(anonymous_9)
FN:169,(anonymous_10)
FN:172,(anonymous_11)
FN:179,(anonymous_12)
FN:184,(anonymous_13)
FN:190,(anonymous_14)
FN:193,(anonymous_15)
FN:197,(anonymous_16)
FN:223,(anonymous_17)
FN:234,(anonymous_18)
FN:252,(anonymous_19)
FN:253,(anonymous_20)
FN:272,(anonymous_21)
FN:290,(anonymous_22)
FN:300,(anonymous_23)
FN:309,(anonymous_24)
FN:315,(anonymous_25)
FN:319,(anonymous_26)
FN:343,(anonymous_27)
FN:348,(anonymous_28)
FN:349,(anonymous_29)
FN:437,(anonymous_30)
FN:458,(anonymous_31)
FN:476,(anonymous_32)
FN:480,(anonymous_33)
FN:481,(anonymous_34)
FN:484,(anonymous_35)
FN:485,(anonymous_36)
FN:558,(anonymous_37)
FN:573,(anonymous_38)
FN:602,(anonymous_39)
FN:608,(anonymous_40)
FN:628,(anonymous_41)
FN:633,(anonymous_42)
FN:648,(anonymous_43)
FN:669,(anonymous_44)
FN:676,(anonymous_45)
FN:697,(anonymous_46)
FN:702,(anonymous_47)
FN:707,(anonymous_48)
FN:740,(anonymous_49)
FN:747,(anonymous_50)
FNF:51
FNH:0
FNDA:0,(anonymous_0)
FNDA:0,(anonymous_1)
FNDA:0,(anonymous_2)
FNDA:0,(anonymous_3)
FNDA:0,(anonymous_4)
FNDA:0,(anonymous_5)
FNDA:0,(anonymous_6)
FNDA:0,(anonymous_7)
FNDA:0,(anonymous_8)
FNDA:0,(anonymous_9)
FNDA:0,(anonymous_10)
FNDA:0,(anonymous_11)
FNDA:0,(anonymous_12)
FNDA:0,(anonymous_13)
FNDA:0,(anonymous_14)
FNDA:0,(anonymous_15)
FNDA:0,(anonymous_16)
FNDA:0,(anonymous_17)
FNDA:0,(anonymous_18)
FNDA:0,(anonymous_19)
FNDA:0,(anonymous_20)
FNDA:0,(anonymous_21)
FNDA:0,(anonymous_22)
FNDA:0,(anonymous_23)
FNDA:0,(anonymous_24)
FNDA:0,(anonymous_25)
FNDA:0,(anonymous_26)
FNDA:0,(anonymous_27)
FNDA:0,(anonymous_28)
FNDA:0,(anonymous_29)
FNDA:0,(anonymous_30)
FNDA:0,(anonymous_31)
FNDA:0,(anonymous_32)
FNDA:0,(anonymous_33)
FNDA:0,(anonymous_34)
FNDA:0,(anonymous_35)
FNDA:0,(anonymous_36)
FNDA:0,(anonymous_37)
FNDA:0,(anonymous_38)
FNDA:0,(anonymous_39)
FNDA:0,(anonymous_40)
FNDA:0,(anonymous_41)
FNDA:0,(anonymous_42)
FNDA:0,(anonymous_43)
FNDA:0,(anonymous_44)
FNDA:0,(anonymous_45)
FNDA:0,(anonymous_46)
FNDA:0,(anonymous_47)
FNDA:0,(anonymous_48)
FNDA:0,(anonymous_49)
FNDA:0,(anonymous_50)
DA:23,0
DA:25,0
DA:32,0
DA:33,0
DA:34,0
DA:35,0
DA:37,0
DA:38,0
DA:39,0
DA:40,0
DA:41,0
DA:42,0
DA:43,0
DA:44,0
DA:45,0
DA:46,0
DA:47,0
DA:48,0
DA:49,0
DA:50,0
DA:51,0
DA:52,0
DA:53,0
DA:55,0
DA:57,0
DA:58,0
DA:60,0
DA:61,0
DA:64,0
DA:67,0
DA:68,0
DA:72,0
DA:73,0
DA:74,0
DA:75,0
DA:77,0
DA:78,0
DA:79,0
DA:80,0
DA:82,0
DA:86,0
DA:87,0
DA:88,0
DA:90,0
DA:99,0
DA:100,0
DA:101,0
DA:102,0
DA:103,0
DA:111,0
DA:113,0
DA:115,0
DA:116,0
DA:120,0
DA:121,0
DA:122,0
DA:124,0
DA:128,0
DA:129,0
DA:130,0
DA:131,0
DA:136,0
DA:137,0
DA:143,0
DA:145,0
DA:146,0
DA:147,0
DA:149,0
DA:150,0
DA:151,0
DA:152,0
DA:158,0
DA:161,0
DA:163,0
DA:164,0
DA:169,0
DA:170,0
DA:172,0
DA:173,0
DA:174,0
DA:179,0
DA:180,0
DA:184,0
DA:185,0
DA:186,0
DA:190,0
DA:191,0
DA:193,0
DA:196,0
DA:197,0
DA:200,0
DA:204,0
DA:206,0
DA:207,0
DA:208,0
DA:211,0
DA:212,0
DA:213,0
DA:215,0
DA:216,0
DA:219,0
DA:223,0
DA:224,0
DA:225,0
DA:227,0
DA:229,0
DA:230,0
DA:234,0
DA:235,0
DA:236,0
DA:237,0
DA:240,0
DA:241,0
DA:242,0
DA:243,0
DA:244,0
DA:246,0
DA:247,0
DA:249,0
DA:250,0
DA:251,0
DA:252,0
DA:253,0
DA:257,0
DA:258,0
DA:260,0
DA:261,0
DA:263,0
DA:264,0
DA:265,0
DA:266,0
DA:269,0
DA:270,0
DA:272,0
DA:277,0
DA:278,0
DA:279,0
DA:282,0
DA:283,0
DA:285,0
DA:286,0
DA:290,0
DA:291,0
DA:292,0
DA:293,0
DA:300,0
DA:301,0
DA:302,0
DA:309,0
DA:310,0
DA:311,0
DA:315,0
DA:316,0
DA:319,0
DA:320,0
DA:324,0
DA:325,0
DA:327,0
DA:330,0
DA:331,0
DA:332,0
DA:334,0
DA:335,0
DA:336,0
DA:337,0
DA:339,0
DA:343,0
DA:344,0
DA:347,0
DA:348,0
DA:349,0
DA:351,0
DA:353,0
DA:354,0
DA:356,0
DA:357,0
DA:359,0
DA:438,0
DA:458,0
DA:459,0
DA:473,0
DA:476,0
DA:477,0
DA:480,0
DA:481,0
DA:484,0
DA:485,0
DA:486,0
DA:487,0
DA:488,0
DA:490,0
DA:491,0
DA:499,0
DA:500,0
DA:503,0
DA:504,0
DA:505,0
DA:507,0
DA:512,0
DA:513,0
DA:520,0
DA:559,0
DA:574,0
DA:575,0
DA:576,0
DA:580,0
DA:602,0
DA:608,0
DA:628,0
DA:634,0
DA:649,0
DA:650,0
DA:669,0
DA:677,0
DA:678,0
DA:697,0
DA:703,0
DA:708,0
DA:709,0
DA:710,0
DA:717,0
DA:740,0
DA:747,0
DA:766,0
DA:1039,0
LF:225
LH:0
BRDA:72,0,0,0
BRDA:72,0,1,0
BRDA:74,1,0,0
BRDA:74,1,1,0
BRDA:77,2,0,0
BRDA:77,2,1,0
BRDA:79,3,0,0
BRDA:79,3,1,0
BRDA:102,4,0,0
BRDA:102,4,1,0
BRDA:121,5,0,0
BRDA:121,5,1,0
BRDA:128,6,0,0
BRDA:146,7,0,0
BRDA:146,7,1,0
BRDA:151,8,0,0
BRDA:151,8,1,0
BRDA:170,9,0,0
BRDA:170,9,1,0
BRDA:173,10,0,0
BRDA:173,10,1,0
BRDA:185,11,0,0
BRDA:185,11,1,0
BRDA:185,12,0,0
BRDA:185,12,1,0
BRDA:206,13,0,0
BRDA:206,13,1,0
BRDA:206,14,0,0
BRDA:206,14,1,0
BRDA:215,15,0,0
BRDA:215,15,1,0
BRDA:235,16,0,0
BRDA:235,16,1,0
BRDA:235,17,0,0
BRDA:235,17,1,0
BRDA:250,18,0,0
BRDA:250,18,1,0
BRDA:257,19,0,0
BRDA:257,19,1,0
BRDA:263,20,0,0
BRDA:263,20,1,0
BRDA:263,21,0,0
BRDA:263,21,1,0
BRDA:263,21,2,0
BRDA:310,22,0,0
BRDA:310,22,1,0
BRDA:316,23,0,0
BRDA:316,23,1,0
BRDA:324,24,0,0
BRDA:324,24,1,0
BRDA:334,25,0,0
BRDA:334,25,1,0
BRDA:336,26,0,0
BRDA:336,26,1,0
BRDA:337,27,0,0
BRDA:337,27,1,0
BRDA:339,28,0,0
BRDA:339,28,1,0
BRDA:344,29,0,0
BRDA:344,29,1,0
BRDA:344,30,0,0
BRDA:344,30,1,0
BRDA:374,31,0,0
BRDA:374,31,1,0
BRDA:473,32,0,0
BRDA:473,32,1,0
BRDA:490,33,0,0
BRDA:490,33,1,0
BRDA:504,34,0,0
BRDA:504,34,1,0
BRDA:512,35,0,0
BRDA:512,35,1,0
BRDA:533,36,0,0
BRDA:533,36,1,0
BRDA:537,37,0,0
BRDA:537,37,1,0
BRDA:544,38,0,0
BRDA:544,38,1,0
BRDA:551,39,0,0
BRDA:551,39,1,0
BRDA:559,40,0,0
BRDA:559,40,1,0
BRDA:574,41,0,0
BRDA:574,41,1,0
BRDA:574,42,0,0
BRDA:574,42,1,0
BRDA:585,43,0,0
BRDA:585,43,1,0
BRDA:586,44,0,0
BRDA:586,44,1,0
BRDA:614,45,0,0
BRDA:614,45,1,0
BRDA:625,46,0,0
BRDA:625,46,1,0
BRDA:634,47,0,0
BRDA:634,47,1,0
BRDA:638,48,0,0
BRDA:638,48,1,0
BRDA:648,49,0,0
BRDA:649,50,0,0
BRDA:649,50,1,0
BRDA:676,51,0,0
BRDA:677,52,0,0
BRDA:677,52,1,0
BRDA:707,53,0,0
BRDA:708,54,0,0
BRDA:708,54,1,0
BRDA:761,55,0,0
BRDA:761,55,1,0
BRF:109
BRH:0
end_of_record
TN:
SF:app\(app)\(tabs)\profile.jsx
FN:9,(anonymous_0)
FNF:1
FNH:0
FNDA:0,(anonymous_0)
DA:9,0
DA:11,0
LF:2
LH:0
BRF:0
BRH:0
end_of_record
TN:
SF:app\(app)\(tabs)\record.jsx
FN:12,Record
FN:30,(anonymous_1)
FN:45,(anonymous_2)
FN:53,(anonymous_3)
FN:60,(anonymous_4)
FN:74,(anonymous_5)
FN:87,(anonymous_6)
FN:105,(anonymous_7)
FN:106,(anonymous_8)
FN:125,(anonymous_9)
FN:133,(anonymous_10)
FN:140,(anonymous_11)
FN:148,(anonymous_12)
FN:155,(anonymous_13)
FN:158,(anonymous_14)
FN:159,(anonymous_15)
FN:172,(anonymous_16)
FN:188,(anonymous_17)
FN:211,(anonymous_18)
FN:216,(anonymous_19)
FN:241,(anonymous_20)
FN:244,(anonymous_21)
FN:249,(anonymous_22)
FN:484,(anonymous_23)
FNF:24
FNH:0
FNDA:0,Record
FNDA:0,(anonymous_1)
FNDA:0,(anonymous_2)
FNDA:0,(anonymous_3)
FNDA:0,(anonymous_4)
FNDA:0,(anonymous_5)
FNDA:0,(anonymous_6)
FNDA:0,(anonymous_7)
FNDA:0,(anonymous_8)
FNDA:0,(anonymous_9)
FNDA:0,(anonymous_10)
FNDA:0,(anonymous_11)
FNDA:0,(anonymous_12)
FNDA:0,(anonymous_13)
FNDA:0,(anonymous_14)
FNDA:0,(anonymous_15)
FNDA:0,(anonymous_16)
FNDA:0,(anonymous_17)
FNDA:0,(anonymous_18)
FNDA:0,(anonymous_19)
FNDA:0,(anonymous_20)
FNDA:0,(anonymous_21)
FNDA:0,(anonymous_22)
FNDA:0,(anonymous_23)
DA:10,0
DA:13,0
DA:14,0
DA:15,0
DA:16,0
DA:17,0
DA:18,0
DA:19,0
DA:20,0
DA:21,0
DA:22,0
DA:23,0
DA:24,0
DA:25,0
DA:26,0
DA:27,0
DA:28,0
DA:30,0
DA:31,0
DA:32,0
DA:35,0
DA:36,0
DA:38,0
DA:40,0
DA:41,0
DA:45,0
DA:46,0
DA:47,0
DA:54,0
DA:55,0
DA:57,0
DA:59,0
DA:60,0
DA:61,0
DA:62,0
DA:65,0
DA:66,0
DA:72,0
DA:74,0
DA:75,0
DA:76,0
DA:80,0
DA:81,0
DA:84,0
DA:85,0
DA:86,0
DA:87,0
DA:91,0
DA:93,0
DA:98,0
DA:100,0
DA:101,0
DA:105,0
DA:106,0
DA:107,0
DA:108,0
DA:109,0
DA:110,0
DA:113,0
DA:117,0
DA:125,0
DA:126,0
DA:127,0
DA:128,0
DA:129,0
DA:130,0
DA:133,0
DA:134,0
DA:135,0
DA:140,0
DA:142,0
DA:143,0
DA:144,0
DA:148,0
DA:150,0
DA:151,0
DA:155,0
DA:156,0
DA:158,0
DA:159,0
DA:160,0
DA:163,0
DA:166,0
DA:167,0
DA:169,0
DA:172,0
DA:173,0
DA:175,0
DA:176,0
DA:177,0
DA:180,0
DA:181,0
DA:182,0
DA:183,0
DA:184,0
DA:185,0
DA:188,0
DA:190,0
DA:191,0
DA:194,0
DA:195,0
DA:202,0
DA:211,0
DA:213,0
DA:216,0
DA:217,0
DA:218,0
DA:224,0
DA:228,0
DA:229,0
DA:237,0
DA:242,0
DA:244,0
DA:250,0
DA:364,0
DA:484,0
DA:485,0
DA:486,0
DA:487,0
DA:488,0
LF:120
LH:0
BRDA:35,0,0,0
BRDA:35,0,1,0
BRDA:35,1,0,0
BRDA:35,1,1,0
BRDA:59,2,0,0
BRDA:59,2,1,0
BRDA:61,3,0,0
BRDA:61,3,1,0
BRDA:72,4,0,0
BRDA:72,4,1,0
BRDA:80,5,0,0
BRDA:80,5,1,0
BRDA:84,6,0,0
BRDA:84,6,1,0
BRDA:84,7,0,0
BRDA:84,7,1,0
BRDA:86,8,0,0
BRDA:86,8,1,0
BRDA:108,9,0,0
BRDA:108,9,1,0
BRDA:126,10,0,0
BRDA:126,10,1,0
BRDA:128,11,0,0
BRDA:128,11,1,0
BRDA:134,12,0,0
BRDA:134,12,1,0
BRDA:142,13,0,0
BRDA:142,13,1,0
BRDA:150,14,0,0
BRDA:150,14,1,0
BRDA:156,15,0,0
BRDA:156,15,1,0
BRDA:173,16,0,0
BRDA:173,16,1,0
BRDA:190,17,0,0
BRDA:190,17,1,0
BRDA:217,18,0,0
BRDA:217,18,1,0
BRDA:217,19,0,0
BRDA:217,19,1,0
BRDA:228,20,0,0
BRDA:228,20,1,0
BRDA:251,21,0,0
BRDA:251,21,1,0
BRDA:269,22,0,0
BRDA:269,22,1,0
BRDA:269,23,0,0
BRDA:269,23,1,0
BRDA:279,24,0,0
BRDA:279,24,1,0
BRDA:292,25,0,0
BRDA:292,25,1,0
BRDA:299,26,0,0
BRDA:299,26,1,0
BRDA:322,27,0,0
BRDA:322,27,1,0
BRDA:328,28,0,0
BRDA:328,28,1,0
BRDA:353,29,0,0
BRDA:353,29,1,0
BRF:60
BRH:0
end_of_record
TN:
SF:app\(auth)\_layout.jsx
FN:3,AuthLayout
FNF:1
FNH:0
FNDA:0,AuthLayout
DA:4,0
LF:1
LH:0
BRF:0
BRH:0
end_of_record
TN:
SF:app\(auth)\login.jsx
FN:29,(anonymous_0)
FN:40,(anonymous_1)
FN:59,(anonymous_2)
FN:69,(anonymous_3)
FN:80,(anonymous_4)
FN:109,(anonymous_5)
FN:144,(anonymous_6)
FN:173,(anonymous_7)
FNF:8
FNH:0
FNDA:0,(anonymous_0)
FNDA:0,(anonymous_1)
FNDA:0,(anonymous_2)
FNDA:0,(anonymous_3)
FNDA:0,(anonymous_4)
FNDA:0,(anonymous_5)
FNDA:0,(anonymous_6)
FNDA:0,(anonymous_7)
DA:25,0
DA:27,0
DA:29,0
DA:30,0
DA:31,0
DA:32,0
DA:33,0
DA:34,0
DA:36,0
DA:37,0
DA:38,0
DA:40,0
DA:41,0
DA:49,0
DA:59,0
DA:60,0
DA:69,0
DA:70,0
DA:71,0
DA:72,0
DA:73,0
DA:74,0
DA:76,0
DA:80,0
DA:81,0
DA:82,0
DA:83,0
DA:86,0
DA:87,0
DA:88,0
DA:89,0
DA:91,0
DA:93,0
DA:97,0
DA:109,0
DA:144,0
DA:173,0
DA:182,0
LF:38
LH:0
BRDA:71,0,0,0
BRDA:71,0,1,0
BRDA:73,1,0,0
BRDA:73,1,1,0
BRDA:81,2,0,0
BRDA:81,2,1,0
BRDA:81,3,0,0
BRDA:81,3,1,0
BRDA:81,3,2,0
BRDA:132,4,0,0
BRDA:132,4,1,0
BRDA:146,5,0,0
BRDA:146,5,1,0
BRDA:155,6,0,0
BRDA:155,6,1,0
BRDA:166,7,0,0
BRDA:166,7,1,0
BRF:17
BRH:0
end_of_record
TN:
SF:app\(auth)\signup.jsx
FN:28,(anonymous_0)
FN:41,(anonymous_1)
FN:57,(anonymous_2)
FN:66,(anonymous_3)
FN:77,(anonymous_4)
FN:122,(anonymous_5)
FN:157,(anonymous_6)
FN:176,(anonymous_7)
FN:205,(anonymous_8)
FNF:9
FNH:0
FNDA:0,(anonymous_0)
FNDA:0,(anonymous_1)
FNDA:0,(anonymous_2)
FNDA:0,(anonymous_3)
FNDA:0,(anonymous_4)
FNDA:0,(anonymous_5)
FNDA:0,(anonymous_6)
FNDA:0,(anonymous_7)
FNDA:0,(anonymous_8)
DA:25,0
DA:26,0
DA:28,0
DA:29,0
DA:30,0
DA:31,0
DA:32,0
DA:33,0
DA:34,0
DA:35,0
DA:37,0
DA:38,0
DA:39,0
DA:41,0
DA:42,0
DA:47,0
DA:57,0
DA:58,0
DA:66,0
DA:67,0
DA:68,0
DA:69,0
DA:70,0
DA:71,0
DA:73,0
DA:77,0
DA:78,0
DA:79,0
DA:80,0
DA:83,0
DA:84,0
DA:85,0
DA:88,0
DA:89,0
DA:90,0
DA:93,0
DA:94,0
DA:95,0
DA:96,0
DA:98,0
DA:100,0
DA:104,0
DA:122,0
DA:157,0
DA:176,0
DA:205,0
DA:214,0
LF:47
LH:0
BRDA:68,0,0,0
BRDA:68,0,1,0
BRDA:70,1,0,0
BRDA:70,1,1,0
BRDA:78,2,0,0
BRDA:78,2,1,0
BRDA:78,3,0,0
BRDA:78,3,1,0
BRDA:78,3,2,0
BRDA:78,3,3,0
BRDA:83,4,0,0
BRDA:83,4,1,0
BRDA:88,5,0,0
BRDA:88,5,1,0
BRDA:145,6,0,0
BRDA:145,6,1,0
BRDA:159,7,0,0
BRDA:159,7,1,0
BRDA:178,8,0,0
BRDA:178,8,1,0
BRDA:187,9,0,0
BRDA:187,9,1,0
BRDA:198,10,0,0
BRDA:198,10,1,0
BRF:24
BRH:0
end_of_record
TN:
SF:app\(auth)\start.jsx
FN:20,(anonymous_0)
FN:29,(anonymous_1)
FN:120,(anonymous_2)
FN:129,(anonymous_3)
FN:166,(anonymous_4)
FN:180,(anonymous_5)
FNF:6
FNH:0
FNDA:0,(anonymous_0)
FNDA:0,(anonymous_1)
FNDA:0,(anonymous_2)
FNDA:0,(anonymous_3)
FNDA:0,(anonymous_4)
FNDA:0,(anonymous_5)
DA:16,0
DA:18,0
DA:20,0
DA:21,0
DA:22,0
DA:23,0
DA:24,0
DA:25,0
DA:26,0
DA:27,0
DA:29,0
DA:31,0
DA:40,0
DA:55,0
DA:71,0
DA:83,0
DA:101,0
DA:120,0
DA:129,0
DA:138,0
DA:166,0
DA:180,0
DA:197,0
LF:23
LH:0
BRF:0
BRH:0
end_of_record
